[2015.12.10-01.15.43:282][  0]Log file open, 12/10/15 12:15:43
[2015.12.10-01.15.43:282][  0]LogInit:Display: Running engine for game: Hana_Prototype
[2015.12.10-01.15.43:282][  0]LogInit:Display: RandInit(1883150670) SRandInit(1883150670).
[2015.12.10-01.15.43:282][  0]LogTaskGraph: Started task graph with 4 named threads and 7 total threads.
[2015.12.10-01.15.43:282][  0]LogStats: Stats thread started at 0.151494
[2015.12.10-01.15.43:283][  0]LogInit: Version: 4.9.2-2707645+++depot+UE4-Releases+4.9
[2015.12.10-01.15.43:283][  0]LogInit: API Version: 2672455
[2015.12.10-01.15.43:283][  0]LogInit: Compiled (64-bit): Sep 28 2015 10:25:44
[2015.12.10-01.15.43:283][  0]LogInit: Compiled with Visual C++: 18.00.21005.01
[2015.12.10-01.15.43:283][  0]LogInit: Build Configuration: Development
[2015.12.10-01.15.43:283][  0]LogInit: Branch Name: ++depot+UE4-Releases+4.9
[2015.12.10-01.15.43:283][  0]LogInit: Command line:  /Temp/Autosaves/Game/SideScrollerBP/Maps/UEDPCSideScrollerExampleMap -game -PIEVIACONSOLE -ResX=1680 -ResY=1050  -Multiprocess 
[2015.12.10-01.15.43:283][  0]LogInit: Base directory: C:/Program Files/Unreal Engine/4.9/Engine/Binaries/Win64/
[2015.12.10-01.15.43:283][  0]LogInit: Rocket: 1
[2015.12.10-01.15.43:313][  0]LogInit: Using libcurl 7.41.0
[2015.12.10-01.15.43:313][  0]LogInit:  - built for x86_64-pc-win32
[2015.12.10-01.15.43:313][  0]LogInit:  - supports SSL with WinSSL
[2015.12.10-01.15.43:313][  0]LogInit:  - other features:
[2015.12.10-01.15.43:313][  0]LogInit:      CURL_VERSION_SSL
[2015.12.10-01.15.43:313][  0]LogInit:      CURL_VERSION_IPV6
[2015.12.10-01.15.43:313][  0]LogInit:      CURL_VERSION_ASYNCHDNS
[2015.12.10-01.15.43:313][  0]LogInit:      CURL_VERSION_LARGEFILE
[2015.12.10-01.15.43:313][  0]LogInit:      CURL_VERSION_IDN
[2015.12.10-01.15.43:313][  0]LogInit:  CurlRequestOptions (configurable via config and command line):
[2015.12.10-01.15.43:313][  0]LogInit:  - bVerifyPeer = true  - Libcurl will verify peer certificate
[2015.12.10-01.15.43:313][  0]LogInit:  - bUseHttpProxy = false  - Libcurl will NOT use HTTP proxy
[2015.12.10-01.15.43:313][  0]LogInit:  - bDontReuseConnections = false  - Libcurl will reuse connections
[2015.12.10-01.15.43:313][  0]LogInit:  - CertBundlePath = nullptr  - Libcurl will use whatever was configured at build time.
[2015.12.10-01.15.43:339][  0]LogInit: Presizing for 0 objects not considered by GC, pre-allocating 0 bytes.
[2015.12.10-01.15.43:369][  0]LogInit: Object subsystem initialized
[2015.12.10-01.15.43:374][  0]LogInit: Selected Device Profile: [Windows]
[2015.12.10-01.15.43:374][  0]LogInit: Applying CVar settings loaded from the selected device profile: [Windows]
[2015.12.10-01.15.43:384][  0]LogInit: Computer: COREY-PC
[2015.12.10-01.15.43:384][  0]LogInit: User: User
[2015.12.10-01.15.43:384][  0]LogInit: CPU Page size=4096, Cores=4
[2015.12.10-01.15.43:384][  0]LogInit: High frequency timer resolution =1.946835 MHz
[2015.12.10-01.15.43:385][  0]LogMemory: Memory total: Physical=5.9GB (6GB approx)
[2015.12.10-01.15.43:385][  0]LogMemory: Platform Memory Stats for Windows
[2015.12.10-01.15.43:385][  0]LogMemory: Process Physical Memory: 55.08 MB used, 55.08 MB peak
[2015.12.10-01.15.43:385][  0]LogMemory: Process Virtual Memory: 57.56 MB used, 57.56 MB peak
[2015.12.10-01.15.43:385][  0]LogMemory: Physical Memory: 4719.56 MB used, 6091.86 MB total
[2015.12.10-01.15.43:385][  0]LogMemory: Virtual Memory: 338.61 MB used, 8388608.00 MB total
[2015.12.10-01.15.43:472][  0]LogTextLocalizationManager: No specific translations for ('en-AU') exist, so ('en') translations will be used.
[2015.12.10-01.15.44:720][  0]LogD3D11RHI: Found D3D11 adapter 0: NVIDIA GeForce GT 555M    (Feature Level 11_0)
[2015.12.10-01.15.44:720][  0]LogD3D11RHI: Adapter has 3019MB of dedicated video memory, 0MB of dedicated system memory, and 2789MB of shared system memory, 1 output[s]
[2015.12.10-01.15.44:831][  0]LogD3D11RHI: Found D3D11 adapter 1: Intel(R) HD Graphics 3000 (Feature Level 11_0)
[2015.12.10-01.15.44:831][  0]LogD3D11RHI: Adapter has 3019MB of dedicated video memory, 0MB of dedicated system memory, and 2789MB of shared system memory, 1 output[s]
[2015.12.10-01.15.44:831][  0]LogD3D11RHI: Chosen D3D11 Adapter Id = 0
[2015.12.10-01.15.46:412][  0]LogD3D11RHI: !Direct3DDevice
[2015.12.10-01.15.46:412][  0]LogRHI: Texture pool is 1361 MB (70% of 1945 MB)
[2015.12.10-01.15.46:428][  0]LogD3D11RHI: Async texture creation enabled
[2015.12.10-01.15.46:451][  0]LogShaderCompilers: Guid format shader working directory is 15 characters bigger than the processId version (../../../../../../Users/User/Desktop/QANTM/CIUMajorGIT/TeamoSupremeo/MyProject/Intermediate/Shaders/WorkingDirectory/8644/).
[2015.12.10-01.15.46:451][  0]LogShaderCompilers: Cleaned the shader compiler working directory '../../../../../../Users/User/Desktop/QANTM/CIUMajorGIT/TeamoSupremeo/MyProject/Intermediate/Shaders/tmp/5115B67E423A5E2CC1429CBF5A1FB6DF/'.
[2015.12.10-01.15.46:451][  0]LogShaderCompilers:Display: Using Local Shader Compiler.
[2015.12.10-01.15.49:066][  0]LogTemp:Display: Loaded TP AllDesktopTargetPlatform
[2015.12.10-01.15.49:087][  0]LogTemp:Display: Loaded TP WindowsClientTargetPlatform
[2015.12.10-01.15.49:103][  0]LogTemp:Display: Loaded TP WindowsNoEditorTargetPlatform
[2015.12.10-01.15.49:118][  0]LogTemp:Display: Loaded TP WindowsServerTargetPlatform
[2015.12.10-01.15.49:140][  0]LogTemp:Display: Loaded TP WindowsTargetPlatform
[2015.12.10-01.15.49:152][  0]LogTemp:Display: Loaded TP AndroidTargetPlatform
[2015.12.10-01.15.49:164][  0]LogTemp:Display: Loaded TP Android_ASTCTargetPlatform
[2015.12.10-01.15.49:178][  0]LogTemp:Display: Loaded TP Android_ATCTargetPlatform
[2015.12.10-01.15.49:191][  0]LogTemp:Display: Loaded TP Android_DXTTargetPlatform
[2015.12.10-01.15.49:203][  0]LogTemp:Display: Loaded TP Android_ETC1TargetPlatform
[2015.12.10-01.15.49:220][  0]LogTemp:Display: Loaded TP Android_ETC2TargetPlatform
[2015.12.10-01.15.49:236][  0]LogTemp:Display: Loaded TP Android_PVRTCTargetPlatform
[2015.12.10-01.15.49:238][  0]LogTemp:Display: Loaded TP HTML5TargetPlatform
[2015.12.10-01.15.49:269][  0]LogTemp:Display: Loaded TP IOSTargetPlatform
[2015.12.10-01.15.49:280][  0]LogTemp:Display: Loaded TP LinuxNoEditorTargetPlatform
[2015.12.10-01.15.49:295][  0]LogTemp:Display: Loaded TP LinuxServerTargetPlatform
[2015.12.10-01.15.49:309][  0]LogTemp:Display: Loaded TP LinuxTargetPlatform
[2015.12.10-01.15.49:309][  0]LogTargetPlatformManager:Display: Building Assets For Windows
[2015.12.10-01.15.49:590][  0]LogDerivedDataCache:Display: Max Cache Size: 512 MB
[2015.12.10-01.15.49:712][  0]LogDerivedDataCache: Loaded boot cache 0.12s 41MB C:/Users/User/AppData/Local/UnrealEngine/4.9/DerivedDataCache/Boot.ddc.
[2015.12.10-01.15.49:712][  0]LogDerivedDataCache:Display: Loaded Boot cache: C:/Users/User/AppData/Local/UnrealEngine/4.9/DerivedDataCache/Boot.ddc
[2015.12.10-01.15.49:712][  0]LogDerivedDataCache: FDerivedDataBackendGraph:  Pak pak cache file ../../../../../../Users/User/Desktop/QANTM/CIUMajorGIT/TeamoSupremeo/MyProject/DerivedDataCache/DDC.ddp not found, will not use a pak cache.
[2015.12.10-01.15.49:712][  0]LogDerivedDataCache: Unable to find inner node Pak for hierarchical cache Hierarchy.
[2015.12.10-01.15.49:712][  0]LogDerivedDataCache: FDerivedDataBackendGraph:  CompressedPak pak cache file ../../../../../../Users/User/Desktop/QANTM/CIUMajorGIT/TeamoSupremeo/MyProject/DerivedDataCache/Compressed.ddp not found, will not use a pak cache.
[2015.12.10-01.15.49:712][  0]LogDerivedDataCache: Unable to find inner node CompressedPak for hierarchical cache Hierarchy.
[2015.12.10-01.15.50:099][  0]LogDerivedDataCache:Display: Pak cache opened for reading ../../../Engine/DerivedDataCache/Compressed.ddp.
[2015.12.10-01.15.50:111][  0]LogDerivedDataCache: Using Local data cache path C:/Users/User/AppData/Local/UnrealEngine/Common/DerivedDataCache: Writable
[2015.12.10-01.15.50:426][  0]LogInit: Selected Device Profile: [Windows]
[2015.12.10-01.15.50:427][  0]LogContentStreaming: Texture pool size is 1000.000000MB
[2015.12.10-01.15.50:448][  0]LogMeshUtilities: No automatic mesh reduction module available
[2015.12.10-01.15.50:448][  0]LogMeshUtilities: No automatic mesh merging module available
[2015.12.10-01.15.51:023][  0]LogInit: WinSock: version 1.1 (2.2), MaxSocks=32767, MaxUdp=65467
[2015.12.10-01.15.51:288][  0]LogWindowsMoviePlayer: Unable to load movie: ../../../../../../Users/User/Desktop/QANTM/CIUMajorGIT/TeamoSupremeo/MyProject/Content/Movies/Default_Startup.mp4
[2015.12.10-01.15.51:418][  0]LogAssetRegistry: FAssetRegistry took 0.0002 seconds to start up
[2015.12.10-01.15.51:449][  0]SourceControl: Info Source control is disabled
[2015.12.10-01.15.51:449][  0]SourceControl: Info Source control is disabled
[2015.12.10-01.15.51:465][  0]SourceControl: Info Source control is disabled
[2015.12.10-01.15.51:607][  0]LogLinker:Warning: Asset '../../../Engine/Plugins/Runtime/LeapMotionController/Content/LM_PassthroughMaterial.uasset' has been saved with empty engine version. The asset will be loaded but may be incompatible.
[2015.12.10-01.15.51:819][  0]LogObj: 27801 objects as part of root set at end of initial load.
[2015.12.10-01.15.51:819][  0]LogUObjectAllocator: 5798192 out of 0 bytes used by permanent object pool.
[2015.12.10-01.15.51:995][  0]LogEngine: Initializing Engine...
[2015.12.10-01.15.52:000][  0]LogHMD: Can't find Oculus library dev build: is proper Runtime installed? Version: 0.7.0.0
[2015.12.10-01.15.52:001][  0]LogHMD: SteamVR failed to initialize.  Err: 110
[2015.12.10-01.15.52:300][  0]LogInit: XAudio2 using 'Speakers (Bluetooth Hands-free Audio)' : 2 channels at 48 kHz using 16 bits per sample (channel mask 0x3)
[2015.12.10-01.15.52:316][  0]LogInit: FAudioDevice initialized.
[2015.12.10-01.15.52:324][  0]LogInit: Texture streaming: Enabled
[2015.12.10-01.15.52:519][  0]LogNet: Browse: /Temp/Autosaves/Game/SideScrollerBP/Maps/UEDPCSideScrollerExampleMap?Name=Player
[2015.12.10-01.15.52:521][  0]LogLoad: LoadMap: /Temp/Autosaves/Game/SideScrollerBP/Maps/UEDPCSideScrollerExampleMap?Name=Player
[2015.12.10-01.15.52:548][  0]LogParticles: Destroying 0 GPU particle simulations for FXSystem 0x0000000013748720
[2015.12.10-01.15.52:571][  0]LogMemory: Platform Memory Stats for Windows
[2015.12.10-01.15.52:571][  0]LogMemory: Process Physical Memory: 384.44 MB used, 384.44 MB peak
[2015.12.10-01.15.52:571][  0]LogMemory: Process Virtual Memory: 367.76 MB used, 367.81 MB peak
[2015.12.10-01.15.52:571][  0]LogMemory: Physical Memory: 5003.11 MB used, 6091.86 MB total
[2015.12.10-01.15.52:571][  0]LogMemory: Virtual Memory: 901.79 MB used, 8388608.00 MB total
[2015.12.10-01.15.52:571][  0]LogMemory: 
[2015.12.10-01.15.52:571][  0]Allocator Stats for TBB: (not implemented)
[2015.12.10-01.15.53:420][  0]LogLinker:Warning: CreateImport: Failed to load Outer for resource 'Arrow': SideScrollerCharacter_C /Game/SideScrollerBP/Blueprints/SideScrollerCharacter.Default__SideScrollerCharacter_C
[2015.12.10-01.15.54:091][  0]LogAIModule: Creating AISystem for world SideScrollerExampleMap
[2015.12.10-01.15.54:091][  0]LogWorld: Game class is 'SideScrollerGameMode_C'
[2015.12.10-01.15.54:103][  0]LogWorld: Bringing World /Temp/Autosaves/Game/SideScrollerBP/Maps/UEDPCSideScrollerExampleMap.SideScrollerExampleMap up for play (max tick rate 0) at 2015.12.10-12.15.54
[2015.12.10-01.15.54:104][  0]LogWorld: Bringing up level for play took: 0.011088
[2015.12.10-01.15.54:105][  0]LogInit:Display: Game Engine Initialized.
[2015.12.10-01.15.54:332][  0]LogLoad: Full Startup: 11.97 seconds (BP compile: 0.48 seconds)
[2015.12.10-01.15.54:425][  0]LogRenderer: Reallocating scene render targets to support 128x128 (Frame:1).
[2015.12.10-01.15.54:546][  1]LogRenderer: Reallocating scene render targets to support 1680x1052 (Frame:2).
[2015.12.10-01.16.53:214][982]LogBlueprintUserMessages: [TestingPlayerFinder_Blueprint_C_3] -0.004301
[2015.12.10-01.16.53:271][983]LogBlueprintUserMessages: [TestingPlayerFinder_Blueprint_C_3] -0.004076
[2015.12.10-01.16.53:327][984]LogBlueprintUserMessages: [TestingPlayerFinder_Blueprint_C_3] -0.003851
[2015.12.10-01.16.53:385][985]LogBlueprintUserMessages: [TestingPlayerFinder_Blueprint_C_3] -0.003626
[2015.12.10-01.16.53:457][986]LogBlueprintUserMessages: [TestingPlayerFinder_Blueprint_C_3] -0.003336
[2015.12.10-01.16.53:514][987]LogBlueprintUserMessages: [TestingPlayerFinder_Blueprint_C_3] -0.003111
[2015.12.10-01.16.53:571][988]LogBlueprintUserMessages: [TestingPlayerFinder_Blueprint_C_3] -0.00289
[2015.12.10-01.16.53:625][989]LogBlueprintUserMessages: [TestingPlayerFinder_Blueprint_C_3] -0.002672
[2015.12.10-01.16.53:681][990]LogBlueprintUserMessages: [TestingPlayerFinder_Blueprint_C_3] -0.002455
[2015.12.10-01.16.53:751][991]LogBlueprintUserMessages: [TestingPlayerFinder_Blueprint_C_3] -0.002174
[2015.12.10-01.16.53:807][992]LogBlueprintUserMessages: [TestingPlayerFinder_Blueprint_C_3] -0.001956
[2015.12.10-01.16.53:862][993]LogBlueprintUserMessages: [TestingPlayerFinder_Blueprint_C_3] -0.001739
[2015.12.10-01.16.53:917][994]LogBlueprintUserMessages: [TestingPlayerFinder_Blueprint_C_3] -0.001522
[2015.12.10-01.16.53:971][995]LogBlueprintUserMessages: [TestingPlayerFinder_Blueprint_C_3] -0.001305
[2015.12.10-01.16.54:026][996]LogBlueprintUserMessages: [TestingPlayerFinder_Blueprint_C_3] -0.001087
[2015.12.10-01.16.54:097][997]LogBlueprintUserMessages: [TestingPlayerFinder_Blueprint_C_3] -0.000807
[2015.12.10-01.16.54:153][998]LogBlueprintUserMessages: [TestingPlayerFinder_Blueprint_C_3] -0.000589
[2015.12.10-01.16.54:208][999]LogBlueprintUserMessages: [TestingPlayerFinder_Blueprint_C_3] -0.000372
[2015.12.10-01.16.54:262][  0]LogBlueprintUserMessages: [TestingPlayerFinder_Blueprint_C_3] -0.000155
[2015.12.10-01.16.54:317][  1]LogBlueprintUserMessages: [TestingPlayerFinder_Blueprint_C_3] 0.143298
[2015.12.10-01.16.55:190][ 16]LogBlueprintUserMessages: [SideScrollerGameMode_C_0] You Died
[2015.12.10-01.17.03:882][149]LogEngine: All Windows Closed
[2015.12.10-01.17.03:882][149]LogWindows: FPlatformMisc::RequestExit(0)
[2015.12.10-01.17.04:013][150]LogExit: Preparing to exit.
[2015.12.10-01.17.04:128][150]LogExit: Game engine shut down
[2015.12.10-01.17.04:130][150]LogParticles: Destroying 0 GPU particle simulations for FXSystem 0x0000000021AAF1A0
[2015.12.10-01.17.04:428][150]LogExit: Object subsystem successfully closed.
[2015.12.10-01.17.04:441][150]LogD3D11RHI: Shutdown
[2015.12.10-01.17.04:441][150]LogD3D11RHI: CleanupD3DDevice
[2015.12.10-01.17.04:569][150]LogD3D11RHI: ~FD3D11DynamicRHI
[2015.12.10-01.17.04:612][150]LogModuleManager: Shutting down and abandoning module AndroidDeviceDetection (117)
[2015.12.10-01.17.05:424][150]LogModuleManager: Shutting down and abandoning module AutomationController (116)
[2015.12.10-01.17.05:424][150]LogModuleManager: Shutting down and abandoning module AutomationWorker (115)
[2015.12.10-01.17.05:424][150]LogModuleManager: Shutting down and abandoning module CharacterAI (114)
[2015.12.10-01.17.05:424][150]LogModuleManager: Shutting down and abandoning module AITestSuite (113)
[2015.12.10-01.17.05:424][150]LogModuleManager: Shutting down and abandoning module GameplayDebugger (112)
[2015.12.10-01.17.05:424][150]LogModuleManager: Shutting down and abandoning module AIModule (111)
[2015.12.10-01.17.05:424][150]LogModuleManager: Shutting down and abandoning module GameLiveStreaming (110)
[2015.12.10-01.17.05:424][150]LogModuleManager: Shutting down and abandoning module StreamingPauseRendering (109)
[2015.12.10-01.17.05:424][150]LogModuleManager: Shutting down and abandoning module ProfilerService (108)
[2015.12.10-01.17.05:630][150]LogModuleManager: Shutting down and abandoning module TaskGraph (107)
[2015.12.10-01.17.05:630][150]LogModuleManager: Shutting down and abandoning module SlateRemote (106)
[2015.12.10-01.17.05:630][150]LogModuleManager: Shutting down and abandoning module SteamVRController (105)
[2015.12.10-01.17.05:630][150]LogModuleManager: Shutting down and abandoning module SteamVR (104)
[2015.12.10-01.17.05:630][150]LogModuleManager: Shutting down and abandoning module ProceduralMeshComponent (103)
[2015.12.10-01.17.05:630][150]LogModuleManager: Shutting down and abandoning module OculusRift (102)
[2015.12.10-01.17.05:630][150]LogModuleManager: Shutting down and abandoning module OculusLibrary (101)
[2015.12.10-01.17.05:630][150]LogModuleManager: Shutting down and abandoning module LeapMotionController (100)
[2015.12.10-01.17.05:653][150]LogModuleManager: Shutting down and abandoning module CustomMeshComponent (99)
[2015.12.10-01.17.05:653][150]LogModuleManager: Shutting down and abandoning module CableComponent (98)
[2015.12.10-01.17.05:653][150]LogModuleManager: Shutting down and abandoning module ArchVisCharacter (97)
[2015.12.10-01.17.05:653][150]LogModuleManager: Shutting down and abandoning module HTML5Networking (96)
[2015.12.10-01.17.05:653][150]LogModuleManager: Shutting down and abandoning module DesktopPlatform (95)
[2015.12.10-01.17.05:653][150]LogModuleManager: Shutting down and abandoning module DirectoryWatcher (94)
[2015.12.10-01.17.05:653][150]LogModuleManager: Shutting down and abandoning module HotReload (93)
[2015.12.10-01.17.05:653][150]LogModuleManager: Shutting down and abandoning module VisualStudioSourceCodeAccess (92)
[2015.12.10-01.17.05:653][150]LogModuleManager: Shutting down and abandoning module UObjectPlugin (91)
[2015.12.10-01.17.05:653][150]LogModuleManager: Shutting down and abandoning module SubversionSourceControl (90)
[2015.12.10-01.17.05:653][150]LogModuleManager: Shutting down and abandoning module SourceControl (89)
[2015.12.10-01.17.05:653][150]LogModuleManager: Shutting down and abandoning module PerforceSourceControl (88)
[2015.12.10-01.17.05:653][150]LogModuleManager: Shutting down and abandoning module UdpMessaging (87)
[2015.12.10-01.17.05:653][150]LogModuleManager: Shutting down and abandoning module AssetRegistry (86)
[2015.12.10-01.17.05:654][150]LogModuleManager: Shutting down and abandoning module SubstanceCore (85)
[2015.12.10-01.17.05:654][150]LogModuleManager: Shutting down and abandoning module LightPropagationVolumeRuntime (84)
[2015.12.10-01.17.05:654][150]LogModuleManager: Shutting down and abandoning module Paper2D (83)
[2015.12.10-01.17.05:654][150]LogModuleManager: Shutting down and abandoning module WindowsMoviePlayer (82)
[2015.12.10-01.17.05:659][150]LogModuleManager: Shutting down and abandoning module Media (81)
[2015.12.10-01.17.05:659][150]LogModuleManager: Shutting down and abandoning module WmfMedia (80)
[2015.12.10-01.17.05:660][150]LogModuleManager: Shutting down and abandoning module OnlineBlueprintSupport (79)
[2015.12.10-01.17.05:660][150]LogModuleManager: Shutting down and abandoning module GameplayTasksEditor (78)
[2015.12.10-01.17.05:660][150]LogModuleManager: Shutting down and abandoning module PropertyEditor (77)
[2015.12.10-01.17.05:660][150]LogModuleManager: Shutting down and abandoning module BehaviorTreeEditor (76)
[2015.12.10-01.17.05:660][150]LogModuleManager: Shutting down and abandoning module FunctionalTesting (75)
[2015.12.10-01.17.05:660][150]LogModuleManager: Shutting down and abandoning module CollisionAnalyzer (74)
[2015.12.10-01.17.05:660][150]LogModuleManager: Shutting down and abandoning module WorkspaceMenuStructure (73)
[2015.12.10-01.17.05:660][150]LogModuleManager: Shutting down and abandoning module MessageLog (72)
[2015.12.10-01.17.05:660][150]LogModuleManager: Shutting down and abandoning module Sequencer (71)
[2015.12.10-01.17.05:660][150]LogModuleManager: Shutting down and abandoning module AssetTools (70)
[2015.12.10-01.17.05:660][150]LogModuleManager: Shutting down and abandoning module UMGEditor (69)
[2015.12.10-01.17.05:660][150]LogModuleManager: Shutting down and abandoning module UMG (68)
[2015.12.10-01.17.05:660][150]LogModuleManager: Shutting down and abandoning module Slate (67)
[2015.12.10-01.17.05:660][150]LogModuleManager: Shutting down and abandoning module EditorStyle (66)
[2015.12.10-01.17.05:665][150]LogModuleManager: Shutting down and abandoning module SessionServices (65)
[2015.12.10-01.17.05:665][150]LogModuleManager: Shutting down and abandoning module SourceCodeAccess (64)
[2015.12.10-01.17.05:665][150]LogModuleManager: Shutting down and abandoning module HeadMountedDisplay (63)
[2015.12.10-01.17.05:665][150]LogModuleManager: Shutting down and abandoning module XAudio2 (62)
[2015.12.10-01.17.05:665][150]LogModuleManager: Shutting down and abandoning module Networking (60)
[2015.12.10-01.17.05:665][150]LogModuleManager: Shutting down and abandoning module Core (59)
[2015.12.10-01.17.05:665][150]LogModuleManager: Shutting down and abandoning module KismetCompiler (58)
[2015.12.10-01.17.05:665][150]LogModuleManager: Shutting down and abandoning module PhysXFormats (57)
[2015.12.10-01.17.05:665][150]LogModuleManager: Shutting down and abandoning module MeshUtilities (56)
[2015.12.10-01.17.05:665][150]LogModuleManager: Shutting down and abandoning module CookingStats (55)
[2015.12.10-01.17.05:666][150]LogModuleManager: Shutting down and abandoning module DerivedDataCache (54)
[2015.12.10-01.17.06:119][150]LogDerivedDataCache: Shutdown
[2015.12.10-01.17.06:119][150]LogModuleManager: Shutting down and abandoning module ShaderFormatOpenGL (53)
[2015.12.10-01.17.06:119][150]LogModuleManager: Shutting down and abandoning module ShaderFormatD3D (52)
[2015.12.10-01.17.06:119][150]LogModuleManager: Shutting down and abandoning module MetalShaderFormat (51)
[2015.12.10-01.17.06:119][150]LogModuleManager: Shutting down and abandoning module TextureFormatUncompressed (50)
[2015.12.10-01.17.06:119][150]LogModuleManager: Shutting down and abandoning module TextureFormatPVR (49)
[2015.12.10-01.17.06:119][150]LogModuleManager: Shutting down and abandoning module TextureFormatIntelISPCTexComp (48)
[2015.12.10-01.17.06:119][150]LogModuleManager: Shutting down and abandoning module TextureFormatDXT (47)
[2015.12.10-01.17.06:119][150]LogModuleManager: Shutting down and abandoning module ImageWrapper (46)
[2015.12.10-01.17.06:119][150]LogModuleManager: Shutting down and abandoning module TextureFormatASTC (45)
[2015.12.10-01.17.06:119][150]LogModuleManager: Shutting down and abandoning module TextureFormatAndroid (44)
[2015.12.10-01.17.06:119][150]LogModuleManager: Shutting down and abandoning module AudioFormatOpus (43)
[2015.12.10-01.17.06:119][150]LogModuleManager: Shutting down and abandoning module AudioFormatOgg (42)
[2015.12.10-01.17.06:119][150]LogModuleManager: Shutting down and abandoning module AudioFormatADPCM (41)
[2015.12.10-01.17.06:119][150]LogModuleManager: Shutting down and abandoning module LinuxTargetPlatform (40)
[2015.12.10-01.17.06:119][150]LogModuleManager: Shutting down and abandoning module LinuxServerTargetPlatform (39)
[2015.12.10-01.17.06:119][150]LogModuleManager: Shutting down and abandoning module LinuxNoEditorTargetPlatform (38)
[2015.12.10-01.17.06:119][150]LogModuleManager: Shutting down and abandoning module Messaging (37)
[2015.12.10-01.17.06:119][150]LogModuleManager: Shutting down and abandoning module IOSTargetPlatform (36)
[2015.12.10-01.17.06:119][150]LogModuleManager: Shutting down and abandoning module HTML5TargetPlatform (35)
[2015.12.10-01.17.06:119][150]LogModuleManager: Shutting down and abandoning module Android_PVRTCTargetPlatform (34)
[2015.12.10-01.17.06:120][150]LogModuleManager: Shutting down and abandoning module Android_ETC2TargetPlatform (33)
[2015.12.10-01.17.06:120][150]LogModuleManager: Shutting down and abandoning module Android_ETC1TargetPlatform (32)
[2015.12.10-01.17.06:120][150]LogModuleManager: Shutting down and abandoning module Android_DXTTargetPlatform (31)
[2015.12.10-01.17.06:120][150]LogModuleManager: Shutting down and abandoning module Android_ATCTargetPlatform (30)
[2015.12.10-01.17.06:120][150]LogModuleManager: Shutting down and abandoning module Android_ASTCTargetPlatform (29)
[2015.12.10-01.17.06:120][150]LogModuleManager: Shutting down and abandoning module AndroidTargetPlatform (28)
[2015.12.10-01.17.06:120][150]LogModuleManager: Shutting down and abandoning module WindowsTargetPlatform (27)
[2015.12.10-01.17.06:120][150]LogModuleManager: Shutting down and abandoning module WindowsServerTargetPlatform (26)
[2015.12.10-01.17.06:120][150]LogModuleManager: Shutting down and abandoning module WindowsNoEditorTargetPlatform (25)
[2015.12.10-01.17.06:120][150]LogModuleManager: Shutting down and abandoning module WindowsClientTargetPlatform (24)
[2015.12.10-01.17.06:120][150]LogModuleManager: Shutting down and abandoning module AllDesktopTargetPlatform (23)
[2015.12.10-01.17.06:120][150]LogModuleManager: Shutting down and abandoning module TargetPlatform (22)
[2015.12.10-01.17.06:120][150]LogModuleManager: Shutting down and abandoning module InputCore (21)
[2015.12.10-01.17.06:120][150]LogModuleManager: Shutting down and abandoning module Settings (20)
[2015.12.10-01.17.06:120][150]LogModuleManager: Shutting down and abandoning module OnlineSubsystem (18)
[2015.12.10-01.17.06:120][150]LogModuleManager: Shutting down and abandoning module HTTP (17)
[2015.12.10-01.17.06:120][150]LogModuleManager: Shutting down and abandoning module XMPP (16)
[2015.12.10-01.17.06:120][150]LogModuleManager: Shutting down and abandoning module ExampleDeviceProfileSelector (15)
[2015.12.10-01.17.06:120][150]LogModuleManager: Shutting down and abandoning module TextureCompressor (14)
[2015.12.10-01.17.06:120][150]LogModuleManager: Shutting down and abandoning module ShaderCore (13)
[2015.12.10-01.17.06:120][150]LogModuleManager: Shutting down and abandoning module Landscape (12)
[2015.12.10-01.17.06:120][150]LogModuleManager: Shutting down and abandoning module SlateRHIRenderer (11)
[2015.12.10-01.17.06:121][150]LogModuleManager: Shutting down and abandoning module OpenGLDrv (10)
[2015.12.10-01.17.06:121][150]LogModuleManager: Shutting down and abandoning module D3D11RHI (9)
[2015.12.10-01.17.06:121][150]LogModuleManager: Shutting down and abandoning module AnimGraphRuntime (8)
[2015.12.10-01.17.06:121][150]LogModuleManager: Shutting down and abandoning module Renderer (7)
[2015.12.10-01.17.06:121][150]LogModuleManager: Shutting down and abandoning module Engine (6)
[2015.12.10-01.17.06:121][150]LogModuleManager: Shutting down and abandoning module CoreUObject (5)
[2015.12.10-01.17.06:121][150]LogModuleManager: Shutting down and abandoning module NetworkFile (4)
[2015.12.10-01.17.06:121][150]LogModuleManager: Shutting down and abandoning module StreamingFile (3)
[2015.12.10-01.17.06:121][150]LogModuleManager: Shutting down and abandoning module SandboxFile (2)
[2015.12.10-01.17.06:121][150]LogModuleManager: Shutting down and abandoning module PakFile (1)
[2015.12.10-01.17.06:122][150]LogExit: Exiting.
[2015.12.10-01.17.06:125][150]Log file closed, 12/10/15 12:17:06
