[2015.12.10-01.13.41:636][  0]Log file open, 12/10/15 12:13:41
[2015.12.10-01.13.41:636][  0]LogInit:Display: Running engine for game: Hana_Prototype
[2015.12.10-01.13.41:636][  0]LogInit:Display: RandInit(1647039932) SRandInit(1647039933).
[2015.12.10-01.13.41:636][  0]LogTaskGraph: Started task graph with 4 named threads and 7 total threads.
[2015.12.10-01.13.41:636][  0]LogStats: Stats thread started at 0.094462
[2015.12.10-01.13.41:636][  0]LogInit: Version: 4.9.2-2707645+++depot+UE4-Releases+4.9
[2015.12.10-01.13.41:636][  0]LogInit: API Version: 2672455
[2015.12.10-01.13.41:636][  0]LogInit: Compiled (64-bit): Sep 28 2015 10:25:44
[2015.12.10-01.13.41:636][  0]LogInit: Compiled with Visual C++: 18.00.21005.01
[2015.12.10-01.13.41:636][  0]LogInit: Build Configuration: Development
[2015.12.10-01.13.41:636][  0]LogInit: Branch Name: ++depot+UE4-Releases+4.9
[2015.12.10-01.13.41:636][  0]LogInit: Command line:  /Temp/Autosaves/Game/SideScrollerBP/Maps/UEDPCSideScrollerExampleMap -game -PIEVIACONSOLE -ResX=1680 -ResY=1050  -Multiprocess 
[2015.12.10-01.13.41:636][  0]LogInit: Base directory: C:/Program Files/Unreal Engine/4.9/Engine/Binaries/Win64/
[2015.12.10-01.13.41:636][  0]LogInit: Rocket: 1
[2015.12.10-01.13.41:662][  0]LogInit: Using libcurl 7.41.0
[2015.12.10-01.13.41:662][  0]LogInit:  - built for x86_64-pc-win32
[2015.12.10-01.13.41:662][  0]LogInit:  - supports SSL with WinSSL
[2015.12.10-01.13.41:662][  0]LogInit:  - other features:
[2015.12.10-01.13.41:662][  0]LogInit:      CURL_VERSION_SSL
[2015.12.10-01.13.41:662][  0]LogInit:      CURL_VERSION_IPV6
[2015.12.10-01.13.41:662][  0]LogInit:      CURL_VERSION_ASYNCHDNS
[2015.12.10-01.13.41:662][  0]LogInit:      CURL_VERSION_LARGEFILE
[2015.12.10-01.13.41:662][  0]LogInit:      CURL_VERSION_IDN
[2015.12.10-01.13.41:662][  0]LogInit:  CurlRequestOptions (configurable via config and command line):
[2015.12.10-01.13.41:662][  0]LogInit:  - bVerifyPeer = true  - Libcurl will verify peer certificate
[2015.12.10-01.13.41:662][  0]LogInit:  - bUseHttpProxy = false  - Libcurl will NOT use HTTP proxy
[2015.12.10-01.13.41:662][  0]LogInit:  - bDontReuseConnections = false  - Libcurl will reuse connections
[2015.12.10-01.13.41:662][  0]LogInit:  - CertBundlePath = nullptr  - Libcurl will use whatever was configured at build time.
[2015.12.10-01.13.41:685][  0]LogInit: Presizing for 0 objects not considered by GC, pre-allocating 0 bytes.
[2015.12.10-01.13.41:717][  0]LogInit: Object subsystem initialized
[2015.12.10-01.13.41:723][  0]LogInit: Selected Device Profile: [Windows]
[2015.12.10-01.13.41:723][  0]LogInit: Applying CVar settings loaded from the selected device profile: [Windows]
[2015.12.10-01.13.41:732][  0]LogInit: Computer: COREY-PC
[2015.12.10-01.13.41:732][  0]LogInit: User: User
[2015.12.10-01.13.41:732][  0]LogInit: CPU Page size=4096, Cores=4
[2015.12.10-01.13.41:732][  0]LogInit: High frequency timer resolution =1.946835 MHz
[2015.12.10-01.13.41:732][  0]LogMemory: Memory total: Physical=5.9GB (6GB approx)
[2015.12.10-01.13.41:732][  0]LogMemory: Platform Memory Stats for Windows
[2015.12.10-01.13.41:732][  0]LogMemory: Process Physical Memory: 55.05 MB used, 55.05 MB peak
[2015.12.10-01.13.41:732][  0]LogMemory: Process Virtual Memory: 57.56 MB used, 57.56 MB peak
[2015.12.10-01.13.41:732][  0]LogMemory: Physical Memory: 4731.85 MB used, 6091.86 MB total
[2015.12.10-01.13.41:732][  0]LogMemory: Virtual Memory: 338.61 MB used, 8388608.00 MB total
[2015.12.10-01.13.41:826][  0]LogTextLocalizationManager: No specific translations for ('en-AU') exist, so ('en') translations will be used.
[2015.12.10-01.13.43:469][  0]LogD3D11RHI: Found D3D11 adapter 0: NVIDIA GeForce GT 555M    (Feature Level 11_0)
[2015.12.10-01.13.43:469][  0]LogD3D11RHI: Adapter has 3019MB of dedicated video memory, 0MB of dedicated system memory, and 2789MB of shared system memory, 1 output[s]
[2015.12.10-01.13.43:525][  0]LogD3D11RHI: Found D3D11 adapter 1: Intel(R) HD Graphics 3000 (Feature Level 11_0)
[2015.12.10-01.13.43:525][  0]LogD3D11RHI: Adapter has 3019MB of dedicated video memory, 0MB of dedicated system memory, and 2789MB of shared system memory, 1 output[s]
[2015.12.10-01.13.43:525][  0]LogD3D11RHI: Chosen D3D11 Adapter Id = 0
[2015.12.10-01.13.47:650][  0]LogD3D11RHI: !Direct3DDevice
[2015.12.10-01.13.47:650][  0]LogRHI: Texture pool is 1361 MB (70% of 1945 MB)
[2015.12.10-01.13.47:659][  0]LogD3D11RHI: Async texture creation enabled
[2015.12.10-01.13.47:686][  0]LogShaderCompilers: Guid format shader working directory is 15 characters bigger than the processId version (../../../../../../Users/User/Desktop/QANTM/CIUMajorGIT/TeamoSupremeo/MyProject/Intermediate/Shaders/WorkingDirectory/8352/).
[2015.12.10-01.13.47:686][  0]LogShaderCompilers: Cleaned the shader compiler working directory '../../../../../../Users/User/Desktop/QANTM/CIUMajorGIT/TeamoSupremeo/MyProject/Intermediate/Shaders/tmp/3A25AF904C06B3D238AAF6AEFCD745D1/'.
[2015.12.10-01.13.47:686][  0]LogShaderCompilers:Display: Using Local Shader Compiler.
[2015.12.10-01.13.49:895][  0]LogTemp:Display: Loaded TP AllDesktopTargetPlatform
[2015.12.10-01.13.49:908][  0]LogTemp:Display: Loaded TP WindowsClientTargetPlatform
[2015.12.10-01.13.49:923][  0]LogTemp:Display: Loaded TP WindowsNoEditorTargetPlatform
[2015.12.10-01.13.49:936][  0]LogTemp:Display: Loaded TP WindowsServerTargetPlatform
[2015.12.10-01.13.49:949][  0]LogTemp:Display: Loaded TP WindowsTargetPlatform
[2015.12.10-01.13.49:959][  0]LogTemp:Display: Loaded TP AndroidTargetPlatform
[2015.12.10-01.13.49:968][  0]LogTemp:Display: Loaded TP Android_ASTCTargetPlatform
[2015.12.10-01.13.49:977][  0]LogTemp:Display: Loaded TP Android_ATCTargetPlatform
[2015.12.10-01.13.49:987][  0]LogTemp:Display: Loaded TP Android_DXTTargetPlatform
[2015.12.10-01.13.49:997][  0]LogTemp:Display: Loaded TP Android_ETC1TargetPlatform
[2015.12.10-01.13.50:006][  0]LogTemp:Display: Loaded TP Android_ETC2TargetPlatform
[2015.12.10-01.13.50:017][  0]LogTemp:Display: Loaded TP Android_PVRTCTargetPlatform
[2015.12.10-01.13.50:019][  0]LogTemp:Display: Loaded TP HTML5TargetPlatform
[2015.12.10-01.13.50:046][  0]LogTemp:Display: Loaded TP IOSTargetPlatform
[2015.12.10-01.13.50:055][  0]LogTemp:Display: Loaded TP LinuxNoEditorTargetPlatform
[2015.12.10-01.13.50:064][  0]LogTemp:Display: Loaded TP LinuxServerTargetPlatform
[2015.12.10-01.13.50:073][  0]LogTemp:Display: Loaded TP LinuxTargetPlatform
[2015.12.10-01.13.50:073][  0]LogTargetPlatformManager:Display: Building Assets For Windows
[2015.12.10-01.13.50:279][  0]LogDerivedDataCache:Display: Max Cache Size: 512 MB
[2015.12.10-01.13.50:397][  0]LogDerivedDataCache: Loaded boot cache 0.12s 41MB C:/Users/User/AppData/Local/UnrealEngine/4.9/DerivedDataCache/Boot.ddc.
[2015.12.10-01.13.50:397][  0]LogDerivedDataCache:Display: Loaded Boot cache: C:/Users/User/AppData/Local/UnrealEngine/4.9/DerivedDataCache/Boot.ddc
[2015.12.10-01.13.50:397][  0]LogDerivedDataCache: FDerivedDataBackendGraph:  Pak pak cache file ../../../../../../Users/User/Desktop/QANTM/CIUMajorGIT/TeamoSupremeo/MyProject/DerivedDataCache/DDC.ddp not found, will not use a pak cache.
[2015.12.10-01.13.50:397][  0]LogDerivedDataCache: Unable to find inner node Pak for hierarchical cache Hierarchy.
[2015.12.10-01.13.50:397][  0]LogDerivedDataCache: FDerivedDataBackendGraph:  CompressedPak pak cache file ../../../../../../Users/User/Desktop/QANTM/CIUMajorGIT/TeamoSupremeo/MyProject/DerivedDataCache/Compressed.ddp not found, will not use a pak cache.
[2015.12.10-01.13.50:397][  0]LogDerivedDataCache: Unable to find inner node CompressedPak for hierarchical cache Hierarchy.
[2015.12.10-01.13.50:769][  0]LogDerivedDataCache:Display: Pak cache opened for reading ../../../Engine/DerivedDataCache/Compressed.ddp.
[2015.12.10-01.13.50:781][  0]LogDerivedDataCache: Using Local data cache path C:/Users/User/AppData/Local/UnrealEngine/Common/DerivedDataCache: Writable
[2015.12.10-01.13.51:044][  0]LogInit: Selected Device Profile: [Windows]
[2015.12.10-01.13.51:045][  0]LogContentStreaming: Texture pool size is 1000.000000MB
[2015.12.10-01.13.51:063][  0]LogMeshUtilities: No automatic mesh reduction module available
[2015.12.10-01.13.51:063][  0]LogMeshUtilities: No automatic mesh merging module available
[2015.12.10-01.13.51:545][  0]LogInit: WinSock: version 1.1 (2.2), MaxSocks=32767, MaxUdp=65467
[2015.12.10-01.13.51:784][  0]LogWindowsMoviePlayer: Unable to load movie: ../../../../../../Users/User/Desktop/QANTM/CIUMajorGIT/TeamoSupremeo/MyProject/Content/Movies/Default_Startup.mp4
[2015.12.10-01.13.51:891][  0]LogAssetRegistry: FAssetRegistry took 0.0002 seconds to start up
[2015.12.10-01.13.51:929][  0]SourceControl: Info Source control is disabled
[2015.12.10-01.13.51:929][  0]SourceControl: Info Source control is disabled
[2015.12.10-01.13.51:942][  0]SourceControl: Info Source control is disabled
[2015.12.10-01.13.52:072][  0]LogLinker:Warning: Asset '../../../Engine/Plugins/Runtime/LeapMotionController/Content/LM_PassthroughMaterial.uasset' has been saved with empty engine version. The asset will be loaded but may be incompatible.
[2015.12.10-01.13.52:182][  0]LogObj: 27801 objects as part of root set at end of initial load.
[2015.12.10-01.13.52:182][  0]LogUObjectAllocator: 5798192 out of 0 bytes used by permanent object pool.
[2015.12.10-01.13.52:278][  0]LogEngine: Initializing Engine...
[2015.12.10-01.13.52:282][  0]LogHMD: Can't find Oculus library dev build: is proper Runtime installed? Version: 0.7.0.0
[2015.12.10-01.13.52:283][  0]LogHMD: SteamVR failed to initialize.  Err: 110
[2015.12.10-01.13.52:446][  0]LogInit: XAudio2 using 'Speakers (Bluetooth Hands-free Audio)' : 2 channels at 48 kHz using 16 bits per sample (channel mask 0x3)
[2015.12.10-01.13.52:454][  0]LogInit: FAudioDevice initialized.
[2015.12.10-01.13.52:460][  0]LogInit: Texture streaming: Enabled
[2015.12.10-01.13.52:566][  0]LogNet: Browse: /Temp/Autosaves/Game/SideScrollerBP/Maps/UEDPCSideScrollerExampleMap?Name=Player
[2015.12.10-01.13.52:586][  0]LogLoad: LoadMap: /Temp/Autosaves/Game/SideScrollerBP/Maps/UEDPCSideScrollerExampleMap?Name=Player
[2015.12.10-01.13.52:632][  0]LogParticles: Destroying 0 GPU particle simulations for FXSystem 0x0000000019A04720
[2015.12.10-01.13.52:670][  0]LogMemory: Platform Memory Stats for Windows
[2015.12.10-01.13.52:670][  0]LogMemory: Process Physical Memory: 383.38 MB used, 383.38 MB peak
[2015.12.10-01.13.52:670][  0]LogMemory: Process Virtual Memory: 367.61 MB used, 369.07 MB peak
[2015.12.10-01.13.52:670][  0]LogMemory: Physical Memory: 4987.66 MB used, 6091.86 MB total
[2015.12.10-01.13.52:670][  0]LogMemory: Virtual Memory: 901.79 MB used, 8388608.00 MB total
[2015.12.10-01.13.52:670][  0]LogMemory: 
[2015.12.10-01.13.52:670][  0]Allocator Stats for TBB: (not implemented)
[2015.12.10-01.13.53:340][  0]LogLinker:Warning: CreateImport: Failed to load Outer for resource 'Arrow': SideScrollerCharacter_C /Game/SideScrollerBP/Blueprints/SideScrollerCharacter.Default__SideScrollerCharacter_C
[2015.12.10-01.13.54:308][  0]LogAIModule: Creating AISystem for world SideScrollerExampleMap
[2015.12.10-01.13.54:308][  0]LogWorld: Game class is 'SideScrollerGameMode_C'
[2015.12.10-01.13.54:331][  0]LogWorld: Bringing World /Temp/Autosaves/Game/SideScrollerBP/Maps/UEDPCSideScrollerExampleMap.SideScrollerExampleMap up for play (max tick rate 0) at 2015.12.10-12.13.54
[2015.12.10-01.13.54:333][  0]LogWorld: Bringing up level for play took: 0.021325
[2015.12.10-01.13.54:334][  0]LogInit:Display: Game Engine Initialized.
[2015.12.10-01.13.54:584][  0]LogLoad: Full Startup: 13.44 seconds (BP compile: 0.45 seconds)
[2015.12.10-01.13.54:776][  0]LogRenderer: Reallocating scene render targets to support 128x128 (Frame:1).
[2015.12.10-01.13.55:023][  1]LogRenderer: Reallocating scene render targets to support 1680x1052 (Frame:2).
[2015.12.10-01.13.58:283][ 49]LogBlueprintUserMessages: [TestingPlayerFinder_Blueprint_C_3] -0.003037
[2015.12.10-01.13.58:338][ 50]LogBlueprintUserMessages: [TestingPlayerFinder_Blueprint_C_3] -0.002819
[2015.12.10-01.13.58:392][ 51]LogBlueprintUserMessages: [TestingPlayerFinder_Blueprint_C_3] -0.002602
[2015.12.10-01.13.58:448][ 52]LogBlueprintUserMessages: [TestingPlayerFinder_Blueprint_C_3] -0.002382
[2015.12.10-01.13.58:511][ 53]LogBlueprintUserMessages: [TestingPlayerFinder_Blueprint_C_3] -0.002134
[2015.12.10-01.13.58:566][ 54]LogBlueprintUserMessages: [TestingPlayerFinder_Blueprint_C_3] -0.001915
[2015.12.10-01.13.58:621][ 55]LogBlueprintUserMessages: [TestingPlayerFinder_Blueprint_C_3] -0.001697
[2015.12.10-01.13.58:691][ 56]LogBlueprintUserMessages: [TestingPlayerFinder_Blueprint_C_3] -0.001422
[2015.12.10-01.13.58:737][ 57]LogBlueprintUserMessages: [TestingPlayerFinder_Blueprint_C_3] -0.001238
[2015.12.10-01.13.58:795][ 58]LogBlueprintUserMessages: [TestingPlayerFinder_Blueprint_C_3] -0.001012
[2015.12.10-01.13.58:859][ 59]LogBlueprintUserMessages: [TestingPlayerFinder_Blueprint_C_3] -0.000758
[2015.12.10-01.13.58:916][ 60]LogBlueprintUserMessages: [TestingPlayerFinder_Blueprint_C_3] -0.000532
[2015.12.10-01.13.58:973][ 61]LogBlueprintUserMessages: [TestingPlayerFinder_Blueprint_C_3] -0.000306
[2015.12.10-01.13.59:030][ 62]LogBlueprintUserMessages: [TestingPlayerFinder_Blueprint_C_3] -0.00008
[2015.12.10-01.14.00:270][ 83]LogBlueprintUserMessages: [SideScrollerGameMode_C_0] You Died
[2015.12.10-01.14.55:640][ 50]LogEngine: All Windows Closed
[2015.12.10-01.14.55:641][ 50]LogWindows: FPlatformMisc::RequestExit(0)
[2015.12.10-01.14.56:293][ 51]LogExit: Preparing to exit.
[2015.12.10-01.14.56:399][ 51]LogExit: Game engine shut down
[2015.12.10-01.14.56:402][ 51]LogParticles: Destroying 0 GPU particle simulations for FXSystem 0x000000001E8671A0
[2015.12.10-01.14.56:696][ 51]LogExit: Object subsystem successfully closed.
[2015.12.10-01.14.56:715][ 51]LogD3D11RHI: Shutdown
[2015.12.10-01.14.56:715][ 51]LogD3D11RHI: CleanupD3DDevice
[2015.12.10-01.14.56:848][ 51]LogD3D11RHI: ~FD3D11DynamicRHI
[2015.12.10-01.14.56:878][ 51]LogModuleManager: Shutting down and abandoning module AndroidDeviceDetection (117)
[2015.12.10-01.14.57:690][ 51]LogModuleManager: Shutting down and abandoning module AutomationController (116)
[2015.12.10-01.14.57:690][ 51]LogModuleManager: Shutting down and abandoning module AutomationWorker (115)
[2015.12.10-01.14.57:690][ 51]LogModuleManager: Shutting down and abandoning module CharacterAI (114)
[2015.12.10-01.14.57:690][ 51]LogModuleManager: Shutting down and abandoning module AITestSuite (113)
[2015.12.10-01.14.57:690][ 51]LogModuleManager: Shutting down and abandoning module GameplayDebugger (112)
[2015.12.10-01.14.57:690][ 51]LogModuleManager: Shutting down and abandoning module AIModule (111)
[2015.12.10-01.14.57:690][ 51]LogModuleManager: Shutting down and abandoning module GameLiveStreaming (110)
[2015.12.10-01.14.57:690][ 51]LogModuleManager: Shutting down and abandoning module StreamingPauseRendering (109)
[2015.12.10-01.14.57:690][ 51]LogModuleManager: Shutting down and abandoning module ProfilerService (108)
[2015.12.10-01.14.57:705][ 51]LogModuleManager: Shutting down and abandoning module TaskGraph (107)
[2015.12.10-01.14.57:705][ 51]LogModuleManager: Shutting down and abandoning module SlateRemote (106)
[2015.12.10-01.14.57:705][ 51]LogModuleManager: Shutting down and abandoning module SteamVRController (105)
[2015.12.10-01.14.57:705][ 51]LogModuleManager: Shutting down and abandoning module SteamVR (104)
[2015.12.10-01.14.57:705][ 51]LogModuleManager: Shutting down and abandoning module ProceduralMeshComponent (103)
[2015.12.10-01.14.57:705][ 51]LogModuleManager: Shutting down and abandoning module OculusRift (102)
[2015.12.10-01.14.57:705][ 51]LogModuleManager: Shutting down and abandoning module OculusLibrary (101)
[2015.12.10-01.14.57:705][ 51]LogModuleManager: Shutting down and abandoning module LeapMotionController (100)
[2015.12.10-01.14.57:716][ 51]LogModuleManager: Shutting down and abandoning module CustomMeshComponent (99)
[2015.12.10-01.14.57:716][ 51]LogModuleManager: Shutting down and abandoning module CableComponent (98)
[2015.12.10-01.14.57:716][ 51]LogModuleManager: Shutting down and abandoning module ArchVisCharacter (97)
[2015.12.10-01.14.57:716][ 51]LogModuleManager: Shutting down and abandoning module HTML5Networking (96)
[2015.12.10-01.14.57:716][ 51]LogModuleManager: Shutting down and abandoning module DesktopPlatform (95)
[2015.12.10-01.14.57:716][ 51]LogModuleManager: Shutting down and abandoning module DirectoryWatcher (94)
[2015.12.10-01.14.57:716][ 51]LogModuleManager: Shutting down and abandoning module HotReload (93)
[2015.12.10-01.14.57:716][ 51]LogModuleManager: Shutting down and abandoning module VisualStudioSourceCodeAccess (92)
[2015.12.10-01.14.57:717][ 51]LogModuleManager: Shutting down and abandoning module UObjectPlugin (91)
[2015.12.10-01.14.57:717][ 51]LogModuleManager: Shutting down and abandoning module SubversionSourceControl (90)
[2015.12.10-01.14.57:717][ 51]LogModuleManager: Shutting down and abandoning module SourceControl (89)
[2015.12.10-01.14.57:717][ 51]LogModuleManager: Shutting down and abandoning module PerforceSourceControl (88)
[2015.12.10-01.14.57:717][ 51]LogModuleManager: Shutting down and abandoning module UdpMessaging (87)
[2015.12.10-01.14.57:717][ 51]LogModuleManager: Shutting down and abandoning module AssetRegistry (86)
[2015.12.10-01.14.57:717][ 51]LogModuleManager: Shutting down and abandoning module SubstanceCore (85)
[2015.12.10-01.14.57:717][ 51]LogModuleManager: Shutting down and abandoning module LightPropagationVolumeRuntime (84)
[2015.12.10-01.14.57:717][ 51]LogModuleManager: Shutting down and abandoning module Paper2D (83)
[2015.12.10-01.14.57:717][ 51]LogModuleManager: Shutting down and abandoning module WindowsMoviePlayer (82)
[2015.12.10-01.14.57:720][ 51]LogModuleManager: Shutting down and abandoning module Media (81)
[2015.12.10-01.14.57:720][ 51]LogModuleManager: Shutting down and abandoning module WmfMedia (80)
[2015.12.10-01.14.57:720][ 51]LogModuleManager: Shutting down and abandoning module OnlineBlueprintSupport (79)
[2015.12.10-01.14.57:720][ 51]LogModuleManager: Shutting down and abandoning module GameplayTasksEditor (78)
[2015.12.10-01.14.57:720][ 51]LogModuleManager: Shutting down and abandoning module PropertyEditor (77)
[2015.12.10-01.14.57:720][ 51]LogModuleManager: Shutting down and abandoning module BehaviorTreeEditor (76)
[2015.12.10-01.14.57:720][ 51]LogModuleManager: Shutting down and abandoning module FunctionalTesting (75)
[2015.12.10-01.14.57:720][ 51]LogModuleManager: Shutting down and abandoning module CollisionAnalyzer (74)
[2015.12.10-01.14.57:720][ 51]LogModuleManager: Shutting down and abandoning module WorkspaceMenuStructure (73)
[2015.12.10-01.14.57:720][ 51]LogModuleManager: Shutting down and abandoning module MessageLog (72)
[2015.12.10-01.14.57:720][ 51]LogModuleManager: Shutting down and abandoning module Sequencer (71)
[2015.12.10-01.14.57:720][ 51]LogModuleManager: Shutting down and abandoning module AssetTools (70)
[2015.12.10-01.14.57:720][ 51]LogModuleManager: Shutting down and abandoning module UMGEditor (69)
[2015.12.10-01.14.57:720][ 51]LogModuleManager: Shutting down and abandoning module UMG (68)
[2015.12.10-01.14.57:720][ 51]LogModuleManager: Shutting down and abandoning module Slate (67)
[2015.12.10-01.14.57:720][ 51]LogModuleManager: Shutting down and abandoning module EditorStyle (66)
[2015.12.10-01.14.57:723][ 51]LogModuleManager: Shutting down and abandoning module SessionServices (65)
[2015.12.10-01.14.57:723][ 51]LogModuleManager: Shutting down and abandoning module SourceCodeAccess (64)
[2015.12.10-01.14.57:723][ 51]LogModuleManager: Shutting down and abandoning module HeadMountedDisplay (63)
[2015.12.10-01.14.57:723][ 51]LogModuleManager: Shutting down and abandoning module XAudio2 (62)
[2015.12.10-01.14.57:723][ 51]LogModuleManager: Shutting down and abandoning module Networking (60)
[2015.12.10-01.14.57:723][ 51]LogModuleManager: Shutting down and abandoning module Core (59)
[2015.12.10-01.14.57:723][ 51]LogModuleManager: Shutting down and abandoning module KismetCompiler (58)
[2015.12.10-01.14.57:723][ 51]LogModuleManager: Shutting down and abandoning module PhysXFormats (57)
[2015.12.10-01.14.57:723][ 51]LogModuleManager: Shutting down and abandoning module MeshUtilities (56)
[2015.12.10-01.14.57:723][ 51]LogModuleManager: Shutting down and abandoning module CookingStats (55)
[2015.12.10-01.14.57:723][ 51]LogModuleManager: Shutting down and abandoning module DerivedDataCache (54)
[2015.12.10-01.14.57:796][ 51]LogDerivedDataCache: Shutdown
[2015.12.10-01.14.57:796][ 51]LogModuleManager: Shutting down and abandoning module ShaderFormatOpenGL (53)
[2015.12.10-01.14.57:796][ 51]LogModuleManager: Shutting down and abandoning module ShaderFormatD3D (52)
[2015.12.10-01.14.57:796][ 51]LogModuleManager: Shutting down and abandoning module MetalShaderFormat (51)
[2015.12.10-01.14.57:796][ 51]LogModuleManager: Shutting down and abandoning module TextureFormatUncompressed (50)
[2015.12.10-01.14.57:796][ 51]LogModuleManager: Shutting down and abandoning module TextureFormatPVR (49)
[2015.12.10-01.14.57:796][ 51]LogModuleManager: Shutting down and abandoning module TextureFormatIntelISPCTexComp (48)
[2015.12.10-01.14.57:796][ 51]LogModuleManager: Shutting down and abandoning module TextureFormatDXT (47)
[2015.12.10-01.14.57:796][ 51]LogModuleManager: Shutting down and abandoning module ImageWrapper (46)
[2015.12.10-01.14.57:796][ 51]LogModuleManager: Shutting down and abandoning module TextureFormatASTC (45)
[2015.12.10-01.14.57:796][ 51]LogModuleManager: Shutting down and abandoning module TextureFormatAndroid (44)
[2015.12.10-01.14.57:796][ 51]LogModuleManager: Shutting down and abandoning module AudioFormatOpus (43)
[2015.12.10-01.14.57:796][ 51]LogModuleManager: Shutting down and abandoning module AudioFormatOgg (42)
[2015.12.10-01.14.57:796][ 51]LogModuleManager: Shutting down and abandoning module AudioFormatADPCM (41)
[2015.12.10-01.14.57:796][ 51]LogModuleManager: Shutting down and abandoning module LinuxTargetPlatform (40)
[2015.12.10-01.14.57:796][ 51]LogModuleManager: Shutting down and abandoning module LinuxServerTargetPlatform (39)
[2015.12.10-01.14.57:796][ 51]LogModuleManager: Shutting down and abandoning module LinuxNoEditorTargetPlatform (38)
[2015.12.10-01.14.57:796][ 51]LogModuleManager: Shutting down and abandoning module Messaging (37)
[2015.12.10-01.14.57:796][ 51]LogModuleManager: Shutting down and abandoning module IOSTargetPlatform (36)
[2015.12.10-01.14.57:796][ 51]LogModuleManager: Shutting down and abandoning module HTML5TargetPlatform (35)
[2015.12.10-01.14.57:796][ 51]LogModuleManager: Shutting down and abandoning module Android_PVRTCTargetPlatform (34)
[2015.12.10-01.14.57:796][ 51]LogModuleManager: Shutting down and abandoning module Android_ETC2TargetPlatform (33)
[2015.12.10-01.14.57:796][ 51]LogModuleManager: Shutting down and abandoning module Android_ETC1TargetPlatform (32)
[2015.12.10-01.14.57:796][ 51]LogModuleManager: Shutting down and abandoning module Android_DXTTargetPlatform (31)
[2015.12.10-01.14.57:796][ 51]LogModuleManager: Shutting down and abandoning module Android_ATCTargetPlatform (30)
[2015.12.10-01.14.57:796][ 51]LogModuleManager: Shutting down and abandoning module Android_ASTCTargetPlatform (29)
[2015.12.10-01.14.57:796][ 51]LogModuleManager: Shutting down and abandoning module AndroidTargetPlatform (28)
[2015.12.10-01.14.57:796][ 51]LogModuleManager: Shutting down and abandoning module WindowsTargetPlatform (27)
[2015.12.10-01.14.57:796][ 51]LogModuleManager: Shutting down and abandoning module WindowsServerTargetPlatform (26)
[2015.12.10-01.14.57:796][ 51]LogModuleManager: Shutting down and abandoning module WindowsNoEditorTargetPlatform (25)
[2015.12.10-01.14.57:796][ 51]LogModuleManager: Shutting down and abandoning module WindowsClientTargetPlatform (24)
[2015.12.10-01.14.57:796][ 51]LogModuleManager: Shutting down and abandoning module AllDesktopTargetPlatform (23)
[2015.12.10-01.14.57:796][ 51]LogModuleManager: Shutting down and abandoning module TargetPlatform (22)
[2015.12.10-01.14.57:796][ 51]LogModuleManager: Shutting down and abandoning module InputCore (21)
[2015.12.10-01.14.57:796][ 51]LogModuleManager: Shutting down and abandoning module Settings (20)
[2015.12.10-01.14.57:796][ 51]LogModuleManager: Shutting down and abandoning module OnlineSubsystem (18)
[2015.12.10-01.14.57:796][ 51]LogModuleManager: Shutting down and abandoning module HTTP (17)
[2015.12.10-01.14.57:796][ 51]LogModuleManager: Shutting down and abandoning module XMPP (16)
[2015.12.10-01.14.57:797][ 51]LogModuleManager: Shutting down and abandoning module ExampleDeviceProfileSelector (15)
[2015.12.10-01.14.57:797][ 51]LogModuleManager: Shutting down and abandoning module TextureCompressor (14)
[2015.12.10-01.14.57:797][ 51]LogModuleManager: Shutting down and abandoning module ShaderCore (13)
[2015.12.10-01.14.57:797][ 51]LogModuleManager: Shutting down and abandoning module Landscape (12)
[2015.12.10-01.14.57:797][ 51]LogModuleManager: Shutting down and abandoning module SlateRHIRenderer (11)
[2015.12.10-01.14.57:797][ 51]LogModuleManager: Shutting down and abandoning module OpenGLDrv (10)
[2015.12.10-01.14.57:797][ 51]LogModuleManager: Shutting down and abandoning module D3D11RHI (9)
[2015.12.10-01.14.57:797][ 51]LogModuleManager: Shutting down and abandoning module AnimGraphRuntime (8)
[2015.12.10-01.14.57:797][ 51]LogModuleManager: Shutting down and abandoning module Renderer (7)
[2015.12.10-01.14.57:797][ 51]LogModuleManager: Shutting down and abandoning module Engine (6)
[2015.12.10-01.14.57:797][ 51]LogModuleManager: Shutting down and abandoning module CoreUObject (5)
[2015.12.10-01.14.57:797][ 51]LogModuleManager: Shutting down and abandoning module NetworkFile (4)
[2015.12.10-01.14.57:797][ 51]LogModuleManager: Shutting down and abandoning module StreamingFile (3)
[2015.12.10-01.14.57:797][ 51]LogModuleManager: Shutting down and abandoning module SandboxFile (2)
[2015.12.10-01.14.57:797][ 51]LogModuleManager: Shutting down and abandoning module PakFile (1)
[2015.12.10-01.14.57:797][ 51]LogExit: Exiting.
[2015.12.10-01.14.57:799][ 51]Log file closed, 12/10/15 12:14:57
