[2015.12.10-00.51.10:813][  0]Log file open, 12/10/15 11:51:10
[2015.12.10-00.51.10:813][  0]LogInit:Display: Running engine for game: Hana_Prototype
[2015.12.10-00.51.10:813][  0]LogInit:Display: RandInit(-982687070) SRandInit(-982687070).
[2015.12.10-00.51.10:813][  0]LogTaskGraph: Started task graph with 4 named threads and 7 total threads.
[2015.12.10-00.51.10:813][  0]LogStats: Stats thread started at 0.094681
[2015.12.10-00.51.10:813][  0]LogInit: Version: 4.9.2-2707645+++depot+UE4-Releases+4.9
[2015.12.10-00.51.10:813][  0]LogInit: API Version: 2672455
[2015.12.10-00.51.10:813][  0]LogInit: Compiled (64-bit): Sep 28 2015 10:25:44
[2015.12.10-00.51.10:813][  0]LogInit: Compiled with Visual C++: 18.00.21005.01
[2015.12.10-00.51.10:813][  0]LogInit: Build Configuration: Development
[2015.12.10-00.51.10:813][  0]LogInit: Branch Name: ++depot+UE4-Releases+4.9
[2015.12.10-00.51.10:813][  0]LogInit: Command line:  /Temp/Autosaves/Game/SideScrollerBP/Maps/UEDPCSideScrollerExampleMap -game -PIEVIACONSOLE -ResX=1280 -ResY=720  -Multiprocess 
[2015.12.10-00.51.10:813][  0]LogInit: Base directory: C:/Program Files/Unreal Engine/4.9/Engine/Binaries/Win64/
[2015.12.10-00.51.10:813][  0]LogInit: Rocket: 1
[2015.12.10-00.51.10:824][  0]LogInit: Using libcurl 7.41.0
[2015.12.10-00.51.10:824][  0]LogInit:  - built for x86_64-pc-win32
[2015.12.10-00.51.10:824][  0]LogInit:  - supports SSL with WinSSL
[2015.12.10-00.51.10:824][  0]LogInit:  - other features:
[2015.12.10-00.51.10:824][  0]LogInit:      CURL_VERSION_SSL
[2015.12.10-00.51.10:824][  0]LogInit:      CURL_VERSION_IPV6
[2015.12.10-00.51.10:824][  0]LogInit:      CURL_VERSION_ASYNCHDNS
[2015.12.10-00.51.10:824][  0]LogInit:      CURL_VERSION_LARGEFILE
[2015.12.10-00.51.10:824][  0]LogInit:      CURL_VERSION_IDN
[2015.12.10-00.51.10:824][  0]LogInit:  CurlRequestOptions (configurable via config and command line):
[2015.12.10-00.51.10:824][  0]LogInit:  - bVerifyPeer = true  - Libcurl will verify peer certificate
[2015.12.10-00.51.10:824][  0]LogInit:  - bUseHttpProxy = false  - Libcurl will NOT use HTTP proxy
[2015.12.10-00.51.10:824][  0]LogInit:  - bDontReuseConnections = false  - Libcurl will reuse connections
[2015.12.10-00.51.10:824][  0]LogInit:  - CertBundlePath = nullptr  - Libcurl will use whatever was configured at build time.
[2015.12.10-00.51.10:833][  0]LogInit: Presizing for 0 objects not considered by GC, pre-allocating 0 bytes.
[2015.12.10-00.51.10:844][  0]LogInit: Object subsystem initialized
[2015.12.10-00.51.10:846][  0]LogInit: Selected Device Profile: [Windows]
[2015.12.10-00.51.10:847][  0]LogInit: Applying CVar settings loaded from the selected device profile: [Windows]
[2015.12.10-00.51.10:850][  0]LogInit: Computer: COREY-PC
[2015.12.10-00.51.10:850][  0]LogInit: User: User
[2015.12.10-00.51.10:850][  0]LogInit: CPU Page size=4096, Cores=4
[2015.12.10-00.51.10:850][  0]LogInit: High frequency timer resolution =1.946835 MHz
[2015.12.10-00.51.10:851][  0]LogMemory: Memory total: Physical=5.9GB (6GB approx)
[2015.12.10-00.51.10:851][  0]LogMemory: Platform Memory Stats for Windows
[2015.12.10-00.51.10:851][  0]LogMemory: Process Physical Memory: 55.08 MB used, 55.08 MB peak
[2015.12.10-00.51.10:851][  0]LogMemory: Process Virtual Memory: 57.56 MB used, 57.56 MB peak
[2015.12.10-00.51.10:851][  0]LogMemory: Physical Memory: 4529.16 MB used, 6091.86 MB total
[2015.12.10-00.51.10:851][  0]LogMemory: Virtual Memory: 338.61 MB used, 8388608.00 MB total
[2015.12.10-00.51.10:895][  0]LogTextLocalizationManager: No specific translations for ('en-AU') exist, so ('en') translations will be used.
[2015.12.10-00.51.13:432][  0]LogD3D11RHI: Found D3D11 adapter 0: NVIDIA GeForce GT 555M    (Feature Level 11_0)
[2015.12.10-00.51.13:452][  0]LogD3D11RHI: Adapter has 3019MB of dedicated video memory, 0MB of dedicated system memory, and 2789MB of shared system memory, 1 output[s]
[2015.12.10-00.51.13:676][  0]LogD3D11RHI: Found D3D11 adapter 1: Intel(R) HD Graphics 3000 (Feature Level 11_0)
[2015.12.10-00.51.13:676][  0]LogD3D11RHI: Adapter has 3019MB of dedicated video memory, 0MB of dedicated system memory, and 2789MB of shared system memory, 1 output[s]
[2015.12.10-00.51.13:677][  0]LogD3D11RHI: Chosen D3D11 Adapter Id = 0
[2015.12.10-00.51.13:707][  0]LogD3D11RHI: !Direct3DDevice
[2015.12.10-00.51.13:708][  0]LogRHI: Texture pool is 1361 MB (70% of 1945 MB)
[2015.12.10-00.51.13:716][  0]LogD3D11RHI: Async texture creation enabled
[2015.12.10-00.51.13:733][  0]LogShaderCompilers: Guid format shader working directory is 15 characters bigger than the processId version (../../../../../../Users/User/Desktop/QANTM/CIUMajorGIT/TeamoSupremeo/MyProject/Intermediate/Shaders/WorkingDirectory/8908/).
[2015.12.10-00.51.13:733][  0]LogShaderCompilers: Cleaned the shader compiler working directory '../../../../../../Users/User/Desktop/QANTM/CIUMajorGIT/TeamoSupremeo/MyProject/Intermediate/Shaders/tmp/C41E7F6D4FD9F2B82A10F6954CC51DD1/'.
[2015.12.10-00.51.13:733][  0]LogShaderCompilers:Display: Using Local Shader Compiler.
[2015.12.10-00.51.24:962][  0]LogTemp:Display: Loaded TP AllDesktopTargetPlatform
[2015.12.10-00.51.24:997][  0]LogTemp:Display: Loaded TP WindowsClientTargetPlatform
[2015.12.10-00.51.25:013][  0]LogTemp:Display: Loaded TP WindowsNoEditorTargetPlatform
[2015.12.10-00.51.25:030][  0]LogTemp:Display: Loaded TP WindowsServerTargetPlatform
[2015.12.10-00.51.25:052][  0]LogTemp:Display: Loaded TP WindowsTargetPlatform
[2015.12.10-00.51.25:103][  0]LogTemp:Display: Loaded TP AndroidTargetPlatform
[2015.12.10-00.51.25:140][  0]LogTemp:Display: Loaded TP Android_ASTCTargetPlatform
[2015.12.10-00.51.25:165][  0]LogTemp:Display: Loaded TP Android_ATCTargetPlatform
[2015.12.10-00.51.25:178][  0]LogTemp:Display: Loaded TP Android_DXTTargetPlatform
[2015.12.10-00.51.25:188][  0]LogTemp:Display: Loaded TP Android_ETC1TargetPlatform
[2015.12.10-00.51.25:204][  0]LogTemp:Display: Loaded TP Android_ETC2TargetPlatform
[2015.12.10-00.51.25:214][  0]LogTemp:Display: Loaded TP Android_PVRTCTargetPlatform
[2015.12.10-00.51.25:219][  0]LogTemp:Display: Loaded TP HTML5TargetPlatform
[2015.12.10-00.51.25:275][  0]LogTemp:Display: Loaded TP IOSTargetPlatform
[2015.12.10-00.51.25:291][  0]LogTemp:Display: Loaded TP LinuxNoEditorTargetPlatform
[2015.12.10-00.51.25:304][  0]LogTemp:Display: Loaded TP LinuxServerTargetPlatform
[2015.12.10-00.51.25:322][  0]LogTemp:Display: Loaded TP LinuxTargetPlatform
[2015.12.10-00.51.25:322][  0]LogTargetPlatformManager:Display: Building Assets For Windows
[2015.12.10-00.51.25:754][  0]LogDerivedDataCache:Display: Max Cache Size: 512 MB
[2015.12.10-00.51.26:385][  0]LogDerivedDataCache: Loaded boot cache 0.63s 41MB C:/Users/User/AppData/Local/UnrealEngine/4.9/DerivedDataCache/Boot.ddc.
[2015.12.10-00.51.26:385][  0]LogDerivedDataCache:Display: Loaded Boot cache: C:/Users/User/AppData/Local/UnrealEngine/4.9/DerivedDataCache/Boot.ddc
[2015.12.10-00.51.26:385][  0]LogDerivedDataCache: FDerivedDataBackendGraph:  Pak pak cache file ../../../../../../Users/User/Desktop/QANTM/CIUMajorGIT/TeamoSupremeo/MyProject/DerivedDataCache/DDC.ddp not found, will not use a pak cache.
[2015.12.10-00.51.26:385][  0]LogDerivedDataCache: Unable to find inner node Pak for hierarchical cache Hierarchy.
[2015.12.10-00.51.26:385][  0]LogDerivedDataCache: FDerivedDataBackendGraph:  CompressedPak pak cache file ../../../../../../Users/User/Desktop/QANTM/CIUMajorGIT/TeamoSupremeo/MyProject/DerivedDataCache/Compressed.ddp not found, will not use a pak cache.
[2015.12.10-00.51.26:385][  0]LogDerivedDataCache: Unable to find inner node CompressedPak for hierarchical cache Hierarchy.
[2015.12.10-00.51.26:934][  0]LogDerivedDataCache:Display: Pak cache opened for reading ../../../Engine/DerivedDataCache/Compressed.ddp.
[2015.12.10-00.51.26:948][  0]LogDerivedDataCache: Using Local data cache path C:/Users/User/AppData/Local/UnrealEngine/Common/DerivedDataCache: Writable
[2015.12.10-00.51.35:320][  0]LogInit: Selected Device Profile: [Windows]
[2015.12.10-00.51.35:321][  0]LogContentStreaming: Texture pool size is 1000.000000MB
[2015.12.10-00.51.35:350][  0]LogMeshUtilities: No automatic mesh reduction module available
[2015.12.10-00.51.35:350][  0]LogMeshUtilities: No automatic mesh merging module available
[2015.12.10-00.51.35:995][  0]LogInit: WinSock: version 1.1 (2.2), MaxSocks=32767, MaxUdp=65467
[2015.12.10-00.51.37:678][  0]LogWindowsMoviePlayer: Unable to load movie: ../../../../../../Users/User/Desktop/QANTM/CIUMajorGIT/TeamoSupremeo/MyProject/Content/Movies/Default_Startup.mp4
[2015.12.10-00.51.37:960][  0]LogAssetRegistry: FAssetRegistry took 0.0003 seconds to start up
[2015.12.10-00.51.38:085][  0]SourceControl: Info Source control is disabled
[2015.12.10-00.51.38:086][  0]SourceControl: Info Source control is disabled
[2015.12.10-00.51.38:130][  0]SourceControl: Info Source control is disabled
[2015.12.10-00.51.38:439][  0]LogLinker:Warning: Asset '../../../Engine/Plugins/Runtime/LeapMotionController/Content/LM_PassthroughMaterial.uasset' has been saved with empty engine version. The asset will be loaded but may be incompatible.
[2015.12.10-00.51.38:699][  0]LogObj: 27801 objects as part of root set at end of initial load.
[2015.12.10-00.51.38:699][  0]LogUObjectAllocator: 5798192 out of 0 bytes used by permanent object pool.
[2015.12.10-00.51.39:076][  0]LogEngine: Initializing Engine...
[2015.12.10-00.51.39:079][  0]LogHMD: Can't find Oculus library dev build: is proper Runtime installed? Version: 0.7.0.0
[2015.12.10-00.51.39:137][  0]LogHMD: SteamVR failed to initialize.  Err: 110
[2015.12.10-00.51.39:298][  0]LogInit: XAudio2 using 'Speakers (Bluetooth Hands-free Audio)' : 2 channels at 48 kHz using 16 bits per sample (channel mask 0x3)
[2015.12.10-00.51.39:323][  0]LogInit: FAudioDevice initialized.
[2015.12.10-00.51.39:329][  0]LogInit: Texture streaming: Enabled
[2015.12.10-00.51.39:588][  0]LogNet: Browse: /Temp/Autosaves/Game/SideScrollerBP/Maps/UEDPCSideScrollerExampleMap?Name=Player
[2015.12.10-00.51.39:595][  0]LogLoad: LoadMap: /Temp/Autosaves/Game/SideScrollerBP/Maps/UEDPCSideScrollerExampleMap?Name=Player
[2015.12.10-00.51.39:608][  0]LogParticles: Destroying 0 GPU particle simulations for FXSystem 0x0000000017F7C720
[2015.12.10-00.51.39:738][  0]LogMemory: Platform Memory Stats for Windows
[2015.12.10-00.51.39:738][  0]LogMemory: Process Physical Memory: 385.69 MB used, 385.69 MB peak
[2015.12.10-00.51.39:738][  0]LogMemory: Process Virtual Memory: 368.51 MB used, 368.64 MB peak
[2015.12.10-00.51.39:738][  0]LogMemory: Physical Memory: 4802.06 MB used, 6091.86 MB total
[2015.12.10-00.51.39:738][  0]LogMemory: Virtual Memory: 870.98 MB used, 8388608.00 MB total
[2015.12.10-00.51.39:739][  0]LogMemory: 
[2015.12.10-00.51.39:739][  0]Allocator Stats for TBB: (not implemented)
[2015.12.10-00.51.40:762][  0]LogLinker:Warning: CreateImport: Failed to load Outer for resource 'Arrow': SideScrollerCharacter_C /Game/SideScrollerBP/Blueprints/SideScrollerCharacter.Default__SideScrollerCharacter_C
[2015.12.10-00.51.42:648][  0]LogAIModule: Creating AISystem for world SideScrollerExampleMap
[2015.12.10-00.51.42:648][  0]LogWorld: Game class is 'SideScrollerGameMode_C'
[2015.12.10-00.51.42:657][  0]LogWorld: Bringing World /Temp/Autosaves/Game/SideScrollerBP/Maps/UEDPCSideScrollerExampleMap.SideScrollerExampleMap up for play (max tick rate 0) at 2015.12.10-11.51.42
[2015.12.10-00.51.42:658][  0]LogWorld: Bringing up level for play took: 0.008302
[2015.12.10-00.51.42:659][  0]LogInit:Display: Game Engine Initialized.
[2015.12.10-00.51.42:906][  0]LogLoad: Full Startup: 32.56 seconds (BP compile: 0.36 seconds)
[2015.12.10-00.51.43:015][  0]LogRenderer: Reallocating scene render targets to support 128x128 (Frame:1).
[2015.12.10-00.51.43:427][  1]LogRenderer: Reallocating scene render targets to support 1280x720 (Frame:2).
[2015.12.10-00.51.47:843][125]LogBlueprintUserMessages: [TestingPlayerFinder_Blueprint_C_3] 0.0
[2015.12.10-00.51.47:872][126]LogBlueprintUserMessages: [TestingPlayerFinder_Blueprint_C_3] 0.0
[2015.12.10-00.51.47:901][127]LogBlueprintUserMessages: [TestingPlayerFinder_Blueprint_C_3] 0.0
[2015.12.10-00.51.47:931][128]LogBlueprintUserMessages: [TestingPlayerFinder_Blueprint_C_3] 0.0
[2015.12.10-00.51.47:961][129]LogBlueprintUserMessages: [TestingPlayerFinder_Blueprint_C_3] 0.0
[2015.12.10-00.51.47:991][130]LogBlueprintUserMessages: [TestingPlayerFinder_Blueprint_C_3] 0.0
[2015.12.10-00.51.48:020][131]LogBlueprintUserMessages: [TestingPlayerFinder_Blueprint_C_3] 0.0
[2015.12.10-00.51.48:058][132]LogBlueprintUserMessages: [TestingPlayerFinder_Blueprint_C_3] 0.0
[2015.12.10-00.51.48:058][132]LogBlueprintUserMessages: [TestingPlayerFinder_Blueprint_C_3] 0.0
[2015.12.10-00.51.48:058][132]LogBlueprintUserMessages: [TestingPlayerFinder_Blueprint_C_3] 0.0
[2015.12.10-00.51.48:087][133]LogBlueprintUserMessages: [TestingPlayerFinder_Blueprint_C_3] 0.0
[2015.12.10-00.51.48:117][134]LogBlueprintUserMessages: [TestingPlayerFinder_Blueprint_C_3] 0.0
[2015.12.10-00.51.48:147][135]LogBlueprintUserMessages: [TestingPlayerFinder_Blueprint_C_3] 0.0
[2015.12.10-00.51.48:176][136]LogBlueprintUserMessages: [TestingPlayerFinder_Blueprint_C_3] 0.0
[2015.12.10-00.51.48:206][137]LogBlueprintUserMessages: [TestingPlayerFinder_Blueprint_C_3] 0.0
[2015.12.10-00.51.48:236][138]LogBlueprintUserMessages: [TestingPlayerFinder_Blueprint_C_3] 0.0
[2015.12.10-00.51.48:266][139]LogBlueprintUserMessages: [TestingPlayerFinder_Blueprint_C_3] 0.0
[2015.12.10-00.51.48:295][140]LogBlueprintUserMessages: [TestingPlayerFinder_Blueprint_C_3] 0.0
[2015.12.10-00.51.48:325][141]LogBlueprintUserMessages: [TestingPlayerFinder_Blueprint_C_3] 0.0
[2015.12.10-00.51.48:355][142]LogBlueprintUserMessages: [TestingPlayerFinder_Blueprint_C_3] 0.0
[2015.12.10-00.51.48:392][143]LogBlueprintUserMessages: [TestingPlayerFinder_Blueprint_C_3] 0.0
[2015.12.10-00.51.48:422][144]LogBlueprintUserMessages: [TestingPlayerFinder_Blueprint_C_3] 0.0
[2015.12.10-00.51.48:451][145]LogBlueprintUserMessages: [TestingPlayerFinder_Blueprint_C_3] 0.0
[2015.12.10-00.51.48:481][146]LogBlueprintUserMessages: [TestingPlayerFinder_Blueprint_C_3] 0.0
[2015.12.10-00.51.48:511][147]LogBlueprintUserMessages: [TestingPlayerFinder_Blueprint_C_3] 0.0
[2015.12.10-00.51.48:541][148]LogBlueprintUserMessages: [TestingPlayerFinder_Blueprint_C_3] 0.0
[2015.12.10-00.51.48:570][149]LogBlueprintUserMessages: [TestingPlayerFinder_Blueprint_C_3] 0.0
[2015.12.10-00.51.48:600][150]LogBlueprintUserMessages: [TestingPlayerFinder_Blueprint_C_3] 0.0
[2015.12.10-00.51.48:630][151]LogBlueprintUserMessages: [TestingPlayerFinder_Blueprint_C_3] 0.0
[2015.12.10-00.51.48:660][152]LogBlueprintUserMessages: [TestingPlayerFinder_Blueprint_C_3] 0.0
[2015.12.10-00.51.48:689][153]LogBlueprintUserMessages: [TestingPlayerFinder_Blueprint_C_3] 0.0
[2015.12.10-00.51.48:727][154]LogBlueprintUserMessages: [TestingPlayerFinder_Blueprint_C_3] 0.0
[2015.12.10-00.51.48:757][155]LogBlueprintUserMessages: [TestingPlayerFinder_Blueprint_C_3] 0.0
[2015.12.10-00.51.48:786][156]LogBlueprintUserMessages: [TestingPlayerFinder_Blueprint_C_3] 0.0
[2015.12.10-00.51.48:816][157]LogBlueprintUserMessages: [TestingPlayerFinder_Blueprint_C_3] 0.0
[2015.12.10-00.51.48:846][158]LogBlueprintUserMessages: [TestingPlayerFinder_Blueprint_C_3] 0.0
[2015.12.10-00.51.48:876][159]LogBlueprintUserMessages: [TestingPlayerFinder_Blueprint_C_3] 0.0
[2015.12.10-00.51.48:906][160]LogBlueprintUserMessages: [TestingPlayerFinder_Blueprint_C_3] 0.0
[2015.12.10-00.51.48:935][161]LogBlueprintUserMessages: [TestingPlayerFinder_Blueprint_C_3] 0.0
[2015.12.10-00.51.48:965][162]LogBlueprintUserMessages: [TestingPlayerFinder_Blueprint_C_3] 0.0
[2015.12.10-00.51.48:995][163]LogBlueprintUserMessages: [TestingPlayerFinder_Blueprint_C_3] 0.0
[2015.12.10-00.51.49:025][164]LogBlueprintUserMessages: [TestingPlayerFinder_Blueprint_C_3] 0.0
[2015.12.10-00.51.49:062][165]LogBlueprintUserMessages: [TestingPlayerFinder_Blueprint_C_3] 0.0
[2015.12.10-00.51.49:092][166]LogBlueprintUserMessages: [TestingPlayerFinder_Blueprint_C_3] 0.0
[2015.12.10-00.51.49:122][167]LogBlueprintUserMessages: [TestingPlayerFinder_Blueprint_C_3] 0.0
[2015.12.10-00.51.49:151][168]LogBlueprintUserMessages: [TestingPlayerFinder_Blueprint_C_3] 0.0
[2015.12.10-00.51.49:181][169]LogBlueprintUserMessages: [TestingPlayerFinder_Blueprint_C_3] 0.0
[2015.12.10-00.51.49:211][170]LogBlueprintUserMessages: [TestingPlayerFinder_Blueprint_C_3] 0.0
[2015.12.10-00.51.49:241][171]LogBlueprintUserMessages: [TestingPlayerFinder_Blueprint_C_3] 0.0
[2015.12.10-00.51.49:270][172]LogBlueprintUserMessages: [TestingPlayerFinder_Blueprint_C_3] 0.0
[2015.12.10-00.51.49:300][173]LogBlueprintUserMessages: [TestingPlayerFinder_Blueprint_C_3] 0.0
[2015.12.10-00.51.49:330][174]LogBlueprintUserMessages: [TestingPlayerFinder_Blueprint_C_3] 0.0
[2015.12.10-00.51.49:360][175]LogBlueprintUserMessages: [TestingPlayerFinder_Blueprint_C_3] 0.0
[2015.12.10-00.51.49:397][176]LogBlueprintUserMessages: [TestingPlayerFinder_Blueprint_C_3] 0.0
[2015.12.10-00.51.49:427][177]LogBlueprintUserMessages: [TestingPlayerFinder_Blueprint_C_3] 0.0
[2015.12.10-00.51.49:457][178]LogBlueprintUserMessages: [TestingPlayerFinder_Blueprint_C_3] 0.0
[2015.12.10-00.51.49:487][179]LogBlueprintUserMessages: [TestingPlayerFinder_Blueprint_C_3] 0.0
[2015.12.10-00.51.49:516][180]LogBlueprintUserMessages: [TestingPlayerFinder_Blueprint_C_3] 0.0
[2015.12.10-00.51.49:546][181]LogBlueprintUserMessages: [TestingPlayerFinder_Blueprint_C_3] 0.0
[2015.12.10-00.51.49:576][182]LogBlueprintUserMessages: [TestingPlayerFinder_Blueprint_C_3] 0.0
[2015.12.10-00.51.49:606][183]LogBlueprintUserMessages: [TestingPlayerFinder_Blueprint_C_3] 0.0
[2015.12.10-00.51.49:636][184]LogBlueprintUserMessages: [TestingPlayerFinder_Blueprint_C_3] 0.0
[2015.12.10-00.51.49:665][185]LogBlueprintUserMessages: [TestingPlayerFinder_Blueprint_C_3] 0.0
[2015.12.10-00.51.49:696][186]LogBlueprintUserMessages: [TestingPlayerFinder_Blueprint_C_3] 0.0
[2015.12.10-00.51.49:725][187]LogBlueprintUserMessages: [TestingPlayerFinder_Blueprint_C_3] 0.0
[2015.12.10-00.51.49:762][188]LogBlueprintUserMessages: [TestingPlayerFinder_Blueprint_C_3] 0.0
[2015.12.10-00.51.49:792][189]LogBlueprintUserMessages: [TestingPlayerFinder_Blueprint_C_3] 0.0
[2015.12.10-00.51.49:822][190]LogBlueprintUserMessages: [TestingPlayerFinder_Blueprint_C_3] 0.0
[2015.12.10-00.51.49:822][190]LogBlueprintUserMessages: [SideScrollerGameMode_C_0] You Died
[2015.12.10-00.52.25:458][327]LogEngine: All Windows Closed
[2015.12.10-00.52.25:458][327]LogWindows: FPlatformMisc::RequestExit(0)
[2015.12.10-00.52.26:184][328]LogExit: Preparing to exit.
[2015.12.10-00.52.26:586][328]LogExit: Game engine shut down
[2015.12.10-00.52.26:634][328]LogParticles: Destroying 0 GPU particle simulations for FXSystem 0x0000000012247240
[2015.12.10-00.52.28:171][328]LogExit: Object subsystem successfully closed.
[2015.12.10-00.52.28:298][328]LogD3D11RHI: Shutdown
[2015.12.10-00.52.28:298][328]LogD3D11RHI: CleanupD3DDevice
[2015.12.10-00.52.28:687][328]LogD3D11RHI: ~FD3D11DynamicRHI
[2015.12.10-00.52.28:969][328]LogModuleManager: Shutting down and abandoning module AndroidDeviceDetection (117)
[2015.12.10-00.52.28:970][328]LogModuleManager: Shutting down and abandoning module AutomationController (116)
[2015.12.10-00.52.28:982][328]LogModuleManager: Shutting down and abandoning module AutomationWorker (115)
[2015.12.10-00.52.28:986][328]LogModuleManager: Shutting down and abandoning module CharacterAI (114)
[2015.12.10-00.52.28:986][328]LogModuleManager: Shutting down and abandoning module AITestSuite (113)
[2015.12.10-00.52.28:991][328]LogModuleManager: Shutting down and abandoning module GameplayDebugger (112)
[2015.12.10-00.52.28:991][328]LogModuleManager: Shutting down and abandoning module AIModule (111)
[2015.12.10-00.52.28:991][328]LogModuleManager: Shutting down and abandoning module GameLiveStreaming (110)
[2015.12.10-00.52.28:997][328]LogModuleManager: Shutting down and abandoning module StreamingPauseRendering (109)
[2015.12.10-00.52.28:997][328]LogModuleManager: Shutting down and abandoning module ProfilerService (108)
[2015.12.10-00.52.29:016][328]LogModuleManager: Shutting down and abandoning module TaskGraph (107)
[2015.12.10-00.52.29:028][328]LogModuleManager: Shutting down and abandoning module SlateRemote (106)
[2015.12.10-00.52.29:028][328]LogModuleManager: Shutting down and abandoning module SteamVRController (105)
[2015.12.10-00.52.29:028][328]LogModuleManager: Shutting down and abandoning module SteamVR (104)
[2015.12.10-00.52.29:028][328]LogModuleManager: Shutting down and abandoning module ProceduralMeshComponent (103)
[2015.12.10-00.52.29:028][328]LogModuleManager: Shutting down and abandoning module OculusRift (102)
[2015.12.10-00.52.29:028][328]LogModuleManager: Shutting down and abandoning module OculusLibrary (101)
[2015.12.10-00.52.29:028][328]LogModuleManager: Shutting down and abandoning module LeapMotionController (100)
[2015.12.10-00.52.29:076][328]LogModuleManager: Shutting down and abandoning module CustomMeshComponent (99)
[2015.12.10-00.52.29:084][328]LogModuleManager: Shutting down and abandoning module CableComponent (98)
[2015.12.10-00.52.29:084][328]LogModuleManager: Shutting down and abandoning module ArchVisCharacter (97)
[2015.12.10-00.52.29:084][328]LogModuleManager: Shutting down and abandoning module HTML5Networking (96)
[2015.12.10-00.52.29:084][328]LogModuleManager: Shutting down and abandoning module DesktopPlatform (95)
[2015.12.10-00.52.29:091][328]LogModuleManager: Shutting down and abandoning module DirectoryWatcher (94)
[2015.12.10-00.52.29:091][328]LogModuleManager: Shutting down and abandoning module HotReload (93)
[2015.12.10-00.52.29:098][328]LogModuleManager: Shutting down and abandoning module VisualStudioSourceCodeAccess (92)
[2015.12.10-00.52.29:098][328]LogModuleManager: Shutting down and abandoning module UObjectPlugin (91)
[2015.12.10-00.52.29:098][328]LogModuleManager: Shutting down and abandoning module SubversionSourceControl (90)
[2015.12.10-00.52.29:118][328]LogModuleManager: Shutting down and abandoning module SourceControl (89)
[2015.12.10-00.52.29:127][328]LogModuleManager: Shutting down and abandoning module PerforceSourceControl (88)
[2015.12.10-00.52.29:148][328]LogModuleManager: Shutting down and abandoning module UdpMessaging (87)
[2015.12.10-00.52.29:148][328]LogModuleManager: Shutting down and abandoning module AssetRegistry (86)
[2015.12.10-00.52.29:163][328]LogModuleManager: Shutting down and abandoning module SubstanceCore (85)
[2015.12.10-00.52.29:199][328]LogModuleManager: Shutting down and abandoning module LightPropagationVolumeRuntime (84)
[2015.12.10-00.52.29:200][328]LogModuleManager: Shutting down and abandoning module Paper2D (83)
[2015.12.10-00.52.29:210][328]LogModuleManager: Shutting down and abandoning module WindowsMoviePlayer (82)
[2015.12.10-00.52.29:216][328]LogModuleManager: Shutting down and abandoning module Media (81)
[2015.12.10-00.52.29:216][328]LogModuleManager: Shutting down and abandoning module WmfMedia (80)
[2015.12.10-00.52.29:216][328]LogModuleManager: Shutting down and abandoning module OnlineBlueprintSupport (79)
[2015.12.10-00.52.29:217][328]LogModuleManager: Shutting down and abandoning module GameplayTasksEditor (78)
[2015.12.10-00.52.29:217][328]LogModuleManager: Shutting down and abandoning module PropertyEditor (77)
[2015.12.10-00.52.29:217][328]LogModuleManager: Shutting down and abandoning module BehaviorTreeEditor (76)
[2015.12.10-00.52.29:239][328]LogModuleManager: Shutting down and abandoning module FunctionalTesting (75)
[2015.12.10-00.52.29:239][328]LogModuleManager: Shutting down and abandoning module CollisionAnalyzer (74)
[2015.12.10-00.52.29:253][328]LogModuleManager: Shutting down and abandoning module WorkspaceMenuStructure (73)
[2015.12.10-00.52.29:253][328]LogModuleManager: Shutting down and abandoning module MessageLog (72)
[2015.12.10-00.52.29:253][328]LogModuleManager: Shutting down and abandoning module Sequencer (71)
[2015.12.10-00.52.29:277][328]LogModuleManager: Shutting down and abandoning module AssetTools (70)
[2015.12.10-00.52.29:297][328]LogModuleManager: Shutting down and abandoning module UMGEditor (69)
[2015.12.10-00.52.29:315][328]LogModuleManager: Shutting down and abandoning module UMG (68)
[2015.12.10-00.52.29:315][328]LogModuleManager: Shutting down and abandoning module Slate (67)
[2015.12.10-00.52.29:315][328]LogModuleManager: Shutting down and abandoning module EditorStyle (66)
[2015.12.10-00.52.29:319][328]LogModuleManager: Shutting down and abandoning module SessionServices (65)
[2015.12.10-00.52.29:320][328]LogModuleManager: Shutting down and abandoning module SourceCodeAccess (64)
[2015.12.10-00.52.29:320][328]LogModuleManager: Shutting down and abandoning module HeadMountedDisplay (63)
[2015.12.10-00.52.29:320][328]LogModuleManager: Shutting down and abandoning module XAudio2 (62)
[2015.12.10-00.52.29:320][328]LogModuleManager: Shutting down and abandoning module Networking (60)
[2015.12.10-00.52.29:320][328]LogModuleManager: Shutting down and abandoning module Core (59)
[2015.12.10-00.52.29:320][328]LogModuleManager: Shutting down and abandoning module KismetCompiler (58)
[2015.12.10-00.52.29:320][328]LogModuleManager: Shutting down and abandoning module PhysXFormats (57)
[2015.12.10-00.52.29:320][328]LogModuleManager: Shutting down and abandoning module MeshUtilities (56)
[2015.12.10-00.52.29:333][328]LogModuleManager: Shutting down and abandoning module CookingStats (55)
[2015.12.10-00.52.29:334][328]LogModuleManager: Shutting down and abandoning module DerivedDataCache (54)
[2015.12.10-00.52.29:443][328]LogDerivedDataCache: Shutdown
[2015.12.10-00.52.29:443][328]LogModuleManager: Shutting down and abandoning module ShaderFormatOpenGL (53)
[2015.12.10-00.52.29:453][328]LogModuleManager: Shutting down and abandoning module ShaderFormatD3D (52)
[2015.12.10-00.52.29:453][328]LogModuleManager: Shutting down and abandoning module MetalShaderFormat (51)
[2015.12.10-00.52.29:472][328]LogModuleManager: Shutting down and abandoning module TextureFormatUncompressed (50)
[2015.12.10-00.52.29:472][328]LogModuleManager: Shutting down and abandoning module TextureFormatPVR (49)
[2015.12.10-00.52.29:472][328]LogModuleManager: Shutting down and abandoning module TextureFormatIntelISPCTexComp (48)
[2015.12.10-00.52.29:472][328]LogModuleManager: Shutting down and abandoning module TextureFormatDXT (47)
[2015.12.10-00.52.29:472][328]LogModuleManager: Shutting down and abandoning module ImageWrapper (46)
[2015.12.10-00.52.29:472][328]LogModuleManager: Shutting down and abandoning module TextureFormatASTC (45)
[2015.12.10-00.52.29:472][328]LogModuleManager: Shutting down and abandoning module TextureFormatAndroid (44)
[2015.12.10-00.52.29:472][328]LogModuleManager: Shutting down and abandoning module AudioFormatOpus (43)
[2015.12.10-00.52.29:477][328]LogModuleManager: Shutting down and abandoning module AudioFormatOgg (42)
[2015.12.10-00.52.29:477][328]LogModuleManager: Shutting down and abandoning module AudioFormatADPCM (41)
[2015.12.10-00.52.29:477][328]LogModuleManager: Shutting down and abandoning module LinuxTargetPlatform (40)
[2015.12.10-00.52.29:477][328]LogModuleManager: Shutting down and abandoning module LinuxServerTargetPlatform (39)
[2015.12.10-00.52.29:485][328]LogModuleManager: Shutting down and abandoning module LinuxNoEditorTargetPlatform (38)
[2015.12.10-00.52.29:489][328]LogModuleManager: Shutting down and abandoning module Messaging (37)
[2015.12.10-00.52.29:489][328]LogModuleManager: Shutting down and abandoning module IOSTargetPlatform (36)
[2015.12.10-00.52.29:489][328]LogModuleManager: Shutting down and abandoning module HTML5TargetPlatform (35)
[2015.12.10-00.52.29:489][328]LogModuleManager: Shutting down and abandoning module Android_PVRTCTargetPlatform (34)
[2015.12.10-00.52.29:494][328]LogModuleManager: Shutting down and abandoning module Android_ETC2TargetPlatform (33)
[2015.12.10-00.52.29:501][328]LogModuleManager: Shutting down and abandoning module Android_ETC1TargetPlatform (32)
[2015.12.10-00.52.29:510][328]LogModuleManager: Shutting down and abandoning module Android_DXTTargetPlatform (31)
[2015.12.10-00.52.29:514][328]LogModuleManager: Shutting down and abandoning module Android_ATCTargetPlatform (30)
[2015.12.10-00.52.29:519][328]LogModuleManager: Shutting down and abandoning module Android_ASTCTargetPlatform (29)
[2015.12.10-00.52.29:525][328]LogModuleManager: Shutting down and abandoning module AndroidTargetPlatform (28)
[2015.12.10-00.52.29:543][328]LogModuleManager: Shutting down and abandoning module WindowsTargetPlatform (27)
[2015.12.10-00.52.29:543][328]LogModuleManager: Shutting down and abandoning module WindowsServerTargetPlatform (26)
[2015.12.10-00.52.29:543][328]LogModuleManager: Shutting down and abandoning module WindowsNoEditorTargetPlatform (25)
[2015.12.10-00.52.29:543][328]LogModuleManager: Shutting down and abandoning module WindowsClientTargetPlatform (24)
[2015.12.10-00.52.29:543][328]LogModuleManager: Shutting down and abandoning module AllDesktopTargetPlatform (23)
[2015.12.10-00.52.29:543][328]LogModuleManager: Shutting down and abandoning module TargetPlatform (22)
[2015.12.10-00.52.29:543][328]LogModuleManager: Shutting down and abandoning module InputCore (21)
[2015.12.10-00.52.29:544][328]LogModuleManager: Shutting down and abandoning module Settings (20)
[2015.12.10-00.52.29:544][328]LogModuleManager: Shutting down and abandoning module OnlineSubsystem (18)
[2015.12.10-00.52.29:544][328]LogModuleManager: Shutting down and abandoning module HTTP (17)
[2015.12.10-00.52.29:544][328]LogModuleManager: Shutting down and abandoning module XMPP (16)
[2015.12.10-00.52.29:566][328]LogModuleManager: Shutting down and abandoning module ExampleDeviceProfileSelector (15)
[2015.12.10-00.52.29:566][328]LogModuleManager: Shutting down and abandoning module TextureCompressor (14)
[2015.12.10-00.52.29:566][328]LogModuleManager: Shutting down and abandoning module ShaderCore (13)
[2015.12.10-00.52.29:566][328]LogModuleManager: Shutting down and abandoning module Landscape (12)
[2015.12.10-00.52.29:566][328]LogModuleManager: Shutting down and abandoning module SlateRHIRenderer (11)
[2015.12.10-00.52.29:576][328]LogModuleManager: Shutting down and abandoning module OpenGLDrv (10)
[2015.12.10-00.52.29:585][328]LogModuleManager: Shutting down and abandoning module D3D11RHI (9)
[2015.12.10-00.52.29:585][328]LogModuleManager: Shutting down and abandoning module AnimGraphRuntime (8)
[2015.12.10-00.52.29:585][328]LogModuleManager: Shutting down and abandoning module Renderer (7)
[2015.12.10-00.52.29:585][328]LogModuleManager: Shutting down and abandoning module Engine (6)
[2015.12.10-00.52.29:585][328]LogModuleManager: Shutting down and abandoning module CoreUObject (5)
[2015.12.10-00.52.29:585][328]LogModuleManager: Shutting down and abandoning module NetworkFile (4)
[2015.12.10-00.52.29:585][328]LogModuleManager: Shutting down and abandoning module StreamingFile (3)
[2015.12.10-00.52.29:585][328]LogModuleManager: Shutting down and abandoning module SandboxFile (2)
[2015.12.10-00.52.29:585][328]LogModuleManager: Shutting down and abandoning module PakFile (1)
[2015.12.10-00.52.29:586][328]LogExit: Exiting.
[2015.12.10-00.52.29:589][328]Log file closed, 12/10/15 11:52:29
