[2015.12.10-01.02.32:627][  0]Log file open, 12/10/15 12:02:32
[2015.12.10-01.02.32:627][  0]LogInit:Display: Running engine for game: Hana_Prototype
[2015.12.10-01.02.32:627][  0]LogInit:Display: RandInit(344684040) SRandInit(344684041).
[2015.12.10-01.02.32:627][  0]LogTaskGraph: Started task graph with 4 named threads and 7 total threads.
[2015.12.10-01.02.32:627][  0]LogStats: Stats thread started at 0.103528
[2015.12.10-01.02.32:627][  0]LogInit: Version: 4.9.2-2707645+++depot+UE4-Releases+4.9
[2015.12.10-01.02.32:627][  0]LogInit: API Version: 2672455
[2015.12.10-01.02.32:627][  0]LogInit: Compiled (64-bit): Sep 28 2015 10:25:44
[2015.12.10-01.02.32:627][  0]LogInit: Compiled with Visual C++: 18.00.21005.01
[2015.12.10-01.02.32:627][  0]LogInit: Build Configuration: Development
[2015.12.10-01.02.32:627][  0]LogInit: Branch Name: ++depot+UE4-Releases+4.9
[2015.12.10-01.02.32:627][  0]LogInit: Command line:  /Temp/Autosaves/Game/SideScrollerBP/Maps/UEDPCSideScrollerExampleMap -game -PIEVIACONSOLE -ResX=1680 -ResY=1050  -Multiprocess 
[2015.12.10-01.02.32:627][  0]LogInit: Base directory: C:/Program Files/Unreal Engine/4.9/Engine/Binaries/Win64/
[2015.12.10-01.02.32:627][  0]LogInit: Rocket: 1
[2015.12.10-01.02.32:639][  0]LogInit: Using libcurl 7.41.0
[2015.12.10-01.02.32:639][  0]LogInit:  - built for x86_64-pc-win32
[2015.12.10-01.02.32:639][  0]LogInit:  - supports SSL with WinSSL
[2015.12.10-01.02.32:639][  0]LogInit:  - other features:
[2015.12.10-01.02.32:639][  0]LogInit:      CURL_VERSION_SSL
[2015.12.10-01.02.32:639][  0]LogInit:      CURL_VERSION_IPV6
[2015.12.10-01.02.32:639][  0]LogInit:      CURL_VERSION_ASYNCHDNS
[2015.12.10-01.02.32:639][  0]LogInit:      CURL_VERSION_LARGEFILE
[2015.12.10-01.02.32:639][  0]LogInit:      CURL_VERSION_IDN
[2015.12.10-01.02.32:639][  0]LogInit:  CurlRequestOptions (configurable via config and command line):
[2015.12.10-01.02.32:639][  0]LogInit:  - bVerifyPeer = true  - Libcurl will verify peer certificate
[2015.12.10-01.02.32:639][  0]LogInit:  - bUseHttpProxy = false  - Libcurl will NOT use HTTP proxy
[2015.12.10-01.02.32:639][  0]LogInit:  - bDontReuseConnections = false  - Libcurl will reuse connections
[2015.12.10-01.02.32:639][  0]LogInit:  - CertBundlePath = nullptr  - Libcurl will use whatever was configured at build time.
[2015.12.10-01.02.32:648][  0]LogInit: Presizing for 0 objects not considered by GC, pre-allocating 0 bytes.
[2015.12.10-01.02.32:659][  0]LogInit: Object subsystem initialized
[2015.12.10-01.02.32:661][  0]LogInit: Selected Device Profile: [Windows]
[2015.12.10-01.02.32:661][  0]LogInit: Applying CVar settings loaded from the selected device profile: [Windows]
[2015.12.10-01.02.32:665][  0]LogInit: Computer: COREY-PC
[2015.12.10-01.02.32:665][  0]LogInit: User: User
[2015.12.10-01.02.32:665][  0]LogInit: CPU Page size=4096, Cores=4
[2015.12.10-01.02.32:665][  0]LogInit: High frequency timer resolution =1.946835 MHz
[2015.12.10-01.02.32:665][  0]LogMemory: Memory total: Physical=5.9GB (6GB approx)
[2015.12.10-01.02.32:665][  0]LogMemory: Platform Memory Stats for Windows
[2015.12.10-01.02.32:665][  0]LogMemory: Process Physical Memory: 55.09 MB used, 55.09 MB peak
[2015.12.10-01.02.32:665][  0]LogMemory: Process Virtual Memory: 57.56 MB used, 57.56 MB peak
[2015.12.10-01.02.32:665][  0]LogMemory: Physical Memory: 4532.28 MB used, 6091.86 MB total
[2015.12.10-01.02.32:665][  0]LogMemory: Virtual Memory: 338.61 MB used, 8388608.00 MB total
[2015.12.10-01.02.32:711][  0]LogTextLocalizationManager: No specific translations for ('en-AU') exist, so ('en') translations will be used.
[2015.12.10-01.02.33:690][  0]LogD3D11RHI: Found D3D11 adapter 0: NVIDIA GeForce GT 555M    (Feature Level 11_0)
[2015.12.10-01.02.33:690][  0]LogD3D11RHI: Adapter has 3019MB of dedicated video memory, 0MB of dedicated system memory, and 2789MB of shared system memory, 1 output[s]
[2015.12.10-01.02.33:744][  0]LogD3D11RHI: Found D3D11 adapter 1: Intel(R) HD Graphics 3000 (Feature Level 11_0)
[2015.12.10-01.02.33:744][  0]LogD3D11RHI: Adapter has 3019MB of dedicated video memory, 0MB of dedicated system memory, and 2789MB of shared system memory, 1 output[s]
[2015.12.10-01.02.33:744][  0]LogD3D11RHI: Chosen D3D11 Adapter Id = 0
[2015.12.10-01.03.11:009][  0]LogD3D11RHI: !Direct3DDevice
[2015.12.10-01.03.11:009][  0]LogRHI: Texture pool is 1361 MB (70% of 1945 MB)
[2015.12.10-01.03.11:033][  0]LogD3D11RHI: Async texture creation enabled
[2015.12.10-01.03.11:050][  0]LogShaderCompilers: Guid format shader working directory is 15 characters bigger than the processId version (../../../../../../Users/User/Desktop/QANTM/CIUMajorGIT/TeamoSupremeo/MyProject/Intermediate/Shaders/WorkingDirectory/8580/).
[2015.12.10-01.03.11:050][  0]LogShaderCompilers: Cleaned the shader compiler working directory '../../../../../../Users/User/Desktop/QANTM/CIUMajorGIT/TeamoSupremeo/MyProject/Intermediate/Shaders/tmp/B0AD7C2E42A7C0EB23DCD28EC420F431/'.
[2015.12.10-01.03.11:050][  0]LogShaderCompilers:Display: Using Local Shader Compiler.
[2015.12.10-01.03.12:799][  0]LogTemp:Display: Loaded TP AllDesktopTargetPlatform
[2015.12.10-01.03.12:806][  0]LogTemp:Display: Loaded TP WindowsClientTargetPlatform
[2015.12.10-01.03.12:813][  0]LogTemp:Display: Loaded TP WindowsNoEditorTargetPlatform
[2015.12.10-01.03.12:820][  0]LogTemp:Display: Loaded TP WindowsServerTargetPlatform
[2015.12.10-01.03.12:826][  0]LogTemp:Display: Loaded TP WindowsTargetPlatform
[2015.12.10-01.03.12:831][  0]LogTemp:Display: Loaded TP AndroidTargetPlatform
[2015.12.10-01.03.12:836][  0]LogTemp:Display: Loaded TP Android_ASTCTargetPlatform
[2015.12.10-01.03.12:840][  0]LogTemp:Display: Loaded TP Android_ATCTargetPlatform
[2015.12.10-01.03.12:845][  0]LogTemp:Display: Loaded TP Android_DXTTargetPlatform
[2015.12.10-01.03.12:849][  0]LogTemp:Display: Loaded TP Android_ETC1TargetPlatform
[2015.12.10-01.03.12:854][  0]LogTemp:Display: Loaded TP Android_ETC2TargetPlatform
[2015.12.10-01.03.12:859][  0]LogTemp:Display: Loaded TP Android_PVRTCTargetPlatform
[2015.12.10-01.03.12:860][  0]LogTemp:Display: Loaded TP HTML5TargetPlatform
[2015.12.10-01.03.12:878][  0]LogTemp:Display: Loaded TP IOSTargetPlatform
[2015.12.10-01.03.12:882][  0]LogTemp:Display: Loaded TP LinuxNoEditorTargetPlatform
[2015.12.10-01.03.12:886][  0]LogTemp:Display: Loaded TP LinuxServerTargetPlatform
[2015.12.10-01.03.12:891][  0]LogTemp:Display: Loaded TP LinuxTargetPlatform
[2015.12.10-01.03.12:891][  0]LogTargetPlatformManager:Display: Building Assets For Windows
[2015.12.10-01.03.12:994][  0]LogDerivedDataCache:Display: Max Cache Size: 512 MB
[2015.12.10-01.03.13:047][  0]LogDerivedDataCache: Loaded boot cache 0.05s 41MB C:/Users/User/AppData/Local/UnrealEngine/4.9/DerivedDataCache/Boot.ddc.
[2015.12.10-01.03.13:047][  0]LogDerivedDataCache:Display: Loaded Boot cache: C:/Users/User/AppData/Local/UnrealEngine/4.9/DerivedDataCache/Boot.ddc
[2015.12.10-01.03.13:047][  0]LogDerivedDataCache: FDerivedDataBackendGraph:  Pak pak cache file ../../../../../../Users/User/Desktop/QANTM/CIUMajorGIT/TeamoSupremeo/MyProject/DerivedDataCache/DDC.ddp not found, will not use a pak cache.
[2015.12.10-01.03.13:047][  0]LogDerivedDataCache: Unable to find inner node Pak for hierarchical cache Hierarchy.
[2015.12.10-01.03.13:048][  0]LogDerivedDataCache: FDerivedDataBackendGraph:  CompressedPak pak cache file ../../../../../../Users/User/Desktop/QANTM/CIUMajorGIT/TeamoSupremeo/MyProject/DerivedDataCache/Compressed.ddp not found, will not use a pak cache.
[2015.12.10-01.03.13:048][  0]LogDerivedDataCache: Unable to find inner node CompressedPak for hierarchical cache Hierarchy.
[2015.12.10-01.03.13:250][  0]LogDerivedDataCache:Display: Pak cache opened for reading ../../../Engine/DerivedDataCache/Compressed.ddp.
[2015.12.10-01.03.13:262][  0]LogDerivedDataCache: Using Local data cache path C:/Users/User/AppData/Local/UnrealEngine/Common/DerivedDataCache: Writable
[2015.12.10-01.03.13:519][  0]LogInit: Selected Device Profile: [Windows]
[2015.12.10-01.03.13:520][  0]LogContentStreaming: Texture pool size is 1000.000000MB
[2015.12.10-01.03.13:538][  0]LogMeshUtilities: No automatic mesh reduction module available
[2015.12.10-01.03.13:538][  0]LogMeshUtilities: No automatic mesh merging module available
[2015.12.10-01.03.14:012][  0]LogInit: WinSock: version 1.1 (2.2), MaxSocks=32767, MaxUdp=65467
[2015.12.10-01.03.14:222][  0]LogWindowsMoviePlayer: Unable to load movie: ../../../../../../Users/User/Desktop/QANTM/CIUMajorGIT/TeamoSupremeo/MyProject/Content/Movies/Default_Startup.mp4
[2015.12.10-01.03.14:333][  0]LogAssetRegistry: FAssetRegistry took 0.0010 seconds to start up
[2015.12.10-01.03.14:367][  0]SourceControl: Info Source control is disabled
[2015.12.10-01.03.14:367][  0]SourceControl: Info Source control is disabled
[2015.12.10-01.03.14:383][  0]SourceControl: Info Source control is disabled
[2015.12.10-01.03.14:498][  0]LogLinker:Warning: Asset '../../../Engine/Plugins/Runtime/LeapMotionController/Content/LM_PassthroughMaterial.uasset' has been saved with empty engine version. The asset will be loaded but may be incompatible.
[2015.12.10-01.03.14:593][  0]LogObj: 27801 objects as part of root set at end of initial load.
[2015.12.10-01.03.14:593][  0]LogUObjectAllocator: 5798192 out of 0 bytes used by permanent object pool.
[2015.12.10-01.03.14:678][  0]LogEngine: Initializing Engine...
[2015.12.10-01.03.14:681][  0]LogHMD: Can't find Oculus library dev build: is proper Runtime installed? Version: 0.7.0.0
[2015.12.10-01.03.14:681][  0]LogHMD: SteamVR failed to initialize.  Err: 110
[2015.12.10-01.03.14:838][  0]LogInit: XAudio2 using 'Speakers (Bluetooth Hands-free Audio)' : 2 channels at 48 kHz using 16 bits per sample (channel mask 0x3)
[2015.12.10-01.03.14:848][  0]LogInit: FAudioDevice initialized.
[2015.12.10-01.03.14:854][  0]LogInit: Texture streaming: Enabled
[2015.12.10-01.03.14:961][  0]LogNet: Browse: /Temp/Autosaves/Game/SideScrollerBP/Maps/UEDPCSideScrollerExampleMap?Name=Player
[2015.12.10-01.03.14:963][  0]LogLoad: LoadMap: /Temp/Autosaves/Game/SideScrollerBP/Maps/UEDPCSideScrollerExampleMap?Name=Player
[2015.12.10-01.03.14:978][  0]LogParticles: Destroying 0 GPU particle simulations for FXSystem 0x0000000014050720
[2015.12.10-01.03.14:992][  0]LogMemory: Platform Memory Stats for Windows
[2015.12.10-01.03.14:992][  0]LogMemory: Process Physical Memory: 375.10 MB used, 375.10 MB peak
[2015.12.10-01.03.14:992][  0]LogMemory: Process Virtual Memory: 361.82 MB used, 363.53 MB peak
[2015.12.10-01.03.14:992][  0]LogMemory: Physical Memory: 4767.32 MB used, 6091.86 MB total
[2015.12.10-01.03.14:992][  0]LogMemory: Virtual Memory: 900.60 MB used, 8388608.00 MB total
[2015.12.10-01.03.14:992][  0]LogMemory: 
[2015.12.10-01.03.14:992][  0]Allocator Stats for TBB: (not implemented)
[2015.12.10-01.03.15:617][  0]LogLinker:Warning: CreateImport: Failed to load Outer for resource 'Arrow': SideScrollerCharacter_C /Game/SideScrollerBP/Blueprints/SideScrollerCharacter.Default__SideScrollerCharacter_C
[2015.12.10-01.03.16:246][  0]LogAIModule: Creating AISystem for world SideScrollerExampleMap
[2015.12.10-01.03.16:246][  0]LogWorld: Game class is 'SideScrollerGameMode_C'
[2015.12.10-01.03.16:254][  0]LogWorld: Bringing World /Temp/Autosaves/Game/SideScrollerBP/Maps/UEDPCSideScrollerExampleMap.SideScrollerExampleMap up for play (max tick rate 0) at 2015.12.10-12.03.16
[2015.12.10-01.03.16:256][  0]LogWorld: Bringing up level for play took: 0.009138
[2015.12.10-01.03.16:258][  0]LogInit:Display: Game Engine Initialized.
[2015.12.10-01.03.16:477][  0]LogLoad: Full Startup: 44.32 seconds (BP compile: 0.40 seconds)
[2015.12.10-01.03.16:569][  0]LogRenderer: Reallocating scene render targets to support 128x128 (Frame:1).
[2015.12.10-01.03.16:692][  1]LogRenderer: Reallocating scene render targets to support 1680x1052 (Frame:2).
[2015.12.10-01.03.21:312][ 68]LogBlueprintUserMessages: [TestingPlayerFinder_Blueprint_C_3] 0.0
[2015.12.10-01.03.21:367][ 69]LogBlueprintUserMessages: [TestingPlayerFinder_Blueprint_C_3] 0.0
[2015.12.10-01.03.21:424][ 70]LogBlueprintUserMessages: [TestingPlayerFinder_Blueprint_C_3] 0.0
[2015.12.10-01.03.21:480][ 71]LogBlueprintUserMessages: [TestingPlayerFinder_Blueprint_C_3] 0.0
[2015.12.10-01.03.21:536][ 72]LogBlueprintUserMessages: [TestingPlayerFinder_Blueprint_C_3] 0.0
[2015.12.10-01.03.21:537][ 72]LogBlueprintUserMessages: [TestingPlayerFinder_Blueprint_C_3] 0.0
[2015.12.10-01.03.21:537][ 72]LogBlueprintUserMessages: [TestingPlayerFinder_Blueprint_C_3] 0.0
[2015.12.10-01.03.21:603][ 73]LogBlueprintUserMessages: [TestingPlayerFinder_Blueprint_C_3] 0.0
[2015.12.10-01.03.21:663][ 74]LogBlueprintUserMessages: [TestingPlayerFinder_Blueprint_C_3] 0.0
[2015.12.10-01.03.21:728][ 75]LogBlueprintUserMessages: [TestingPlayerFinder_Blueprint_C_3] 0.0
[2015.12.10-01.03.21:783][ 76]LogBlueprintUserMessages: [TestingPlayerFinder_Blueprint_C_3] 0.0
[2015.12.10-01.03.21:838][ 77]LogBlueprintUserMessages: [TestingPlayerFinder_Blueprint_C_3] 0.0
[2015.12.10-01.03.21:893][ 78]LogBlueprintUserMessages: [TestingPlayerFinder_Blueprint_C_3] 0.0
[2015.12.10-01.03.21:955][ 79]LogBlueprintUserMessages: [TestingPlayerFinder_Blueprint_C_3] 0.0
[2015.12.10-01.03.22:009][ 80]LogBlueprintUserMessages: [TestingPlayerFinder_Blueprint_C_3] 0.0
[2015.12.10-01.03.22:064][ 81]LogBlueprintUserMessages: [TestingPlayerFinder_Blueprint_C_3] 0.0
[2015.12.10-01.03.22:119][ 82]LogBlueprintUserMessages: [TestingPlayerFinder_Blueprint_C_3] 0.0
[2015.12.10-01.03.22:173][ 83]LogBlueprintUserMessages: [TestingPlayerFinder_Blueprint_C_3] 0.0
[2015.12.10-01.03.22:228][ 84]LogBlueprintUserMessages: [TestingPlayerFinder_Blueprint_C_3] 0.0
[2015.12.10-01.03.22:290][ 85]LogBlueprintUserMessages: [TestingPlayerFinder_Blueprint_C_3] 0.0
[2015.12.10-01.03.22:345][ 86]LogBlueprintUserMessages: [TestingPlayerFinder_Blueprint_C_3] 0.0
[2015.12.10-01.03.22:399][ 87]LogBlueprintUserMessages: [TestingPlayerFinder_Blueprint_C_3] 0.0
[2015.12.10-01.03.22:454][ 88]LogBlueprintUserMessages: [TestingPlayerFinder_Blueprint_C_3] 0.0
[2015.12.10-01.03.22:509][ 89]LogBlueprintUserMessages: [TestingPlayerFinder_Blueprint_C_3] 0.0
[2015.12.10-01.03.22:563][ 90]LogBlueprintUserMessages: [TestingPlayerFinder_Blueprint_C_3] 0.0
[2015.12.10-01.03.22:625][ 91]LogBlueprintUserMessages: [TestingPlayerFinder_Blueprint_C_3] 0.0
[2015.12.10-01.03.22:680][ 92]LogBlueprintUserMessages: [TestingPlayerFinder_Blueprint_C_3] 0.0
[2015.12.10-01.03.22:734][ 93]LogBlueprintUserMessages: [TestingPlayerFinder_Blueprint_C_3] 0.0
[2015.12.10-01.03.22:789][ 94]LogBlueprintUserMessages: [TestingPlayerFinder_Blueprint_C_3] 0.0
[2015.12.10-01.03.22:844][ 95]LogBlueprintUserMessages: [TestingPlayerFinder_Blueprint_C_3] 0.0
[2015.12.10-01.03.22:898][ 96]LogBlueprintUserMessages: [TestingPlayerFinder_Blueprint_C_3] 0.0
[2015.12.10-01.03.22:961][ 97]LogBlueprintUserMessages: [TestingPlayerFinder_Blueprint_C_3] 0.0
[2015.12.10-01.03.23:015][ 98]LogBlueprintUserMessages: [TestingPlayerFinder_Blueprint_C_3] 0.0
[2015.12.10-01.03.23:069][ 99]LogBlueprintUserMessages: [TestingPlayerFinder_Blueprint_C_3] 0.0
[2015.12.10-01.03.23:124][100]LogBlueprintUserMessages: [TestingPlayerFinder_Blueprint_C_3] 0.0
[2015.12.10-01.03.23:179][101]LogBlueprintUserMessages: [TestingPlayerFinder_Blueprint_C_3] 0.0
[2015.12.10-01.03.23:233][102]LogBlueprintUserMessages: [TestingPlayerFinder_Blueprint_C_3] 0.0
[2015.12.10-01.03.23:296][103]LogBlueprintUserMessages: [TestingPlayerFinder_Blueprint_C_3] 0.0
[2015.12.10-01.03.23:296][103]LogBlueprintUserMessages: [SideScrollerGameMode_C_0] You Died
[2015.12.10-01.04.08:717][902]LogEngine: All Windows Closed
[2015.12.10-01.04.08:717][902]LogWindows: FPlatformMisc::RequestExit(0)
[2015.12.10-01.04.09:686][903]LogExit: Preparing to exit.
[2015.12.10-01.04.09:758][903]LogExit: Game engine shut down
[2015.12.10-01.04.09:759][903]LogParticles: Destroying 0 GPU particle simulations for FXSystem 0x00000000139EECA0
[2015.12.10-01.04.09:929][903]LogExit: Object subsystem successfully closed.
[2015.12.10-01.04.09:940][903]LogD3D11RHI: Shutdown
[2015.12.10-01.04.09:940][903]LogD3D11RHI: CleanupD3DDevice
[2015.12.10-01.04.10:016][903]LogD3D11RHI: ~FD3D11DynamicRHI
[2015.12.10-01.04.10:035][903]LogModuleManager: Shutting down and abandoning module AndroidDeviceDetection (117)
[2015.12.10-01.04.10:585][903]LogModuleManager: Shutting down and abandoning module AutomationController (116)
[2015.12.10-01.04.10:585][903]LogModuleManager: Shutting down and abandoning module AutomationWorker (115)
[2015.12.10-01.04.10:585][903]LogModuleManager: Shutting down and abandoning module CharacterAI (114)
[2015.12.10-01.04.10:585][903]LogModuleManager: Shutting down and abandoning module AITestSuite (113)
[2015.12.10-01.04.10:585][903]LogModuleManager: Shutting down and abandoning module GameplayDebugger (112)
[2015.12.10-01.04.10:585][903]LogModuleManager: Shutting down and abandoning module AIModule (111)
[2015.12.10-01.04.10:585][903]LogModuleManager: Shutting down and abandoning module GameLiveStreaming (110)
[2015.12.10-01.04.10:585][903]LogModuleManager: Shutting down and abandoning module StreamingPauseRendering (109)
[2015.12.10-01.04.10:585][903]LogModuleManager: Shutting down and abandoning module ProfilerService (108)
[2015.12.10-01.04.10:610][903]LogModuleManager: Shutting down and abandoning module TaskGraph (107)
[2015.12.10-01.04.10:610][903]LogModuleManager: Shutting down and abandoning module SlateRemote (106)
[2015.12.10-01.04.10:610][903]LogModuleManager: Shutting down and abandoning module SteamVRController (105)
[2015.12.10-01.04.10:610][903]LogModuleManager: Shutting down and abandoning module SteamVR (104)
[2015.12.10-01.04.10:610][903]LogModuleManager: Shutting down and abandoning module ProceduralMeshComponent (103)
[2015.12.10-01.04.10:610][903]LogModuleManager: Shutting down and abandoning module OculusRift (102)
[2015.12.10-01.04.10:610][903]LogModuleManager: Shutting down and abandoning module OculusLibrary (101)
[2015.12.10-01.04.10:610][903]LogModuleManager: Shutting down and abandoning module LeapMotionController (100)
[2015.12.10-01.04.10:622][903]LogModuleManager: Shutting down and abandoning module CustomMeshComponent (99)
[2015.12.10-01.04.10:622][903]LogModuleManager: Shutting down and abandoning module CableComponent (98)
[2015.12.10-01.04.10:622][903]LogModuleManager: Shutting down and abandoning module ArchVisCharacter (97)
[2015.12.10-01.04.10:622][903]LogModuleManager: Shutting down and abandoning module HTML5Networking (96)
[2015.12.10-01.04.10:622][903]LogModuleManager: Shutting down and abandoning module DesktopPlatform (95)
[2015.12.10-01.04.10:622][903]LogModuleManager: Shutting down and abandoning module DirectoryWatcher (94)
[2015.12.10-01.04.10:622][903]LogModuleManager: Shutting down and abandoning module HotReload (93)
[2015.12.10-01.04.10:622][903]LogModuleManager: Shutting down and abandoning module VisualStudioSourceCodeAccess (92)
[2015.12.10-01.04.10:622][903]LogModuleManager: Shutting down and abandoning module UObjectPlugin (91)
[2015.12.10-01.04.10:622][903]LogModuleManager: Shutting down and abandoning module SubversionSourceControl (90)
[2015.12.10-01.04.10:622][903]LogModuleManager: Shutting down and abandoning module SourceControl (89)
[2015.12.10-01.04.10:622][903]LogModuleManager: Shutting down and abandoning module PerforceSourceControl (88)
[2015.12.10-01.04.10:622][903]LogModuleManager: Shutting down and abandoning module UdpMessaging (87)
[2015.12.10-01.04.10:622][903]LogModuleManager: Shutting down and abandoning module AssetRegistry (86)
[2015.12.10-01.04.10:622][903]LogModuleManager: Shutting down and abandoning module SubstanceCore (85)
[2015.12.10-01.04.10:622][903]LogModuleManager: Shutting down and abandoning module LightPropagationVolumeRuntime (84)
[2015.12.10-01.04.10:622][903]LogModuleManager: Shutting down and abandoning module Paper2D (83)
[2015.12.10-01.04.10:622][903]LogModuleManager: Shutting down and abandoning module WindowsMoviePlayer (82)
[2015.12.10-01.04.10:625][903]LogModuleManager: Shutting down and abandoning module Media (81)
[2015.12.10-01.04.10:625][903]LogModuleManager: Shutting down and abandoning module WmfMedia (80)
[2015.12.10-01.04.10:626][903]LogModuleManager: Shutting down and abandoning module OnlineBlueprintSupport (79)
[2015.12.10-01.04.10:626][903]LogModuleManager: Shutting down and abandoning module GameplayTasksEditor (78)
[2015.12.10-01.04.10:626][903]LogModuleManager: Shutting down and abandoning module PropertyEditor (77)
[2015.12.10-01.04.10:626][903]LogModuleManager: Shutting down and abandoning module BehaviorTreeEditor (76)
[2015.12.10-01.04.10:626][903]LogModuleManager: Shutting down and abandoning module FunctionalTesting (75)
[2015.12.10-01.04.10:626][903]LogModuleManager: Shutting down and abandoning module CollisionAnalyzer (74)
[2015.12.10-01.04.10:626][903]LogModuleManager: Shutting down and abandoning module WorkspaceMenuStructure (73)
[2015.12.10-01.04.10:626][903]LogModuleManager: Shutting down and abandoning module MessageLog (72)
[2015.12.10-01.04.10:626][903]LogModuleManager: Shutting down and abandoning module Sequencer (71)
[2015.12.10-01.04.10:626][903]LogModuleManager: Shutting down and abandoning module AssetTools (70)
[2015.12.10-01.04.10:626][903]LogModuleManager: Shutting down and abandoning module UMGEditor (69)
[2015.12.10-01.04.10:626][903]LogModuleManager: Shutting down and abandoning module UMG (68)
[2015.12.10-01.04.10:626][903]LogModuleManager: Shutting down and abandoning module Slate (67)
[2015.12.10-01.04.10:626][903]LogModuleManager: Shutting down and abandoning module EditorStyle (66)
[2015.12.10-01.04.10:628][903]LogModuleManager: Shutting down and abandoning module SessionServices (65)
[2015.12.10-01.04.10:628][903]LogModuleManager: Shutting down and abandoning module SourceCodeAccess (64)
[2015.12.10-01.04.10:628][903]LogModuleManager: Shutting down and abandoning module HeadMountedDisplay (63)
[2015.12.10-01.04.10:628][903]LogModuleManager: Shutting down and abandoning module XAudio2 (62)
[2015.12.10-01.04.10:628][903]LogModuleManager: Shutting down and abandoning module Networking (60)
[2015.12.10-01.04.10:628][903]LogModuleManager: Shutting down and abandoning module Core (59)
[2015.12.10-01.04.10:628][903]LogModuleManager: Shutting down and abandoning module KismetCompiler (58)
[2015.12.10-01.04.10:628][903]LogModuleManager: Shutting down and abandoning module PhysXFormats (57)
[2015.12.10-01.04.10:628][903]LogModuleManager: Shutting down and abandoning module MeshUtilities (56)
[2015.12.10-01.04.10:628][903]LogModuleManager: Shutting down and abandoning module CookingStats (55)
[2015.12.10-01.04.10:629][903]LogModuleManager: Shutting down and abandoning module DerivedDataCache (54)
[2015.12.10-01.04.10:776][903]LogDerivedDataCache: Shutdown
[2015.12.10-01.04.10:776][903]LogModuleManager: Shutting down and abandoning module ShaderFormatOpenGL (53)
[2015.12.10-01.04.10:776][903]LogModuleManager: Shutting down and abandoning module ShaderFormatD3D (52)
[2015.12.10-01.04.10:776][903]LogModuleManager: Shutting down and abandoning module MetalShaderFormat (51)
[2015.12.10-01.04.10:776][903]LogModuleManager: Shutting down and abandoning module TextureFormatUncompressed (50)
[2015.12.10-01.04.10:776][903]LogModuleManager: Shutting down and abandoning module TextureFormatPVR (49)
[2015.12.10-01.04.10:776][903]LogModuleManager: Shutting down and abandoning module TextureFormatIntelISPCTexComp (48)
[2015.12.10-01.04.10:776][903]LogModuleManager: Shutting down and abandoning module TextureFormatDXT (47)
[2015.12.10-01.04.10:776][903]LogModuleManager: Shutting down and abandoning module ImageWrapper (46)
[2015.12.10-01.04.10:776][903]LogModuleManager: Shutting down and abandoning module TextureFormatASTC (45)
[2015.12.10-01.04.10:776][903]LogModuleManager: Shutting down and abandoning module TextureFormatAndroid (44)
[2015.12.10-01.04.10:776][903]LogModuleManager: Shutting down and abandoning module AudioFormatOpus (43)
[2015.12.10-01.04.10:776][903]LogModuleManager: Shutting down and abandoning module AudioFormatOgg (42)
[2015.12.10-01.04.10:776][903]LogModuleManager: Shutting down and abandoning module AudioFormatADPCM (41)
[2015.12.10-01.04.10:776][903]LogModuleManager: Shutting down and abandoning module LinuxTargetPlatform (40)
[2015.12.10-01.04.10:776][903]LogModuleManager: Shutting down and abandoning module LinuxServerTargetPlatform (39)
[2015.12.10-01.04.10:776][903]LogModuleManager: Shutting down and abandoning module LinuxNoEditorTargetPlatform (38)
[2015.12.10-01.04.10:776][903]LogModuleManager: Shutting down and abandoning module Messaging (37)
[2015.12.10-01.04.10:776][903]LogModuleManager: Shutting down and abandoning module IOSTargetPlatform (36)
[2015.12.10-01.04.10:776][903]LogModuleManager: Shutting down and abandoning module HTML5TargetPlatform (35)
[2015.12.10-01.04.10:776][903]LogModuleManager: Shutting down and abandoning module Android_PVRTCTargetPlatform (34)
[2015.12.10-01.04.10:776][903]LogModuleManager: Shutting down and abandoning module Android_ETC2TargetPlatform (33)
[2015.12.10-01.04.10:776][903]LogModuleManager: Shutting down and abandoning module Android_ETC1TargetPlatform (32)
[2015.12.10-01.04.10:776][903]LogModuleManager: Shutting down and abandoning module Android_DXTTargetPlatform (31)
[2015.12.10-01.04.10:776][903]LogModuleManager: Shutting down and abandoning module Android_ATCTargetPlatform (30)
[2015.12.10-01.04.10:777][903]LogModuleManager: Shutting down and abandoning module Android_ASTCTargetPlatform (29)
[2015.12.10-01.04.10:777][903]LogModuleManager: Shutting down and abandoning module AndroidTargetPlatform (28)
[2015.12.10-01.04.10:777][903]LogModuleManager: Shutting down and abandoning module WindowsTargetPlatform (27)
[2015.12.10-01.04.10:777][903]LogModuleManager: Shutting down and abandoning module WindowsServerTargetPlatform (26)
[2015.12.10-01.04.10:777][903]LogModuleManager: Shutting down and abandoning module WindowsNoEditorTargetPlatform (25)
[2015.12.10-01.04.10:777][903]LogModuleManager: Shutting down and abandoning module WindowsClientTargetPlatform (24)
[2015.12.10-01.04.10:777][903]LogModuleManager: Shutting down and abandoning module AllDesktopTargetPlatform (23)
[2015.12.10-01.04.10:777][903]LogModuleManager: Shutting down and abandoning module TargetPlatform (22)
[2015.12.10-01.04.10:777][903]LogModuleManager: Shutting down and abandoning module InputCore (21)
[2015.12.10-01.04.10:777][903]LogModuleManager: Shutting down and abandoning module Settings (20)
[2015.12.10-01.04.10:777][903]LogModuleManager: Shutting down and abandoning module OnlineSubsystem (18)
[2015.12.10-01.04.10:777][903]LogModuleManager: Shutting down and abandoning module HTTP (17)
[2015.12.10-01.04.10:777][903]LogModuleManager: Shutting down and abandoning module XMPP (16)
[2015.12.10-01.04.10:777][903]LogModuleManager: Shutting down and abandoning module ExampleDeviceProfileSelector (15)
[2015.12.10-01.04.10:777][903]LogModuleManager: Shutting down and abandoning module TextureCompressor (14)
[2015.12.10-01.04.10:777][903]LogModuleManager: Shutting down and abandoning module ShaderCore (13)
[2015.12.10-01.04.10:777][903]LogModuleManager: Shutting down and abandoning module Landscape (12)
[2015.12.10-01.04.10:777][903]LogModuleManager: Shutting down and abandoning module SlateRHIRenderer (11)
[2015.12.10-01.04.10:777][903]LogModuleManager: Shutting down and abandoning module OpenGLDrv (10)
[2015.12.10-01.04.10:777][903]LogModuleManager: Shutting down and abandoning module D3D11RHI (9)
[2015.12.10-01.04.10:777][903]LogModuleManager: Shutting down and abandoning module AnimGraphRuntime (8)
[2015.12.10-01.04.10:777][903]LogModuleManager: Shutting down and abandoning module Renderer (7)
[2015.12.10-01.04.10:777][903]LogModuleManager: Shutting down and abandoning module Engine (6)
[2015.12.10-01.04.10:777][903]LogModuleManager: Shutting down and abandoning module CoreUObject (5)
[2015.12.10-01.04.10:777][903]LogModuleManager: Shutting down and abandoning module NetworkFile (4)
[2015.12.10-01.04.10:777][903]LogModuleManager: Shutting down and abandoning module StreamingFile (3)
[2015.12.10-01.04.10:777][903]LogModuleManager: Shutting down and abandoning module SandboxFile (2)
[2015.12.10-01.04.10:777][903]LogModuleManager: Shutting down and abandoning module PakFile (1)
[2015.12.10-01.04.10:778][903]LogExit: Exiting.
[2015.12.10-01.04.10:779][903]Log file closed, 12/10/15 12:04:10
