[2015.12.10-01.05.47:948][  0]Log file open, 12/10/15 12:05:47
[2015.12.10-01.05.47:948][  0]LogInit:Display: Running engine for game: Hana_Prototype
[2015.12.10-01.05.47:948][  0]LogInit:Display: RandInit(724949728) SRandInit(724949729).
[2015.12.10-01.05.47:948][  0]LogTaskGraph: Started task graph with 4 named threads and 7 total threads.
[2015.12.10-01.05.47:948][  0]LogStats: Stats thread started at 0.088146
[2015.12.10-01.05.47:948][  0]LogInit: Version: 4.9.2-2707645+++depot+UE4-Releases+4.9
[2015.12.10-01.05.47:948][  0]LogInit: API Version: 2672455
[2015.12.10-01.05.47:948][  0]LogInit: Compiled (64-bit): Sep 28 2015 10:25:44
[2015.12.10-01.05.47:948][  0]LogInit: Compiled with Visual C++: 18.00.21005.01
[2015.12.10-01.05.47:948][  0]LogInit: Build Configuration: Development
[2015.12.10-01.05.47:948][  0]LogInit: Branch Name: ++depot+UE4-Releases+4.9
[2015.12.10-01.05.47:948][  0]LogInit: Command line:  /Temp/Autosaves/Game/SideScrollerBP/Maps/UEDPCSideScrollerExampleMap -game -PIEVIACONSOLE -ResX=1680 -ResY=1050  -Multiprocess 
[2015.12.10-01.05.47:948][  0]LogInit: Base directory: C:/Program Files/Unreal Engine/4.9/Engine/Binaries/Win64/
[2015.12.10-01.05.47:948][  0]LogInit: Rocket: 1
[2015.12.10-01.05.47:960][  0]LogInit: Using libcurl 7.41.0
[2015.12.10-01.05.47:960][  0]LogInit:  - built for x86_64-pc-win32
[2015.12.10-01.05.47:960][  0]LogInit:  - supports SSL with WinSSL
[2015.12.10-01.05.47:960][  0]LogInit:  - other features:
[2015.12.10-01.05.47:960][  0]LogInit:      CURL_VERSION_SSL
[2015.12.10-01.05.47:960][  0]LogInit:      CURL_VERSION_IPV6
[2015.12.10-01.05.47:960][  0]LogInit:      CURL_VERSION_ASYNCHDNS
[2015.12.10-01.05.47:960][  0]LogInit:      CURL_VERSION_LARGEFILE
[2015.12.10-01.05.47:960][  0]LogInit:      CURL_VERSION_IDN
[2015.12.10-01.05.47:960][  0]LogInit:  CurlRequestOptions (configurable via config and command line):
[2015.12.10-01.05.47:960][  0]LogInit:  - bVerifyPeer = true  - Libcurl will verify peer certificate
[2015.12.10-01.05.47:960][  0]LogInit:  - bUseHttpProxy = false  - Libcurl will NOT use HTTP proxy
[2015.12.10-01.05.47:960][  0]LogInit:  - bDontReuseConnections = false  - Libcurl will reuse connections
[2015.12.10-01.05.47:960][  0]LogInit:  - CertBundlePath = nullptr  - Libcurl will use whatever was configured at build time.
[2015.12.10-01.05.47:969][  0]LogInit: Presizing for 0 objects not considered by GC, pre-allocating 0 bytes.
[2015.12.10-01.05.47:979][  0]LogInit: Object subsystem initialized
[2015.12.10-01.05.47:981][  0]LogInit: Selected Device Profile: [Windows]
[2015.12.10-01.05.47:981][  0]LogInit: Applying CVar settings loaded from the selected device profile: [Windows]
[2015.12.10-01.05.47:985][  0]LogInit: Computer: COREY-PC
[2015.12.10-01.05.47:985][  0]LogInit: User: User
[2015.12.10-01.05.47:985][  0]LogInit: CPU Page size=4096, Cores=4
[2015.12.10-01.05.47:985][  0]LogInit: High frequency timer resolution =1.946835 MHz
[2015.12.10-01.05.47:985][  0]LogMemory: Memory total: Physical=5.9GB (6GB approx)
[2015.12.10-01.05.47:985][  0]LogMemory: Platform Memory Stats for Windows
[2015.12.10-01.05.47:985][  0]LogMemory: Process Physical Memory: 55.07 MB used, 55.07 MB peak
[2015.12.10-01.05.47:985][  0]LogMemory: Process Virtual Memory: 57.56 MB used, 57.56 MB peak
[2015.12.10-01.05.47:985][  0]LogMemory: Physical Memory: 4536.61 MB used, 6091.86 MB total
[2015.12.10-01.05.47:985][  0]LogMemory: Virtual Memory: 338.61 MB used, 8388608.00 MB total
[2015.12.10-01.05.48:030][  0]LogTextLocalizationManager: No specific translations for ('en-AU') exist, so ('en') translations will be used.
[2015.12.10-01.05.49:003][  0]LogD3D11RHI: Found D3D11 adapter 0: NVIDIA GeForce GT 555M    (Feature Level 11_0)
[2015.12.10-01.05.49:003][  0]LogD3D11RHI: Adapter has 3019MB of dedicated video memory, 0MB of dedicated system memory, and 2789MB of shared system memory, 1 output[s]
[2015.12.10-01.05.49:055][  0]LogD3D11RHI: Found D3D11 adapter 1: Intel(R) HD Graphics 3000 (Feature Level 11_0)
[2015.12.10-01.05.49:055][  0]LogD3D11RHI: Adapter has 3019MB of dedicated video memory, 0MB of dedicated system memory, and 2789MB of shared system memory, 1 output[s]
[2015.12.10-01.05.49:055][  0]LogD3D11RHI: Chosen D3D11 Adapter Id = 0
[2015.12.10-01.05.50:245][  0]LogD3D11RHI: !Direct3DDevice
[2015.12.10-01.05.50:245][  0]LogRHI: Texture pool is 1361 MB (70% of 1945 MB)
[2015.12.10-01.05.50:254][  0]LogD3D11RHI: Async texture creation enabled
[2015.12.10-01.05.50:271][  0]LogShaderCompilers: Guid format shader working directory is 15 characters bigger than the processId version (../../../../../../Users/User/Desktop/QANTM/CIUMajorGIT/TeamoSupremeo/MyProject/Intermediate/Shaders/WorkingDirectory/6296/).
[2015.12.10-01.05.50:271][  0]LogShaderCompilers: Cleaned the shader compiler working directory '../../../../../../Users/User/Desktop/QANTM/CIUMajorGIT/TeamoSupremeo/MyProject/Intermediate/Shaders/tmp/1DA99EA744F49AD3DD3ADEBEF1A2A191/'.
[2015.12.10-01.05.50:271][  0]LogShaderCompilers:Display: Using Local Shader Compiler.
[2015.12.10-01.05.52:056][  0]LogTemp:Display: Loaded TP AllDesktopTargetPlatform
[2015.12.10-01.05.52:063][  0]LogTemp:Display: Loaded TP WindowsClientTargetPlatform
[2015.12.10-01.05.52:069][  0]LogTemp:Display: Loaded TP WindowsNoEditorTargetPlatform
[2015.12.10-01.05.52:076][  0]LogTemp:Display: Loaded TP WindowsServerTargetPlatform
[2015.12.10-01.05.52:083][  0]LogTemp:Display: Loaded TP WindowsTargetPlatform
[2015.12.10-01.05.52:087][  0]LogTemp:Display: Loaded TP AndroidTargetPlatform
[2015.12.10-01.05.52:092][  0]LogTemp:Display: Loaded TP Android_ASTCTargetPlatform
[2015.12.10-01.05.52:099][  0]LogTemp:Display: Loaded TP Android_ATCTargetPlatform
[2015.12.10-01.05.52:106][  0]LogTemp:Display: Loaded TP Android_DXTTargetPlatform
[2015.12.10-01.05.52:111][  0]LogTemp:Display: Loaded TP Android_ETC1TargetPlatform
[2015.12.10-01.05.52:116][  0]LogTemp:Display: Loaded TP Android_ETC2TargetPlatform
[2015.12.10-01.05.52:121][  0]LogTemp:Display: Loaded TP Android_PVRTCTargetPlatform
[2015.12.10-01.05.52:122][  0]LogTemp:Display: Loaded TP HTML5TargetPlatform
[2015.12.10-01.05.52:140][  0]LogTemp:Display: Loaded TP IOSTargetPlatform
[2015.12.10-01.05.52:144][  0]LogTemp:Display: Loaded TP LinuxNoEditorTargetPlatform
[2015.12.10-01.05.52:148][  0]LogTemp:Display: Loaded TP LinuxServerTargetPlatform
[2015.12.10-01.05.52:153][  0]LogTemp:Display: Loaded TP LinuxTargetPlatform
[2015.12.10-01.05.52:153][  0]LogTargetPlatformManager:Display: Building Assets For Windows
[2015.12.10-01.05.52:257][  0]LogDerivedDataCache:Display: Max Cache Size: 512 MB
[2015.12.10-01.05.52:311][  0]LogDerivedDataCache: Loaded boot cache 0.05s 41MB C:/Users/User/AppData/Local/UnrealEngine/4.9/DerivedDataCache/Boot.ddc.
[2015.12.10-01.05.52:311][  0]LogDerivedDataCache:Display: Loaded Boot cache: C:/Users/User/AppData/Local/UnrealEngine/4.9/DerivedDataCache/Boot.ddc
[2015.12.10-01.05.52:311][  0]LogDerivedDataCache: FDerivedDataBackendGraph:  Pak pak cache file ../../../../../../Users/User/Desktop/QANTM/CIUMajorGIT/TeamoSupremeo/MyProject/DerivedDataCache/DDC.ddp not found, will not use a pak cache.
[2015.12.10-01.05.52:311][  0]LogDerivedDataCache: Unable to find inner node Pak for hierarchical cache Hierarchy.
[2015.12.10-01.05.52:311][  0]LogDerivedDataCache: FDerivedDataBackendGraph:  CompressedPak pak cache file ../../../../../../Users/User/Desktop/QANTM/CIUMajorGIT/TeamoSupremeo/MyProject/DerivedDataCache/Compressed.ddp not found, will not use a pak cache.
[2015.12.10-01.05.52:311][  0]LogDerivedDataCache: Unable to find inner node CompressedPak for hierarchical cache Hierarchy.
[2015.12.10-01.05.52:514][  0]LogDerivedDataCache:Display: Pak cache opened for reading ../../../Engine/DerivedDataCache/Compressed.ddp.
[2015.12.10-01.05.52:526][  0]LogDerivedDataCache: Using Local data cache path C:/Users/User/AppData/Local/UnrealEngine/Common/DerivedDataCache: Writable
[2015.12.10-01.05.52:784][  0]LogInit: Selected Device Profile: [Windows]
[2015.12.10-01.05.52:785][  0]LogContentStreaming: Texture pool size is 1000.000000MB
[2015.12.10-01.05.52:803][  0]LogMeshUtilities: No automatic mesh reduction module available
[2015.12.10-01.05.52:803][  0]LogMeshUtilities: No automatic mesh merging module available
[2015.12.10-01.05.53:257][  0]LogInit: WinSock: version 1.1 (2.2), MaxSocks=32767, MaxUdp=65467
[2015.12.10-01.05.53:494][  0]LogWindowsMoviePlayer: Unable to load movie: ../../../../../../Users/User/Desktop/QANTM/CIUMajorGIT/TeamoSupremeo/MyProject/Content/Movies/Default_Startup.mp4
[2015.12.10-01.05.53:607][  0]LogAssetRegistry: FAssetRegistry took 0.0002 seconds to start up
[2015.12.10-01.05.53:639][  0]SourceControl: Info Source control is disabled
[2015.12.10-01.05.53:639][  0]SourceControl: Info Source control is disabled
[2015.12.10-01.05.53:656][  0]SourceControl: Info Source control is disabled
[2015.12.10-01.05.53:775][  0]LogLinker:Warning: Asset '../../../Engine/Plugins/Runtime/LeapMotionController/Content/LM_PassthroughMaterial.uasset' has been saved with empty engine version. The asset will be loaded but may be incompatible.
[2015.12.10-01.05.53:875][  0]LogObj: 27801 objects as part of root set at end of initial load.
[2015.12.10-01.05.53:875][  0]LogUObjectAllocator: 5798192 out of 0 bytes used by permanent object pool.
[2015.12.10-01.05.53:950][  0]LogEngine: Initializing Engine...
[2015.12.10-01.05.53:953][  0]LogHMD: Can't find Oculus library dev build: is proper Runtime installed? Version: 0.7.0.0
[2015.12.10-01.05.53:953][  0]LogHMD: SteamVR failed to initialize.  Err: 110
[2015.12.10-01.05.54:104][  0]LogInit: XAudio2 using 'Speakers (Bluetooth Hands-free Audio)' : 2 channels at 48 kHz using 16 bits per sample (channel mask 0x3)
[2015.12.10-01.05.54:112][  0]LogInit: FAudioDevice initialized.
[2015.12.10-01.05.54:118][  0]LogInit: Texture streaming: Enabled
[2015.12.10-01.05.54:224][  0]LogNet: Browse: /Temp/Autosaves/Game/SideScrollerBP/Maps/UEDPCSideScrollerExampleMap?Name=Player
[2015.12.10-01.05.54:226][  0]LogLoad: LoadMap: /Temp/Autosaves/Game/SideScrollerBP/Maps/UEDPCSideScrollerExampleMap?Name=Player
[2015.12.10-01.05.54:240][  0]LogParticles: Destroying 0 GPU particle simulations for FXSystem 0x0000000017FEC720
[2015.12.10-01.05.54:252][  0]LogMemory: Platform Memory Stats for Windows
[2015.12.10-01.05.54:252][  0]LogMemory: Process Physical Memory: 376.27 MB used, 376.27 MB peak
[2015.12.10-01.05.54:252][  0]LogMemory: Process Virtual Memory: 360.45 MB used, 360.51 MB peak
[2015.12.10-01.05.54:252][  0]LogMemory: Physical Memory: 4805.52 MB used, 6091.86 MB total
[2015.12.10-01.05.54:252][  0]LogMemory: Virtual Memory: 894.72 MB used, 8388608.00 MB total
[2015.12.10-01.05.54:252][  0]LogMemory: 
[2015.12.10-01.05.54:252][  0]Allocator Stats for TBB: (not implemented)
[2015.12.10-01.05.54:811][  0]LogLinker:Warning: CreateImport: Failed to load Outer for resource 'Arrow': SideScrollerCharacter_C /Game/SideScrollerBP/Blueprints/SideScrollerCharacter.Default__SideScrollerCharacter_C
[2015.12.10-01.05.55:383][  0]LogAIModule: Creating AISystem for world SideScrollerExampleMap
[2015.12.10-01.05.55:383][  0]LogWorld: Game class is 'SideScrollerGameMode_C'
[2015.12.10-01.05.55:394][  0]LogWorld: Bringing World /Temp/Autosaves/Game/SideScrollerBP/Maps/UEDPCSideScrollerExampleMap.SideScrollerExampleMap up for play (max tick rate 0) at 2015.12.10-12.05.55
[2015.12.10-01.05.55:395][  0]LogWorld: Bringing up level for play took: 0.010853
[2015.12.10-01.05.55:396][  0]LogInit:Display: Game Engine Initialized.
[2015.12.10-01.05.55:615][  0]LogLoad: Full Startup: 8.11 seconds (BP compile: 0.35 seconds)
[2015.12.10-01.05.55:708][  0]LogRenderer: Reallocating scene render targets to support 128x128 (Frame:1).
[2015.12.10-01.05.55:833][  1]LogRenderer: Reallocating scene render targets to support 1680x1052 (Frame:2).
[2015.12.10-01.06.00:480][ 84]LogBlueprintUserMessages: [TestingPlayerFinder_Blueprint_C_3] 0.0
[2015.12.10-01.06.00:535][ 85]LogBlueprintUserMessages: [TestingPlayerFinder_Blueprint_C_3] 0.0
[2015.12.10-01.06.00:597][ 86]LogBlueprintUserMessages: [TestingPlayerFinder_Blueprint_C_3] 0.0
[2015.12.10-01.06.00:652][ 87]LogBlueprintUserMessages: [TestingPlayerFinder_Blueprint_C_3] 0.0
[2015.12.10-01.06.00:652][ 87]LogBlueprintUserMessages: [TestingPlayerFinder_Blueprint_C_3] 0.0
[2015.12.10-01.06.00:652][ 87]LogBlueprintUserMessages: [TestingPlayerFinder_Blueprint_C_3] 0.0
[2015.12.10-01.06.00:707][ 88]LogBlueprintUserMessages: [TestingPlayerFinder_Blueprint_C_3] 0.0
[2015.12.10-01.06.00:762][ 89]LogBlueprintUserMessages: [TestingPlayerFinder_Blueprint_C_3] 0.0
[2015.12.10-01.06.00:817][ 90]LogBlueprintUserMessages: [TestingPlayerFinder_Blueprint_C_3] 0.0
[2015.12.10-01.06.00:871][ 91]LogBlueprintUserMessages: [TestingPlayerFinder_Blueprint_C_3] 0.0
[2015.12.10-01.06.00:934][ 92]LogBlueprintUserMessages: [TestingPlayerFinder_Blueprint_C_3] 0.0
[2015.12.10-01.06.00:989][ 93]LogBlueprintUserMessages: [TestingPlayerFinder_Blueprint_C_3] 0.0
[2015.12.10-01.06.01:043][ 94]LogBlueprintUserMessages: [TestingPlayerFinder_Blueprint_C_3] 0.0
[2015.12.10-01.06.01:098][ 95]LogBlueprintUserMessages: [TestingPlayerFinder_Blueprint_C_3] 0.0
[2015.12.10-01.06.01:152][ 96]LogBlueprintUserMessages: [TestingPlayerFinder_Blueprint_C_3] 0.0
[2015.12.10-01.06.01:207][ 97]LogBlueprintUserMessages: [TestingPlayerFinder_Blueprint_C_3] 0.0
[2015.12.10-01.06.01:269][ 98]LogBlueprintUserMessages: [TestingPlayerFinder_Blueprint_C_3] 0.0
[2015.12.10-01.06.01:323][ 99]LogBlueprintUserMessages: [TestingPlayerFinder_Blueprint_C_3] 0.0
[2015.12.10-01.06.01:378][100]LogBlueprintUserMessages: [TestingPlayerFinder_Blueprint_C_3] 0.0
[2015.12.10-01.06.01:432][101]LogBlueprintUserMessages: [TestingPlayerFinder_Blueprint_C_3] 0.0
[2015.12.10-01.06.01:487][102]LogBlueprintUserMessages: [TestingPlayerFinder_Blueprint_C_3] 0.0
[2015.12.10-01.06.01:543][103]LogBlueprintUserMessages: [TestingPlayerFinder_Blueprint_C_3] 0.0
[2015.12.10-01.06.01:605][104]LogBlueprintUserMessages: [TestingPlayerFinder_Blueprint_C_3] 0.0
[2015.12.10-01.06.01:660][105]LogBlueprintUserMessages: [TestingPlayerFinder_Blueprint_C_3] 0.0
[2015.12.10-01.06.01:714][106]LogBlueprintUserMessages: [TestingPlayerFinder_Blueprint_C_3] 0.0
[2015.12.10-01.06.01:769][107]LogBlueprintUserMessages: [TestingPlayerFinder_Blueprint_C_3] 0.0
[2015.12.10-01.06.01:823][108]LogBlueprintUserMessages: [TestingPlayerFinder_Blueprint_C_3] 0.0
[2015.12.10-01.06.01:878][109]LogBlueprintUserMessages: [TestingPlayerFinder_Blueprint_C_3] 0.0
[2015.12.10-01.06.01:941][110]LogBlueprintUserMessages: [TestingPlayerFinder_Blueprint_C_3] 0.0
[2015.12.10-01.06.01:995][111]LogBlueprintUserMessages: [TestingPlayerFinder_Blueprint_C_3] 0.0
[2015.12.10-01.06.02:050][112]LogBlueprintUserMessages: [TestingPlayerFinder_Blueprint_C_3] 0.0
[2015.12.10-01.06.02:105][113]LogBlueprintUserMessages: [TestingPlayerFinder_Blueprint_C_3] 0.0
[2015.12.10-01.06.02:160][114]LogBlueprintUserMessages: [TestingPlayerFinder_Blueprint_C_3] 0.0
[2015.12.10-01.06.02:215][115]LogBlueprintUserMessages: [TestingPlayerFinder_Blueprint_C_3] 0.0
[2015.12.10-01.06.02:278][116]LogBlueprintUserMessages: [TestingPlayerFinder_Blueprint_C_3] 0.0
[2015.12.10-01.06.02:333][117]LogBlueprintUserMessages: [TestingPlayerFinder_Blueprint_C_3] 0.0
[2015.12.10-01.06.02:387][118]LogBlueprintUserMessages: [TestingPlayerFinder_Blueprint_C_3] 0.0
[2015.12.10-01.06.02:443][119]LogBlueprintUserMessages: [TestingPlayerFinder_Blueprint_C_3] 0.0
[2015.12.10-01.06.02:443][119]LogBlueprintUserMessages: [SideScrollerGameMode_C_0] You Died
[2015.12.10-01.06.39:419][743]LogEngine: All Windows Closed
[2015.12.10-01.06.39:419][743]LogWindows: FPlatformMisc::RequestExit(0)
[2015.12.10-01.06.39:960][744]LogExit: Preparing to exit.
[2015.12.10-01.06.40:089][744]LogExit: Game engine shut down
[2015.12.10-01.06.40:091][744]LogParticles: Destroying 0 GPU particle simulations for FXSystem 0x000000001093ACA0
[2015.12.10-01.06.40:414][744]LogExit: Object subsystem successfully closed.
[2015.12.10-01.06.40:435][744]LogD3D11RHI: Shutdown
[2015.12.10-01.06.40:435][744]LogD3D11RHI: CleanupD3DDevice
[2015.12.10-01.06.40:562][744]LogD3D11RHI: ~FD3D11DynamicRHI
[2015.12.10-01.06.40:602][744]LogModuleManager: Shutting down and abandoning module AndroidDeviceDetection (117)
[2015.12.10-01.06.40:712][744]LogModuleManager: Shutting down and abandoning module AutomationController (116)
[2015.12.10-01.06.40:712][744]LogModuleManager: Shutting down and abandoning module AutomationWorker (115)
[2015.12.10-01.06.40:712][744]LogModuleManager: Shutting down and abandoning module CharacterAI (114)
[2015.12.10-01.06.40:712][744]LogModuleManager: Shutting down and abandoning module AITestSuite (113)
[2015.12.10-01.06.40:712][744]LogModuleManager: Shutting down and abandoning module GameplayDebugger (112)
[2015.12.10-01.06.40:712][744]LogModuleManager: Shutting down and abandoning module AIModule (111)
[2015.12.10-01.06.40:712][744]LogModuleManager: Shutting down and abandoning module GameLiveStreaming (110)
[2015.12.10-01.06.40:712][744]LogModuleManager: Shutting down and abandoning module StreamingPauseRendering (109)
[2015.12.10-01.06.40:712][744]LogModuleManager: Shutting down and abandoning module ProfilerService (108)
[2015.12.10-01.06.40:891][744]LogModuleManager: Shutting down and abandoning module TaskGraph (107)
[2015.12.10-01.06.40:891][744]LogModuleManager: Shutting down and abandoning module SlateRemote (106)
[2015.12.10-01.06.40:891][744]LogModuleManager: Shutting down and abandoning module SteamVRController (105)
[2015.12.10-01.06.40:891][744]LogModuleManager: Shutting down and abandoning module SteamVR (104)
[2015.12.10-01.06.40:891][744]LogModuleManager: Shutting down and abandoning module ProceduralMeshComponent (103)
[2015.12.10-01.06.40:891][744]LogModuleManager: Shutting down and abandoning module OculusRift (102)
[2015.12.10-01.06.40:891][744]LogModuleManager: Shutting down and abandoning module OculusLibrary (101)
[2015.12.10-01.06.40:891][744]LogModuleManager: Shutting down and abandoning module LeapMotionController (100)
[2015.12.10-01.06.40:915][744]LogModuleManager: Shutting down and abandoning module CustomMeshComponent (99)
[2015.12.10-01.06.40:915][744]LogModuleManager: Shutting down and abandoning module CableComponent (98)
[2015.12.10-01.06.40:915][744]LogModuleManager: Shutting down and abandoning module ArchVisCharacter (97)
[2015.12.10-01.06.40:915][744]LogModuleManager: Shutting down and abandoning module HTML5Networking (96)
[2015.12.10-01.06.40:915][744]LogModuleManager: Shutting down and abandoning module DesktopPlatform (95)
[2015.12.10-01.06.40:915][744]LogModuleManager: Shutting down and abandoning module DirectoryWatcher (94)
[2015.12.10-01.06.40:915][744]LogModuleManager: Shutting down and abandoning module HotReload (93)
[2015.12.10-01.06.40:915][744]LogModuleManager: Shutting down and abandoning module VisualStudioSourceCodeAccess (92)
[2015.12.10-01.06.40:915][744]LogModuleManager: Shutting down and abandoning module UObjectPlugin (91)
[2015.12.10-01.06.40:915][744]LogModuleManager: Shutting down and abandoning module SubversionSourceControl (90)
[2015.12.10-01.06.40:915][744]LogModuleManager: Shutting down and abandoning module SourceControl (89)
[2015.12.10-01.06.40:915][744]LogModuleManager: Shutting down and abandoning module PerforceSourceControl (88)
[2015.12.10-01.06.40:915][744]LogModuleManager: Shutting down and abandoning module UdpMessaging (87)
[2015.12.10-01.06.40:915][744]LogModuleManager: Shutting down and abandoning module AssetRegistry (86)
[2015.12.10-01.06.40:916][744]LogModuleManager: Shutting down and abandoning module SubstanceCore (85)
[2015.12.10-01.06.40:916][744]LogModuleManager: Shutting down and abandoning module LightPropagationVolumeRuntime (84)
[2015.12.10-01.06.40:916][744]LogModuleManager: Shutting down and abandoning module Paper2D (83)
[2015.12.10-01.06.40:916][744]LogModuleManager: Shutting down and abandoning module WindowsMoviePlayer (82)
[2015.12.10-01.06.40:921][744]LogModuleManager: Shutting down and abandoning module Media (81)
[2015.12.10-01.06.40:921][744]LogModuleManager: Shutting down and abandoning module WmfMedia (80)
[2015.12.10-01.06.40:922][744]LogModuleManager: Shutting down and abandoning module OnlineBlueprintSupport (79)
[2015.12.10-01.06.40:922][744]LogModuleManager: Shutting down and abandoning module GameplayTasksEditor (78)
[2015.12.10-01.06.40:922][744]LogModuleManager: Shutting down and abandoning module PropertyEditor (77)
[2015.12.10-01.06.40:922][744]LogModuleManager: Shutting down and abandoning module BehaviorTreeEditor (76)
[2015.12.10-01.06.40:922][744]LogModuleManager: Shutting down and abandoning module FunctionalTesting (75)
[2015.12.10-01.06.40:922][744]LogModuleManager: Shutting down and abandoning module CollisionAnalyzer (74)
[2015.12.10-01.06.40:922][744]LogModuleManager: Shutting down and abandoning module WorkspaceMenuStructure (73)
[2015.12.10-01.06.40:922][744]LogModuleManager: Shutting down and abandoning module MessageLog (72)
[2015.12.10-01.06.40:922][744]LogModuleManager: Shutting down and abandoning module Sequencer (71)
[2015.12.10-01.06.40:922][744]LogModuleManager: Shutting down and abandoning module AssetTools (70)
[2015.12.10-01.06.40:922][744]LogModuleManager: Shutting down and abandoning module UMGEditor (69)
[2015.12.10-01.06.40:922][744]LogModuleManager: Shutting down and abandoning module UMG (68)
[2015.12.10-01.06.40:922][744]LogModuleManager: Shutting down and abandoning module Slate (67)
[2015.12.10-01.06.40:922][744]LogModuleManager: Shutting down and abandoning module EditorStyle (66)
[2015.12.10-01.06.40:927][744]LogModuleManager: Shutting down and abandoning module SessionServices (65)
[2015.12.10-01.06.40:927][744]LogModuleManager: Shutting down and abandoning module SourceCodeAccess (64)
[2015.12.10-01.06.40:927][744]LogModuleManager: Shutting down and abandoning module HeadMountedDisplay (63)
[2015.12.10-01.06.40:927][744]LogModuleManager: Shutting down and abandoning module XAudio2 (62)
[2015.12.10-01.06.40:927][744]LogModuleManager: Shutting down and abandoning module Networking (60)
[2015.12.10-01.06.40:927][744]LogModuleManager: Shutting down and abandoning module Core (59)
[2015.12.10-01.06.40:927][744]LogModuleManager: Shutting down and abandoning module KismetCompiler (58)
[2015.12.10-01.06.40:927][744]LogModuleManager: Shutting down and abandoning module PhysXFormats (57)
[2015.12.10-01.06.40:927][744]LogModuleManager: Shutting down and abandoning module MeshUtilities (56)
[2015.12.10-01.06.40:927][744]LogModuleManager: Shutting down and abandoning module CookingStats (55)
[2015.12.10-01.06.40:928][744]LogModuleManager: Shutting down and abandoning module DerivedDataCache (54)
[2015.12.10-01.06.41:020][744]LogDerivedDataCache: Shutdown
[2015.12.10-01.06.41:020][744]LogModuleManager: Shutting down and abandoning module ShaderFormatOpenGL (53)
[2015.12.10-01.06.41:020][744]LogModuleManager: Shutting down and abandoning module ShaderFormatD3D (52)
[2015.12.10-01.06.41:020][744]LogModuleManager: Shutting down and abandoning module MetalShaderFormat (51)
[2015.12.10-01.06.41:020][744]LogModuleManager: Shutting down and abandoning module TextureFormatUncompressed (50)
[2015.12.10-01.06.41:020][744]LogModuleManager: Shutting down and abandoning module TextureFormatPVR (49)
[2015.12.10-01.06.41:020][744]LogModuleManager: Shutting down and abandoning module TextureFormatIntelISPCTexComp (48)
[2015.12.10-01.06.41:020][744]LogModuleManager: Shutting down and abandoning module TextureFormatDXT (47)
[2015.12.10-01.06.41:020][744]LogModuleManager: Shutting down and abandoning module ImageWrapper (46)
[2015.12.10-01.06.41:020][744]LogModuleManager: Shutting down and abandoning module TextureFormatASTC (45)
[2015.12.10-01.06.41:020][744]LogModuleManager: Shutting down and abandoning module TextureFormatAndroid (44)
[2015.12.10-01.06.41:020][744]LogModuleManager: Shutting down and abandoning module AudioFormatOpus (43)
[2015.12.10-01.06.41:020][744]LogModuleManager: Shutting down and abandoning module AudioFormatOgg (42)
[2015.12.10-01.06.41:020][744]LogModuleManager: Shutting down and abandoning module AudioFormatADPCM (41)
[2015.12.10-01.06.41:020][744]LogModuleManager: Shutting down and abandoning module LinuxTargetPlatform (40)
[2015.12.10-01.06.41:020][744]LogModuleManager: Shutting down and abandoning module LinuxServerTargetPlatform (39)
[2015.12.10-01.06.41:020][744]LogModuleManager: Shutting down and abandoning module LinuxNoEditorTargetPlatform (38)
[2015.12.10-01.06.41:020][744]LogModuleManager: Shutting down and abandoning module Messaging (37)
[2015.12.10-01.06.41:020][744]LogModuleManager: Shutting down and abandoning module IOSTargetPlatform (36)
[2015.12.10-01.06.41:020][744]LogModuleManager: Shutting down and abandoning module HTML5TargetPlatform (35)
[2015.12.10-01.06.41:020][744]LogModuleManager: Shutting down and abandoning module Android_PVRTCTargetPlatform (34)
[2015.12.10-01.06.41:020][744]LogModuleManager: Shutting down and abandoning module Android_ETC2TargetPlatform (33)
[2015.12.10-01.06.41:020][744]LogModuleManager: Shutting down and abandoning module Android_ETC1TargetPlatform (32)
[2015.12.10-01.06.41:020][744]LogModuleManager: Shutting down and abandoning module Android_DXTTargetPlatform (31)
[2015.12.10-01.06.41:020][744]LogModuleManager: Shutting down and abandoning module Android_ATCTargetPlatform (30)
[2015.12.10-01.06.41:020][744]LogModuleManager: Shutting down and abandoning module Android_ASTCTargetPlatform (29)
[2015.12.10-01.06.41:020][744]LogModuleManager: Shutting down and abandoning module AndroidTargetPlatform (28)
[2015.12.10-01.06.41:020][744]LogModuleManager: Shutting down and abandoning module WindowsTargetPlatform (27)
[2015.12.10-01.06.41:020][744]LogModuleManager: Shutting down and abandoning module WindowsServerTargetPlatform (26)
[2015.12.10-01.06.41:020][744]LogModuleManager: Shutting down and abandoning module WindowsNoEditorTargetPlatform (25)
[2015.12.10-01.06.41:020][744]LogModuleManager: Shutting down and abandoning module WindowsClientTargetPlatform (24)
[2015.12.10-01.06.41:020][744]LogModuleManager: Shutting down and abandoning module AllDesktopTargetPlatform (23)
[2015.12.10-01.06.41:020][744]LogModuleManager: Shutting down and abandoning module TargetPlatform (22)
[2015.12.10-01.06.41:021][744]LogModuleManager: Shutting down and abandoning module InputCore (21)
[2015.12.10-01.06.41:021][744]LogModuleManager: Shutting down and abandoning module Settings (20)
[2015.12.10-01.06.41:021][744]LogModuleManager: Shutting down and abandoning module OnlineSubsystem (18)
[2015.12.10-01.06.41:021][744]LogModuleManager: Shutting down and abandoning module HTTP (17)
[2015.12.10-01.06.41:021][744]LogModuleManager: Shutting down and abandoning module XMPP (16)
[2015.12.10-01.06.41:021][744]LogModuleManager: Shutting down and abandoning module ExampleDeviceProfileSelector (15)
[2015.12.10-01.06.41:021][744]LogModuleManager: Shutting down and abandoning module TextureCompressor (14)
[2015.12.10-01.06.41:021][744]LogModuleManager: Shutting down and abandoning module ShaderCore (13)
[2015.12.10-01.06.41:021][744]LogModuleManager: Shutting down and abandoning module Landscape (12)
[2015.12.10-01.06.41:021][744]LogModuleManager: Shutting down and abandoning module SlateRHIRenderer (11)
[2015.12.10-01.06.41:021][744]LogModuleManager: Shutting down and abandoning module OpenGLDrv (10)
[2015.12.10-01.06.41:021][744]LogModuleManager: Shutting down and abandoning module D3D11RHI (9)
[2015.12.10-01.06.41:021][744]LogModuleManager: Shutting down and abandoning module AnimGraphRuntime (8)
[2015.12.10-01.06.41:021][744]LogModuleManager: Shutting down and abandoning module Renderer (7)
[2015.12.10-01.06.41:022][744]LogModuleManager: Shutting down and abandoning module Engine (6)
[2015.12.10-01.06.41:022][744]LogModuleManager: Shutting down and abandoning module CoreUObject (5)
[2015.12.10-01.06.41:022][744]LogModuleManager: Shutting down and abandoning module NetworkFile (4)
[2015.12.10-01.06.41:022][744]LogModuleManager: Shutting down and abandoning module StreamingFile (3)
[2015.12.10-01.06.41:022][744]LogModuleManager: Shutting down and abandoning module SandboxFile (2)
[2015.12.10-01.06.41:022][744]LogModuleManager: Shutting down and abandoning module PakFile (1)
[2015.12.10-01.06.41:023][744]LogExit: Exiting.
[2015.12.10-01.06.41:026][744]Log file closed, 12/10/15 12:06:41
