[2015.12.14-07.59.08:686][  0]Log file open, 12/14/15 18:59:08
[2015.12.14-07.59.08:686][  0]LogInit:Display: Running engine for game: Hana_Prototype
[2015.12.14-07.59.08:686][  0]LogInit:Display: RandInit(-973828605) SRandInit(-973828605).
[2015.12.14-07.59.08:686][  0]LogTaskGraph: Started task graph with 4 named threads and 5 total threads.
[2015.12.14-07.59.08:686][  0]LogStats: Stats thread started at 0.090292
[2015.12.14-07.59.08:686][  0]LogInit: Version: 4.9.2-2707645+++depot+UE4-Releases+4.9
[2015.12.14-07.59.08:686][  0]LogInit: API Version: 2672455
[2015.12.14-07.59.08:686][  0]LogInit: Compiled (64-bit): Sep 28 2015 10:25:44
[2015.12.14-07.59.08:686][  0]LogInit: Compiled with Visual C++: 18.00.21005.01
[2015.12.14-07.59.08:686][  0]LogInit: Build Configuration: Development
[2015.12.14-07.59.08:686][  0]LogInit: Branch Name: ++depot+UE4-Releases+4.9
[2015.12.14-07.59.08:686][  0]LogInit: Command line:  
[2015.12.14-07.59.08:686][  0]LogInit: Base directory: C:/Program Files/Unreal Engine/4.9/Engine/Binaries/Win64/
[2015.12.14-07.59.08:686][  0]LogInit: Rocket: 1
[2015.12.14-07.59.08:769][  0]LogInit: Using libcurl 7.41.0
[2015.12.14-07.59.08:769][  0]LogInit:  - built for x86_64-pc-win32
[2015.12.14-07.59.08:769][  0]LogInit:  - supports SSL with WinSSL
[2015.12.14-07.59.08:769][  0]LogInit:  - other features:
[2015.12.14-07.59.08:769][  0]LogInit:      CURL_VERSION_SSL
[2015.12.14-07.59.08:769][  0]LogInit:      CURL_VERSION_IPV6
[2015.12.14-07.59.08:769][  0]LogInit:      CURL_VERSION_ASYNCHDNS
[2015.12.14-07.59.08:769][  0]LogInit:      CURL_VERSION_LARGEFILE
[2015.12.14-07.59.08:769][  0]LogInit:      CURL_VERSION_IDN
[2015.12.14-07.59.08:769][  0]LogInit:  CurlRequestOptions (configurable via config and command line):
[2015.12.14-07.59.08:769][  0]LogInit:  - bVerifyPeer = true  - Libcurl will verify peer certificate
[2015.12.14-07.59.08:769][  0]LogInit:  - bUseHttpProxy = false  - Libcurl will NOT use HTTP proxy
[2015.12.14-07.59.08:769][  0]LogInit:  - bDontReuseConnections = false  - Libcurl will reuse connections
[2015.12.14-07.59.08:769][  0]LogInit:  - CertBundlePath = nullptr  - Libcurl will use whatever was configured at build time.
[2015.12.14-07.59.08:879][  0]LogInit: Presizing for 0 objects not considered by GC, pre-allocating 0 bytes.
[2015.12.14-07.59.08:887][  0]LogInit: Object subsystem initialized
[2015.12.14-07.59.08:890][  0]LogInit: Selected Device Profile: [Windows]
[2015.12.14-07.59.08:890][  0]LogInit: Applying CVar settings loaded from the selected device profile: [Windows]
[2015.12.14-07.59.08:921][  0]LogInit: Computer: JOFFRE-JAVIER
[2015.12.14-07.59.08:921][  0]LogInit: User: joffrea123
[2015.12.14-07.59.08:921][  0]LogInit: CPU Page size=4096, Cores=2
[2015.12.14-07.59.08:921][  0]LogInit: High frequency timer resolution =2.240906 MHz
[2015.12.14-07.59.08:921][  0]LogMemory: Memory total: Physical=7.8GB (8GB approx)
[2015.12.14-07.59.08:921][  0]LogMemory: Platform Memory Stats for Windows
[2015.12.14-07.59.08:921][  0]LogMemory: Process Physical Memory: 53.61 MB used, 53.61 MB peak
[2015.12.14-07.59.08:922][  0]LogMemory: Process Virtual Memory: 57.14 MB used, 57.14 MB peak
[2015.12.14-07.59.08:922][  0]LogMemory: Physical Memory: 4501.83 MB used, 7962.15 MB total
[2015.12.14-07.59.08:922][  0]LogMemory: Virtual Memory: 365.29 MB used, 134217728.00 MB total
[2015.12.14-07.59.09:569][  0]LogTextLocalizationManager: No specific translations for ('en-AU') exist, so ('en') translations will be used.
[2015.12.14-07.59.10:818][  0]LogD3D11RHI: Found D3D11 adapter 0: Radeon (TM) HD 8670M (Feature Level 11_0)
[2015.12.14-07.59.10:818][  0]LogD3D11RHI: Adapter has 1012MB of dedicated video memory, 0MB of dedicated system memory, and 3981MB of shared system memory, 1 output[s]
[2015.12.14-07.59.10:828][  0]LogD3D11RHI: Found D3D11 adapter 1: Intel(R) HD Graphics Family (Feature Level 11_0)
[2015.12.14-07.59.10:828][  0]LogD3D11RHI: Adapter has 112MB of dedicated video memory, 0MB of dedicated system memory, and 3981MB of shared system memory, 0 output[s]
[2015.12.14-07.59.10:830][  0]LogD3D11RHI: Found D3D11 adapter 2: Microsoft Basic Render Driver (Feature Level 11_0)
[2015.12.14-07.59.10:830][  0]LogD3D11RHI: Adapter has 0MB of dedicated video memory, 0MB of dedicated system memory, and 3981MB of shared system memory, 0 output[s]
[2015.12.14-07.59.10:830][  0]LogD3D11RHI: Chosen D3D11 Adapter Id = 0
[2015.12.14-07.59.10:837][  0]LogD3D11RHI: !Direct3DDevice
[2015.12.14-07.59.10:837][  0]LogRHI: Texture pool is 708 MB (70% of 1012 MB)
[2015.12.14-07.59.10:947][  0]LogD3D11RHI: Async texture creation disabled: no driver support
[2015.12.14-07.59.10:964][  0]LogShaderCompilers: Guid format shader working directory is 15 characters bigger than the processId version (../../../../../../Users/joffrea123/Desktop/HanaProto/TeamoSupremeo/MyProject/Intermediate/Shaders/WorkingDirectory/3324/).
[2015.12.14-07.59.10:964][  0]LogShaderCompilers: Cleaned the shader compiler working directory '../../../../../../Users/joffrea123/Desktop/HanaProto/TeamoSupremeo/MyProject/Intermediate/Shaders/tmp/606FFE3749ED1F6EEA75C7895F3FE81A/'.
[2015.12.14-07.59.10:964][  0]LogShaderCompilers:Display: Using Local Shader Compiler.
[2015.12.14-07.59.17:029][  0]LogTemp:Display: Loaded TP AllDesktopTargetPlatform
[2015.12.14-07.59.17:039][  0]LogTemp:Display: Loaded TP WindowsClientTargetPlatform
[2015.12.14-07.59.17:046][  0]LogTemp:Display: Loaded TP WindowsNoEditorTargetPlatform
[2015.12.14-07.59.17:058][  0]LogTemp:Display: Loaded TP WindowsServerTargetPlatform
[2015.12.14-07.59.17:067][  0]LogTemp:Display: Loaded TP WindowsTargetPlatform
[2015.12.14-07.59.17:094][  0]LogTemp:Display: Loaded TP AndroidTargetPlatform
[2015.12.14-07.59.17:120][  0]LogTemp:Display: Loaded TP Android_ASTCTargetPlatform
[2015.12.14-07.59.17:133][  0]LogTemp:Display: Loaded TP Android_ATCTargetPlatform
[2015.12.14-07.59.17:144][  0]LogTemp:Display: Loaded TP Android_DXTTargetPlatform
[2015.12.14-07.59.17:178][  0]LogTemp:Display: Loaded TP Android_ETC1TargetPlatform
[2015.12.14-07.59.17:217][  0]LogTemp:Display: Loaded TP Android_ETC2TargetPlatform
[2015.12.14-07.59.17:235][  0]LogTemp:Display: Loaded TP Android_PVRTCTargetPlatform
[2015.12.14-07.59.17:236][  0]LogTemp:Display: Loaded TP HTML5TargetPlatform
[2015.12.14-07.59.17:387][  0]LogTemp:Display: Loaded TP IOSTargetPlatform
[2015.12.14-07.59.17:403][  0]LogTemp:Display: Loaded TP LinuxNoEditorTargetPlatform
[2015.12.14-07.59.17:407][  0]LogTemp:Display: Loaded TP LinuxServerTargetPlatform
[2015.12.14-07.59.17:431][  0]LogTemp:Display: Loaded TP LinuxTargetPlatform
[2015.12.14-07.59.17:431][  0]LogTargetPlatformManager:Display: Building Assets For Windows
[2015.12.14-07.59.18:391][  0]LogDerivedDataCache:Display: Max Cache Size: 512 MB
[2015.12.14-07.59.18:886][  0]LogDerivedDataCache: Loaded boot cache 0.50s 41MB C:/Users/joffrea123/AppData/Local/UnrealEngine/4.9/DerivedDataCache/Boot.ddc.
[2015.12.14-07.59.18:886][  0]LogDerivedDataCache:Display: Loaded Boot cache: C:/Users/joffrea123/AppData/Local/UnrealEngine/4.9/DerivedDataCache/Boot.ddc
[2015.12.14-07.59.18:886][  0]LogDerivedDataCache: FDerivedDataBackendGraph:  Pak pak cache file ../../../../../../Users/joffrea123/Desktop/HanaProto/TeamoSupremeo/MyProject/DerivedDataCache/DDC.ddp not found, will not use a pak cache.
[2015.12.14-07.59.18:886][  0]LogDerivedDataCache: Unable to find inner node Pak for hierarchical cache Hierarchy.
[2015.12.14-07.59.18:886][  0]LogDerivedDataCache: FDerivedDataBackendGraph:  CompressedPak pak cache file ../../../../../../Users/joffrea123/Desktop/HanaProto/TeamoSupremeo/MyProject/DerivedDataCache/Compressed.ddp not found, will not use a pak cache.
[2015.12.14-07.59.18:886][  0]LogDerivedDataCache: Unable to find inner node CompressedPak for hierarchical cache Hierarchy.
[2015.12.14-07.59.19:221][  0]LogDerivedDataCache:Display: Pak cache opened for reading ../../../Engine/DerivedDataCache/Compressed.ddp.
[2015.12.14-07.59.19:264][  0]LogDerivedDataCache: Using Local data cache path C:/Users/joffrea123/AppData/Local/UnrealEngine/Common/DerivedDataCache: Writable
[2015.12.14-07.59.34:177][  0]LogInit: Selected Device Profile: [Windows]
[2015.12.14-07.59.34:372][  0]LogContentStreaming: Texture pool size is 0.000000MB
[2015.12.14-07.59.36:401][  0]LogMeshUtilities: No automatic mesh reduction module available
[2015.12.14-07.59.36:401][  0]LogMeshUtilities: No automatic mesh merging module available
[2015.12.14-07.59.41:614][  0]LogInit: WinSock: version 1.1 (2.2), MaxSocks=32767, MaxUdp=65467
[2015.12.14-08.00.06:400][  0]LogAssetRegistry: FAssetRegistry took 0.0136 seconds to start up
[2015.12.14-08.00.06:491][  0]UdpMessaging: Initializing bridge on interface 0.0.0.0:0 to multicast group 230.0.0.1:6666.
[2015.12.14-08.00.12:643][  0]SourceControl: Info Source control is disabled
[2015.12.14-08.00.13:155][  0]SourceControl: Info Source control is disabled
[2015.12.14-08.00.13:280][  0]SourceControl: Info Source control is disabled
[2015.12.14-08.00.13:365][  0]SourceControl: Info Source control is disabled
[2015.12.14-08.00.15:501][  0]LogLinker:Warning: Asset '../../../Engine/Plugins/Runtime/LeapMotionController/Content/LM_PassthroughMaterial.uasset' has been saved with empty engine version. The asset will be loaded but may be incompatible.
[2015.12.14-08.00.16:249][  0]LogObj: 28528 objects as part of root set at end of initial load.
[2015.12.14-08.00.16:249][  0]LogUObjectAllocator: 6068464 out of 0 bytes used by permanent object pool.
[2015.12.14-08.00.18:583][  0]LogAutomationTest:Warning: Smoke tests took > 1s to run: 1.34s
[2015.12.14-08.00.18:759][  0]LogEngine: Initializing Engine...
[2015.12.14-08.00.18:832][  0]LogHMD: Can't find Oculus library dev build: is proper Runtime installed? Version: 0.7.0.0
[2015.12.14-08.00.18:906][  0]LogHMD: SteamVR failed to initialize.  Err: 110
[2015.12.14-08.00.21:935][  0]LogAIModule: Creating AISystem for world NewWorld
[2015.12.14-08.00.22:718][  0]LogInit: XAudio2 using 'Speakers (USB  AUDIO  )' : 2 channels at 48 kHz using 16 bits per sample (channel mask 0x3)
[2015.12.14-08.00.22:763][  0]LogInit: FAudioDevice initialized.
[2015.12.14-08.00.22:810][  0]LogDerivedDataCache: Saved boot cache 0.05s 41MB C:/Users/joffrea123/AppData/Local/UnrealEngine/4.9/DerivedDataCache/Boot.ddc.
[2015.12.14-08.00.23:082][  0]LogInit: Texture streaming: Enabled
[2015.12.14-08.00.23:146][  0]LogAnalytics: Creating configured Analytics provider AnalyticsET
[2015.12.14-08.00.23:147][  0]LogAnalytics: [UEEditor.Rocket.Release] APIServer = http://et2.epicgames.com/ET2/. AppVersion = 4.9.2-2707645+++depot+UE4-Releases+4.9
[2015.12.14-08.00.23:147][  0]LogAnalytics: [UEEditor.Rocket.Release] SetUserId 4101ddee4679b7eb9d01ef8eae8aa713|480ad27ad7944178b153737b4e7fe345|7bccc117-07f0-4646-8e7b-eb9c93f86b25
[2015.12.14-08.00.23:147][  0]LogAnalytics: [UEEditor.Rocket.Release] AnalyticsET::StartSession
[2015.12.14-08.00.23:792][  0]LogInit: Transaction tracking system initialized
[2015.12.14-08.00.24:507][  0]BlueprintLog: New page: Editor Load
[2015.12.14-08.00.29:008][  0]LocalizationService: Info Localization service is disabled
[2015.12.14-08.00.31:137][  0]LogConsoleResponse:Display: 
[2015.12.14-08.00.33:371][  0]LogFileCache: Scanning file cache for directory 'C:/Users/joffrea123/Desktop/HanaProto/TeamoSupremeo/MyProject/Content/' took 0.02s
[2015.12.14-08.00.33:372][  0]LogCook:Display: Done creating registry. It took  0.00s.
[2015.12.14-08.00.35:419][  0]SourceControl: Info Source control is disabled
[2015.12.14-08.00.35:573][  0]Cmd: MAP LOAD FILE="../../../../../../Users/joffrea123/Desktop/HanaProto/TeamoSupremeo/MyProject/Content/SideScrollerBP/Maps/SideScrollerExampleMap.umap" TEMPLATE=0 SHOWPROGRESS=1 FEATURELEVEL=3
[2015.12.14-08.00.35:622][  0]LightingResults: New page: Lighting Build
[2015.12.14-08.00.35:911][  0]MapCheck: New page: Map Check
[2015.12.14-08.00.35:913][  0]LightingResults: New page: Lighting Build
[2015.12.14-08.00.36:679][  0]LogParticles: Destroying 0 GPU particle simulations for FXSystem 0x00000003FD78D620
[2015.12.14-08.00.50:517][  0]LogAIModule: Creating AISystem for world SideScrollerExampleMap
[2015.12.14-08.00.52:768][  0]LogEditorServer: Finished looking for orphan Actors (0.000 secs)
[2015.12.14-08.00.52:904][  0]Cmd: MAP CHECKDEP NOCLEARLOG
[2015.12.14-08.00.53:292][  0]MapCheck: Info Map check complete: 0 Error(s), 0 Warning(s), took 386.554ms to complete.
[2015.12.14-08.00.53:301][  0]LogFileHelpers: Loading map 'SideScrollerExampleMap' took 17.795
[2015.12.14-08.00.57:905][  0]LogCollectionManager: Loaded 0 collections in 0.007860 seconds
[2015.12.14-08.00.58:342][  0]LogFileCache: Scanning file cache for directory 'C:/Users/joffrea123/Desktop/HanaProto/TeamoSupremeo/MyProject/Saved/Collections/' took 0.01s
[2015.12.14-08.00.58:342][  0]LogFileCache: Scanning file cache for directory 'C:/Users/joffrea123/Desktop/HanaProto/TeamoSupremeo/MyProject/Content/Developers/joffrea123/Collections/' took 0.01s
[2015.12.14-08.00.58:342][  0]LogFileCache: Scanning file cache for directory 'C:/Users/joffrea123/Desktop/HanaProto/TeamoSupremeo/MyProject/Content/Collections/' took 0.02s
[2015.12.14-08.00.58:342][  0]LogContentBrowser: Native class hierarchy populated in 0.0913 seconds. Added 1882 classes and 339 folders.
[2015.12.14-08.00.58:745][  0]LogCollectionManager: Rebuilt the GUID cache for 0 collections in 0.000010 seconds
[2015.12.14-08.00.59:027][  0]LogContentBrowser: Native class hierarchy updated for 'WidgetCarousel' in 0.0023 seconds. Added 0 classes and 0 folders.
[2015.12.14-08.01.01:399][  0]LogContentBrowser: Native class hierarchy updated for 'AddContentDialog' in 0.0009 seconds. Added 0 classes and 0 folders.
[2015.12.14-08.01.01:477][  0]LogContentBrowser: Native class hierarchy updated for 'SceneOutliner' in 0.0028 seconds. Added 1 classes and 2 folders.
[2015.12.14-08.01.01:993][  0]LogCrashTracker: Crashtracker disabled due to settings.
[2015.12.14-08.01.02:169][  0]LogUObjectGlobals:Warning: Failed to find object 'Class None.'
[2015.12.14-08.01.02:354][  0]LogLoad: Full Startup: 114.68 seconds (BP compile: 3.25 seconds)
[2015.12.14-08.01.02:834][  0]LogContentStreaming: Texture pool size now 1000 MB
[2015.12.14-08.01.03:836][  0]LogRenderer: Reallocating scene render targets to support 1312x580 (Frame:2).
[2015.12.14-08.01.07:594][ 14]LogAssetRegistry: Asset discovery search completed in 61.2054 seconds
[2015.12.14-08.01.07:594][ 14]LogCollectionManager: Rebuilt the object cache for 0 collections in 0.000001 seconds (found 0 objects)
[2015.12.14-08.01.07:594][ 14]LogCollectionManager: Fixed up redirectors for 0 collections in 0.000058 seconds (updated 0 objects)
[2015.12.14-08.01.10:818][ 69]LogBlueprintUserMessages: Early PlayInEditor Detection: Level '/Game/SideScrollerBP/Maps/SideScrollerExampleMap.SideScrollerExampleMap:PersistentLevel' has LevelScriptBlueprint '/Game/SideScrollerBP/Maps/SideScrollerExampleMap.SideScrollerExampleMap:PersistentLevel.SideScrollerExampleMap' with GeneratedClass '/Game/SideScrollerBP/Maps/SideScrollerExampleMap.SideScrollerExampleMap_C' with ClassGeneratedBy '/Game/SideScrollerBP/Maps/SideScrollerExampleMap.SideScrollerExampleMap:PersistentLevel.SideScrollerExampleMap'
[2015.12.14-08.01.10:818][ 69]LogPlayLevel: PlayLevel: No blueprints needed recompiling
[2015.12.14-08.01.10:835][ 69]PIE: New page: PIE session: SideScrollerExampleMap (15 Dec 2015 6:01:10 am)
[2015.12.14-08.01.10:835][ 69]LogPlayLevel: Creating play world package: /Game/SideScrollerBP/Maps/UEDPIE_0_SideScrollerExampleMap
[2015.12.14-08.01.10:923][ 69]LogPlayLevel: PIE: StaticDuplicateObject took: (0.088626s)
[2015.12.14-08.01.10:927][ 69]LogAIModule: Creating AISystem for world SideScrollerExampleMap
[2015.12.14-08.01.10:928][ 69]LogPlayLevel: PIE: World Init took: (0.004966s)
[2015.12.14-08.01.10:929][ 69]LogPlayLevel: PIE: Created PIE world by copying editor world from /Game/SideScrollerBP/Maps/SideScrollerExampleMap.SideScrollerExampleMap to /Game/SideScrollerBP/Maps/UEDPIE_0_SideScrollerExampleMap.SideScrollerExampleMap (0.094600s)
[2015.12.14-08.01.11:136][ 69]LogInit: XAudio2 using 'Speakers (USB  AUDIO  )' : 2 channels at 48 kHz using 16 bits per sample (channel mask 0x3)
[2015.12.14-08.01.11:170][ 69]LogInit: FAudioDevice initialized.
[2015.12.14-08.01.11:341][ 69]LogWorld: Game class is 'SideScrollerGameMode_C'
[2015.12.14-08.01.11:410][ 69]LogWorld: Bringing World /Game/SideScrollerBP/Maps/UEDPIE_0_SideScrollerExampleMap.SideScrollerExampleMap up for play (max tick rate 60) at 2015.12.14-19.01.11
[2015.12.14-08.01.11:410][ 69]LogActor:Warning: GameSession /Game/SideScrollerBP/Maps/UEDPIE_0_SideScrollerExampleMap.SideScrollerExampleMap:PersistentLevel.GameSession_0 has natively added scene component(s), but none of them were set as the actor's RootComponent - picking one arbitrarily
[2015.12.14-08.01.11:410][ 69]LogActor:Warning: GameNetworkManager /Game/SideScrollerBP/Maps/UEDPIE_0_SideScrollerExampleMap.SideScrollerExampleMap:PersistentLevel.GameNetworkManager_0 has natively added scene component(s), but none of them were set as the actor's RootComponent - picking one arbitrarily
[2015.12.14-08.01.11:422][ 69]LogWorld: Bringing up level for play took: 0.040117
[2015.12.14-08.01.11:579][ 69]PIE: Info Play in editor start time for /Game/SideScrollerBP/Maps/UEDPIE_0_SideScrollerExampleMap 0.654
[2015.12.14-08.01.11:579][ 69]LogBlueprintUserMessages: Late PlayInEditor Detection: Level '/Game/SideScrollerBP/Maps/SideScrollerExampleMap.SideScrollerExampleMap:PersistentLevel' has LevelScriptBlueprint '/Game/SideScrollerBP/Maps/SideScrollerExampleMap.SideScrollerExampleMap:PersistentLevel.SideScrollerExampleMap' with GeneratedClass '/Game/SideScrollerBP/Maps/SideScrollerExampleMap.SideScrollerExampleMap_C' with ClassGeneratedBy '/Game/SideScrollerBP/Maps/SideScrollerExampleMap.SideScrollerExampleMap:PersistentLevel.SideScrollerExampleMap'
[2015.12.14-08.02.27:896][400]LogBlueprintUserMessages: Early EndPlayMap Detection: Level '/Game/SideScrollerBP/Maps/SideScrollerExampleMap.SideScrollerExampleMap:PersistentLevel' has LevelScriptBlueprint '/Game/SideScrollerBP/Maps/SideScrollerExampleMap.SideScrollerExampleMap:PersistentLevel.SideScrollerExampleMap' with GeneratedClass '/Game/SideScrollerBP/Maps/SideScrollerExampleMap.SideScrollerExampleMap_C' with ClassGeneratedBy '/Game/SideScrollerBP/Maps/SideScrollerExampleMap.SideScrollerExampleMap:PersistentLevel.SideScrollerExampleMap'
[2015.12.14-08.02.28:082][400]LogBlueprintUserMessages: Late EndPlayMap Detection: Level '/Game/SideScrollerBP/Maps/SideScrollerExampleMap.SideScrollerExampleMap:PersistentLevel' has LevelScriptBlueprint '/Game/SideScrollerBP/Maps/SideScrollerExampleMap.SideScrollerExampleMap:PersistentLevel.SideScrollerExampleMap' with GeneratedClass '/Game/SideScrollerBP/Maps/SideScrollerExampleMap.SideScrollerExampleMap_C' with ClassGeneratedBy '/Game/SideScrollerBP/Maps/SideScrollerExampleMap.SideScrollerExampleMap:PersistentLevel.SideScrollerExampleMap'
[2015.12.14-08.02.28:189][400]LogParticles: Destroying 0 GPU particle simulations for FXSystem 0x0000000389D50860
[2015.12.14-08.02.30:751][475]LogEditorViewport: Clicking on Actor (LMB): NewLadder_C (NewLadder)
[2015.12.14-08.02.35:315][611]LogEditorViewport: Clicking on Actor (context menu): StaticMeshActor (Ledge9)
[2015.12.14-08.02.41:812][790]Cmd: TRANSACTION UNDO
[2015.12.14-08.02.41:812][790]LogEditorTransaction: Undo Move Actors
[2015.12.14-08.02.43:520][846]LogEditorViewport: Clicking on Actor (LMB): StaticMeshActor (Wall3)
[2015.12.14-08.02.46:687][935]Cmd: TRANSACTION UNDO
[2015.12.14-08.02.46:687][935]LogEditorTransaction: Undo Clicking on Actors
[2015.12.14-08.02.47:283][949]Cmd: TRANSACTION UNDO
[2015.12.14-08.02.47:283][949]LogEditorTransaction: Undo Clicking on Actors (context menu)
[2015.12.14-08.02.48:379][986]Cmd: TRANSACTION UNDO
[2015.12.14-08.02.48:379][986]LogEditorTransaction: Undo Clicking on Actors
[2015.12.14-08.02.53:065][134]LogEditorViewport: Clicking on Actor (LMB): NewLadder_C (NewLadder)
[2015.12.14-08.03.45:280][732]LogLinker:Warning: Asset '../../../Engine/Content/ArtTools/RenderToTexture/Macros/RenderToTextureMacros.uasset' has been saved with empty engine ve