[2015.12.10-01.27.45:448][  0]Log file open, 12/10/15 12:27:45
[2015.12.10-01.27.45:448][  0]LogInit:Display: Running engine for game: Hana_Prototype
[2015.12.10-01.27.45:448][  0]LogInit:Display: RandInit(-1005129260) SRandInit(-1005129259).
[2015.12.10-01.27.45:448][  0]LogTaskGraph: Started task graph with 4 named threads and 7 total threads.
[2015.12.10-01.27.45:448][  0]LogStats: Stats thread started at 0.093510
[2015.12.10-01.27.45:448][  0]LogInit: Version: 4.9.2-2707645+++depot+UE4-Releases+4.9
[2015.12.10-01.27.45:448][  0]LogInit: API Version: 2672455
[2015.12.10-01.27.45:448][  0]LogInit: Compiled (64-bit): Sep 28 2015 10:25:44
[2015.12.10-01.27.45:448][  0]LogInit: Compiled with Visual C++: 18.00.21005.01
[2015.12.10-01.27.45:448][  0]LogInit: Build Configuration: Development
[2015.12.10-01.27.45:448][  0]LogInit: Branch Name: ++depot+UE4-Releases+4.9
[2015.12.10-01.27.45:448][  0]LogInit: Command line:  /Temp/Autosaves/Game/SideScrollerBP/Maps/UEDPCSideScrollerExampleMap -game -PIEVIACONSOLE -ResX=1680 -ResY=1050  -Multiprocess 
[2015.12.10-01.27.45:448][  0]LogInit: Base directory: C:/Program Files/Unreal Engine/4.9/Engine/Binaries/Win64/
[2015.12.10-01.27.45:448][  0]LogInit: Rocket: 1
[2015.12.10-01.27.45:462][  0]LogInit: Using libcurl 7.41.0
[2015.12.10-01.27.45:462][  0]LogInit:  - built for x86_64-pc-win32
[2015.12.10-01.27.45:462][  0]LogInit:  - supports SSL with WinSSL
[2015.12.10-01.27.45:462][  0]LogInit:  - other features:
[2015.12.10-01.27.45:462][  0]LogInit:      CURL_VERSION_SSL
[2015.12.10-01.27.45:462][  0]LogInit:      CURL_VERSION_IPV6
[2015.12.10-01.27.45:462][  0]LogInit:      CURL_VERSION_ASYNCHDNS
[2015.12.10-01.27.45:462][  0]LogInit:      CURL_VERSION_LARGEFILE
[2015.12.10-01.27.45:462][  0]LogInit:      CURL_VERSION_IDN
[2015.12.10-01.27.45:463][  0]LogInit:  CurlRequestOptions (configurable via config and command line):
[2015.12.10-01.27.45:463][  0]LogInit:  - bVerifyPeer = true  - Libcurl will verify peer certificate
[2015.12.10-01.27.45:463][  0]LogInit:  - bUseHttpProxy = false  - Libcurl will NOT use HTTP proxy
[2015.12.10-01.27.45:463][  0]LogInit:  - bDontReuseConnections = false  - Libcurl will reuse connections
[2015.12.10-01.27.45:463][  0]LogInit:  - CertBundlePath = nullptr  - Libcurl will use whatever was configured at build time.
[2015.12.10-01.27.45:472][  0]LogInit: Presizing for 0 objects not considered by GC, pre-allocating 0 bytes.
[2015.12.10-01.27.45:482][  0]LogInit: Object subsystem initialized
[2015.12.10-01.27.45:484][  0]LogInit: Selected Device Profile: [Windows]
[2015.12.10-01.27.45:484][  0]LogInit: Applying CVar settings loaded from the selected device profile: [Windows]
[2015.12.10-01.27.45:488][  0]LogInit: Computer: COREY-PC
[2015.12.10-01.27.45:488][  0]LogInit: User: User
[2015.12.10-01.27.45:488][  0]LogInit: CPU Page size=4096, Cores=4
[2015.12.10-01.27.45:488][  0]LogInit: High frequency timer resolution =1.946835 MHz
[2015.12.10-01.27.45:488][  0]LogMemory: Memory total: Physical=5.9GB (6GB approx)
[2015.12.10-01.27.45:488][  0]LogMemory: Platform Memory Stats for Windows
[2015.12.10-01.27.45:488][  0]LogMemory: Process Physical Memory: 55.11 MB used, 55.11 MB peak
[2015.12.10-01.27.45:488][  0]LogMemory: Process Virtual Memory: 57.56 MB used, 57.56 MB peak
[2015.12.10-01.27.45:488][  0]LogMemory: Physical Memory: 4551.64 MB used, 6091.86 MB total
[2015.12.10-01.27.45:488][  0]LogMemory: Virtual Memory: 338.61 MB used, 8388608.00 MB total
[2015.12.10-01.27.45:571][  0]LogTextLocalizationManager: No specific translations for ('en-AU') exist, so ('en') translations will be used.
[2015.12.10-01.27.46:529][  0]LogD3D11RHI: Found D3D11 adapter 0: NVIDIA GeForce GT 555M    (Feature Level 11_0)
[2015.12.10-01.27.46:529][  0]LogD3D11RHI: Adapter has 3019MB of dedicated video memory, 0MB of dedicated system memory, and 2789MB of shared system memory, 1 output[s]
[2015.12.10-01.27.46:581][  0]LogD3D11RHI: Found D3D11 adapter 1: Intel(R) HD Graphics 3000 (Feature Level 11_0)
[2015.12.10-01.27.46:581][  0]LogD3D11RHI: Adapter has 3019MB of dedicated video memory, 0MB of dedicated system memory, and 2789MB of shared system memory, 1 output[s]
[2015.12.10-01.27.46:581][  0]LogD3D11RHI: Chosen D3D11 Adapter Id = 0
[2015.12.10-01.27.47:605][  0]LogD3D11RHI: !Direct3DDevice
[2015.12.10-01.27.47:605][  0]LogRHI: Texture pool is 1361 MB (70% of 1945 MB)
[2015.12.10-01.27.47:613][  0]LogD3D11RHI: Async texture creation enabled
[2015.12.10-01.27.47:630][  0]LogShaderCompilers: Guid format shader working directory is 15 characters bigger than the processId version (../../../../../../Users/User/Desktop/QANTM/CIUMajorGIT/TeamoSupremeo/MyProject/Intermediate/Shaders/WorkingDirectory/7136/).
[2015.12.10-01.27.47:630][  0]LogShaderCompilers: Cleaned the shader compiler working directory '../../../../../../Users/User/Desktop/QANTM/CIUMajorGIT/TeamoSupremeo/MyProject/Intermediate/Shaders/tmp/328414484C9FF7E81534EEB485F7FCA6/'.
[2015.12.10-01.27.47:630][  0]LogShaderCompilers:Display: Using Local Shader Compiler.
[2015.12.10-01.27.49:450][  0]LogTemp:Display: Loaded TP AllDesktopTargetPlatform
[2015.12.10-01.27.49:457][  0]LogTemp:Display: Loaded TP WindowsClientTargetPlatform
[2015.12.10-01.27.49:464][  0]LogTemp:Display: Loaded TP WindowsNoEditorTargetPlatform
[2015.12.10-01.27.49:471][  0]LogTemp:Display: Loaded TP WindowsServerTargetPlatform
[2015.12.10-01.27.49:479][  0]LogTemp:Display: Loaded TP WindowsTargetPlatform
[2015.12.10-01.27.49:486][  0]LogTemp:Display: Loaded TP AndroidTargetPlatform
[2015.12.10-01.27.49:493][  0]LogTemp:Display: Loaded TP Android_ASTCTargetPlatform
[2015.12.10-01.27.49:498][  0]LogTemp:Display: Loaded TP Android_ATCTargetPlatform
[2015.12.10-01.27.49:502][  0]LogTemp:Display: Loaded TP Android_DXTTargetPlatform
[2015.12.10-01.27.49:507][  0]LogTemp:Display: Loaded TP Android_ETC1TargetPlatform
[2015.12.10-01.27.49:512][  0]LogTemp:Display: Loaded TP Android_ETC2TargetPlatform
[2015.12.10-01.27.49:517][  0]LogTemp:Display: Loaded TP Android_PVRTCTargetPlatform
[2015.12.10-01.27.49:518][  0]LogTemp:Display: Loaded TP HTML5TargetPlatform
[2015.12.10-01.27.49:537][  0]LogTemp:Display: Loaded TP IOSTargetPlatform
[2015.12.10-01.27.49:541][  0]LogTemp:Display: Loaded TP LinuxNoEditorTargetPlatform
[2015.12.10-01.27.49:547][  0]LogTemp:Display: Loaded TP LinuxServerTargetPlatform
[2015.12.10-01.27.49:554][  0]LogTemp:Display: Loaded TP LinuxTargetPlatform
[2015.12.10-01.27.49:554][  0]LogTargetPlatformManager:Display: Building Assets For Windows
[2015.12.10-01.27.49:665][  0]LogDerivedDataCache:Display: Max Cache Size: 512 MB
[2015.12.10-01.27.49:725][  0]LogDerivedDataCache: Loaded boot cache 0.06s 41MB C:/Users/User/AppData/Local/UnrealEngine/4.9/DerivedDataCache/Boot.ddc.
[2015.12.10-01.27.49:725][  0]LogDerivedDataCache:Display: Loaded Boot cache: C:/Users/User/AppData/Local/UnrealEngine/4.9/DerivedDataCache/Boot.ddc
[2015.12.10-01.27.49:725][  0]LogDerivedDataCache: FDerivedDataBackendGraph:  Pak pak cache file ../../../../../../Users/User/Desktop/QANTM/CIUMajorGIT/TeamoSupremeo/MyProject/DerivedDataCache/DDC.ddp not found, will not use a pak cache.
[2015.12.10-01.27.49:725][  0]LogDerivedDataCache: Unable to find inner node Pak for hierarchical cache Hierarchy.
[2015.12.10-01.27.49:725][  0]LogDerivedDataCache: FDerivedDataBackendGraph:  CompressedPak pak cache file ../../../../../../Users/User/Desktop/QANTM/CIUMajorGIT/TeamoSupremeo/MyProject/DerivedDataCache/Compressed.ddp not found, will not use a pak cache.
[2015.12.10-01.27.49:725][  0]LogDerivedDataCache: Unable to find inner node CompressedPak for hierarchical cache Hierarchy.
[2015.12.10-01.27.49:936][  0]LogDerivedDataCache:Display: Pak cache opened for reading ../../../Engine/DerivedDataCache/Compressed.ddp.
[2015.12.10-01.27.49:949][  0]LogDerivedDataCache: Using Local data cache path C:/Users/User/AppData/Local/UnrealEngine/Common/DerivedDataCache: Writable
[2015.12.10-01.27.50:232][  0]LogInit: Selected Device Profile: [Windows]
[2015.12.10-01.27.50:233][  0]LogContentStreaming: Texture pool size is 1000.000000MB
[2015.12.10-01.27.50:251][  0]LogMeshUtilities: No automatic mesh reduction module available
[2015.12.10-01.27.50:251][  0]LogMeshUtilities: No automatic mesh merging module available
[2015.12.10-01.27.50:724][  0]LogInit: WinSock: version 1.1 (2.2), MaxSocks=32767, MaxUdp=65467
[2015.12.10-01.27.50:943][  0]LogWindowsMoviePlayer: Unable to load movie: ../../../../../../Users/User/Desktop/QANTM/CIUMajorGIT/TeamoSupremeo/MyProject/Content/Movies/Default_Startup.mp4
[2015.12.10-01.27.51:056][  0]LogAssetRegistry: FAssetRegistry took 0.0001 seconds to start up
[2015.12.10-01.27.51:089][  0]SourceControl: Info Source control is disabled
[2015.12.10-01.27.51:090][  0]SourceControl: Info Source control is disabled
[2015.12.10-01.27.51:111][  0]SourceControl: Info Source control is disabled
[2015.12.10-01.27.51:264][  0]LogLinker:Warning: Asset '../../../Engine/Plugins/Runtime/LeapMotionController/Content/LM_PassthroughMaterial.uasset' has been saved with empty engine version. The asset will be loaded but may be incompatible.
[2015.12.10-01.27.51:383][  0]LogObj: 27801 objects as part of root set at end of initial load.
[2015.12.10-01.27.51:383][  0]LogUObjectAllocator: 5798192 out of 0 bytes used by permanent object pool.
[2015.12.10-01.27.51:475][  0]LogEngine: Initializing Engine...
[2015.12.10-01.27.51:479][  0]LogHMD: Can't find Oculus library dev build: is proper Runtime installed? Version: 0.7.0.0
[2015.12.10-01.27.51:480][  0]LogHMD: SteamVR failed to initialize.  Err: 110
[2015.12.10-01.27.51:667][  0]LogInit: XAudio2 using 'Speakers (Bluetooth Hands-free Audio)' : 2 channels at 48 kHz using 16 bits per sample (channel mask 0x3)
[2015.12.10-01.27.51:676][  0]LogInit: FAudioDevice initialized.
[2015.12.10-01.27.51:682][  0]LogInit: Texture streaming: Enabled
[2015.12.10-01.27.51:793][  0]LogNet: Browse: /Temp/Autosaves/Game/SideScrollerBP/Maps/UEDPCSideScrollerExampleMap?Name=Player
[2015.12.10-01.27.51:798][  0]LogLoad: LoadMap: /Temp/Autosaves/Game/SideScrollerBP/Maps/UEDPCSideScrollerExampleMap?Name=Player
[2015.12.10-01.27.51:817][  0]LogParticles: Destroying 0 GPU particle simulations for FXSystem 0x00000000138F8720
[2015.12.10-01.27.51:868][  0]LogMemory: Platform Memory Stats for Windows
[2015.12.10-01.27.51:868][  0]LogMemory: Process Physical Memory: 375.36 MB used, 375.36 MB peak
[2015.12.10-01.27.51:868][  0]LogMemory: Process Virtual Memory: 359.66 MB used, 361.13 MB peak
[2015.12.10-01.27.51:868][  0]LogMemory: Physical Memory: 4814.97 MB used, 6091.86 MB total
[2015.12.10-01.27.51:868][  0]LogMemory: Virtual Memory: 893.79 MB used, 8388608.00 MB total
[2015.12.10-01.27.51:868][  0]LogMemory: 
[2015.12.10-01.27.51:868][  0]Allocator Stats for TBB: (not implemented)
[2015.12.10-01.27.52:564][  0]LogLinker:Warning: CreateImport: Failed to load Outer for resource 'Arrow': SideScrollerCharacter_C /Game/SideScrollerBP/Blueprints/SideScrollerCharacter.Default__SideScrollerCharacter_C
[2015.12.10-01.27.53:268][  0]LogAIModule: Creating AISystem for world SideScrollerExampleMap
[2015.12.10-01.27.53:268][  0]LogWorld: Game class is 'SideScrollerGameMode_C'
[2015.12.10-01.27.53:277][  0]LogWorld: Bringing World /Temp/Autosaves/Game/SideScrollerBP/Maps/UEDPCSideScrollerExampleMap.SideScrollerExampleMap up for play (max tick rate 0) at 2015.12.10-12.27.53
[2015.12.10-01.27.53:278][  0]LogWorld: Bringing up level for play took: 0.008055
[2015.12.10-01.27.53:279][  0]LogInit:Display: Game Engine Initialized.
[2015.12.10-01.27.53:504][  0]LogLoad: Full Startup: 8.52 seconds (BP compile: 0.46 seconds)
[2015.12.10-01.27.53:601][  0]LogRenderer: Reallocating scene render targets to support 128x128 (Frame:1).
[2015.12.10-01.27.53:738][  1]LogRenderer: Reallocating scene render targets to support 1680x1052 (Frame:2).
[2015.12.10-01.28.08:693][251]LogEngine: All Windows Closed
[2015.12.10-01.28.08:693][251]LogWindows: FPlatformMisc::RequestExit(0)
[2015.12.10-01.28.09:485][252]LogExit: Preparing to exit.
[2015.12.10-01.28.09:532][252]LogExit: Game engine shut down
[2015.12.10-01.2