[2015.11.22-22.59.37:329][  0]Log file open, 11/23/15 09:59:37
[2015.11.22-22.59.37:329][  0]LogInit:Display: Running engine for game: MyProject
[2015.11.22-22.59.37:329][  0]LogInit:Display: RandInit(-1937834055) SRandInit(-1937834054).
[2015.11.22-22.59.37:329][  0]LogTaskGraph: Started task graph with 4 named threads and 5 total threads.
[2015.11.22-22.59.37:329][  0]LogStats: Stats thread started at 0.267247
[2015.11.22-22.59.37:329][  0]LogInit: Version: 4.9.2-2707645+++depot+UE4-Releases+4.9
[2015.11.22-22.59.37:329][  0]LogInit: API Version: 2672455
[2015.11.22-22.59.37:329][  0]LogInit: Compiled (64-bit): Sep 28 2015 10:25:44
[2015.11.22-22.59.37:329][  0]LogInit: Compiled with Visual C++: 18.00.21005.01
[2015.11.22-22.59.37:329][  0]LogInit: Build Configuration: Development
[2015.11.22-22.59.37:329][  0]LogInit: Branch Name: ++depot+UE4-Releases+4.9
[2015.11.22-22.59.37:329][  0]LogInit: Command line:  
[2015.11.22-22.59.37:329][  0]LogInit: Base directory: C:/Program Files/Unreal Engine/4.9/Engine/Binaries/Win64/
[2015.11.22-22.59.37:329][  0]LogInit: Rocket: 1
[2015.11.22-22.59.37:416][  0]LogInit: Using libcurl 7.41.0
[2015.11.22-22.59.37:416][  0]LogInit:  - built for x86_64-pc-win32
[2015.11.22-22.59.37:416][  0]LogInit:  - supports SSL with WinSSL
[2015.11.22-22.59.37:416][  0]LogInit:  - other features:
[2015.11.22-22.59.37:424][  0]LogInit:      CURL_VERSION_SSL
[2015.11.22-22.59.37:424][  0]LogInit:      CURL_VERSION_IPV6
[2015.11.22-22.59.37:424][  0]LogInit:      CURL_VERSION_ASYNCHDNS
[2015.11.22-22.59.37:427][  0]LogInit:      CURL_VERSION_LARGEFILE
[2015.11.22-22.59.37:427][  0]LogInit:      CURL_VERSION_IDN
[2015.11.22-22.59.37:427][  0]LogInit:  CurlRequestOptions (configurable via config and command line):
[2015.11.22-22.59.37:427][  0]LogInit:  - bVerifyPeer = true  - Libcurl will verify peer certificate
[2015.11.22-22.59.37:427][  0]LogInit:  - bUseHttpProxy = false  - Libcurl will NOT use HTTP proxy
[2015.11.22-22.59.37:427][  0]LogInit:  - bDontReuseConnections = false  - Libcurl will reuse connections
[2015.11.22-22.59.37:427][  0]LogInit:  - CertBundlePath = nullptr  - Libcurl will use whatever was configured at build time.
[2015.11.22-22.59.37:578][  0]LogInit: Presizing for 0 objects not considered by GC, pre-allocating 0 bytes.
[2015.11.22-22.59.37:644][  0]LogInit: Object subsystem initialized
[2015.11.22-22.59.37:664][  0]LogInit: Selected Device Profile: [Windows]
[2015.11.22-22.59.37:664][  0]LogInit: Applying CVar settings loaded from the selected device profile: [Windows]
[2015.11.22-22.59.37:736][  0]LogInit: Computer: JOFFRE-JAVIER
[2015.11.22-22.59.37:736][  0]LogInit: User: joffrea123
[2015.11.22-22.59.37:736][  0]LogInit: CPU Page size=4096, Cores=2
[2015.11.22-22.59.37:736][  0]LogInit: High frequency timer resolution =2.240906 MHz
[2015.11.22-22.59.37:736][  0]LogMemory: Memory total: Physical=7.8GB (8GB approx)
[2015.11.22-22.59.37:736][  0]LogMemory: Platform Memory Stats for Windows
[2015.11.22-22.59.37:736][  0]LogMemory: Process Physical Memory: 54.32 MB used, 54.32 MB peak
[2015.11.22-22.59.37:736][  0]LogMemory: Process Virtual Memory: 55.19 MB used, 55.19 MB peak
[2015.11.22-22.59.37:736][  0]LogMemory: Physical Memory: 3200.80 MB used, 7962.15 MB total
[2015.11.22-22.59.37:736][  0]LogMemory: Virtual Memory: 363.82 MB used, 134217728.00 MB total
[2015.11.22-22.59.38:838][  0]LogTextLocalizationManager: No specific translations for ('en-AU') exist, so ('en') translations will be used.
[2015.11.22-22.59.40:689][  0]LogD3D11RHI: Found D3D11 adapter 0: Radeon (TM) HD 8670M (Feature Level 11_0)
[2015.11.22-22.59.40:689][  0]LogD3D11RHI: Adapter has 1012MB of dedicated video memory, 0MB of dedicated system memory, and 3981MB of shared system memory, 1 output[s]
[2015.11.22-22.59.40:698][  0]LogD3D11RHI: Found D3D11 adapter 1: Intel(R) HD Graphics Family (Feature Level 11_0)
[2015.11.22-22.59.40:698][  0]LogD3D11RHI: Adapter has 112MB of dedicated video memory, 0MB of dedicated system memory, and 3981MB of shared system memory, 0 output[s]
[2015.11.22-22.59.40:700][  0]LogD3D11RHI: Found D3D11 adapter 2: Microsoft Basic Render Driver (Feature Level 11_0)
[2015.11.22-22.59.40:700][  0]LogD3D11RHI: Adapter has 0MB of dedicated video memory, 0MB of dedicated system memory, and 3981MB of shared system memory, 0 output[s]
[2015.11.22-22.59.40:700][  0]LogD3D11RHI: Chosen D3D11 Adapter Id = 0
[2015.11.22-22.59.40:705][  0]LogD3D11RHI: !Direct3DDevice
[2015.11.22-22.59.40:705][  0]LogRHI: Texture pool is 708 MB (70% of 1012 MB)
[2015.11.22-22.59.40:714][  0]LogD3D11RHI: Async texture creation disabled: no driver support
[2015.11.22-22.59.40:742][  0]LogShaderCompilers: Guid format shader working directory is 15 characters bigger than the processId version (../../../../../../Users/joffrea123/Desktop/Tav Proto/TeamoSupremeo/MyProject/Intermediate/Shaders/WorkingDirectory/4924/).
[2015.11.22-22.59.40:742][  0]LogShaderCompilers: Cleaned the shader compiler working directory '../../../../../../Users/joffrea123/Desktop/Tav Proto/TeamoSupremeo/MyProject/Intermediate/Shaders/tmp/A3C5F3384E7BAADBF59684819D2DB2F8/'.
[2015.11.22-22.59.40:742][  0]LogShaderCompilers:Display: Using Local Shader Compiler.
[2015.11.22-22.59.47:697][  0]LogTemp:Display: Loaded TP AllDesktopTargetPlatform
[2015.11.22-22.59.47:704][  0]LogTemp:Display: Loaded TP WindowsClientTargetPlatform
[2015.11.22-22.59.47:711][  0]LogTemp:Display: Loaded TP WindowsNoEditorTargetPlatform
[2015.11.22-22.59.47:717][  0]LogTemp:Display: Loaded TP WindowsServerTargetPlatform
[2015.11.22-22.59.47:723][  0]LogTemp:Display: Loaded TP WindowsTargetPlatform
[2015.11.22-22.59.47:730][  0]LogTemp:Display: Loaded TP AndroidTargetPlatform
[2015.11.22-22.59.47:734][  0]LogTemp:Display: Loaded TP Android_ASTCTargetPlatform
[2015.11.22-22.59.47:739][  0]LogTemp:Display: Loaded TP Android_ATCTargetPlatform
[2015.11.22-22.59.47:743][  0]LogTemp:Display: Loaded TP Android_DXTTargetPlatform
[2015.11.22-22.59.47:747][  0]LogTemp:Display: Loaded TP Android_ETC1TargetPlatform
[2015.11.22-22.59.47:752][  0]LogTemp:Display: Loaded TP Android_ETC2TargetPlatform
[2015.11.22-22.59.47:757][  0]LogTemp:Display: Loaded TP Android_PVRTCTargetPlatform
[2015.11.22-22.59.47:757][  0]LogTemp:Display: Loaded TP HTML5TargetPlatform
[2015.11.22-22.59.47:897][  0]LogTemp:Display: Loaded TP IOSTargetPlatform
[2015.11.22-22.59.47:914][  0]LogTemp:Display: Loaded TP LinuxNoEditorTargetPlatform
[2015.11.22-22.59.47:932][  0]LogTemp:Display: Loaded TP LinuxServerTargetPlatform
[2015.11.22-22.59.47:966][  0]LogTemp:Display: Loaded TP LinuxTargetPlatform
[2015.11.22-22.59.47:966][  0]LogTargetPlatformManager:Display: Building Assets For Windows
[2015.11.22-22.59.48:828][  0]LogDerivedDataCache:Display: Max Cache Size: 512 MB
[2015.11.22-22.59.49:462][  0]LogDerivedDataCache: Loaded boot cache 0.61s 41MB C:/Users/joffrea123/AppData/Local/UnrealEngine/4.9/DerivedDataCache/Boot.ddc.
[2015.11.22-22.59.49:463][  0]LogDerivedDataCache:Display: Loaded Boot cache: C:/Users/joffrea123/AppData/Local/UnrealEngine/4.9/DerivedDataCache/Boot.ddc
[2015.11.22-22.59.49:463][  0]LogDerivedDataCache: FDerivedDataBackendGraph:  Pak pak cache file ../../../../../../Users/joffrea123/Desktop/Tav Proto/TeamoSupremeo/MyProject/DerivedDataCache/DDC.ddp not found, will not use a pak cache.
[2015.11.22-22.59.49:463][  0]LogDerivedDataCache: Unable to find inner node Pak for hierarchical cache Hierarchy.
[2015.11.22-22.59.49:463][  0]LogDerivedDataCache: FDerivedDataBackendGraph:  CompressedPak pak cache file ../../../../../../Users/joffrea123/Desktop/Tav Proto/TeamoSupremeo/MyProject/DerivedDataCache/Compressed.ddp not found, will not use a pak cache.
[2015.11.22-22.59.49:463][  0]LogDerivedDataCache: Unable to find inner node CompressedPak for hierarchical cache Hierarchy.
[2015.11.22-22.59.49:701][  0]LogDerivedDataCache:Display: Pak cache opened for reading ../../../Engine/DerivedDataCache/Compressed.ddp.
[2015.11.22-22.59.49:713][  0]LogDerivedDataCache: Using Local data cache path C:/Users/joffrea123/AppData/Local/UnrealEngine/Common/DerivedDataCache: Writable
[2015.11.22-23.00.00:740][  0]LogInit: Selected Device Profile: [Windows]
[2015.11.22-23.00.00:754][  0]LogContentStreaming: Texture pool size is 0.000000MB
[2015.11.22-23.00.01:310][  0]LogMeshUtilities: No automatic mesh reduction module available
[2015.11.22-23.00.01:310][  0]LogMeshUtilities: No automatic mesh merging module available
[2015.11.22-23.00.04:291][  0]LogInit: WinSock: version 1.1 (2.2), MaxSocks=32767, MaxUdp=65467
[2015.11.22-23.00.31:562][  0]UdpMessaging: Initializing bridge on interface 0.0.0.0:0 to multicast group 230.0.0.1:6666.
[2015.11.22-23.00.32:375][  0]LogAssetRegistry: FAssetRegistry took 0.0109 seconds to start up
[2015.11.22-23.00.34:968][  0]SourceControl: Info Source control is disabled
[2015.11.22-23.00.35:295][  0]SourceControl: Info Source control is disabled
[2015.11.22-23.00.35:354][  0]SourceControl: Info Source control is disabled
[2015.11.22-23.00.35:394][  0]SourceControl: Info Source control is disabled
[2015.11.22-23.00.37:663][  0]LogLinker:Warning: Asset '../../../Engine/Plugins/Runtime/LeapMotionController/Content/LM_PassthroughMaterial.uasset' has been saved with empty engine version. The asset will be loaded but may be incompatible.
[2015.11.22-23.00.38:351][  0]LogObj: 28361 objects as part of root set at end of initial load.
[2015.11.22-23.00.38:351][  0]LogUObjectAllocator: 6038864 out of 0 bytes used by permanent object pool.
[2015.11.22-23.00.38:917][  0]LogEngine: Initializing Engine...
[2015.11.22-23.00.38:984][  0]LogHMD: Can't find Oculus library dev build: is proper Runtime installed? Version: 0.7.0.0
[2015.11.22-23.00.39:050][  0]LogHMD: SteamVR failed to initialize.  Err: 110
[2015.11.22-23.00.40:378][  0]LogAIModule: Creating AISystem for world NewWorld
[2015.11.22-23.00.40:383][  0]LogInit: XAudio2 using 'Speakers (Realtek High Definition Audio)' : 2 channels at 48 kHz using 32 bits per sample (channel mask 0x3)
[2015.11.22-23.00.40:513][  0]LogInit: FAudioDevice initialized.
[2015.11.22-23.00.40:540][  0]LogDerivedDataCache: Saved boot cache 0.03s 41MB C:/Users/joffrea123/AppData/Local/UnrealEngine/4.9/DerivedDataCache/Boot.ddc.
[2015.11.22-23.00.40:546][  0]LogInit: Texture streaming: Enabled
[2015.11.22-23.00.40:553][  0]LogAnalytics: Creating configured Analytics provider AnalyticsET
[2015.11.22-23.00.40:553][  0]LogAnalytics: [UEEditor.Rocket.Release] APIServer = http://et2.epicgames.com/ET2/. AppVersion = 4.9.2-2707645+++depot+UE4-Releases+4.9
[2015.11.22-23.00.40:553][  0]LogAnalytics: [UEEditor.Rocket.Release] SetUserId 4101ddee4679b7eb9d01ef8eae8aa713|480ad27ad7944178b153737b4e7fe345|7bccc117-07f0-4646-8e7b-eb9c93f86b25
[2015.11.22-23.00.40:568][  0]LogAnalytics: [UEEditor.Rocket.Release] AnalyticsET::StartSession
[2015.11.22-23.00.40:669][  0]LogInit: Transaction tracking system initialized
[2015.11.22-23.00.41:141][  0]BlueprintLog: New page: Editor Load
[2015.11.22-23.00.43:951][  0]LocalizationService: Info Localization service is disabled
[2015.11.22-23.00.46:273][  0]LogConsoleResponse:Display: 
[2015.11.22-23.00.50:754][  0]LogFileCache: Scanning file cache for directory 'C:/Users/joffrea123/Desktop/Tav Proto/TeamoSupremeo/MyProject/Content/' took 0.01s
[2015.11.22-23.00.50:754][  0]LogCook:Display: Done creating registry. It took  0.00s.
[2015.11.22-23.00.52:645][  0]SourceControl: Info Source control is disabled
[2015.11.22-23.00.52:715][  0]Cmd: MAP LOAD FILE="../../../../../../Users/joffrea123/Desktop/Tav Proto/TeamoSupremeo/MyProject/Content/SideScrollerBP/Maps/SideScrollerExampleMap.umap" TEMPLATE=0 SHOWPROGRESS=1 FEATURELEVEL=3
[2015.11.22-23.00.52:716][  0]LightingResults: New page: Lighting Build
[2015.11.22-23.00.52:873][  0]MapCheck: New page: Map Check
[2015.11.22-23.00.52:873][  0]LightingResults: New page: Lighting Build
[2015.11.22-23.00.52:896][  0]LogParticles: Destroying 0 GPU particle simulations for FXSystem 0x0000000187924400
[2015.11.22-23.00.52:903][  0]LogLinker:Warning: Asset '../../../../../../Users/joffrea123/Desktop/Tav Proto/TeamoSupremeo/MyProject/Content/Mannequin/Animations/ThirdPerson_AnimBP.uasset' has been saved with empty engine version. The asset will be loaded but may be incompatible.
[2015.11.22-23.00.52:905][  0]LogLinker:Warning: Asset '../../../../../../Users/joffrea123/Desktop/Tav Proto/TeamoSupremeo/MyProject/Content/Mannequin/Animations/ThirdPerson_Jump.uasset' has been saved with empty engine version. The asset will be loaded but may be incompatible.
[2015.11.22-23.00.52:935][  0]LogLinker:Warning: Asset '../../../../../../Users/joffrea123/Desktop/Tav Proto/TeamoSupremeo/MyProject/Content/Mannequin/Animations/ThirdPersonJump_Loop.uasset' has been saved with empty engine version. The asset will be loaded but may be incompatible.
[2015.11.22-23.00.52:937][  0]LogLinker:Warning: Asset '../../../../../../Users/joffrea123/Desktop/Tav Proto/TeamoSupremeo/MyProject/Content/Mannequin/Animations/ThirdPersonJump_Start.uasset' has been saved with empty engine version. The asset will be loaded but may be incompatible.
[2015.11.22-23.00.52:939][  0]LogLinker:Warning: Asset '../../../../../../Users/joffrea123/Desktop/Tav Proto/TeamoSupremeo/MyProject/Content/Mannequin/Animations/ThirdPerson_IdleRun_2D.uasset' has been saved with empty engine version. The asset will be loaded but may be incompatible.
[2015.11.22-23.00.52:940][  0]LogLinker:Warning: Asset '../../../../../../Users/joffrea123/Desktop/Tav Proto/TeamoSupremeo/MyProject/Content/Mannequin/Animations/ThirdPersonIdle.uasset' has been saved with empty engine version. The asset will be loaded but may be incompatible.
[2015.11.22-23.00.52:942][  0]LogLinker:Warning: Asset '../../../../../../Users/joffrea123/Desktop/Tav Proto/TeamoSupremeo/MyProject/Content/Mannequin/Animations/ThirdPersonRun.uasset' has been saved with empty engine version. The asset will be loaded but may be incompatible.
[2015.11.22-23.00.52:943][  0]LogLinker:Warning: Asset '../../../../../../Users/joffrea123/Desktop/Tav Proto/TeamoSupremeo/MyProject/Content/Mannequin/Animations/ThirdPersonWalk.uasset' has been saved with empty engine version. The asset will be loaded but may be incompatible.
[2015.11.22-23.00.56:207][  0]LogLinker:Warning: Can't find file '/Game/StarterContent/Textures/T_Metal_Gold_N'
[2015.11.22-23.00.56:207][  0]LogLinker:Warning: Can't find file for asset '/Game/StarterContent/Textures/T_Metal_Gold_N' while loading ../../../../../../Users/joffrea123/Desktop/Tav Proto/TeamoSupremeo/MyProject/Content/StarterContent/Materials/M_Rock_Marble_Polished.uasset.
[2015.11.22-23.00.56:207][  0]LoadErrors:Error: Error /Game/StarterContent/Materials/M_Rock_Marble_Polished : Can't find file for asset. /Game/StarterContent/Textures/T_Metal_Gold_N
[2015.11.22-23.00.56:207][  0]LogLinker:Warning: Can't find file '/Game/StarterContent/Textures/T_Perlin_Noise_M'
[2015.11.22-23.00.56:207][  0]LogLinker:Warning: Can't find file for asset '/Game/StarterContent/Textures/T_Perlin_Noise_M' while loading ../../../../../../Users/joffrea123/Desktop/Tav Proto/TeamoSupremeo/MyProject/Content/StarterContent/Materials/M_Rock_Marble_Polished.uasset.
[2015.11.22-23.00.56:207][  0]LoadErrors:Error: Error /Game/StarterContent/Materials/M_Rock_Marble_Polished : Can't find file for asset. /Game/StarterContent/Textures/T_Perlin_Noise_M
[2015.11.22-23.00.56:207][  0]LogLinker:Warning: Can't find file '/Game/StarterContent/Textures/T_Rock_Marble_Polished_D'
[2015.11.22-23.00.56:207][  0]LogLinker:Warning: Can't find file for asset '/Game/StarterContent/Textures/T_Rock_Marble_Polished_D' while loading ../../../../../../Users/joffrea123/Desktop/Tav Proto/TeamoSupremeo/MyProject/Content/StarterContent/Materials/M_Rock_Marble_Polished.uasset.
[2015.11.22-23.00.56:207][  0]LoadErrors:Error: Error /Game/StarterContent/Materials/M_Rock_Marble_Polished : Can't find file for asset. /Game/StarterContent/Textures/T_Rock_Marble_Polished_D
[2015.11.22-23.00.56:208][  0]LogLinker:Warning: Can't find file '/Game/StarterContent/Textures/T_Metal_Gold_N'
[2015.11.22-23.00.56:208][  0]LogLinker:Warning: Can't find file for asset '/Game/StarterContent/Textures/T_Metal_Gold_N' while loading ../../../../../../Users/joffrea123/Desktop/Tav Proto/TeamoSupremeo/MyProject/Content/StarterContent/Materials/M_Rock_Marble_Polished.uasset.
[2015.11.22-23.00.56:208][  0]LoadErrors:Error: Error /Game/StarterContent/Materials/M_Rock_Marble_Polished : Can't find file for asset. /Game/StarterContent/Textures/T_Metal_Gold_N
[2015.11.22-23.00.56:208][  0]LogLinker:Warning: Can't find file '/Game/StarterContent/Textures/T_Perlin_Noise_M'
[2015.11.22-23.00.56:208][  0]LogLinker:Warning: Can't find file for asset '/Game/StarterContent/Textures/T_Perlin_Noise_M' while loading ../../../../../../Users/joffrea123/Desktop/Tav Proto/TeamoSupremeo/MyProject/Content/StarterContent/Materials/M_Rock_Marble_Polished.uasset.
[2015.11.22-23.00.56:208][  0]LoadErrors:Error: Error /Game/StarterContent/Materials/M_Rock_Marble_Polished : Can't find file for asset. /Game/StarterContent/Textures/T_Perlin_Noise_M
[2015.11.22-23.00.56:208][  0]LogLinker:Warning: Can't find file '/Game/StarterContent/Textures/T_Rock_Marble_Polished_D'
[2015.11.22-23.00.56:208][  0]LogLinker:Warning: Can't find file for asset '/Game/StarterContent/Textures/T_Rock_Marble_Polished_D' while loading ../../../../../../Users/joffrea123/Desktop/Tav Proto/TeamoSupremeo/MyProject/Content/StarterContent/Materials/M_Rock_Marble_Polished.uasset.
[2015.11.22-23.00.56:208][  0]LoadErrors:Error: Error /Game/StarterContent/Materials/M_Rock_Marble_Polished : Can't find file for asset. /Game/StarterContent/Textures/T_Rock_Marble_Polished_D
[2015.11.22-23.00.56:296][  0]LogLinker:Warning: Can't find file '/Game/StarterContent/Textures/T_Rock_Marble_Polished_D'
[2015.11.22-23.00.56:296][  0]LoadErrors: Info Failed to load /Game/StarterContent/Textures/T_Rock_Marble_Polished_D.T_Rock_Marble_Polished_D Referenced by MaterialExpressionTextureSample_1
[2015.11.22-23.00.56:297][  0]LogLinker:Warning: Can't find file for asset '/Game/StarterContent/Textures/T_Rock_Marble_Polished_D' while loading NULL.
[2015.11.22-23.00.56:297][  0]LoadErrors: Info Failed to load /Game/StarterContent/Textures/T_Rock_Marble_Polished_D.T_Rock_Marble_Polished_D Referenced by MaterialExpressionTextureSample_1
[2015.11.22-23.00.56:297][  0]LogLinker:Warning: Can't find file '/Game/StarterContent/Textures/T_Metal_Gold_N'
[2015.11.22-23.00.56:297][  0]LoadErrors: Info Failed to load /Game/StarterContent/Textures/T_Metal_Gold_N.T_Metal_Gold_N Referenced by MaterialExpressionTextureSample_13
[2015.11.22-23.00.56:297][  0]LogLinker:Warning: Can't find file for asset '/Game/StarterContent/Textures/T_Metal_Gold_N' while loading NULL.
[2015.11.22-23.00.56:297][  0]LoadErrors: Info Failed to load /Game/StarterContent/Textures/T_Metal_Gold_N.T_Metal_Gold_N Referenced by MaterialExpressionTextureSample_13
[2015.11.22-23.00.56:297][  0]LogLinker:Warning: Can't find file '/Game/StarterContent/Textures/T_Perlin_Noise_M'
[2015.11.22-23.00.56:298][  0]LoadErrors: Info Failed to load /Game/StarterContent/Textures/T_Perlin_Noise_M.T_Perlin_Noise_M Referenced by MaterialExpressionTextureSample_14
[2015.11.22-23.00.56:298][  0]LogLinker:Warning: Can't find file for asset '/Game/StarterContent/Textures/T_Perlin_Noise_M' while loading NULL.
[2015.11.22-23.00.56:298][  0]LoadErrors: Info Failed to load /Game/StarterContent/Textures/T_Perlin_Noise_M.T_Perlin_Noise_M Referenced by MaterialExpressionTextureSample_14
[2015.11.22-23.00.56:298][  0]LogLinker:Warning: Can't find file '/Game/StarterContent/Textures/T_Rock_Marble_Polished_D'
[2015.11.22-23.00.56:298][  0]LoadErrors: Info Failed to load /Game/StarterContent/Textures/T_Rock_Marble_Polished_D.T_Rock_Marble_Polished_D Referenced by MaterialExpressionTextureSample_15
[2015.11.22-23.00.56:298][  0]LogLinker:Warning: Can't find file for asset '/Game/StarterContent/Textures/T_Rock_Marble_Polished_D' while loading NULL.
[2015.11.22-23.00.56:298][  0]LoadErrors: Info Failed to load /Game/StarterContent/Textures/T_Rock_Marble_Polished_D.T_Rock_Marble_Polished_D Referenced by MaterialExpressionTextureSample_15
[2015.11.22-23.00.56:298][  0]LogLinker:Warning: Can't find file '/Game/StarterContent/Textures/T_Rock_Marble_Polished_D'
[2015.11.22-23.00.56:299][  0]LoadErrors: Info Failed to load /Game/StarterContent/Textures/T_Rock_Marble_Polished_D.T_Rock_Marble_Polished_D Referenced by MaterialExpressionTextureSample_16
[2015.11.22-23.00.56:299][  0]LogLinker:Warning: Can't find file for asset '/Game/StarterContent/Textures/T_Rock_Marble_Polished_D' while loading NULL.
[2015.11.22-23.00.56:299][  0]LoadErrors: Info Failed to load /Game/StarterContent/Textures/T_Rock_Marble_Polished_D.T_Rock_Marble_Polished_D Referenced by MaterialExpressionTextureSample_16
[2015.11.22-23.00.56:299][  0]LogLinker:Warning: Can't find file '/Game/StarterContent/Textures/T_Rock_Marble_Polished_D'
[2015.11.22-23.00.56:299][  0]LoadErrors: Info Failed to load /Game/StarterContent/Textures/T_Rock_Marble_Polished_D.T_Rock_Marble_Polished_D Referenced by MaterialExpressionTextureSample_2
[2015.11.22-23.00.56:299][  0]LogLinker:Warning: Can't find file for asset '/Game/StarterContent/Textures/T_Rock_Marble_Polished_D' while loading NULL.
[2015.11.22-23.00.56:299][  0]LoadErrors: Info Failed to load /Game/StarterContent/Textures/T_Rock_Marble_Polished_D.T_Rock_Marble_Polished_D Referenced by MaterialExpressionTextureSample_2
[2015.11.22-23.00.58:217][  0]LogMaterial: Missing cached shader map for material M_Rock_Marble_Polished, compiling. 
[2015.11.22-23.00.58:337][  0]LogMaterial:Warning: Failed to compile Material /Game/StarterContent/Materials/M_Rock_Marble_Polished.M_Rock_Marble_Polished for platform PCD3D_SM5, Default Material will be used in game.
[2015.11.22-23.00.58:337][  0]LogMaterial:Warning: 	(Node TextureSample) TextureSample> Missing input texture
[2015.11.22-23.01.04:294][  0]LogAIModule: Creating AISystem for world SideScrollerExampleMap
[2015.11.22-23.01.04:485][  0]LogEditorServer: Finished looking for orphan Actors (0.000 secs)
[2015.11.22-23.01.04:580][  0]Cmd: MAP CHECKDEP NOCLEARLOG
[2015.11.22-23.01.04:647][  0]MapCheck: Info Map check complete: 0 Error(s), 0 Warning(s), took 67.425ms to complete.
[2015.11.22-23.01.04:647][  0]LogFileHelpers: Loading map 'SideScrollerExampleMap' took 11.933
[2015.11.22-23.01.06:174][  0]LogCollectionManager: Loaded 0 collections in 0.003297 seconds
[2015.11.22-23.01.06:584][  0]LogFileCache: Scanning file cache for directory 'C:/Users/joffrea123/Desktop/Tav Proto/TeamoSupremeo/MyProject/Saved/Collections/' took 0.01s
[2015.11.22-23.01.06:584][  0]LogFileCache: Scanning file cache for directory 'C:/Users/joffrea123/Desktop/Tav Proto/TeamoSupremeo/MyProject/Content/Developers/joffrea123/Collections/' took 0.01s
[2015.11.22-23.01.06:584][  0]LogFileCache: Scanning file cache for directory 'C:/Users/joffrea123/Desktop/Tav Proto/TeamoSupremeo/MyProject/Content/Collections/' took 0.01s
[2015.11.22-23.01.06:584][  0]LogContentBrowser: Native class hierarchy populated in 0.1409 seconds. Added 1867 classes and 333 folders.
[2015.11.22-23.01.06:815][  0]LogCollectionManager: Rebuilt the GUID cache for 0 collections in 0.000004 seconds
[2015.11.22-23.01.07:113][  0]LogContentBrowser: Native class hierarchy updated for 'WidgetCarousel' in 0.0004 seconds. Added 0 classes and 0 folders.
[2015.11.22-23.01.11:794][  0]LogContentBrowser: Native class hierarchy updated for 'AddContentDialog' in 0.0006 seconds. Added 0 classes and 0 folders.
[2015.11.22-23.01.11:829][  0]LogContentBrowser: Native class hierarchy updated for 'SceneOutliner' in 0.0004 seconds. Added 1 classes and 2 folders.
[2015.11.22-23.01.12:508][  0]LogCrashTracker: Crashtracker disabled due to settings.
[2015.11.22-23.01.12:648][  0]LogUObjectGlobals:Warning: Failed to find object 'Class None.'
[2015.11.22-23.01.12:752][  0]LogLoad: Full Startup: 98.21 seconds (BP compile: 1.49 seconds)
[2015.11.22-23.01.13:841][  0]LogContentStreaming: Texture pool size now 1000 MB
[2015.11.22-23.01.14:408][  0]LogRenderer: Reallocating scene render targets to support 876x496 (Frame:2).
[2015.11.22-23.01.23:164][225]LogAssetRegistry: Asset discovery search completed in 50.8000 seconds
[2015.11.22-23.01.23:164][225]LogCollectionManager: Rebuilt the object cache for 0 collections in 0.000001 seconds (found 0 objects)
[2015.11.22-23.01.23:317][225]LogCollectionManager: Fixed up redirectors for 0 collections in 0.000042 seconds (updated 0 objects)
[2015.11.22-23.01.43:738][784]LogActorComponent: UnregisterComponent: (/Engine/Transient.CharMoveComp) Not registered. Aborting.
[2015.11.22-23.01.43:793][784]Cmd: MAP LOAD FILE="../../../../../../Users/joffrea123/Desktop/Tav Proto/TeamoSupremeo/MyProject/Content/Maps/Prototypelevel.umap" TEMPLATE=0 SHOWPROGRESS=1 FEATURELEVEL=3
[2015.11.22-23.01.43:830][784]LightingResults: New page: Lighting Build
[2015.11.22-23.01.43:859][784]LoadErrors: New page: Loading map: Prototypelevel.umap
[2015.11.22-23.01.43:860][784]MapCheck: New page: Map Check
[2015.11.22-23.01.43:860][784]LightingResults: New page: Lighting Build
[2015.11.22-23.01.43:889][784]LogParticles: Destroying 0 GPU particle simulations for FXSystem 0x000000018FD4FBA0
[2015.11.22-23.01.45:371][784]LogAIModule: Creating AISystem for world Prototypelevel
[2015.11.22-23.01.45:381][784]LogEditorServer: Finished looking for orphan Actors (0.000 secs)
[2015.11.22-23.01.45:451][784]Cmd: MAP CHECKDEP NOCLEARLOG
[2015.11.22-23.01.45:523][784]MapCheck: Info Map check complete: 0 Error(s), 0 Warning(s), took 71.451ms to complete.
[2015.11.22-23.01.45:523][784]LogFileHelpers: Loading map 'Prototypelevel' took 1.732
[2015.11.22-23.01.56:840][146]LogBlueprintUserMessages: Early PlayInEditor Detection: Level '/Game/Maps/Prototypelevel.Prototypelevel:PersistentLevel' has LevelScriptBlueprint '/Game/Maps/Prototypelevel.Prototypelevel:PersistentLevel.Prototypelevel' with GeneratedClass '/Game/Maps/Prototypelevel.Prototypelevel_C' with ClassGeneratedBy '/Game/Maps/Prototypelevel.Prototypelevel:PersistentLevel.Prototypelevel'
[2015.11.22-23.01.56:840][146]LogPlayLevel: PlayLevel: No blueprints needed recompiling
[2015.11.22-23.01.56:918][146]PIE: New page: PIE session: Prototypelevel (23 Nov 2015 9:01:56 pm)
[2015.11.22-23.01.56:918][146]LogPlayLevel: Creating play world package: /Game/Maps/UEDPIE_0_Prototypelevel
[2015.11.22-23.01.56:931][146]LogPlayLevel: PIE: StaticDuplicateObject took: (0.013172s)
[2015.11.22-23.01.56:932][146]LogAIModule: Creating AISystem for world Prototypelevel
[2015.11.22-23.01.56:932][146]LogPlayLevel: PIE: World Init took: (0.000934s)
[2015.11.22-23.01.56:932][146]LogPlayLevel: PIE: Created PIE world by copying editor world from /Game/Maps/Prototypelevel.Prototypelevel to /Game/Maps/UEDPIE_0_Prototypelevel.Prototypelevel (0.014550s)
[2015.11.22-23.01.56:932][146]LogActorComponent: UnregisterComponent: (/Engine/Transient.CharMoveComp) Not registered. Aborting.
[2015.11.22-23.01.56:969][146]LogInit: XAudio2 using 'Speakers (Realtek High Definition Audio)' : 2 channels at 48 kHz using 32 bits per sample (channel mask 0x3)
[2015.11.22-23.01.56:987][146]LogInit: FAudioDevice initialized.
[2015.11.22-23.01.57:106][146]LogWorld: Game class is 'SideScrollerGameMode_C'
[2015.11.22-23.01.57:362][146]LogWorld: Bringing World /Game/Maps/UEDPIE_0_Prototypelevel.Prototypelevel up for play (max tick rate 0) at 2015.11.23-10.01.57
[2015.11.22-23.01.57:363][146]LogActor:Warning: GameSession /Game/Maps/UEDPIE_0_Prototypelevel.Prototypelevel:PersistentLevel.GameSession_0 has natively added scene component(s), but none of them were set as the actor's RootComponent - picking one arbitrarily
[2015.11.22-23.01.57:364][146]LogActor:Warning: GameNetworkManager /Game/Maps/UEDPIE_0_Prototypelevel.Prototypelevel:PersistentLevel.GameNetworkManager_0 has natively added scene component(s), but none of them were set as the actor's RootComponent - picking one arbitrarily
[2015.11.22-23.01.57:389][146]LogWorld: Bringing up level for play took: 0.033947
[2015.11.22-23.01.57:612][146]PIE: Info Play in editor start time for /Game/Maps/UEDPIE_0_Prototypelevel 0.687
[2015.11.22-23.01.57:612][146]LogBlueprintUserMessages: Late PlayInEditor Detection: Level '/Game/Maps/Prototypelevel.Prototypelevel:PersistentLevel' has LevelScriptBlueprint '/Game/Maps/Prototypelevel.Prototypelevel:PersistentLevel.Prototypelevel' with GeneratedClass '/Game/Maps/Prototypelevel.Prototypelevel_C' with ClassGeneratedBy '/Game/Maps/Prototypelevel.Prototypelevel:PersistentLevel.Prototypelevel'
[2015.11.22-23.02.10:735][641]LogBlueprintUserMessages: [SideScrollerGameMode_C_0] You Died
[2015.11.22-23.02.13:656][761]LogBlueprintUserMessages: Early EndPlayMap Detection: Level '/Game/Maps/Prototypelevel.Prototypelevel:PersistentLevel' has LevelScriptBlueprint '/Game/Maps/Prototypelevel.Prototypelevel:PersistentLevel.Prototypelevel' with GeneratedClass '/Game/Maps/Prototypelevel.Prototypelevel_C' with ClassGeneratedBy '/Game/Maps/Prototypelevel.Prototypelevel:PersistentLevel.Prototypelevel'
[2015.11.22-23.02.13:735][761]LogBlueprintUserMessages: Late EndPlayMap Detection: Level '/Game/Maps/Prototypelevel.Prototypelevel:PersistentLevel' has LevelScriptBlueprint '/Game/Maps/Prototypelevel.Prototypelevel:PersistentLevel.Prototypelevel' with GeneratedClass '/Game/Maps/Prototypelevel.Prototypelevel_C' with ClassGeneratedBy '/Game/Maps/Prototypelevel.Prototypelevel:PersistentLevel.Prototypelevel'
[2015.11.22-23.02.13:780][761]LogParticles: Destroying 0 GPU particle simulations for FXSystem 0x00000001F5E4B4C0
[2015.11.22-23.02.28:669][262]LogLinker:Warning: Asset '../../../Engine/Content/ArtTools/RenderToTexture/Macros/RenderToTextureMacros.uasset' has been saved with empty engine version. The asset will be loaded but may be incompatible.
[2015.11.22-23.02.29:549][262]LogContentBrowser: Native class hierarchy updated for 'BlueprintGraph' in 0.0013 seconds. Added 107 classes and 0 folders.
[2015.11.22-23.03.39:576][448]BlueprintLog: New page: Compile SideScrollerCharacter
[2015.11.22-23.03.39:844][448]LogActorComponent: UnregisterComponent: (/Engine/Transient.CharMoveComp) Not registered. Aborting.
[2015.11.22-23.03.39:923][448]BlueprintEditorCompileResults: Info [0245.38] Compile of SideScrollerCharacter successful! [in 345 ms]
[2015.11.22-23.03.43:530][569]LogBlueprintUserMessages: Early PlayInEditor Detection: Level '/Game/Maps/Prototypelevel.Prototypelevel:PersistentLevel' has LevelScriptBlueprint '/Game/Maps/Prototypelevel.Prototypelevel:PersistentLevel.Prototypelevel' with GeneratedClass '/Game/Maps/Prototypelevel.Prototypelevel_C' with ClassGeneratedBy '/Game/Maps/Prototypelevel.Prototypelevel:PersistentLevel.Prototypelevel'
[2015.11.22-23.03.43:530][569]LogPlayLevel: PlayLevel: No blueprints needed recompiling
[2015.11.22-23.03.43:530][569]PIE: New page: PIE session: Prototypelevel (23 Nov 2015 9:03:43 pm)
[2015.11.22-23.03.43:530][569]LogPlayLevel: Creating play world package: /Game/Maps/UEDPIE_0_Prototypelevel
[2015.11.22-23.03.43:547][569]LogPlayLevel: PIE: StaticDuplicateObject took: (0.016761s)
[2015.11.22-23.03.43:548][569]LogAIModule: Creating AISystem for world Prototypelevel
[2015.11.22-23.03.43:548][569]LogPlayLevel: PIE: World Init took: (0.001735s)
[2015.11.22-23.03.43:549][569]LogPlayLevel: PIE: Created PIE world by copying editor world from /Game/Maps/Prototypelevel.Prototypelevel to /Game/Maps/UEDPIE_0_Prototypelevel.Prototypelevel (0.019037s)
[2015.11.22-23.03.43:549][569]LogActorComponent: UnregisterComponent: (/Engine/Transient.CharMoveComp) Not registered. Aborting.
[2015.11.22-23.03.43:607][569]LogInit: XAudio2 using 'Speakers (Realtek High Definition Audio)' : 2 channels at 48 kHz using 32 bits per sample (channel mask 0x3)
[2015.11.22-23.03.43:621][569]LogInit: FAudioDevice initialized.
[2015.11.22-23.03.43:662][569]LogWorld: Game class is 'SideScrollerGameMode_C'
[2015.11.22-23.03.43:671][569]LogWorld: Bringing World /Game/Maps/UEDPIE_0_Prototypelevel.Prototypelevel up for play (max tick rate 0) at 2015.11.23-10.03.43
[2015.11.22-23.03.43:671][569]LogActor:Warning: GameSession /Game/Maps/UEDPIE_0_Prototypelevel.Prototypelevel:PersistentLevel.GameSession_1 has natively added scene component(s), but none of them were set as the actor's RootComponent - picking one arbitrarily
[2015.11.22-23.03.43:671][569]LogActor:Warning: GameNetworkManager /Game/Maps/UEDPIE_0_Prototypelevel.Prototypelevel:PersistentLevel.GameNetworkManager_1 has natively added scene component(s), but none of them were set as the actor's RootComponent - picking one arbitrarily
[2015.11.22-23.03.43:672][569]LogWorld: Bringing up level for play took: 0.008512
[2015.11.22-23.03.43:677][569]PIE: Info Play in editor start time for /Game/Maps/UEDPIE_0_Prototypelevel 0.752
[2015.11.22-23.03.43:677][569]LogBlueprintUserMessages: Late PlayInEditor Detection: Level '/Game/Maps/Prototypelevel.Prototypelevel:PersistentLevel' has LevelScriptBlueprint '/Game/Maps/Prototypelevel.Prototypelevel:PersistentLevel.Prototypelevel' with GeneratedClass '/Game/Maps/Prototypelevel.Prototypelevel_C' with ClassGeneratedBy '/Game/Maps/Prototypelevel.Prototypelevel:PersistentLevel.Prototypelevel'
[2015.11.22-23.03.55:794][112]LogBlueprintUserMessages: [SideScrollerGameMode_C_0] You Died
[2015.11.22-23.03.56:295][136]LogBlueprintUserMessages: Early EndPlayMap Detection: Level '/Game/Maps/Prototypelevel.Prototypelevel:PersistentLevel' has LevelScriptBlueprint '/Game/Maps/Prototypelevel.Prototypelevel:PersistentLevel.Prototypelevel' with GeneratedClass '/Game/Maps/Prototypelevel.Prototypelevel_C' with ClassGeneratedBy '/Game/Maps/Prototypelevel.Prototypelevel:PersistentLevel.Prototypelevel'
[2015.11.22-23.03.56:337][136]LogBlueprintUserMessages: Late EndPlayMap Detection: Level '/Game/Maps/Prototypelevel.Prototypelevel:PersistentLevel' has LevelScriptBlueprint '/Game/Maps/Prototypelevel.Prototypelevel:PersistentLevel.Prototypelevel' with GeneratedClass '/Game/Maps/Prototypelevel.Prototypelevel_C' with ClassGeneratedBy '/Game/Maps/Prototypelevel.Prototypelevel:PersistentLevel.Prototypelevel'
[2015.11.22-23.03.56:392][136]LogParticles: Destroying 0 GPU particle simulations for FXSystem 0x00000001BC9E3920
[2015.11.22-23.03.58:220][214]LogBlueprintUserMessages: Early PlayInEditor Detection: Level '/Game/Maps/Prototypelevel.Prototypelevel:PersistentLevel' has LevelScriptBlueprint '/Game/Maps/Prototypelevel.Prototypelevel:PersistentLevel.Prototypelevel' with GeneratedClass '/Game/Maps/Prototypelevel.Prototypelevel_C' with ClassGeneratedBy '/Game/Maps/Prototypelevel.Prototypelevel:PersistentLevel.Prototypelevel'
[2015.11.22-23.03.58:220][214]LogPlayLevel: PlayLevel: No blueprints needed recompiling
[2015.11.22-23.03.58:220][214]PIE: New page: PIE session: Prototypelevel (23 Nov 2015 9:03:58 pm)
[2015.11.22-23.03.58:220][214]LogPlayLevel: Creating play world package: /Game/Maps/UEDPIE_0_Prototypelevel
[2015.11.22-23.03.58:236][214]LogPlayLevel: PIE: StaticDuplicateObject took: (0.015992s)
[2015.11.22-23.03.58:237][214]LogAIModule: Creating AISystem for world Prototypelevel
[2015.11.22-23.03.58:238][214]LogPlayLevel: PIE: World Init took: (0.001778s)
[2015.11.22-23.03.58:238][214]LogPlayLevel: PIE: Created PIE world by copying editor world from /Game/Maps/Prototypelevel.Prototypelevel to /Game/Maps/UEDPIE_0_Prototypelevel.Prototypelevel (0.018159s)
[2015.11.22-23.03.58:296][214]LogInit: XAudio2 using 'Speakers (Realtek High Definition Audio)' : 2 channels at 48 kHz using 32 bits per sample (channel mask 0x3)
[2015.11.22-23.03.58:309][214]LogInit: FAudioDevice initialized.
[2015.11.22-23.03.58:349][214]LogWorld: Game class is 'SideScrollerGameMode_C'
[2015.11.22-23.03.58:358][214]LogWorld: Bringing World /Game/Maps/UEDPIE_0_Prototypelevel.Prototypelevel up for play (max tick rate 0) at 2015.11.23-10.03.58
[2015.11.22-23.03.58:358][214]LogActor:Warning: GameSession /Game/Maps/UEDPIE_0_Prototypelevel.Prototypelevel:PersistentLevel.GameSession_2 has natively added scene component(s), but none of them were set as the actor's RootComponent - picking one arbitrarily
[2015.11.22-23.03.58:358][214]LogActor:Warning: GameNetworkManager /Game/Maps/UEDPIE_0_Prototypelevel.Prototypelevel:PersistentLevel.GameNetworkManager_2 has natively added scene component(s), but none of them were set as the actor's RootComponent - picking one arbitrarily
[2015.11.22-23.03.58:358][214]LogWorld: Bringing up level for play took: 0.009003
[2015.11.22-23.03.58:362][214]PIE: Info Play in editor start time for /Game/Maps/UEDPIE_0_Prototypelevel -0.563
[2015.11.22-23.03.58:362][214]LogBlueprintUserMessages: Late PlayInEditor Detection: Level '/Game/Maps/Prototypelevel.Prototypelevel:PersistentLevel' has LevelScriptBlueprint '/Game/Maps/Prototypelevel.Prototypelevel:PersistentLevel.Prototypelevel' with GeneratedClass '/Game/Maps/Prototypelevel.Prototypelevel_C' with ClassGeneratedBy '/Game/Maps/Prototypelevel.Prototypelevel:PersistentLevel.Prototypelevel'
[2015.11.22-23.04.10:519][767]LogBlueprintUserMessages: [SideScrollerGameMode_C_1] You Died
[2015.11.22-23.04.11:561][817]LogBlueprintUserMessages: Early EndPlayMap Detection: Level '/Game/Maps/Prototypelevel.Prototypelevel:PersistentLevel' has LevelScriptBlueprint '/Game/Maps/Prototypelevel.Prototypelevel:PersistentLevel.Prototypelevel' with GeneratedClass '/Game/Maps/Prototypelevel.Prototypelevel_C' with ClassGeneratedBy '/Game/Maps/Prototypelevel.Prototypelevel:PersistentLevel.Prototypelevel'
[2015.11.22-23.04.11:605][817]LogBlueprintUserMessages: Late EndPlayMap Detection: Level '/Game/Maps/Prototypelevel.Prototypelevel:PersistentLevel' has LevelScriptBlueprint '/Game/Maps/Prototypelevel.Prototypelevel:PersistentLevel.Prototypelevel' with GeneratedClass '/Game/Maps/Prototypelevel.Prototypelevel_C' with ClassGeneratedBy '/Game/Maps/Prototypelevel.Prototypelevel:PersistentLevel.Prototypelevel'
[2015.11.22-23.04.11:708][818]LogParticles: Destroying 0 GPU particle simulations for FXSystem 0x00000001BCB719E0
[2015.11.22-23.04.13:360][884]LogBlueprintUserMessages: Early PlayInEditor Detection: Level '/Game/Maps/Prototypelevel.Prototypelevel:PersistentLevel' has LevelScriptBlueprint '/Game/Maps/Prototypelevel.Prototypelevel:PersistentLevel.Prototypelevel' with GeneratedClass '/Game/Maps/Prototypelevel.Prototypelevel_C' with ClassGeneratedBy '/Game/Maps/Prototypelevel.Prototypelevel:PersistentLevel.Prototypelevel'
[2015.11.22-23.04.13:360][884]LogPlayLevel: PlayLevel: No blueprints needed recompiling
[2015.11.22-23.04.13:361][884]PIE: New page: PIE session: Prototypelevel (23 Nov 2015 9:04:13 pm)
[2015.11.22-23.04.13:361][884]LogPlayLevel: Creating play world package: /Game/Maps/UEDPIE_0_Prototypelevel
[2015.11.22-23.04.13:383][884]LogPlayLevel: PIE: StaticDuplicateObject took: (0.022208s)
[2015.11.22-23.04.13:384][884]LogAIModule: Creating AISystem for world Prototypelevel
[2015.11.22-23.04.13:384][884]LogPlayLevel: PIE: World Init took: (0.001324s)
[2015.11.22-23.04.13:385][884]LogPlayLevel: PIE: Created PIE world by copying editor world from /Game/Maps/Prototypelevel.Prototypelevel to /Game/Maps/UEDPIE_0_Prototypelevel.Prototypelevel (0.023960s)
[2015.11.22-23.04.13:466][884]LogInit: XAudio2 using 'Speakers (Realtek High Definition Audio)' : 2 channels at 48 kHz using 32 bits per sample (channel mask 0x3)
[2015.11.22-23.04.13:486][884]LogInit: FAudioDevice initialized.
[2015.11.22-23.04.13:533][884]LogWorld: Game class is 'SideScrollerGameMode_C'
[2015.11.22-23.04.13:544][884]LogWorld: Bringing World /Game/Maps/UEDPIE_0_Prototypelevel.Prototypelevel up for play (max tick rate 0) at 2015.11.23-10.04.13
[2015.11.22-23.04.13:544][884]LogActor:Warning: GameSession /Game/Maps/UEDPIE_0_Prototypelevel.Prototypelevel:PersistentLevel.GameSession_3 has natively added scene component(s), but none of them were set as the actor's RootComponent - picking one arbitrarily
[2015.11.22-23.04.13:544][884]LogActor:Warning: GameNetworkManager /Game/Maps/UEDPIE_0_Prototypelevel.Prototypelevel:PersistentLevel.GameNetworkManager_3 has natively added scene component(s), but none of them were set as the actor's RootComponent - picking one arbitrarily
[2015.11.22-23.04.13:545][884]LogWorld: Bringing up level for play took: 0.011428
[2015.11.22-23.04.13:550][884]PIE: Info Play in editor start time for /Game/Maps/UEDPIE_0_Prototypelevel 0.625
[2015.11.22-23.04.13:551][884]LogBlueprintUserMessages: Late PlayInEditor Detection: Level '/Game/Maps/Prototypelevel.Prototypelevel:PersistentLevel' has LevelScriptBlueprint '/Game/Maps/Prototypelevel.Prototypelevel:PersistentLevel.Prototypelevel' with GeneratedClass '/Game/Maps/Prototypelevel.Prototypelevel_C' with ClassGeneratedBy '/Game/Maps/Prototypelevel.Prototypelevel:PersistentLevel.Prototypelevel'
[2015.11.22-23.04.17:952][ 84]LogBlueprintUserMessages: [SideScrollerGameMode_C_2] You Died
[2015.11.22-23.04.58:170][892]LogBlueprintUserMessages: [SideScrollerGameMode_C_2] You Died
[2015.11.22-23.04.59:664][956]LogBlueprintUserMessages: Early EndPlayMap Detection: Level '/Game/Maps/Prototypelevel.Prototypelevel:PersistentLevel' has LevelScriptBlueprint '/Game/Maps/Prototypelevel.Prototypelevel:PersistentLevel.Prototypelevel' with GeneratedClass '/Game/Maps/Prototypelevel.Prototypelevel_C' with ClassGeneratedBy '/Game/Maps/Prototypelevel.Prototypelevel:PersistentLevel.Prototypelevel'
[2015.11.22-23.04.59:722][956]LogBlueprintUserMessages: Late EndPlayMap Detection: Level '/Game/Maps/Prototypelevel.Prototypelevel:PersistentLevel' has LevelScriptBlueprint '/Game/Maps/Prototypelevel.Prototypelevel:PersistentLevel.Prototypelevel' with GeneratedClass '/Game/Maps/Prototypelevel.Prototypelevel_C' with ClassGeneratedBy '/Game/Maps/Prototypelevel.Prototypelevel:PersistentLevel.Prototypelevel'
[2015.11.22-23.04.59:880][957]LogParticles: Destroying 0 GPU particle simulations for FXSystem 0x00000001F52E3420
[2015.11.22-23.05.00:590][981]LogBlueprintUserMessages: Early PlayInEditor Detection: Level '/Game/Maps/Prototypelevel.Prototypelevel:PersistentLevel' has LevelScriptBlueprint '/Game/Maps/Prototypelevel.Prototypelevel:PersistentLevel.Prototypelevel' with GeneratedClass '/Game/Maps/Prototypelevel.Prototypelevel_C' with ClassGeneratedBy '/Game/Maps/Prototypelevel.Prototypelevel:PersistentLevel.Prototypelevel'
[2015.11.22-23.05.00:591][981]LogPlayLevel: PlayLevel: No blueprints needed recompiling
[2015.11.22-23.05.00:591][981]PIE: New page: PIE session: Prototypelevel (23 Nov 2015 9:05:00 pm)
[2015.11.22-23.05.00:591][981]LogPlayLevel: Creating play world package: /Game/Maps/UEDPIE_0_Prototypelevel
[2015.11.22-23.05.00:625][981]LogPlayLevel: PIE: StaticDuplicateObject took: (0.033391s)
[2015.11.22-23.05.00:626][981]LogAIModule: Creating AISystem for world Prototypelevel
[2015.11.22-23.05.00:627][981]LogPlayLevel: PIE: World Init took: (0.002114s)
[2015.11.22-23.05.00:627][981]LogPlayLevel: PIE: Created PIE world by copying editor world from /Game/Maps/Prototypelevel.Prototypelevel to /Game/Maps/UEDPIE_0_Prototypelevel.Prototypelevel (0.036104s)
[2015.11.22-23.05.00:738][981]LogInit: XAudio2 using 'Speakers (Realtek High Definition Audio)' : 2 channels at 48 kHz using 32 bits per sample (channel mask 0x3)
[2015.11.22-23.05.00:765][981]LogInit: FAudioDevice initialized.
[2015.11.22-23.05.00:817][981]LogWorld: Game class is 'SideScrollerGameMode_C'
[2015.11.22-23.05.00:834][981]LogWorld: Bringing World /Game/Maps/UEDPIE_0_Prototypelevel.Prototypelevel up for play (max tick rate 0) at 2015.11.23-10.05.00
[2015.11.22-23.05.00:834][981]LogActor:Warning: GameSession /Game/Maps/UEDPIE_0_Prototypelevel.Prototypelevel:PersistentLevel.GameSession_4 has natively added scene component(s), but none of them were set as the actor's RootComponent - picking one arbitrarily
[2015.11.22-23.05.00:835][981]LogActor:Warning: GameNetworkManager /Game/Maps/UEDPIE_0_Prototypelevel.Prototypelevel:PersistentLevel.GameNetworkManager_4 has natively added scene component(s), but none of them were set as the actor's RootComponent - picking one arbitrarily
[2015.11.22-23.05.00:837][981]LogWorld: Bringing up level for play took: 0.018222
[2015.11.22-23.05.00:843][981]PIE: Info Play in editor start time for /Game/Maps/UEDPIE_0_Prototypelevel -0.082
[2015.11.22-23.05.00:844][981]LogBlueprintUserMessages: Late PlayInEditor Detection: Level '/Game/Maps/Prototypelevel.Prototypelevel:PersistentLevel' has LevelScriptBlueprint '/Game/Maps/Prototypelevel.Prototypelevel:PersistentLevel.Prototypelevel' with GeneratedClass '/Game/Maps/Prototypelevel.Prototypelevel_C' with ClassGeneratedBy '/Game/Maps/Prototypelevel.Prototypelevel:PersistentLevel.Prototypelevel'
[2015.11.22-23.06.16:591][326]LogBlueprintUserMessages: Early EndPlayMap Detection: Level '/Game/Maps/Prototypelevel.Prototypelevel:PersistentLevel' has LevelScriptBlueprint '/Game/Maps/Prototypelevel.Prototypelevel:PersistentLevel.Prototypelevel' with GeneratedClass '/Game/Maps/Prototypelevel.Prototypelevel_C' with ClassGeneratedBy '/Game/Maps/Prototypelevel.Prototypelevel:PersistentLevel.Prototypelevel'
[2015.11.22-23.06.16:635][326]LogBlueprintUserMessages: Late EndPlayMap Detection: Level '/Game/Maps/Prototypelevel.Prototypelevel:PersistentLevel' has LevelScriptBlueprint '/Game/Maps/Prototypelevel.Prototypelevel:PersistentLevel.Prototypelevel' with GeneratedClass '/Game/Maps/Prototypelevel.Prototypelevel_C' with ClassGeneratedBy '/Game/Maps/Prototypelevel.Prototypelevel:PersistentLevel.Prototypelevel'
[2015.11.22-23.06.16:710][327]LogParticles: Destroying 0 GPU particle simulations for FXSystem 0x00000001F488BF60
[2015.11.22-23.06.35:044][982]LogWindowsTextInputMethodSystem:Display: IME system now deactivated.
[2015.11.22-23.06.35:446][983]Cmd: QUIT_EDITOR
[2015.11.22-23.06.36:714][983]LogExit: Preparing to exit.
[2015.11.22-23.06.37:861][983]LogExit: Editor shut down
[2015.11.22-23.06.37:862][983]LogExit: Transaction tracking system shut down
[2015.11.22-23.06.37:930][983]LogParticles: Destroying 0 GPU particle simulations for FXSystem 0x00000001876FD580
[2015.11.22-23.06.37:931][983]LogParticles: Destroying 0 GPU particle simulations for FXSystem 0x00000001F6B489A0
[2015.11.22-23.06.37:932][983]LogParticles: Destroying 0 GPU particle simulations for FXSystem 0x000000019050DD00
[2015.11.22-23.06.37:932][983]LogParticles: Destroying 0 GPU particle simulations for FXSystem 0x0000000195E62480
[2015.11.22-23.06.37:932][983]LogParticles: Destroying 0 GPU particle simulations for FXSystem 0x000000019BC4C860
[2015.11.22-23.06.38:186][983]LogExit: Object subsystem successfully closed.
[2015.11.22-23.06.38:284][983]LogD3D11RHI: Shutdown
[2015.11.22-23.06.38:284][983]LogD3D11RHI: CleanupD3DDevice
[2015.11.22-23.06.38:616][983]LogD3D11RHI: ~FD3D11DynamicRHI
[2015.11.22-23.06.38:689][983]LogModuleManager: Shutting down and abandoning module BlueprintGraph (198)
[2015.11.22-23.06.38:689][983]LogModuleManager: Shutting down and abandoning module CrashTracker (197)
[2015.11.22-23.06.38:689][983]LogModuleManager: Shutting down and abandoning module SceneOutliner (196)
[2015.11.22-23.06.38:689][983]LogModuleManager: Shutting down and abandoning module SuperSearch (195)
[2015.11.22-23.06.38:689][983]LogModuleManager: Shutting down and abandoning module WidgetCarousel (194)
[2015.11.22-23.06.38:689][983]LogModuleManager: Shutting down and abandoning module AddContentDialog (193)
[2015.11.22-23.06.38:691][983]LogModuleManager: Shutting down and abandoning module EditorWidgets (192)
[2015.11.22-23.06.38:691][983]LogModuleManager: Shutting down and abandoning module CollectionManager (191)
[2015.11.22-23.06.38:691][983]LogModuleManager: Shutting down and abandoning module StatsViewer (190)
[2015.11.22-23.06.38:691][983]LogModuleManager: Shutting down and abandoning module FoliageEdit (189)
[2015.11.22-23.06.38:691][983]LogModuleManager: Shutting down and abandoning module LandscapeEditor (188)
[2015.11.22-23.06.38:691][983]LogModuleManager: Shutting down and abandoning module ActorPickerMode (187)
[2015.11.22-23.06.38:691][983]LogModuleManager: Shutting down and abandoning module GeometryMode (186)
[2015.11.22-23.06.38:691][983]LogModuleManager: Shutting down and abandoning module TextureAlignMode (185)
[2015.11.22-23.06.38:691][983]LogModuleManager: Shutting down and abandoning module BspMode (184)
[2015.11.22-23.06.38:691][983]LogModuleManager: Shutting down and abandoning module PlacementMode (183)
[2015.11.22-23.06.38:692][983]LogModuleManager: Shutting down and abandoning module AutomationWorker (182)
[2015.11.22-23.06.38:692][983]LogModuleManager: Shutting down and abandoning module CharacterAI (181)
[2015.11.22-23.06.38:692][983]LogModuleManager: Shutting down and abandoning module SmartSnapping (180)
[2015.11.22-23.06.38:692][983]LogModuleManager: Shutting down and abandoning module ViewportSnapping (179)
[2015.11.22-23.06.38:692][983]LogModuleManager: Shutting down and abandoning module LogVisualizer (178)
[2015.11.22-23.06.38:693][983]LogModuleManager: Shutting down and abandoning module GameProjectGeneration (177)
[2015.11.22-23.06.38:693][983]LogModuleManager: Shutting down and abandoning module IntroTutorials (176)
[2015.11.22-23.06.38:693][983]LogModuleManager: Shutting down and abandoning module EditorLiveStreaming (175)
[2015.11.22-23.06.38:693][983]LogModuleManager: Shutting down and abandoning module IOSPlatformEditor (174)
[2015.11.22-23.06.38:693][983]LogModuleManager: Shutting down and abandoning module HTML5PlatformEditor (173)
[2015.11.22-23.06.38:693][983]LogModuleManager: Shutting down and abandoning module AndroidDeviceDetection (172)
[2015.11.22-23.06.39:076][983]LogModuleManager: Shutting down and abandoning module AndroidPlatformEditor (171)
[2015.11.22-23.06.39:076][983]LogModuleManager: Shutting down and abandoning module IOSRuntimeSettings (170)
[2015.11.22-23.06.39:076][983]LogModuleManager: Shutting down and abandoning module AndroidRuntimeSettings (169)
[2015.11.22-23.06.39:076][983]LogModuleManager: Shutting down and abandoning module MergeActors (168)
[2015.11.22-23.06.39:077][983]LogModuleManager: Shutting down and abandoning module SizeMap (167)
[2015.11.22-23.06.39:077][983]LogModuleManager: Shutting down and abandoning module TreeMap (166)
[2015.11.22-23.06.39:077][983]LogModuleManager: Shutting down and abandoning module ReferenceViewer (165)
[2015.11.22-23.06.39:077][983]LogModuleManager: Shutting down and abandoning module LocalizationService (164)
[2015.11.22-23.06.39:077][983]LogModuleManager: Shutting down and abandoning module LocalizationDashboard (163)
[2015.11.22-23.06.39:077][983]LogModuleManager: Shutting down and abandoning module HardwareTargeting (162)
[2015.11.22-23.06.39:077][983]LogModuleManager: Shutting down and abandoning module DeviceProfileEditor (161)
[2015.11.22-23.06.39:077][983]LogModuleManager: Shutting down and abandoning module UndoHistory (160)
[2015.11.22-23.06.39:077][983]LogModuleManager: Shutting down and abandoning module GameplayTagsEditor (159)
[2015.11.22-23.06.39:077][983]LogModuleManager: Shutting down and abandoning module UserFeedback (158)
[2015.11.22-23.06.39:077][983]LogModuleManager: Shutting down and abandoning module XmlParser (157)
[2015.11.22-23.06.39:077][983]LogModuleManager: Shutting down and abandoning module Blutility (156)
[2015.11.22-23.06.39:077][983]LogModuleManager: Shutting down and abandoning module ProjectTargetPlatformEditor (155)
[2015.11.22-23.06.39:077][983]LogModuleManager: Shutting down and abandoning module ProjectSettingsViewer (154)
[2015.11.22-23.06.39:077][983]LogModuleManager: Shutting down and abandoning module InputBindingEditor (153)
[2015.11.22-23.06.39:077][983]LogModuleManager: Shutting down and abandoning module EditorSettingsViewer (152)
[2015.11.22-23.06.39:077][983]LogModuleManager: Shutting down and abandoning module SettingsEditor (151)
[2015.11.22-23.06.39:077][983]LogModuleManager: Shutting down and abandoning module ProjectLauncher (150)
[2015.11.22-23.06.39:077][983]LogModuleManager: Shutting down and abandoning module SessionFrontend (149)
[2015.11.22-23.06.39:077][983]LogModuleManager: Shutting down and abandoning module ProfilerClient (148)
[2015.11.22-23.06.39:077][983]LogModuleManager: Shutting down and abandoning module TargetDeviceServices (147)
[2015.11.22-23.06.39:077][983]LogModuleManager: Shutting down and abandoning module DeviceManager (146)
[2015.11.22-23.06.39:077][983]LogModuleManager: Shutting down and abandoning module AutomationController (145)
[2015.11.22-23.06.39:077][983]LogModuleManager: Shutting down and abandoning module AutomationWindow (144)
[2015.11.22-23.06.39:077][983]LogModuleManager: Shutting down and abandoning module Layers (143)
[2015.11.22-23.06.39:077][983]LogModuleManager: Shutting down and abandoning module ComponentVisualizers (142)
[2015.11.22-23.06.39:078][983]LogModuleManager: Shutting down and abandoning module DetailCustomizations (141)
[2015.11.22-23.06.39:078][983]LogModuleManager: Shutting down and abandoning module PackagesDialog (140)
[2015.11.22-23.06.39:078][983]LogModuleManager: Shutting down and abandoning module Persona (139)
[2015.11.22-23.06.39:078][983]LogModuleManager: Shutting down and abandoning module Kismet (138)
[2015.11.22-23.06.39:078][983]LogModuleManager: Shutting down and abandoning module GraphEditor (137)
[2015.11.22-23.06.39:078][983]LogModuleManager: Shutting down and abandoning module ClassViewer (136)
[2015.11.22-23.06.39:078][983]LogModuleManager: Shutting down and abandoning module Toolbox (135)
[2015.11.22-23.06.39:078][983]LogModuleManager: Shutting down and abandoning module ModuleUI (134)
[2015.11.22-23.06.39:078][983]LogModuleManager: Shutting down and abandoning module MovieSceneTools (133)
[2015.11.22-23.06.39:078][983]LogModuleManager: Shutting down and abandoning module OutputLog (132)
[2015.11.22-23.06.39:078][983]LogModuleManager: Shutting down and abandoning module GammaUI (131)
[2015.11.22-23.06.39:078][983]LogModuleManager: Shutting down and abandoning module Documentation (130)
[2015.11.22-23.06.39:078][983]LogModuleManager: Shutting down and abandoning module GameLiveStreaming (129)
[2015.11.22-23.06.39:078][983]LogModuleManager: Shutting down and abandoning module StreamingPauseRendering (128)
[2015.11.22-23.06.39:078][983]LogModuleManager: Shutting down and abandoning module AnalyticsET (127)
[2015.11.22-23.06.39:078][983]LogModuleManager: Shutting down and abandoning module Analytics (126)
[2015.11.22-23.06.39:078][983]LogModuleManager: Shutting down and abandoning module AITestSuite (125)
[2015.11.22-23.06.39:078][983]LogModuleManager: Shutting down and abandoning module GameplayDebugger (124)
[2015.11.22-23.06.39:078][983]LogModuleManager: Shutting down and abandoning module AIModule (123)
[2015.11.22-23.06.39:078][983]LogModuleManager: Shutting down and abandoning module ProfilerService (122)
[2015.11.22-23.06.39:154][983]LogModuleManager: Shutting down and abandoning module TaskGraph (121)
[2015.11.22-23.06.39:154][983]LogModuleManager: Shutting down and abandoning module SlateRemote (120)
[2015.11.22-23.06.39:154][983]LogModuleManager: Shutting down and abandoning module SteamVRController (119)
[2015.11.22-23.06.39:154][983]LogModuleManager: Shutting down and abandoning module SteamVR (118)
[2015.11.22-23.06.39:154][983]LogModuleManager: Shutting down and abandoning module ProceduralMeshComponent (117)
[2015.11.22-23.06.39:154][983]LogModuleManager: Shutting down and abandoning module OculusRift (116)
[2015.11.22-23.06.39:154][983]LogModuleManager: Shutting down and abandoning module OculusLibrary (115)
[2015.11.22-23.06.39:154][983]LogModuleManager: Shutting down and abandoning module LeapMotionController (114)
[2015.11.22-23.06.39:172][983]LogModuleManager: Shutting down and abandoning module CustomMeshComponent (113)
[2015.11.22-23.06.39:172][983]LogModuleManager: Shutting down and abandoning module CableComponent (112)
[2015.11.22-23.06.39:172][983]LogModuleManager: Shutting down and abandoning module ArchVisCharacter (111)
[2015.11.22-23.06.39:172][983]LogModuleManager: Shutting down and abandoning module MessagingDebugger (110)
[2015.11.22-23.06.39:172][983]LogModuleManager: Shutting down and abandoning module MediaPlayerEditor (109)
[2015.11.22-23.06.39:172][983]LogModuleManager: Shutting down and abandoning module HTML5Networking (108)
[2015.11.22-23.06.39:172][983]LogModuleManager: Shutting down and abandoning module SpeedTreeImporter (107)
[2015.11.22-23.06.39:172][983]LogModuleManager: Shutting down and abandoning module PluginBrowser (106)
[2015.11.22-23.06.39:172][983]LogModuleManager: Shutting down and abandoning module EpicSurvey (105)
[2015.11.22-23.06.39:172][983]LogModuleManager: Shutting down and abandoning module DesktopPlatform (104)
[2015.11.22-23.06.39:172][983]LogModuleManager: Shutting down and abandoning module VisualStudioSourceCodeAccess (103)
[2015.11.22-23.06.39:172][983]LogModuleManager: Shutting down and abandoning module UObjectPlugin (102)
[2015.11.22-23.06.39:172][983]LogModuleManager: Shutting down and abandoning module SubversionSourceControl (101)
[2015.11.22-23.06.39:172][983]LogModuleManager: Shutting down and abandoning module PerforceSourceControl (100)
[2015.11.22-23.06.39:172][983]LogModuleManager: Shutting down and abandoning module SourceControl (99)
[2015.11.22-23.06.39:172][983]LogModuleManager: Shutting down and abandoning module GitSourceControl (98)
[2015.11.22-23.06.39:172][983]LogModuleManager: Shutting down and abandoning module LightPropagationVolumeEditor (97)
[2015.11.22-23.06.39:172][983]LogModuleManager: Shutting down and abandoning module PaperTiledImporter (96)
[2015.11.22-23.06.39:172][983]LogModuleManager: Shutting down and abandoning module PaperSpriteSheetImporter (95)
[2015.11.22-23.06.39:172][983]LogModuleManager: Shutting down and abandoning module MeshPaint (94)
[2015.11.22-23.06.39:172][983]LogModuleManager: Shutting down and abandoning module SlateReflector (93)
[2015.11.22-23.06.39:172][983]LogModuleManager: Shutting down and abandoning module HotReload (92)
[2015.11.22-23.06.39:172][983]LogModuleManager: Shutting down and abandoning module MainFrame (91)
[2015.11.22-23.06.39:172][983]LogModuleManager: Shutting down and abandoning module LevelEditor (90)
[2015.11.22-23.06.39:174][983]LogModuleManager: Shutting down and abandoning module DirectoryWatcher (89)
[2015.11.22-23.06.39:175][983]LogModuleManager: Shutting down and abandoning module AssetRegistry (88)
[2015.11.22-23.06.39:303][983]LogModuleManager: Shutting down and abandoning module ContentBrowser (87)
[2015.11.22-23.06.39:304][983]LogModuleManager: Shutting down and abandoning module Paper2DEditor (86)
[2015.11.22-23.06.39:304][983]LogModuleManager: Shutting down and abandoning module UdpMessaging (85)
[2015.11.22-23.06.39:405][983]LogModuleManager: Shutting down and abandoning module LightPropagationVolumeRuntime (84)
[2015.11.22-23.06.39:405][983]LogModuleManager: Shutting down and abandoning module Paper2D (83)
[2015.11.22-23.06.39:405][983]LogModuleManager: Shutting down and abandoning module WindowsMoviePlayer (82)
[2015.11.22-23.06.39:408][983]LogModuleManager: Shutting down and abandoning module Media (81)
[2015.11.22-23.06.39:408][983]LogModuleManager: Shutting down and abandoning module WmfMedia (80)
[2015.11.22-23.06.39:408][983]LogModuleManager: Shutting down and abandoning module OnlineBlueprintSupport (79)
[2015.11.22-23.06.39:408][983]LogModuleManager: Shutting down and abandoning module GameplayTasksEditor (78)
[2015.11.22-23.06.39:408][983]LogModuleManager: Shutting down and abandoning module PropertyEditor (77)
[2015.11.22-23.06.39:408][983]LogModuleManager: Shutting down and abandoning module BehaviorTreeEditor (76)
[2015.11.22-23.06.39:408][983]LogModuleManager: Shutting down and abandoning module FunctionalTesting (75)
[2015.11.22-23.06.39:408][983]LogModuleManager: Shutting down and abandoning module CollisionAnalyzer (74)
[2015.11.22-23.06.39:408][983]LogModuleManager: Shutting down and abandoning module WorkspaceMenuStructure (73)
[2015.11.22-23.06.39:408][983]LogModuleManager: Shutting down and abandoning module MessageLog (72)
[2015.11.22-23.06.39:408][983]LogModuleManager: Shutting down and abandoning module Sequencer (71)
[2015.11.22-23.06.39:408][983]LogModuleManager: Shutting down and abandoning module AssetTools (70)
[2015.11.22-23.06.39:408][983]LogModuleManager: Shutting down and abandoning module UMGEditor (69)
[2015.11.22-23.06.39:408][983]LogModuleManager: Shutting down and abandoning module UMG (68)
[2015.11.22-23.06.39:408][983]LogModuleManager: Shutting down and abandoning module Slate (67)
[2015.11.22-23.06.39:408][983]LogModuleManager: Shutting down and abandoning module EditorStyle (66)
[2015.11.22-23.06.39:411][983]LogModuleManager: Shutting down and abandoning module SessionServices (65)
[2015.11.22-23.06.39:411][983]LogModuleManager: Shutting down and abandoning module SourceCodeAccess (64)
[2015.11.22-23.06.39:411][983]LogModuleManager: Shutting down and abandoning module HeadMountedDisplay (63)
[2015.11.22-23.06.39:411][983]LogModuleManager: Shutting down and abandoning module XAudio2 (62)
[2015.11.22-23.06.39:411][983]LogModuleManager: Shutting down and abandoning module Networking (60)
[2015.11.22-23.06.39:411][983]LogModuleManager: Shutting down and abandoning module Core (59)
[2015.11.22-23.06.39:411][983]LogModuleManager: Shutting down and abandoning module KismetCompiler (58)
[2015.11.22-23.06.39:411][983]LogModuleManager: Shutting down and abandoning module PhysXFormats (57)
[2015.11.22-23.06.39:411][983]LogModuleManager: Shutting down and abandoning module MeshUtilities (56)
[2015.11.22-23.06.39:411][983]LogModuleManager: Shutting down and abandoning module CookingStats (55)
[2015.11.22-23.06.39:412][983]LogModuleManager: Shutting down and abandoning module DerivedDataCache (54)
[2015.11.22-23.06.39:457][983]LogDerivedDataCache: Shutdown
[2015.11.22-23.06.39:457][983]LogModuleManager: Shutting down and abandoning module ShaderFormatOpenGL (53)
[2015.11.22-23.06.39:457][983]LogModuleManager: Shutting down and abandoning module ShaderFormatD3D (52)
[2015.11.22-23.06.39:457][983]LogModuleManager: Shutting down and abandoning module MetalShaderFormat (51)
[2015.11.22-23.06.39:457][983]LogModuleManager: Shutting down and abandoning module TextureFormatUncompressed (50)
[2015.11.22-23.06.39:457][983]LogModuleManager: Shutting down and abandoning module TextureFormatPVR (49)
[2015.11.22-23.06.39:457][983]LogModuleManager: Shutting down and abandoning module TextureFormatIntelISPCTexComp (48)
[2015.11.22-23.06.39:457][983]LogModuleManager: Shutting down and abandoning module TextureFormatDXT (47)
[2015.11.22-23.06.39:457][983]LogModuleManager: Shutting down and abandoning module ImageWrapper (46)
[2015.11.22-23.06.39:457][983]LogModuleManager: Shutting down and abandoning module TextureFormatASTC (45)
[2015.11.22-23.06.39:457][983]LogModuleManager: Shutting down and abandoning module TextureFormatAndroid (44)
[2015.11.22-23.06.39:457][983]LogModuleManager: Shutting down and abandoning module AudioFormatOpus (43)
[2015.11.22-23.06.39:457][983]LogModuleManager: Shutting down and abandoning module AudioFormatOgg (42)
[2015.11.22-23.06.39:457][983]LogModuleManager: Shutting down and abandoning module AudioFormatADPCM (41)
[2015.11.22-23.06.39:457][983]LogModuleManager: Shutting down and abandoning module LinuxTargetPlatform (40)
[2015.11.22-23.06.39:457][983]LogModuleManager: Shutting down and abandoning module LinuxServerTargetPlatform (39)
[2015.11.22-23.06.39:457][983]LogModuleManager: Shutting down and abandoning module LinuxNoEditorTargetPlatform (38)
[2015.11.22-23.06.39:457][983]LogModuleManager: Shutting down and abandoning module Messaging (37)
[2015.11.22-23.06.39:457][983]LogModuleManager: Shutting down and abandoning module IOSTargetPlatform (36)
[2015.11.22-23.06.39:457][983]LogModuleManager: Shutting down and abandoning module HTML5TargetPlatform (35)
[2015.11.22-23.06.39:457][983]LogModuleManager: Shutting down and abandoning module Android_PVRTCTargetPlatform (34)
[2015.11.22-23.06.39:457][983]LogModuleManager: Shutting down and abandoning module Android_ETC2TargetPlatform (33)
[2015.11.22-23.06.39:457][983]LogModuleManager: Shutting down and abandoning module Android_ETC1TargetPlatform (32)
[2015.11.22-23.06.39:457][983]LogModuleManager: Shutting down and abandoning module Android_DXTTargetPlatform (31)
[2015.11.22-23.06.39:457][983]LogModuleManager: Shutting down and abandoning module Android_ATCTargetPlatform (30)
[2015.11.22-23.06.39:457][983]LogModuleManager: Shutting down and abandoning module Android_ASTCTargetPlatform (29)
[2015.11.22-23.06.39:457][983]LogModuleManager: Shutting down and abandoning module AndroidTargetPlatform (28)
[2015.11.22-23.06.39:457][983]LogModuleManager: Shutting down and abandoning module WindowsTargetPlatform (27)
[2015.11.22-23.06.39:457][983]LogModuleManager: Shutting down and abandoning module WindowsServerTargetPlatform (26)
[2015.11.22-23.06.39:457][983]LogModuleManager: Shutting down and abandoning module WindowsNoEditorTargetPlatform (25)
[2015.11.22-23.06.39:457][983]LogModuleManager: Shutting down and abandoning module WindowsClientTargetPlatform (24)
[2015.11.22-23.06.39:457][983]LogModuleManager: Shutting down and abandoning module AllDesktopTargetPlatform (23)
[2015.11.22-23.06.39:457][983]LogModuleManager: Shutting down and abandoning module TargetPlatform (22)
[2015.11.22-23.06.39:457][983]LogModuleManager: Shutting down and abandoning module InputCore (21)
[2015.11.22-23.06.39:457][983]LogModuleManager: Shutting down and abandoning module Settings (20)
[2015.11.22-23.06.39:457][983]LogModuleManager: Shutting down and abandoning module OnlineSubsystem (18)
[2015.11.22-23.06.39:457][983]LogModuleManager: Shutting down and abandoning module HTTP (17)
[2015.11.22-23.06.40:460][983]LogModuleManager: Shutting down and abandoning module XMPP (16)
[2015.11.22-23.06.40:460][983]LogModuleManager: Shutting down and abandoning module ExampleDeviceProfileSelector (15)
[2015.11.22-23.06.40:460][983]LogModuleManager: Shutting down and abandoning module TextureCompressor (14)
[2015.11.22-23.06.40:460][983]LogModuleManager: Shutting down and abandoning module ShaderCore (13)
[2015.11.22-23.06.40:460][983]LogModuleManager: Shutting down and abandoning module Landscape (12)
[2015.11.22-23.06.40:460][983]LogModuleManager: Shutting down and abandoning module SlateRHIRenderer (11)
[2015.11.22-23.06.40:461][983]LogModuleManager: Shutting down and abandoning module OpenGLDrv (10)
[2015.11.22-23.06.40:461][983]LogModuleManager: Shutting down and abandoning module D3D11RHI (9)
[2015.11.22-23.06.40:461][983]LogModuleManager: Shutting down and abandoning module AnimGraphRuntime (8)
[2015.11.22-23.06.40:461][983]LogModuleManager: Shutting down and abandoning module Renderer (7)
[2015.11.22-23.06.40:461][983]LogModuleManager: Shutting down and abandoning module Engine (6)
[2015.11.22-23.06.40:461][983]LogModuleManager: Shutting down and abandoning module CoreUObject (5)
[2015.11.22-23.06.40:461][983]LogModuleManager: Shutting down and abandoning module NetworkFile (4)
[2015.11.22-23.06.40:462][983]LogModuleManager: Shutting down and abandoning module StreamingFile (3)
[2015.11.22-23.06.40:462][983]LogModuleManager: Shutting down and abandoning module SandboxFile (2)
[2015.11.22-23.06.40:462][983]LogModuleManager: Shutting down and abandoning module PakFile (1)
[2015.11.22-23.06.40:462][983]LogExit: Exiting.
[2015.11.22-23.06.40:486][983]Log file closed, 11/23/15 10:06:40
