[2015.11.28-00.49.46:552][  0]Log file open, 11/28/15 11:49:46
[2015.11.28-00.49.46:552][  0]LogInit:Display: Running engine for game: MyProject
[2015.11.28-00.49.46:552][  0]LogInit:Display: RandInit(1568479800) SRandInit(1568479800).
[2015.11.28-00.49.46:552][  0]LogTaskGraph: Started task graph with 4 named threads and 5 total threads.
[2015.11.28-00.49.46:552][  0]LogStats: Stats thread started at 0.313590
[2015.11.28-00.49.46:552][  0]LogInit: Version: 4.9.2-2707645+++depot+UE4-Releases+4.9
[2015.11.28-00.49.46:552][  0]LogInit: API Version: 2672455
[2015.11.28-00.49.46:552][  0]LogInit: Compiled (64-bit): Sep 28 2015 10:25:44
[2015.11.28-00.49.46:552][  0]LogInit: Compiled with Visual C++: 18.00.21005.01
[2015.11.28-00.49.46:552][  0]LogInit: Build Configuration: Development
[2015.11.28-00.49.46:552][  0]LogInit: Branch Name: ++depot+UE4-Releases+4.9
[2015.11.28-00.49.46:552][  0]LogInit: Command line:  
[2015.11.28-00.49.46:552][  0]LogInit: Base directory: C:/Program Files/Unreal Engine/4.9/Engine/Binaries/Win64/
[2015.11.28-00.49.46:552][  0]LogInit: Rocket: 1
[2015.11.28-00.49.46:599][  0]LogInit: Using libcurl 7.41.0
[2015.11.28-00.49.46:599][  0]LogInit:  - built for x86_64-pc-win32
[2015.11.28-00.49.46:599][  0]LogInit:  - supports SSL with WinSSL
[2015.11.28-00.49.46:599][  0]LogInit:  - other features:
[2015.11.28-00.49.46:599][  0]LogInit:      CURL_VERSION_SSL
[2015.11.28-00.49.46:599][  0]LogInit:      CURL_VERSION_IPV6
[2015.11.28-00.49.46:599][  0]LogInit:      CURL_VERSION_ASYNCHDNS
[2015.11.28-00.49.46:599][  0]LogInit:      CURL_VERSION_LARGEFILE
[2015.11.28-00.49.46:599][  0]LogInit:      CURL_VERSION_IDN
[2015.11.28-00.49.46:599][  0]LogInit:  CurlRequestOptions (configurable via config and command line):
[2015.11.28-00.49.46:599][  0]LogInit:  - bVerifyPeer = true  - Libcurl will verify peer certificate
[2015.11.28-00.49.46:599][  0]LogInit:  - bUseHttpProxy = false  - Libcurl will NOT use HTTP proxy
[2015.11.28-00.49.46:599][  0]LogInit:  - bDontReuseConnections = false  - Libcurl will reuse connections
[2015.11.28-00.49.46:599][  0]LogInit:  - CertBundlePath = nullptr  - Libcurl will use whatever was configured at build time.
[2015.11.28-00.49.46:700][  0]LogInit: Presizing for 0 objects not considered by GC, pre-allocating 0 bytes.
[2015.11.28-00.49.46:707][  0]LogInit: Object subsystem initialized
[2015.11.28-00.49.46:722][  0]LogInit: Selected Device Profile: [Windows]
[2015.11.28-00.49.46:722][  0]LogInit: Applying CVar settings loaded from the selected device profile: [Windows]
[2015.11.28-00.49.46:760][  0]LogInit: Computer: JOFFRE-JAVIER
[2015.11.28-00.49.46:760][  0]LogInit: User: joffrea123
[2015.11.28-00.49.46:760][  0]LogInit: CPU Page size=4096, Cores=2
[2015.11.28-00.49.46:760][  0]LogInit: High frequency timer resolution =2.240905 MHz
[2015.11.28-00.49.46:760][  0]LogMemory: Memory total: Physical=7.8GB (8GB approx)
[2015.11.28-00.49.46:760][  0]LogMemory: Platform Memory Stats for Windows
[2015.11.28-00.49.46:760][  0]LogMemory: Process Physical Memory: 54.27 MB used, 54.27 MB peak
[2015.11.28-00.49.46:760][  0]LogMemory: Process Virtual Memory: 57.18 MB used, 57.18 MB peak
[2015.11.28-00.49.46:760][  0]LogMemory: Physical Memory: 3346.96 MB used, 7962.15 MB total
[2015.11.28-00.49.46:760][  0]LogMemory: Virtual Memory: 365.76 MB used, 134217728.00 MB total
[2015.11.28-00.49.47:286][  0]LogTextLocalizationManager: No specific translations for ('en-AU') exist, so ('en') translations will be used.
[2015.11.28-00.49.48:421][  0]LogD3D11RHI: Found D3D11 adapter 0: Radeon (TM) HD 8670M (Feature Level 11_0)
[2015.11.28-00.49.48:421][  0]LogD3D11RHI: Adapter has 1012MB of dedicated video memory, 0MB of dedicated system memory, and 3981MB of shared system memory, 1 output[s]
[2015.11.28-00.49.48:430][  0]LogD3D11RHI: Found D3D11 adapter 1: Intel(R) HD Graphics Family (Feature Level 11_0)
[2015.11.28-00.49.48:430][  0]LogD3D11RHI: Adapter has 112MB of dedicated video memory, 0MB of dedicated system memory, and 3981MB of shared system memory, 0 output[s]
[2015.11.28-00.49.48:432][  0]LogD3D11RHI: Found D3D11 adapter 2: Microsoft Basic Render Driver (Feature Level 11_0)
[2015.11.28-00.49.48:432][  0]LogD3D11RHI: Adapter has 0MB of dedicated video memory, 0MB of dedicated system memory, and 3981MB of shared system memory, 0 output[s]
[2015.11.28-00.49.48:432][  0]LogD3D11RHI: Chosen D3D11 Adapter Id = 0
[2015.11.28-00.49.48:438][  0]LogD3D11RHI: !Direct3DDevice
[2015.11.28-00.49.48:438][  0]LogRHI: Texture pool is 708 MB (70% of 1012 MB)
[2015.11.28-00.49.48:446][  0]LogD3D11RHI: Async texture creation disabled: no driver support
[2015.11.28-00.49.48:460][  0]LogShaderCompilers: Guid format shader working directory is 15 characters bigger than the processId version (../../../../../../Users/joffrea123/Desktop/Mechanics proto/TeamoSupremeo/MyProject/Intermediate/Shaders/WorkingDirectory/5884/).
[2015.11.28-00.49.48:460][  0]LogShaderCompilers: Cleaned the shader compiler working directory '../../../../../../Users/joffrea123/Desktop/Mechanics proto/TeamoSupremeo/MyProject/Intermediate/Shaders/tmp/A6BCB7174476F1386536DB9C5096D3E9/'.
[2015.11.28-00.49.48:460][  0]LogShaderCompilers:Display: Using Local Shader Compiler.
[2015.11.28-00.49.55:438][  0]LogTemp:Display: Loaded TP AllDesktopTargetPlatform
[2015.11.28-00.49.55:444][  0]LogTemp:Display: Loaded TP WindowsClientTargetPlatform
[2015.11.28-00.49.55:451][  0]LogTemp:Display: Loaded TP WindowsNoEditorTargetPlatform
[2015.11.28-00.49.55:458][  0]LogTemp:Display: Loaded TP WindowsServerTargetPlatform
[2015.11.28-00.49.55:464][  0]LogTemp:Display: Loaded TP WindowsTargetPlatform
[2015.11.28-00.49.55:484][  0]LogTemp:Display: Loaded TP AndroidTargetPlatform
[2015.11.28-00.49.55:492][  0]LogTemp:Display: Loaded TP Android_ASTCTargetPlatform
[2015.11.28-00.49.55:510][  0]LogTemp:Display: Loaded TP Android_ATCTargetPlatform
[2015.11.28-00.49.55:524][  0]LogTemp:Display: Loaded TP Android_DXTTargetPlatform
[2015.11.28-00.49.55:542][  0]LogTemp:Display: Loaded TP Android_ETC1TargetPlatform
[2015.11.28-00.49.55:557][  0]LogTemp:Display: Loaded TP Android_ETC2TargetPlatform
[2015.11.28-00.49.55:574][  0]LogTemp:Display: Loaded TP Android_PVRTCTargetPlatform
[2015.11.28-00.49.55:575][  0]LogTemp:Display: Loaded TP HTML5TargetPlatform
[2015.11.28-00.49.55:760][  0]LogTemp:Display: Loaded TP IOSTargetPlatform
[2015.11.28-00.49.55:782][  0]LogTemp:Display: Loaded TP LinuxNoEditorTargetPlatform
[2015.11.28-00.49.55:800][  0]LogTemp:Display: Loaded TP LinuxServerTargetPlatform
[2015.11.28-00.49.55:850][  0]LogTemp:Display: Loaded TP LinuxTargetPlatform
[2015.11.28-00.49.55:850][  0]LogTargetPlatformManager:Display: Building Assets For Windows
[2015.11.28-00.49.56:818][  0]LogDerivedDataCache:Display: Max Cache Size: 512 MB
[2015.11.28-00.49.57:340][  0]LogDerivedDataCache: Loaded boot cache 0.50s 41MB C:/Users/joffrea123/AppData/Local/UnrealEngine/4.9/DerivedDataCache/Boot.ddc.
[2015.11.28-00.49.57:340][  0]LogDerivedDataCache:Display: Loaded Boot cache: C:/Users/joffrea123/AppData/Local/UnrealEngine/4.9/DerivedDataCache/Boot.ddc
[2015.11.28-00.49.57:340][  0]LogDerivedDataCache: FDerivedDataBackendGraph:  Pak pak cache file ../../../../../../Users/joffrea123/Desktop/Mechanics proto/TeamoSupremeo/MyProject/DerivedDataCache/DDC.ddp not found, will not use a pak cache.
[2015.11.28-00.49.57:340][  0]LogDerivedDataCache: Unable to find inner node Pak for hierarchical cache Hierarchy.
[2015.11.28-00.49.57:340][  0]LogDerivedDataCache: FDerivedDataBackendGraph:  CompressedPak pak cache file ../../../../../../Users/joffrea123/Desktop/Mechanics proto/TeamoSupremeo/MyProject/DerivedDataCache/Compressed.ddp not found, will not use a pak cache.
[2015.11.28-00.49.57:340][  0]LogDerivedDataCache: Unable to find inner node CompressedPak for hierarchical cache Hierarchy.
[2015.11.28-00.49.57:594][  0]LogDerivedDataCache:Display: Pak cache opened for reading ../../../Engine/DerivedDataCache/Compressed.ddp.
[2015.11.28-00.49.57:606][  0]LogDerivedDataCache: Using Local data cache path C:/Users/joffrea123/AppData/Local/UnrealEngine/Common/DerivedDataCache: Writable
[2015.11.28-00.50.11:318][  0]LogInit: Selected Device Profile: [Windows]
[2015.11.28-00.50.11:530][  0]LogContentStreaming: Texture pool size is 0.000000MB
[2015.11.28-00.50.13:413][  0]LogMeshUtilities: No automatic mesh reduction module available
[2015.11.28-00.50.13:413][  0]LogMeshUtilities: No automatic mesh merging module available
[2015.11.28-00.50.18:688][  0]LogInit: WinSock: version 1.1 (2.2), MaxSocks=32767, MaxUdp=65467
[2015.11.28-00.50.49:724][  0]UdpMessaging: Initializing bridge on interface 0.0.0.0:0 to multicast group 230.0.0.1:6666.
[2015.11.28-00.50.50:653][  0]LogAssetRegistry: FAssetRegistry took 0.0154 seconds to start up
[2015.11.28-00.50.54:946][  0]SourceControl: Info Source control is disabled
[2015.11.28-00.50.55:336][  0]SourceControl: Info Source control is disabled
[2015.11.28-00.50.55:457][  0]SourceControl: Info Source control is disabled
[2015.11.28-00.50.55:512][  0]SourceControl: Info Source control is disabled
[2015.11.28-00.50.57:298][  0]LogLinker:Warning: Asset '../../../Engine/Plugins/Runtime/LeapMotionController/Content/LM_PassthroughMaterial.uasset' has been saved with empty engine version. The asset will be loaded but may be incompatible.
[2015.11.28-00.50.57:670][  0]LogObj: 28361 objects as part of root set at end of initial load.
[2015.11.28-00.50.57:670][  0]LogUObjectAllocator: 6038872 out of 0 bytes used by permanent object pool.
[2015.11.28-00.50.58:666][  0]LogEngine: Initializing Engine...
[2015.11.28-00.50.58:692][  0]LogHMD: Can't find Oculus library dev build: is proper Runtime installed? Version: 0.7.0.0
[2015.11.28-00.50.58:752][  0]LogHMD: SteamVR failed to initialize.  Err: 110
[2015.11.28-00.51.00:208][  0]LogAIModule: Creating AISystem for world NewWorld
[2015.11.28-00.51.00:411][  0]LogInit: XAudio2 using 'Speakers (USB  AUDIO  )' : 2 channels at 48 kHz using 16 bits per sample (channel mask 0x3)
[2015.11.28-00.51.00:449][  0]LogInit: FAudioDevice initialized.
[2015.11.28-00.51.00:481][  0]LogDerivedDataCache: Saved boot cache 0.03s 41MB C:/Users/joffrea123/AppData/Local/UnrealEngine/4.9/DerivedDataCache/Boot.ddc.
[2015.11.28-00.51.00:488][  0]LogInit: Texture streaming: Enabled
[2015.11.28-00.51.00:908][  0]LogAnalytics: Creating configured Analytics provider AnalyticsET
[2015.11.28-00.51.01:163][  0]LogAnalytics: [UEEditor.Rocket.Release] APIServer = http://et2.epicgames.com/ET2/. AppVersion = 4.9.2-2707645+++depot+UE4-Releases+4.9
[2015.11.28-00.51.01:163][  0]LogAnalytics: [UEEditor.Rocket.Release] SetUserId 4101ddee4679b7eb9d01ef8eae8aa713|480ad27ad7944178b153737b4e7fe345|7bccc117-07f0-4646-8e7b-eb9c93f86b25
[2015.11.28-00.51.01:163][  0]LogAnalytics: [UEEditor.Rocket.Release] AnalyticsET::StartSession
[2015.11.28-00.51.01:737][  0]LogInit: Transaction tracking system initialized
[2015.11.28-00.51.02:385][  0]BlueprintLog: New page: Editor Load
[2015.11.28-00.51.06:122][  0]LocalizationService: Info Localization service is disabled
[2015.11.28-00.51.07:936][  0]LogConsoleResponse:Display: 
[2015.11.28-00.51.13:062][  0]LogFileCache: Scanning file cache for directory 'C:/Users/joffrea123/Desktop/Mechanics proto/TeamoSupremeo/MyProject/Content/' took 0.02s
[2015.11.28-00.51.13:062][  0]LogCook:Display: Done creating registry. It took  0.00s.
[2015.11.28-00.51.15:491][  0]SourceControl: Info Source control is disabled
[2015.11.28-00.51.15:776][  0]Cmd: MAP LOAD FILE="../../../../../../Users/joffrea123/Desktop/Mechanics proto/TeamoSupremeo/MyProject/Content/SideScrollerBP/Maps/SideScrollerExampleMap.umap" TEMPLATE=0 SHOWPROGRESS=1 FEATURELEVEL=3
[2015.11.28-00.51.16:033][  0]LightingResults: New page: Lighting Build
[2015.11.28-00.51.16:242][  0]MapCheck: New page: Map Check
[2015.11.28-00.51.16:242][  0]LightingResults: New page: Lighting Build
[2015.11.28-00.51.16:835][  0]LogParticles: Destroying 0 GPU particle simulations for FXSystem 0x000000639F020400
[2015.11.28-00.51.17:350][  0]LogLinker:Warning: Asset '../../../../../../Users/joffrea123/Desktop/Mechanics proto/TeamoSupremeo/MyProject/Content/Mannequin/Animations/ThirdPerson_AnimBP.uasset' has been saved with empty engine version. The asset will be loaded but may be incompatible.
[2015.11.28-00.51.17:408][  0]LogLinker:Warning: Asset '../../../../../../Users/joffrea123/Desktop/Mechanics proto/TeamoSupremeo/MyProject/Content/Mannequin/Animations/ThirdPerson_Jump.uasset' has been saved with empty engine version. The asset will be loaded but may be incompatible.
[2015.11.28-00.51.17:572][  0]LogLinker:Warning: Asset '../../../../../../Users/joffrea123/Desktop/Mechanics proto/TeamoSupremeo/MyProject/Content/Mannequin/Animations/ThirdPersonJump_Loop.uasset' has been saved with empty engine version. The asset will be loaded but may be incompatible.
[2015.11.28-00.51.17:613][  0]LogLinker:Warning: Asset '../../../../../../Users/joffrea123/Desktop/Mechanics proto/TeamoSupremeo/MyProject/Content/Mannequin/Animations/ThirdPersonJump_Start.uasset' has been saved with empty engine version. The asset will be loaded but may be incompatible.
[2015.11.28-00.51.17:651][  0]LogLinker:Warning: Asset '../../../../../../Users/joffrea123/Desktop/Mechanics proto/TeamoSupremeo/MyProject/Content/Mannequin/Animations/ThirdPerson_IdleRun_2D.uasset' has been saved with empty engine version. The asset will be loaded but may be incompatible.
[2015.11.28-00.51.17:719][  0]LogLinker:Warning: Asset '../../../../../../Users/joffrea123/Desktop/Mechanics proto/TeamoSupremeo/MyProject/Content/Mannequin/Animations/ThirdPersonIdle.uasset' has been saved with empty engine version. The asset will be loaded but may be incompatible.
[2015.11.28-00.51.17:853][  0]LogLinker:Warning: Asset '../../../../../../Users/joffrea123/Desktop/Mechanics proto/TeamoSupremeo/MyProject/Content/Mannequin/Animations/ThirdPersonRun.uasset' has been saved with empty engine version. The asset will be loaded but may be incompatible.
[2015.11.28-00.51.17:901][  0]LogLinker:Warning: Asset '../../../../../../Users/joffrea123/Desktop/Mechanics proto/TeamoSupremeo/MyProject/Content/Mannequin/Animations/ThirdPersonWalk.uasset' has been saved with empty engine version. The asset will be loaded but may be incompatible.
[2015.11.28-00.51.28:966][  0]LogLinker:Warning: Can't find file '/Game/StarterContent/Textures/T_Metal_Gold_N'
[2015.11.28-00.51.28:966][  0]LogLinker:Warning: Can't find file for asset '/Game/StarterContent/Textures/T_Metal_Gold_N' while loading ../../../../../../Users/joffrea123/Desktop/Mechanics proto/TeamoSupremeo/MyProject/Content/StarterContent/Materials/M_Rock_Marble_Polished.uasset.
[2015.11.28-00.51.28:966][  0]LoadErrors:Error: Error /Game/StarterContent/Materials/M_Rock_Marble_Polished : Can't find file for asset. /Game/StarterContent/Textures/T_Metal_Gold_N
[2015.11.28-00.51.28:967][  0]LogLinker:Warning: Can't find file '/Game/StarterContent/Textures/T_Perlin_Noise_M'
[2015.11.28-00.51.28:967][  0]LogLinker:Warning: Can't find file for asset '/Game/StarterContent/Textures/T_Perlin_Noise_M' while loading ../../../../../../Users/joffrea123/Desktop/Mechanics proto/TeamoSupremeo/MyProject/Content/StarterContent/Materials/M_Rock_Marble_Polished.uasset.
[2015.11.28-00.51.28:967][  0]LoadErrors:Error: Error /Game/StarterContent/Materials/M_Rock_Marble_Polished : Can't find file for asset. /Game/StarterContent/Textures/T_Perlin_Noise_M
[2015.11.28-00.51.28:967][  0]LogLinker:Warning: Can't find file '/Game/StarterContent/Textures/T_Rock_Marble_Polished_D'
[2015.11.28-00.51.28:967][  0]LogLinker:Warning: Can't find file for asset '/Game/StarterContent/Textures/T_Rock_Marble_Polished_D' while loading ../../../../../../Users/joffrea123/Desktop/Mechanics proto/TeamoSupremeo/MyProject/Content/StarterContent/Materials/M_Rock_Marble_Polished.uasset.
[2015.11.28-00.51.28:967][  0]LoadErrors:Error: Error /Game/StarterContent/Materials/M_Rock_Marble_Polished : Can't find file for asset. /Game/StarterContent/Textures/T_Rock_Marble_Polished_D
[2015.11.28-00.51.28:967][  0]LogLinker:Warning: Can't find file '/Game/StarterContent/Textures/T_Metal_Gold_N'
[2015.11.28-00.51.28:967][  0]LogLinker:Warning: Can't find file for asset '/Game/StarterContent/Textures/T_Metal_Gold_N' while loading ../../../../../../Users/joffrea123/Desktop/Mechanics proto/TeamoSupremeo/MyProject/Content/StarterContent/Materials/M_Rock_Marble_Polished.uasset.
[2015.11.28-00.51.28:967][  0]LoadErrors:Error: Error /Game/StarterContent/Materials/M_Rock_Marble_Polished : Can't find file for asset. /Game/StarterContent/Textures/T_Metal_Gold_N
[2015.11.28-00.51.28:968][  0]LogLinker:Warning: Can't find file '/Game/StarterContent/Textures/T_Perlin_Noise_M'
[2015.11.28-00.51.28:968][  0]LogLinker:Warning: Can't find file for asset '/Game/StarterContent/Textures/T_Perlin_Noise_M' while loading ../../../../../../Users/joffrea123/Desktop/Mechanics proto/TeamoSupremeo/MyProject/Content/StarterContent/Materials/M_Rock_Marble_Polished.uasset.
[2015.11.28-00.51.28:968][  0]LoadErrors:Error: Error /Game/StarterContent/Materials/M_Rock_Marble_Polished : Can't find file for asset. /Game/StarterContent/Textures/T_Perlin_Noise_M
[2015.11.28-00.51.28:968][  0]LogLinker:Warning: Can't find file '/Game/StarterContent/Textures/T_Rock_Marble_Polished_D'
[2015.11.28-00.51.28:968][  0]LogLinker:Warning: Can't find file for asset '/Game/StarterContent/Textures/T_Rock_Marble_Polished_D' while loading ../../../../../../Users/joffrea123/Desktop/Mechanics proto/TeamoSupremeo/MyProject/Content/StarterContent/Materials/M_Rock_Marble_Polished.uasset.
[2015.11.28-00.51.28:968][  0]LoadErrors:Error: Error /Game/StarterContent/Materials/M_Rock_Marble_Polished : Can't find file for asset. /Game/StarterContent/Textures/T_Rock_Marble_Polished_D
[2015.11.28-00.51.31:218][  0]LogLinker:Warning: Can't find file '/Game/StarterContent/Textures/T_Rock_Marble_Polished_D'
[2015.11.28-00.51.31:218][  0]LoadErrors: Info Failed to load /Game/StarterContent/Textures/T_Rock_Marble_Polished_D.T_Rock_Marble_Polished_D Referenced by MaterialExpressionTextureSample_1
[2015.11.28-00.51.31:218][  0]LogLinker:Warning: Can't find file for asset '/Game/StarterContent/Textures/T_Rock_Marble_Polished_D' while loading NULL.
[2015.11.28-00.51.31:218][  0]LoadErrors: Info Failed to load /Game/StarterContent/Textures/T_Rock_Marble_Polished_D.T_Rock_Marble_Polished_D Referenced by MaterialExpressionTextureSample_1
[2015.11.28-00.51.31:218][  0]LogLinker:Warning: Can't find file '/Game/StarterContent/Textures/T_Metal_Gold_N'
[2015.11.28-00.51.31:219][  0]LoadErrors: Info Failed to load /Game/StarterContent/Textures/T_Metal_Gold_N.T_Metal_Gold_N Referenced by MaterialExpressionTextureSample_13
[2015.11.28-00.51.31:219][  0]LogLinker:Warning: Can't find file for asset '/Game/StarterContent/Textures/T_Metal_Gold_N' while loading NULL.
[2015.11.28-00.51.31:219][  0]LoadErrors: Info Failed to load /Game/StarterContent/Textures/T_Metal_Gold_N.T_Metal_Gold_N Referenced by MaterialExpressionTextureSample_13
[2015.11.28-00.51.31:219][  0]LogLinker:Warning: Can't find file '/Game/StarterContent/Textures/T_Perlin_Noise_M'
[2015.11.28-00.51.31:219][  0]LoadErrors: Info Failed to load /Game/StarterContent/Textures/T_Perlin_Noise_M.T_Perlin_Noise_M Referenced by MaterialExpressionTextureSample_14
[2015.11.28-00.51.31:219][  0]LogLinker:Warning: Can't find file for asset '/Game/StarterContent/Textures/T_Perlin_Noise_M' while loading NULL.
[2015.11.28-00.51.31:219][  0]LoadErrors: Info Failed to load /Game/StarterContent/Textures/T_Perlin_Noise_M.T_Perlin_Noise_M Referenced by MaterialExpressionTextureSample_14
[2015.11.28-00.51.31:219][  0]LogLinker:Warning: Can't find file '/Game/StarterContent/Textures/T_Rock_Marble_Polished_D'
[2015.11.28-00.51.31:219][  0]LoadErrors: Info Failed to load /Game/StarterContent/Textures/T_Rock_Marble_Polished_D.T_Rock_Marble_Polished_D Referenced by MaterialExpressionTextureSample_15
[2015.11.28-00.51.31:219][  0]LogLinker:Warning: Can't find file for asset '/Game/StarterContent/Textures/T_Rock_Marble_Polished_D' while loading NULL.
[2015.11.28-00.51.31:219][  0]LoadErrors: Info Failed to load /Game/StarterContent/Textures/T_Rock_Marble_Polished_D.T_Rock_Marble_Polished_D Referenced by MaterialExpressionTextureSample_15
[2015.11.28-00.51.31:220][  0]LogLinker:Warning: Can't find file '/Game/StarterContent/Textures/T_Rock_Marble_Polished_D'
[2015.11.28-00.51.31:220][  0]LoadErrors: Info Failed to load /Game/StarterContent/Textures/T_Rock_Marble_Polished_D.T_Rock_Marble_Polished_D Referenced by MaterialExpressionTextureSample_16
[2015.11.28-00.51.31:220][  0]LogLinker:Warning: Can't find file for asset '/Game/StarterContent/Textures/T_Rock_Marble_Polished_D' while loading NULL.
[2015.11.28-00.51.31:220][  0]LoadErrors: Info Failed to load /Game/StarterContent/Textures/T_Rock_Marble_Polished_D.T_Rock_Marble_Polished_D Referenced by MaterialExpressionTextureSample_16
[2015.11.28-00.51.31:220][  0]LogLinker:Warning: Can't find file '/Game/StarterContent/Textures/T_Rock_Marble_Polished_D'
[2015.11.28-00.51.31:220][  0]LoadErrors: Info Failed to load /Game/StarterContent/Textures/T_Rock_Marble_Polished_D.T_Rock_Marble_Polished_D Referenced by MaterialExpressionTextureSample_2
[2015.11.28-00.51.31:220][  0]LogLinker:Warning: Can't find file for asset '/Game/StarterContent/Textures/T_Rock_Marble_Polished_D' while loading NULL.
[2015.11.28-00.51.31:220][  0]LoadErrors: Info Failed to load /Game/StarterContent/Textures/T_Rock_Marble_Polished_D.T_Rock_Marble_Polished_D Referenced by MaterialExpressionTextureSample_2
[2015.11.28-00.51.35:853][  0]LogMaterial: Missing cached shader map for material M_Rock_Marble_Polished, compiling. 
[2015.11.28-00.51.36:030][  0]LogMaterial:Warning: Failed to compile Material /Game/StarterContent/Materials/M_Rock_Marble_Polished.M_Rock_Marble_Polished for platform PCD3D_SM5, Default Material will be used in game.
[2015.11.28-00.51.36:030][  0]LogMaterial:Warning: 	(Node TextureSample) TextureSample> Missing input texture
[2015.11.28-00.51.47:806][  0]LogAIModule: Creating AISystem for world SideScrollerExampleMap
[2015.11.28-00.51.51:672][  0]LogEditorServer: Finished looking for orphan Actors (0.000 secs)
[2015.11.28-00.51.51:858][  0]Cmd: MAP CHECKDEP NOCLEARLOG
[2015.11.28-00.51.51:960][  0]MapCheck: Info Map check complete: 0 Error(s), 0 Warning(s), took 102.769ms to complete.
[2015.11.28-00.51.51:960][  0]LogFileHelpers: Loading map 'SideScrollerExampleMap' took 36.390
[2015.11.28-00.51.54:679][  0]LogCollectionManager: Loaded 0 collections in 0.003209 seconds
[2015.11.28-00.51.54:816][  0]LogFileCache: Scanning file cache for directory 'C:/Users/joffrea123/Desktop/Mechanics proto/TeamoSupremeo/MyProject/Saved/Collections/' took 0.01s
[2015.11.28-00.51.54:816][  0]LogFileCache: Scanning file cache for directory 'C:/Users/joffrea123/Desktop/Mechanics proto/TeamoSupremeo/MyProject/Content/Developers/joffrea123/Collections/' took 0.01s
[2015.11.28-00.51.54:816][  0]LogFileCache: Scanning file cache for directory 'C:/Users/joffrea123/Desktop/Mechanics proto/TeamoSupremeo/MyProject/Content/Collections/' took 0.01s
[2015.11.28-00.51.54:816][  0]LogContentBrowser: Native class hierarchy populated in 0.0322 seconds. Added 1867 classes and 333 folders.
[2015.11.28-00.51.54:935][  0]LogCollectionManager: Rebuilt the GUID cache for 0 collections in 0.000003 seconds
[2015.11.28-00.51.55:061][  0]LogContentBrowser: Native class hierarchy updated for 'WidgetCarousel' in 0.0004 seconds. Added 0 classes and 0 folders.
[2015.11.28-00.51.58:212][  0]LogContentBrowser: Native class hierarchy updated for 'AddContentDialog' in 0.0008 seconds. Added 0 classes and 0 folders.
[2015.11.28-00.51.58:359][  0]LogContentBrowser: Native class hierarchy updated for 'SceneOutliner' in 0.0004 seconds. Added 1 classes and 2 folders.
[2015.11.28-00.51.59:988][  0]LogCrashTracker: Crashtracker disabled due to settings.
[2015.11.28-00.52.00:563][  0]LogUObjectGlobals:Warning: Failed to find object 'Class None.'
[2015.11.28-00.52.00:908][  0]LogLoad: Full Startup: 136.68 seconds (BP compile: 1.95 seconds)
[2015.11.28-00.52.02:878][  0]LogContentStreaming: Texture pool size now 1000 MB
[2015.11.28-00.52.05:438][  1]LogRenderer: Reallocating scene render targets to support 712x356 (Frame:2).
[2015.11.28-00.52.07:858][  7]LogAssetRegistry: Asset discovery search completed in 77.2172 seconds
[2015.11.28-00.52.07:859][  7]LogCollectionManager: Rebuilt the object cache for 0 collections in 0.000001 seconds (found 0 objects)
[2015.11.28-00.52.07:878][  7]LogCollectionManager: Fixed up redirectors for 0 collections in 0.000064 seconds (updated 0 objects)
[2015.11.28-00.52.22:962][530]LogActorComponent: UnregisterComponent: (/Engine/Transient.CharMoveComp) Not registered. Aborting.
[2015.11.28-00.52.23:051][530]Cmd: MAP LOAD FILE="../../../../../../Users/joffrea123/Desktop/Mechanics proto/TeamoSupremeo/MyProject/Content/Maps/CastleAndMapPrototype1.umap" TEMPLATE=0 SHOWPROGRESS=1 FEATURELEVEL=3
[2015.11.28-00.52.23:081][530]LightingResults: New page: Lighting Build
[2015.11.28-00.52.23:106][530]LoadErrors: New page: Loading map: CastleAndMapPrototype1.umap
[2015.11.28-00.52.23:107][530]MapCheck: New page: Map Check
[2015.11.28-00.52.23:107][530]LightingResults: New page: Lighting Build
[2015.11.28-00.52.23:199][530]LogParticles: Destroying 0 GPU particle simulations for FXSystem 0x00000063A670E0C0
[2015.11.28-00.52.27:627][530]LogAIModule: Creating AISystem for world CastleAndMapPrototype1
[2015.11.28-00.52.27:722][530]LogEditorServer: Finished looking for orphan Actors (0.000 secs)
[2015.11.28-00.52.27:795][530]Cmd: MAP CHECKDEP NOCLEARLOG
[2015.11.28-00.52.27:867][530]MapCheck: Info Map check complete: 0 Error(s), 0 Warning(s), took 71.773ms to complete.
[2015.11.28-00.52.27:867][530]LogFileHelpers: Loading map 'CastleAndMapPrototype1' took 4.817
[2015.11.28-00.52.30:192][612]LogEditorViewport: Clicking on Actor (LMB): StaticMeshActor (Cube)
[2015.11.28-00.53.57:474][380]LogLinker:Warning: Asset '../../../Engine/Content/ArtTools/RenderToTexture/Macros/RenderToTextureMacros.uasset' has been saved with empty engine version. The asset will be loaded but may be incompatible.
[2015.11.28-00.53.58:585][380]LogContentBrowser: Native class hierarchy updated for 'BlueprintGraph' in 0.0009 seconds. Added 107 classes and 0 folders.
[2015.11.28-00.56.05:949][863]LogD3D11RHI: Timed out while waiting for GPU to catch up. (0.5 s)
[2015.11.28-00.56.28:928][950]LogBlueprintUserMessages: CustomizeDetails for Blueprint 'SideScrollerCharacter', cached variable property's owner is '/Script/Engine.Character'
[2015.11.28-00.57.10:099][655]LogBlueprintUserMessages: CustomizeDetails for Blueprint 'SideScrollerCharacter', cached variable property's owner is '/Script/Engine.Character'
[2015.11.28-00.57.17:103][  1]LogBlueprintUserMessages: CustomizeDetails for Blueprint 'SideScrollerCharacter', cached variable property's owner is '/Game/SideScrollerBP/Blueprints/SideScrollerCharacter.SKEL_SideScrollerCharacter_C'
[2015.11.28-00.59.52:278][498]LogActorComponent: UnregisterComponent: (/Engine/Transient.CharMoveComp) Not registered. Aborting.
[2015.11.28-00.59.52:409][498]LogBlueprintUserMessages: CustomizeDetails for Blueprint 'SideScrollerCharacter', cached variable property's owner is '/Game/SideScrollerBP/Blueprints/SideScrollerCharacter.SKEL_SideScrollerCharacter_C'
[2015.11.28-00.59.58:012][775]LogBlueprintUserMessages: CustomizeDetails for Blueprint 'SideScrollerCharacter', cached variable property's owner is '/Game/SideScrollerBP/Blueprints/SideScrollerCharacter.SKEL_SideScrollerCharacter_C'
[2015.11.28-00.59.58:081][779]LogBlueprintUserMessages: CustomizeDetails for Blueprint 'SideScrollerCharacter', cached variable property's owner is '/Game/SideScrollerBP/Blueprints/SideScrollerCharacter.SKEL_SideScrollerCharacter_C'
[2015.11.28-01.00.00:596][870]LogD3D11RHI: Timed out while waiting for GPU to catch up. (0.5 s)
[2015.11.28-01.00.21:325][940]LogD3D11RHI: Timed out while waiting for GPU to catch up. (0.5 s)
[2015.11.28-01.01.22:006][870]LogD3D11RHI: Timed out while waiting for GPU to catch up. (0.5 s)
[2015.11.28-01.03.13:562][307]LogActorComponent: UnregisterComponent: (/Engine/Transient.CharacterMovementComponent_0) Not registered. Aborting.
[2015.11.28-01.03.14:071][307]LogSavePackage: Save=350.420471ms
[2015.11.28-01.03.14:071][307]LogSavePackage: Moving '../../../../../../Users/joffrea123/Desktop/Mechanics proto/TeamoSupremeo/MyProject/Saved/CastleAndMapPrototype1_Auto14590C45E41E46F4EDA326881F1117CF8.tmp' to '../../../../../../Users/joffrea123/Desktop/Mechanics proto/TeamoSupremeo/MyProject/Saved/Autosaves/Game/Maps/CastleAndMapPrototype1_Auto1.umap'
[2015.11.28-01.03.14:073][307]LogSavePackage: Total save time: 455.329433ms
[2015.11.28-01.03.14:073][307]LogSavePackage:Warning: Finished SavePackage ../../../../../../Users/joffrea123/Desktop/Mechanics proto/TeamoSupremeo/MyProject/Saved/Autosaves/Game/Maps/CastleAndMapPrototype1_Auto1.umap
[2015.11.28-01.03.14:077][307]LogFileHelpers: Editor autosave (incl. sublevels) for '/Game/Maps/CastleAndMapPrototype1' took 0.516
[2015.11.28-01.03.14:077][307]LogFileHelpers: Editor autosave (incl. sublevels) for all levels took 0.516
[2015.11.28-01.03.14:088][307]OBJ SavePackage: Generating thumbnails for [1] asset(s) in package [/Game/SideScrollerBP/Blueprints/SideScrollerCharacter] ([1] browsable assets)...
[2015.11.28-01.03.14:143][307]OBJ SavePackage:     Rendered thumbnail for [Blueprint /Game/SideScrollerBP/Blueprints/SideScrollerCharacter.SideScrollerCharacter]
[2015.11.28-01.03.14:143][307]OBJ SavePackage: Finished generating thumbnails for package [/Game/SideScrollerBP/Blueprints/SideScrollerCharacter]
[2015.11.28-01.03.14:327][307]LogSavePackage: Save=175.402802ms
[2015.11.28-01.03.14:327][307]LogSavePackage: Moving '../../../../../../Users/joffrea123/Desktop/Mechanics proto/TeamoSupremeo/MyProject/Saved/SideScrollerCharacter_Auto10218399A4669B8471F3F49AC7F5B61E1.tmp' to '../../../../../../Users/joffrea123/Desktop/Mechanics proto/TeamoSupremeo/MyProject/Saved/Autosaves/Game/SideScrollerBP/Blueprints/SideScrollerCharacter_Auto1.uasset'
[2015.11.28-01.03.14:331][307]LogSavePackage: Total save time: 187.070847ms
[2015.11.28-01.03.14:331][307]LogSavePackage:Warning: Finished SavePackage ../../../../../../Users/joffrea123/Desktop/Mechanics proto/TeamoSupremeo/MyProject/Saved/Autosaves/Game/SideScrollerBP/Blueprints/SideScrollerCharacter_Auto1.uasset
[2015.11.28-01.03.14:331][307]LogFileHelpers: Auto-saving content packages took 0.253
[2015.11.28-01.06.57:131][838]LogActorComponent: UnregisterComponent: (/Engine/Transient.CharMoveComp) Not registered. Aborting.
[2015.11.28-01.15.22:209][441]LogD3D11RHI: Timed out while waiting for GPU to catch up. (0.5 s)
[2015.11.28-01.15.46:189][775]LogActorComponent: UnregisterComponent: (/Engine/Transient.CharacterMovementComponent_1) Not registered. Aborting.
[2015.11.28-01.15.46:677][775]LogSavePackage: Save=284.908997ms
[2015.11.28-01.15.46:677][775]LogSavePackage: Moving '../../../../../../Users/joffrea123/Desktop/Mechanics proto/TeamoSupremeo/MyProject/Saved/CastleAndMapPrototype1_Auto2E4D5DA154D02969AA46966927DDDF0F1.tmp' to '../../../../../../Users/joffrea123/Desktop/Mechanics proto/TeamoSupremeo/MyProject/Saved/Autosaves/Game/Maps/CastleAndMapPrototype1_Auto2.umap'
[2015.11.28-01.15.46:679][775]LogSavePackage: Total save time: 331.172004ms
[2015.11.28-01.15.46:679][775]LogSavePackage:Warning: Finished SavePackage ../../../../../../Users/joffrea123/Desktop/Mechanics proto/TeamoSupremeo/MyProject/Saved/Autosaves/Game/Maps/CastleAndMapPrototype1_Auto2.umap
[2015.11.28-01.15.46:687][775]LogFileHelpers: Editor autosave (incl. sublevels) for '/Game/Maps/CastleAndMapPrototype1' took 0.497
[2015.11.28-01.15.46:687][775]LogFileHelpers: Editor autosave (incl. sublevels) for all levels took 0.497
[2015.11.28-01.15.46:695][775]OBJ SavePackage: Generating thumbnails for [1] asset(s) in package [/Game/SideScrollerBP/Blueprints/SideScrollerCharacter] ([1] browsable assets)...
[2015.11.28-01.15.46:760][775]OBJ SavePackage:     Rendered thumbnail for [Blueprint /Game/SideScrollerBP/Blueprints/SideScrollerCharacter.SideScrollerCharacter]
[2015.11.28-01.15.46:760][775]OBJ SavePackage: Finished generating thumbnails for package [/Game/SideScrollerBP/Blueprints/SideScrollerCharacter]
[2015.11.28-01.15.47:079][775]LogSavePackage: Save=300.697266ms
[2015.11.28-01.15.47:079][775]LogSavePackage: Moving '../../../../../../Users/joffrea123/Desktop/Mechanics proto/TeamoSupremeo/MyProject/Saved/SideScrollerCharacter_Auto25631057F45600E025BCC6BB3BC38135A.tmp' to '../../../../../../Users/joffrea123/Desktop/Mechanics proto/TeamoSupremeo/MyProject/Saved/Autosaves/Game/SideScrollerBP/Blueprints/SideScrollerCharacter_Auto2.uasset'
[2015.11.28-01.15.47:089][775]LogSavePackage: Total save time: 327.990700ms
[2015.11.28-01.15.47:089][775]LogSavePackage:Warning: Finished SavePackage ../../../../../../Users/joffrea123/Desktop/Mechanics proto/TeamoSupremeo/MyProject/Saved/Autosaves/Game/SideScrollerBP/Blueprints/SideScrollerCharacter_Auto2.uasset
[2015.11.28-01.15.47:089][775]LogFileHelpers: Auto-saving content packages took 0.402
[2015.11.28-01.19.51:589][342]LogD3D11RHI: Timed out while waiting for GPU to catch up. (0.5 s)
[2015.11.28-01.20.47:562][109]LogD3D11RHI: Timed out while waiting for GPU to catch up. (0.5 s)
[2015.11.28-01.21.13:577][463]LogD3D11RHI: Timed out while waiting for GPU to catch up. (0.5 s)
[2015.11.28-01.23.22:967][ 11]LogD3D11RHI: Timed out while waiting for GPU to catch up. (0.5 s)
[2015.11.28-01.23.46:016][ 34]LogD3D11RHI: Timed out while waiting for GPU to catch up. (0.5 s)
[2015.11.28-01.24.01:972][626]LogD3D11RHI: Timed out while waiting for GPU to catch up. (0.5 s)
[2015.11.28-01.24.18:557][501]LogD3D11RHI: Timed out while waiting for GPU to catch up. (0.5 s)
[2015.11.28-01.24.37:122][492]LogActorComponent: UnregisterComponent: (/Engine/Transient.CharMoveComp) Not registered. Aborting.
[2015.11.28-01.24.38:085][534]LogActorComponent: UnregisterComponent: (/Engine/Transient.CharacterMovementComponent_2) Not registered. Aborting.
[2015.11.28-01.24.39:054][577]LogActorComponent: UnregisterComponent: (/Engine/Transient.CharacterMovementComponent_3) Not registered. Aborting.
[2015.11.28-01.24.42:323][711]LogD3D11RHI: Timed out while waiting for GPU to catch up. (0.5 s)
[2015.11.28-01.24.57:819][499]LogBlueprintUserMessages: CustomizeDetails for Blueprint 'SideScrollerCharacter', cached variable property's owner is '/Script/Engine.Character'
[2015.11.28-01.25.47:821][761]LogActorComponent: UnregisterComponent: (/Engine/Transient.CharacterMovementComponent_4) Not registered. Aborting.
[2015.11.28-01.25.48:093][761]LogSavePackage: Save=184.516968ms
[2015.11.28-01.25.48:093][761]LogSavePackage: Moving '../../../../../../Users/joffrea123/Desktop/Mechanics proto/TeamoSupremeo/MyProject/Saved/CastleAndMapPrototype1_Auto3CBBDFCE046A265AF4A296F85B9DF1DB4.tmp' to '../../../../../../Users/joffrea123/Desktop/Mechanics proto/TeamoSupremeo/MyProject/Saved/Autosaves/Game/Maps/CastleAndMapPrototype1_Auto3.umap'
[2015.11.28-01.25.48:095][761]LogSavePackage: Total save time: 203.071080ms
[2015.11.28-01.25.48:095][761]LogSavePackage:Warning: Finished SavePackage ../../../../../../Users/joffrea123/Desktop/Mechanics proto/TeamoSupremeo/MyProject/Saved/Autosaves/Game/Maps/CastleAndMapPrototype1_Auto3.umap
[2015.11.28-01.25.48:097][761]LogFileHelpers: Editor autosave (incl. sublevels) for '/Game/Maps/CastleAndMapPrototype1' took 0.276
[2015.11.28-01.25.48:097][761]LogFileHelpers: Editor autosave (incl. sublevels) for all levels took 0.276
[2015.11.28-01.25.48:105][761]OBJ SavePackage: Generating thumbnails for [1] asset(s) in package [/Game/SideScrollerBP/Blueprints/SideScrollerCharacter] ([1] browsable assets)...
[2015.11.28-01.25.48:162][761]OBJ SavePackage:     Rendered thumbnail for [Blueprint /Game/SideScrollerBP/Blueprints/SideScrollerCharacter.SideScrollerCharacter]
[2015.11.28-01.25.48:162][761]OBJ SavePackage: Finished generating thumbnails for package [/Game/SideScrollerBP/Blueprints/SideScrollerCharacter]
[2015.11.28-01.25.48:332][761]LogSavePackage: Save=159.258865ms
[2015.11.28-01.25.48:332][761]LogSavePackage: Moving '../../../../../../Users/joffrea123/Desktop/Mechanics proto/TeamoSupremeo/MyProject/Saved/SideScrollerCharacter_Auto347D95EBD4C5A468AF6807580C734D05F.tmp' to '../../../../../../Users/joffrea123/Desktop/Mechanics proto/TeamoSupremeo/MyProject/Saved/Autosaves/Game/SideScrollerBP/Blueprints/SideScrollerCharacter_Auto3.uasset'
[2015.11.28-01.25.48:335][761]LogSavePackage: Total save time: 171.291061ms
[2015.11.28-01.25.48:335][761]LogSavePackage:Warning: Finished SavePackage ../../../../../../Users/joffrea123/Desktop/Mechanics proto/TeamoSupremeo/MyProject/Saved/Autosaves/Game/SideScrollerBP/Blueprints/SideScrollerCharacter_Auto3.uasset
[2015.11.28-01.25.48:335][761]LogFileHelpers: Auto-saving content packages took 0.236
[2015.11.28-01.27.09:335][506]LogD3D11RHI: Timed out while waiting for GPU to catch up. (0.5 s)
[2015.11.28-01.27.11:491][575]LogD3D11RHI: Timed out while waiting for GPU to catch up. (0.5 s)
[2015.11.28-01.27.12:947][612]LogD3D11RHI: Timed out while waiting for GPU to catch up. (0.5 s)
[2015.11.28-01.27.16:189][729]LogD3D11RHI: Timed out while waiting for GPU to catch up. (0.5 s)
[2015.11.28-01.27.19:629][894]LogBlueprintUserMessages: CustomizeDetails for Blueprint 'SideScrollerCharacter', cached variable property's owner is '/Game/SideScrollerBP/Blueprints/SideScrollerCharacter.SKEL_SideScrollerCharacter_C'
[2015.11.28-01.27.23:742][ 71]BlueprintLog: New page: Compile SideScrollerCharacter
[2015.11.28-01.27.23:826][ 71]LogUObjectGlobals:Warning: Guid is in use by CapsuleComponent /Game/Maps/CastleAndMapPrototype1.CastleAndMapPrototype1:PersistentLevel.SideScrollerCharacter_C_0.CollisionCylinder and CapsuleComponent /Game/Maps/CastleAndMapPrototype1.CastleAndMapPrototype1:PersistentLevel.SideScrollerCharacter_C_1.CollisionCylinder, which should never happen in the editor but could happen at runtime with duplicate level loading or PIE
[2015.11.28-01.27.23:826][ 71]LogUObjectGlobals:Warning: Guid is in use by ArrowComponent /Game/Maps/CastleAndMapPrototype1.CastleAndMapPrototype1:PersistentLevel.SideScrollerCharacter_C_0.Arrow and ArrowComponent /Game/Maps/CastleAndMapPrototype1.CastleAndMapPrototype1:PersistentLevel.SideScrollerCharacter_C_1.Arrow, which should never happen in the editor but could happen at runtime with duplicate level loading or PIE
[2015.11.28-01.27.23:826][ 71]LogUObjectGlobals:Warning: Guid is in use by CharacterMovementComponent /Game/Maps/CastleAndMapPrototype1.CastleAndMapPrototype1:PersistentLevel.SideScrollerCharacter_C_0.CharMoveComp and CharacterMovementComponent /Game/Maps/CastleAndMapPrototype1.CastleAndMapPrototype1:PersistentLevel.SideScrollerCharacter_C_1.CharMoveComp, which should never happen in the editor but could happen at runtime with duplicate level loading or PIE
[2015.11.28-01.27.23:826][ 71]LogUObjectGlobals:Warning: Guid is in use by SkeletalMeshComponent /Game/Maps/CastleAndMapPrototype1.CastleAndMapPrototype1:PersistentLevel.SideScrollerCharacter_C_0.CharacterMesh0 and SkeletalMeshComponent /Game/Maps/CastleAndMapPrototype1.CastleAndMapPrototype1:PersistentLevel.SideScrollerCharacter_C_1.CharacterMesh0, which should never happen in the editor but could happen at runtime with duplicate level loading or PIE
[2015.11.28-01.27.23:899][ 71]LogActorComponent: UnregisterComponent: (/Engine/Transient.CharMoveComp) Not registered. Aborting.
[2015.11.28-01.27.23:957][ 71]BlueprintEditorCompileResults: Info [2259.73] Compile of SideScrollerCharacter successful! [in 213 ms]
[2015.11.28-01.27.26:744][192]LogSavePackage: Save=163.864151ms
[2015.11.28-01.27.26:744][192]LogSavePackage: Moving '../../../../../../Users/joffrea123/Desktop/Mechanics proto/TeamoSupremeo/MyProject/Saved/SideScrollerCharacterAC642F694488672CC7668F8EB1F22AB3.tmp' to '../../../../../../Users/joffrea123/Desktop/Mechanics proto/TeamoSupremeo/MyProject/Content/SideScrollerBP/Blueprints/SideScrollerCharacter.uasset'
[2015.11.28-01.27.26:751][192]LogSavePackage: Total save time: 174.464334ms
[2015.11.28-01.27.26:751][192]LogSavePackage:Warning: Finished SavePackage ../../../../../../Users/joffrea123/Desktop/Mechanics proto/TeamoSupremeo/MyProject/Content/SideScrollerBP/Blueprints/SideScrollerCharacter.uasset
[2015.11.28-01.27.30:273][369]LogActorComponent: UnregisterComponent: (/Engine/Transient.CharMoveComp) Not registered. Aborting.
[2015.11.28-01.27.30:479][369]LogSavePackage: Save=155.129288ms
[2015.11.28-01.27.30:479][369]LogSavePackage: Moving '../../../../../../Users/joffrea123/Desktop/Mechanics proto/TeamoSupremeo/MyProject/Saved/CastleAndMapPrototype1A05C22D146E85EC7836817A573F22850.tmp' to '../../../../../../Users/joffrea123/Desktop/Mechanics proto/TeamoSupremeo/MyProject/Content/Maps/CastleAndMapPrototype1.umap'
[2015.11.28-01.27.30:486][369]LogSavePackage: Total save time: 166.614380ms
[2015.11.28-01.27.30:486][369]LogSavePackage:Warning: Finished SavePackage ../../../../../../Users/joffrea123/Desktop/Mechanics proto/TeamoSupremeo/MyProject/Content/Maps/CastleAndMapPrototype1.umap
[2015.11.28-01.27.36:331][584]LogActorComponent: UnregisterComponent: (/Engine/Transient.CharMoveComp) Not registered. Aborting.
[2015.11.28-01.27.36:379][584]LogParticles: Destroying 0 GPU particle simulations for FXSystem 0x000000638EA5A160
[2015.11.28-01.27.36:600][584]LogWindowsTextInputMethodSystem:Display: IME system now deactivated.
[2015.11.28-01.27.37:021][585]Cmd: QUIT_EDITOR
[2015.11.28-01.27.37:496][585]LogExit: Preparing to exit.
[2015.11.28-01.27.38:399][585]LogExit: Editor shut down
[2015.11.28-01.27.38:401][585]LogExit: Transaction tracking system shut down
[2015.11.28-01.27.38:409][585]LogParticles: Destroying 0 GPU particle simulations for FXSystem 0x000000638EF95B20
[2015.11.28-01.27.38:459][585]LogParticles: Destroying 0 GPU particle simulations for FXSystem 0x000000639EB13380
[2015.11.28-01.27.38:459][585]LogParticles: Destroying 0 GPU particle simulations for FXSystem 0x00000063A9ABB2E0
[2015.11.28-01.27.38:461][585]LogParticles: Destroying 0 GPU particle simulations for FXSystem 0x000000639B55BB00
[2015.11.28-01.27.38:461][585]LogParticles: Destroying 0 GPU particle simulations for FXSystem 0x00000063BB450E00
[2015.11.28-01.27.39:174][585]LogExit: Object subsystem successfully closed.
[2015.11.28-01.27.39:393][585]LogD3D11RHI: Shutdown
[2015.11.28-01.27.39:393][585]LogD3D11RHI: CleanupD3DDevice
[2015.11.28-01.27.39:591][585]LogD3D11RHI: ~FD3D11DynamicRHI
[2015.11.28-01.27.39:896][585]LogModuleManager: Shutting down and abandoning module BlueprintGraph (198)
[2015.11.28-01.27.39:896][585]LogModuleManager: Shutting down and abandoning module CrashTracker (197)
[2015.11.28-01.27.39:897][585]LogModuleManager: Shutting down and abandoning module SceneOutliner (196)
[2015.11.28-01.27.39:897][585]LogModuleManager: Shutting down and abandoning module SuperSearch (195)
[2015.11.28-01.27.39:897][585]LogModuleManager: Shutting down and abandoning module WidgetCarousel (194)
[2015.11.28-01.27.39:897][585]LogModuleManager: Shutting down and abandoning module AddContentDialog (193)
[2015.11.28-01.27.39:918][585]LogModuleManager: Shutting down and abandoning module EditorWidgets (192)
[2015.11.28-01.27.39:918][585]LogModuleManager: Shutting down and abandoning module CollectionManager (191)
[2015.11.28-01.27.39:919][585]LogModuleManager: Shutting down and abandoning module StatsViewer (190)
[2015.11.28-01.27.39:919][585]LogModuleManager: Shutting down and abandoning module FoliageEdit (189)
[2015.11.28-01.27.39:919][585]LogModuleManager: Shutting down and abandoning module LandscapeEditor (188)
[2015.11.28-01.27.39:937][585]LogModuleManager: Shutting down and abandoning module ActorPickerMode (187)
[2015.11.28-01.27.39:937][585]LogModuleManager: Shutting down and abandoning module GeometryMode (186)
[2015.11.28-01.27.39:937][585]LogModuleManager: Shutting down and abandoning module TextureAlignMode (185)
[2015.11.28-01.27.39:937][585]LogModuleManager: Shutting down and abandoning module BspMode (184)
[2015.11.28-01.27.39:937][585]LogModuleManager: Shutting down and abandoning module PlacementMode (183)
[2015.11.28-01.27.39:937][585]LogModuleManager: Shutting down and abandoning module AutomationWorker (182)
[2015.11.28-01.27.39:937][585]LogModuleManager: Shutting down and abandoning module CharacterAI (181)
[2015.11.28-01.27.39:937][585]LogModuleManager: Shutting down and abandoning module SmartSnapping (180)
[2015.11.28-01.27.39:938][585]LogModuleManager: Shutting down and abandoning module ViewportSnapping (179)
[2015.11.28-01.27.39:938][585]LogModuleManager: Shutting down and abandoning module LogVisualizer (178)
[2015.11.28-01.27.39:938][585]LogModuleManager: Shutting down and abandoning module GameProjectGeneration (177)
[2015.11.28-01.27.39:947][585]LogModuleManager: Shutting down and abandoning module IntroTutorials (176)
[2015.11.28-01.27.39:947][585]LogModuleManager: Shutting down and abandoning module EditorLiveStreaming (175)
[2015.11.28-01.27.39:947][585]LogModuleManager: Shutting down and abandoning module IOSPlatformEditor (174)
[2015.11.28-01.27.39:947][585]LogModuleManager: Shutting down and abandoning module HTML5PlatformEditor (173)
[2015.11.28-01.27.39:947][585]LogModuleManager: Shutting down and abandoning module AndroidDeviceDetection (172)
[2015.11.28-01.27.40:017][585]LogModuleManager: Shutting down and abandoning module AndroidPlatformEditor (171)
[2015.11.28-01.27.40:017][585]LogModuleManager: Shutting down and abandoning module IOSRuntimeSettings (170)
[2015.11.28-01.27.40:017][585]LogModuleManager: Shutting down and abandoning module AndroidRuntimeSettings (169)
[2015.11.28-01.27.40:017][585]LogModuleManager: Shutting down and abandoning module MergeActors (168)
[2015.11.28-01.27.40:025][585]LogModuleManager: Shutting down and abandoning module SizeMap (167)
[2015.11.28-01.27.40:025][585]LogModuleManager: Shutting down and abandoning module TreeMap (166)
[2015.11.28-01.27.40:025][585]LogModuleManager: Shutting down and abandoning module ReferenceViewer (165)
[2015.11.28-01.27.40:025][585]LogModuleManager: Shutting down and abandoning module LocalizationService (164)
[2015.11.28-01.27.40:025][585]LogModuleManager: Shutting down and abandoning module LocalizationDashboard (163)
[2015.11.28-01.27.40:039][585]LogModuleManager: Shutting down and abandoning module HardwareTargeting (162)
[2015.11.28-01.27.40:039][585]LogModuleManager: Shutting down and abandoning module DeviceProfileEditor (161)
[2015.11.28-01.27.40:039][585]LogModuleManager: Shutting down and abandoning module UndoHistory (160)
[2015.11.28-01.27.40:039][585]LogModuleManager: Shutting down and abandoning module GameplayTagsEditor (159)
[2015.11.28-01.27.40:039][585]LogModuleManager: Shutting down and abandoning module UserFeedback (158)
[2015.11.28-01.27.40:039][585]LogModuleManager: Shutting down and abandoning module XmlParser (157)
[2015.11.28-01.27.40:039][585]LogModuleManager: Shutting down and abandoning module Blutility (156)
[2015.11.28-01.27.40:039][585]LogModuleManager: Shutting down and abandoning module ProjectTargetPlatformEditor (155)
[2015.11.28-01.27.40:039][585]LogModuleManager: Shutting down and abandoning module ProjectSettingsViewer (154)
[2015.11.28-01.27.40:039][585]LogModuleManager: Shutting down and abandoning module InputBindingEditor (153)
[2015.11.28-01.27.40:040][585]LogModuleManager: Shutting down and abandoning module EditorSettingsViewer (152)
[2015.11.28-01.27.40:040][585]LogModuleManager: Shutting down and abandoning module SettingsEditor (151)
[2015.11.28-01.27.40:040][585]LogModuleManager: Shutting down and abandoning module ProjectLauncher (150)
[2015.11.28-01.27.40:054][585]LogModuleManager: Shutting down and abandoning module SessionFrontend (149)
[2015.11.28-01.27.40:054][585]LogModuleManager: Shutting down and abandoning module ProfilerClient (148)
[2015.11.28-01.27.40:070][585]LogModuleManager: Shutting down and abandoning module TargetDeviceServices (147)
[2015.11.28-01.27.40:070][585]LogModuleManager: Shutting down and abandoning module DeviceManager (146)
[2015.11.28-01.27.40:070][585]LogModuleManager: Shutting down and abandoning module AutomationController (145)
[2015.11.28-01.27.40:070][585]LogModuleManager: Shutting down and abandoning module AutomationWindow (144)
[2015.11.28-01.27.40:076][585]LogModuleManager: Shutting down and abandoning module Layers (143)
[2015.11.28-01.27.40:085][585]LogModuleManager: Shutting down and abandoning module ComponentVisualizers (142)
[2015.11.28-01.27.40:086][585]LogModuleManager: Shutting down and abandoning module DetailCustomizations (141)
[2015.11.28-01.27.40:086][585]LogModuleManager: Shutting down and abandoning module PackagesDialog (140)
[2015.11.28-01.27.40:086][585]LogModuleManager: Shutting down and abandoning module Persona (139)
[2015.11.28-01.27.40:100][585]LogModuleManager: Shutting down and abandoning module Kismet (138)
[2015.11.28-01.27.40:100][585]LogModuleManager: Shutting down and abandoning module GraphEditor (137)
[2015.11.28-01.27.40:100][585]LogModuleManager: Shutting down and abandoning module ClassViewer (136)
[2015.11.28-01.27.40:100][585]LogModuleManager: Shutting down and abandoning module Toolbox (135)
[2015.11.28-01.27.40:100][585]LogModuleManager: Shutting down and abandoning module ModuleUI (134)
[2015.11.28-01.27.40:116][585]LogModuleManager: Shutting down and abandoning module MovieSceneTools (133)
[2015.11.28-01.27.40:116][585]LogModuleManager: Shutting down and abandoning module OutputLog (132)
[2015.11.28-01.27.40:116][585]LogModuleManager: Shutting down and abandoning module GammaUI (131)
[2015.11.28-01.27.40:125][585]LogModuleManager: Shutting down and abandoning module Documentation (130)
[2015.11.28-01.27.40:126][585]LogModuleManager: Shutting down and abandoning module GameLiveStreaming (129)
[2015.11.28-01.27.40:126][585]LogModuleManager: Shutting down and abandoning module StreamingPauseRendering (128)
[2015.11.28-01.27.40:126][585]LogModuleManager: Shutting down and abandoning module AnalyticsET (127)
[2015.11.28-01.27.40:126][585]LogModuleManager: Shutting down and abandoning module Analytics (126)
[2015.11.28-01.27.40:126][585]LogModuleManager: Shutting down and abandoning module AITestSuite (125)
[2015.11.28-01.27.40:126][585]LogModuleManager: Shutting down and abandoning module GameplayDebugger (124)
[2015.11.28-01.27.40:126][585]LogModuleManager: Shutting down and abandoning module AIModule (123)
[2015.11.28-01.27.40:126][585]LogModuleManager: Shutting down and abandoning module ProfilerService (122)
[2015.11.28-01.27.40:262][585]LogModuleManager: Shutting down and abandoning module TaskGraph (121)
[2015.11.28-01.27.40:262][585]LogModuleManager: Shutting down and abandoning module SlateRemote (120)
[2015.11.28-01.27.40:262][585]LogModuleManager: Shutting down and abandoning module SteamVRController (119)
[2015.11.28-01.27.40:262][585]LogModuleManager: Shutting down and abandoning module SteamVR (118)
[2015.11.28-01.27.40:262][585]LogModuleManager: Shutting down and abandoning module ProceduralMeshComponent (117)
[2015.11.28-01.27.40:263][585]LogModuleManager: Shutting down and abandoning module OculusRift (116)
[2015.11.28-01.27.40:263][585]LogModuleManager: Shutting down and abandoning module OculusLibrary (115)
[2015.11.28-01.27.40:263][585]LogModuleManager: Shutting down and abandoning module LeapMotionController (114)
[2015.11.28-01.27.40:281][585]LogModuleManager: Shutting down and abandoning module CustomMeshComponent (113)
[2015.11.28-01.27.40:304][585]LogModuleManager: Shutting down and abandoning module CableComponent (112)
[2015.11.28-01.27.40:304][585]LogModuleManager: Shutting down and abandoning module ArchVisCharacter (111)
[2015.11.28-01.27.40:304][585]LogModuleManager: Shutting down and abandoning module MessagingDebugger (110)
[2015.11.28-01.27.40:308][585]LogModuleManager: Shutting down and abandoning module MediaPlayerEditor (109)
[2015.11.28-01.27.40:316][585]LogModuleManager: Shutting down and abandoning module HTML5Networking (108)
[2015.11.28-01.27.40:316][585]LogModuleManager: Shutting down and abandoning module SpeedTreeImporter (107)
[2015.11.28-01.27.40:316][585]LogModuleManager: Shutting down and abandoning module PluginBrowser (106)
[2015.11.28-01.27.40:316][585]LogModuleManager: Shutting down and abandoning module EpicSurvey (105)
[2015.11.28-01.27.40:316][585]LogModuleManager: Shutting down and abandoning module DesktopPlatform (104)
[2015.11.28-01.27.40:323][585]LogModuleManager: Shutting down and abandoning module VisualStudioSourceCodeAccess (103)
[2015.11.28-01.27.40:323][585]LogModuleManager: Shutting down and abandoning module UObjectPlugin (102)
[2015.11.28-01.27.40:323][585]LogModuleManager: Shutting down and abandoning module SubversionSourceControl (101)
[2015.11.28-01.27.40:323][585]LogModuleManager: Shutting down and abandoning module PerforceSourceControl (100)
[2015.11.28-01.27.40:323][585]LogModuleManager: Shutting down and abandoning module SourceControl (99)
[2015.11.28-01.27.40:323][585]LogModuleManager: Shutting down and abandoning module GitSourceControl (98)
[2015.11.28-01.27.40:323][585]LogModuleManager: Shutting down and abandoning module LightPropagationVolumeEditor (97)
[2015.11.28-01.27.40:323][585]LogModuleManager: Shutting down and abandoning module PaperTiledImporter (96)
[2015.11.28-01.27.40:323][585]LogModuleManager: Shutting down and abandoning module PaperSpriteSheetImporter (95)
[2015.11.28-01.27.40:323][585]LogModuleManager: Shutting down and abandoning module MeshPaint (94)
[2015.11.28-01.27.40:323][585]LogModuleManager: Shutting down and abandoning module SlateReflector (93)
[2015.11.28-01.27.40:334][585]LogModuleManager: Shutting down and abandoning module HotReload (92)
[2015.11.28-01.27.40:334][585]LogModuleManager: Shutting down and abandoning module MainFrame (91)
[2015.11.28-01.27.40:334][585]LogModuleManager: Shutting down and abandoning module LevelEditor (90)
[2015.11.28-01.27.40:341][585]LogModuleManager: Shutting down and abandoning module DirectoryWatcher (89)
[2015.11.28-01.27.40:349][585]LogModuleManager: Shutting down and abandoning module AssetRegistry (88)
[2015.11.28-01.27.40:433][585]LogModuleManager: Shutting down and abandoning module ContentBrowser (87)
[2015.11.28-01.27.40:434][585]LogModuleManager: Shutting down and abandoning module Paper2DEditor (86)
[2015.11.28-01.27.40:445][585]LogModuleManager: Shutting down and abandoning module UdpMessaging (85)
[2015.11.28-01.27.40:545][585]LogModuleManager: Shutting down and abandoning module LightPropagationVolumeRuntime (84)
[2015.11.28-01.27.40:545][585]LogModuleManager: Shutting down and abandoning module Paper2D (83)
[2015.11.28-01.27.40:545][585]LogModuleManager: Shutting down and abandoning module WindowsMoviePlayer (82)
[2015.11.28-01.27.40:549][585]LogModuleManager: Shutting down and abandoning module Media (81)
[2015.11.28-01.27.40:549][585]LogModuleManager: Shutting down and abandoning module WmfMedia (80)
[2015.11.28-01.27.40:549][585]LogModuleManager: Shutting down and abandoning module OnlineBlueprintSupport (79)
[2015.11.28-01.27.40:549][585]LogModuleManager: Shutting down and abandoning module GameplayTasksEditor (78)
[2015.11.28-01.27.40:549][585]LogModuleManager: Shutting down and abandoning module PropertyEditor (77)
[2015.11.28-01.27.40:549][585]LogModuleManager: Shutting down and abandoning module BehaviorTreeEditor (76)
[2015.11.28-01.27.40:565][585]LogModuleManager: Shutting down and abandoning module FunctionalTesting (75)
[2015.11.28-01.27.40:565][585]LogModuleManager: Shutting down and abandoning module CollisionAnalyzer (74)
[2015.11.28-01.27.40:565][585]LogModuleManager: Shutting down and abandoning module WorkspaceMenuStructure (73)
[2015.11.28-01.27.40:565][585]LogModuleManager: Shutting down and abandoning module MessageLog (72)
[2015.11.28-01.27.40:565][585]LogModuleManager: Shutting down and abandoning module Sequencer (71)
[2015.11.28-01.27.40:578][585]LogModuleManager: Shutting down and abandoning module AssetTools (70)
[2015.11.28-01.27.40:594][585]LogModuleManager: Shutting down and abandoning module UMGEditor (69)
[2015.11.28-01.27.40:605][585]LogModuleManager: Shutting down and abandoning module UMG (68)
[2015.11.28-01.27.40:605][585]LogModuleManager: Shutting down and abandoning module Slate (67)
[2015.11.28-01.27.40:605][585]LogModuleManager: Shutting down and abandoning module EditorStyle (66)
[2015.11.28-01.27.40:608][585]LogModuleManager: Shutting down and abandoning module SessionServices (65)
[2015.11.28-01.27.40:608][585]LogModuleManager: Shutting down and abandoning module SourceCodeAccess (64)
[2015.11.28-01.27.40:608][585]LogModuleManager: Shutting down and abandoning module HeadMountedDisplay (63)
[2015.11.28-01.27.40:608][585]LogModuleManager: Shutting down and abandoning module XAudio2 (62)
[2015.11.28-01.27.40:608][585]LogModuleManager: Shutting down and abandoning module Networking (60)
[2015.11.28-01.27.40:608][585]LogModuleManager: Shutting down and abandoning module Core (59)
[2015.11.28-01.27.40:608][585]LogModuleManager: Shutting down and abandoning module KismetCompiler (58)
[2015.11.28-01.27.40:608][585]LogModuleManager: Shutting down and abandoning module PhysXFormats (57)
[2015.11.28-01.27.40:608][585]LogModuleManager: Shutting down and abandoning module MeshUtilities (56)
[2015.11.28-01.27.40:622][585]LogModuleManager: Shutting down and abandoning module CookingStats (55)
[2015.11.28-01.27.40:624][585]LogModuleManager: Shutting down and abandoning module DerivedDataCache (54)
[2015.11.28-01.27.40:667][585]LogDerivedDataCache: Shutdown
[2015.11.28-01.27.40:667][585]LogModuleManager: Shutting down and abandoning module ShaderFormatOpenGL (53)
[2015.11.28-01.27.40:677][585]LogModuleManager: Shutting down and abandoning module ShaderFormatD3D (52)
[2015.11.28-01.27.40:677][585]LogModuleManager: Shutting down and abandoning module MetalShaderFormat (51)
[2015.11.28-01.27.40:687][585]LogModuleManager: Shutting down and abandoning module TextureFormatUncompressed (50)
[2015.11.28-01.27.40:687][585]LogModuleManager: Shutting down and abandoning module TextureFormatPVR (49)
[2015.11.28-01.27.40:687][585]LogModuleManager: Shutting down and abandoning module TextureFormatIntelISPCTexComp (48)
[2015.11.28-01.27.40:687][585]LogModuleManager: Shutting down and abandoning module TextureFormatDXT (47)
[2015.11.28-01.27.40:687][585]LogModuleManager: Shutting down and abandoning module ImageWrapper (46)
[2015.11.28-01.27.40:687][585]LogModuleManager: Shutting down and abandoning module TextureFormatASTC (45)
[2015.11.28-01.27.40:687][585]LogModuleManager: Shutting down and abandoning module TextureFormatAndroid (44)
[2015.11.28-01.27.40:687][585]LogModuleManager: Shutting down and abandoning module AudioFormatOpus (43)
[2015.11.28-01.27.40:687][585]LogModuleManager: Shutting down and abandoning module AudioFormatOgg (42)
[2015.11.28-01.27.40:687][585]LogModuleManager: Shutting down and abandoning module AudioFormatADPCM (41)
[2015.11.28-01.27.40:687][585]LogModuleManager: Shutting down and abandoning module LinuxTargetPlatform (40)
[2015.11.28-01.27.40:687][585]LogModuleManager: Shutting down and abandoning module LinuxServerTargetPlatform (39)
[2015.11.28-01.27.40:687][585]LogModuleManager: Shutting down and abandoning module LinuxNoEditorTargetPlatform (38)
[2015.11.28-01.27.40:687][585]LogModuleManager: Shutting down and abandoning module Messaging (37)
[2015.11.28-01.27.40:687][585]LogModuleManager: Shutting down and abandoning module IOSTargetPlatform (36)
[2015.11.28-01.27.40:687][585]LogModuleManager: Shutting down and abandoning module HTML5TargetPlatform (35)
[2015.11.28-01.27.40:687][585]LogModuleManager: Shutting down and abandoning module Android_PVRTCTargetPlatform (34)
[2015.11.28-01.27.40:687][585]LogModuleManager: Shutting down and abandoning module Android_ETC2TargetPlatform (33)
[2015.11.28-01.27.40:687][585]LogModuleManager: Shutting down and abandoning module Android_ETC1TargetPlatform (32)
[2015.11.28-01.27.40:687][585]LogModuleManager: Shutting down and abandoning module Android_DXTTargetPlatform (31)
[2015.11.28-01.27.40:687][585]LogModuleManager: Shutting down and abandoning module Android_ATCTargetPlatform (30)
[2015.11.28-01.27.40:687][585]LogModuleManager: Shutting down and abandoning module Android_ASTCTargetPlatform (29)
[2015.11.28-01.27.40:687][585]LogModuleManager: Shutting down and abandoning module AndroidTargetPlatform (28)
[2015.11.28-01.27.40:687][585]LogModuleManager: Shutting down and abandoning module WindowsTargetPlatform (27)
[2015.11.28-01.27.40:688][585]LogModuleManager: Shutting down and abandoning module WindowsServerTargetPlatform (26)
[2015.11.28-01.27.40:688][585]LogModuleManager: Shutting down and abandoning module WindowsNoEditorTargetPlatform (25)
[2015.11.28-01.27.40:688][585]LogModuleManager: Shutting down and abandoning module WindowsClientTargetPlatform (24)
[2015.11.28-01.27.40:688][585]LogModuleManager: Shutting down and abandoning module AllDesktopTargetPlatform (23)
[2015.11.28-01.27.40:688][585]LogModuleManager: Shutting down and abandoning module TargetPlatform (22)
[2015.11.28-01.27.40:688][585]LogModuleManager: Shutting down and abandoning module InputCore (21)
[2015.11.28-01.27.40:688][585]LogModuleManager: Shutting down and abandoning module Settings (20)
[2015.11.28-01.27.40:688][585]LogModuleManager: Shutting down and abandoning module OnlineSubsystem (18)
[2015.11.28-01.27.40:688][585]LogModuleManager: Shutting down and abandoning module HTTP (17)
[2015.11.28-01.27.42:691][585]LogModuleManager: Shutting down and abandoning module XMPP (16)
[2015.11.28-01.27.42:704][585]LogModuleManager: Shutting down and abandoning module ExampleDeviceProfileSelector (15)
[2015.11.28-01.27.42:704][585]LogModuleManager: Shutting down and abandoning module TextureCompressor (14)
[2015.11.28-01.27.42:716][585]LogModuleManager: Shutting down and abandoning module ShaderCore (13)
[2015.11.28-01.27.42:716][585]LogModuleManager: Shutting down and abandoning module Landscape (12)
[2015.11.28-01.27.42:716][585]LogModuleManager: Shutting down and abandoning module SlateRHIRenderer (11)
[2015.11.28-01.27.42:731][585]LogModuleManager: Shutting down and abandoning module OpenGLDrv (10)
[2015.11.28-01.27.42:762][585]LogModuleManager: Shutting down and abandoning module D3D11RHI (9)
[2015.11.28-01.27.42:762][585]LogModuleManager: Shutting down and abandoning module AnimGraphRuntime (8)
[2015.11.28-01.27.42:762][585]LogModuleManager: Shutting down and abandoning module Renderer (7)
[2015.11.28-01.27.42:762][585]LogModuleManager: Shutting down and abandoning module Engine (6)
[2015.11.28-01.27.42:762][585]LogModuleManager: Shutting down and abandoning module CoreUObject (5)
[2015.11.28-01.27.42:762][585]LogModuleManager: Shutting down and abandoning module NetworkFile (4)
[2015.11.28-01.27.42:776][585]LogModuleManager: Shutting down and abandoning module StreamingFile (3)
[2015.11.28-01.27.42:776][585]LogModuleManager: Shutting down and abandoning module SandboxFile (2)
[2015.11.28-01.27.42:776][585]LogModuleManager: Shutting down and abandoning module PakFile (1)
[2015.11.28-01.27.42:805][585]LogExit: Exiting.
[2015.11.28-01.27.42:832][585]Log file closed, 11/28/15 12:27:42
