[2015.11.22-23.06.41:815][  0]Log file open, 11/23/15 10:06:41
[2015.11.22-23.06.41:815][  0]LogInit:Display: Running engine for game: MyProject
[2015.11.22-23.06.41:815][  0]LogInit:Display: RandInit(-982287083) SRandInit(-982287083).
[2015.11.22-23.06.41:815][  0]LogTaskGraph: Started task graph with 4 named threads and 5 total threads.
[2015.11.22-23.06.41:815][  0]LogStats: Stats thread started at 0.081979
[2015.11.22-23.06.41:815][  0]LogInit: Version: 4.9.2-2707645+++depot+UE4-Releases+4.9
[2015.11.22-23.06.41:815][  0]LogInit: API Version: 2672455
[2015.11.22-23.06.41:815][  0]LogInit: Compiled (64-bit): Sep 28 2015 10:25:44
[2015.11.22-23.06.41:815][  0]LogInit: Compiled with Visual C++: 18.00.21005.01
[2015.11.22-23.06.41:815][  0]LogInit: Build Configuration: Development
[2015.11.22-23.06.41:815][  0]LogInit: Branch Name: ++depot+UE4-Releases+4.9
[2015.11.22-23.06.41:815][  0]LogInit: Command line:  
[2015.11.22-23.06.41:815][  0]LogInit: Base directory: C:/Program Files/Unreal Engine/4.9/Engine/Binaries/Win64/
[2015.11.22-23.06.41:815][  0]LogInit: Rocket: 1
[2015.11.22-23.06.41:826][  0]LogInit: Using libcurl 7.41.0
[2015.11.22-23.06.41:826][  0]LogInit:  - built for x86_64-pc-win32
[2015.11.22-23.06.41:826][  0]LogInit:  - supports SSL with WinSSL
[2015.11.22-23.06.41:826][  0]LogInit:  - other features:
[2015.11.22-23.06.41:826][  0]LogInit:      CURL_VERSION_SSL
[2015.11.22-23.06.41:826][  0]LogInit:      CURL_VERSION_IPV6
[2015.11.22-23.06.41:826][  0]LogInit:      CURL_VERSION_ASYNCHDNS
[2015.11.22-23.06.41:826][  0]LogInit:      CURL_VERSION_LARGEFILE
[2015.11.22-23.06.41:826][  0]LogInit:      CURL_VERSION_IDN
[2015.11.22-23.06.41:826][  0]LogInit:  CurlRequestOptions (configurable via config and command line):
[2015.11.22-23.06.41:826][  0]LogInit:  - bVerifyPeer = true  - Libcurl will verify peer certificate
[2015.11.22-23.06.41:826][  0]LogInit:  - bUseHttpProxy = false  - Libcurl will NOT use HTTP proxy
[2015.11.22-23.06.41:826][  0]LogInit:  - bDontReuseConnections = false  - Libcurl will reuse connections
[2015.11.22-23.06.41:826][  0]LogInit:  - CertBundlePath = nullptr  - Libcurl will use whatever was configured at build time.
[2015.11.22-23.06.41:835][  0]LogInit: Presizing for 0 objects not considered by GC, pre-allocating 0 bytes.
[2015.11.22-23.06.41:844][  0]LogInit: Object subsystem initialized
[2015.11.22-23.06.41:846][  0]LogInit: Selected Device Profile: [Windows]
[2015.11.22-23.06.41:846][  0]LogInit: Applying CVar settings loaded from the selected device profile: [Windows]
[2015.11.22-23.06.41:858][  0]LogInit: Computer: JOFFRE-JAVIER
[2015.11.22-23.06.41:858][  0]LogInit: User: joffrea123
[2015.11.22-23.06.41:858][  0]LogInit: CPU Page size=4096, Cores=2
[2015.11.22-23.06.41:858][  0]LogInit: High frequency timer resolution =2.240906 MHz
[2015.11.22-23.06.41:858][  0]LogMemory: Memory total: Physical=7.8GB (8GB approx)
[2015.11.22-23.06.41:858][  0]LogMemory: Platform Memory Stats for Windows
[2015.11.22-23.06.41:858][  0]LogMemory: Process Physical Memory: 53.63 MB used, 53.63 MB peak
[2015.11.22-23.06.41:858][  0]LogMemory: Process Virtual Memory: 57.15 MB used, 57.15 MB peak
[2015.11.22-23.06.41:858][  0]LogMemory: Physical Memory: 3455.75 MB used, 7962.15 MB total
[2015.11.22-23.06.41:858][  0]LogMemory: Virtual Memory: 365.29 MB used, 134217728.00 MB total
[2015.11.22-23.06.41:894][  0]LogTextLocalizationManager: No specific translations for ('en-AU') exist, so ('en') translations will be used.
[2015.11.22-23.06.42:840][  0]LogD3D11RHI: Found D3D11 adapter 0: Radeon (TM) HD 8670M (Feature Level 11_0)
[2015.11.22-23.06.42:840][  0]LogD3D11RHI: Adapter has 1012MB of dedicated video memory, 0MB of dedicated system memory, and 3981MB of shared system memory, 1 output[s]
[2015.11.22-23.06.42:848][  0]LogD3D11RHI: Found D3D11 adapter 1: Intel(R) HD Graphics Family (Feature Level 11_0)
[2015.11.22-23.06.42:848][  0]LogD3D11RHI: Adapter has 112MB of dedicated video memory, 0MB of dedicated system memory, and 3981MB of shared system memory, 0 output[s]
[2015.11.22-23.06.42:850][  0]LogD3D11RHI: Found D3D11 adapter 2: Microsoft Basic Render Driver (Feature Level 11_0)
[2015.11.22-23.06.42:850][  0]LogD3D11RHI: Adapter has 0MB of dedicated video memory, 0MB of dedicated system memory, and 3981MB of shared system memory, 0 output[s]
[2015.11.22-23.06.42:850][  0]LogD3D11RHI: Chosen D3D11 Adapter Id = 0
[2015.11.22-23.06.42:855][  0]LogD3D11RHI: !Direct3DDevice
[2015.11.22-23.06.42:856][  0]LogRHI: Texture pool is 708 MB (70% of 1012 MB)
[2015.11.22-23.06.42:864][  0]LogD3D11RHI: Async texture creation disabled: no driver support
[2015.11.22-23.06.42:877][  0]LogShaderCompilers: Guid format shader working directory is 16 characters bigger than the processId version (../../../../../../Users/joffrea123/Desktop/Tav Proto/TeamoSupremeo/MyProject/Intermediate/Shaders/WorkingDirectory/548/).
[2015.11.22-23.06.42:877][  0]LogShaderCompilers: Cleaned the shader compiler working directory '../../../../../../Users/joffrea123/Desktop/Tav Proto/TeamoSupremeo/MyProject/Intermediate/Shaders/tmp/51E8714B4EAB619FBBAC7ABD0C876BF0/'.
[2015.11.22-23.06.42:877][  0]LogShaderCompilers:Display: Using Local Shader Compiler.
[2015.11.22-23.06.44:203][  0]LogTemp:Display: Loaded TP AllDesktopTargetPlatform
[2015.11.22-23.06.44:210][  0]LogTemp:Display: Loaded TP WindowsClientTargetPlatform
[2015.11.22-23.06.44:217][  0]LogTemp:Display: Loaded TP WindowsNoEditorTargetPlatform
[2015.11.22-23.06.44:224][  0]LogTemp:Display: Loaded TP WindowsServerTargetPlatform
[2015.11.22-23.06.44:231][  0]LogTemp:Display: Loaded TP WindowsTargetPlatform
[2015.11.22-23.06.44:236][  0]LogTemp:Display: Loaded TP AndroidTargetPlatform
[2015.11.22-23.06.44:241][  0]LogTemp:Display: Loaded TP Android_ASTCTargetPlatform
[2015.11.22-23.06.44:245][  0]LogTemp:Display: Loaded TP Android_ATCTargetPlatform
[2015.11.22-23.06.44:250][  0]LogTemp:Display: Loaded TP Android_DXTTargetPlatform
[2015.11.22-23.06.44:254][  0]LogTemp:Display: Loaded TP Android_ETC1TargetPlatform
[2015.11.22-23.06.44:259][  0]LogTemp:Display: Loaded TP Android_ETC2TargetPlatform
[2015.11.22-23.06.44:263][  0]LogTemp:Display: Loaded TP Android_PVRTCTargetPlatform
[2015.11.22-23.06.44:264][  0]LogTemp:Display: Loaded TP HTML5TargetPlatform
[2015.11.22-23.06.44:284][  0]LogTemp:Display: Loaded TP IOSTargetPlatform
[2015.11.22-23.06.44:288][  0]LogTemp:Display: Loaded TP LinuxNoEditorTargetPlatform
[2015.11.22-23.06.44:293][  0]LogTemp:Display: Loaded TP LinuxServerTargetPlatform
[2015.11.22-23.06.44:297][  0]LogTemp:Display: Loaded TP LinuxTargetPlatform
[2015.11.22-23.06.44:297][  0]LogTargetPlatformManager:Display: Building Assets For Windows
[2015.11.22-23.06.44:400][  0]LogDerivedDataCache:Display: Max Cache Size: 512 MB
[2015.11.22-23.06.44:456][  0]LogDerivedDataCache: Loaded boot cache 0.06s 41MB C:/Users/joffrea123/AppData/Local/UnrealEngine/4.9/DerivedDataCache/Boot.ddc.
[2015.11.22-23.06.44:456][  0]LogDerivedDataCache:Display: Loaded Boot cache: C:/Users/joffrea123/AppData/Local/UnrealEngine/4.9/DerivedDataCache/Boot.ddc
[2015.11.22-23.06.44:456][  0]LogDerivedDataCache: FDerivedDataBackendGraph:  Pak pak cache file ../../../../../../Users/joffrea123/Desktop/Tav Proto/TeamoSupremeo/MyProject/DerivedDataCache/DDC.ddp not found, will not use a pak cache.
[2015.11.22-23.06.44:456][  0]LogDerivedDataCache: Unable to find inner node Pak for hierarchical cache Hierarchy.
[2015.11.22-23.06.44:456][  0]LogDerivedDataCache: FDerivedDataBackendGraph:  CompressedPak pak cache file ../../../../../../Users/joffrea123/Desktop/Tav Proto/TeamoSupremeo/MyProject/DerivedDataCache/Compressed.ddp not found, will not use a pak cache.
[2015.11.22-23.06.44:456][  0]LogDerivedDataCache: Unable to find inner node CompressedPak for hierarchical cache Hierarchy.
[2015.11.22-23.06.44:629][  0]LogDerivedDataCache:Display: Pak cache opened for reading ../../../Engine/DerivedDataCache/Compressed.ddp.
[2015.11.22-23.06.44:641][  0]LogDerivedDataCache: Using Local data cache path C:/Users/joffrea123/AppData/Local/UnrealEngine/Common/DerivedDataCache: Writable
[2015.11.22-23.06.44:847][  0]LogInit: Selected Device Profile: [Windows]
[2015.11.22-23.06.44:850][  0]LogContentStreaming: Texture pool size is 0.000000MB
[2015.11.22-23.06.45:003][  0]LogMeshUtilities: No automatic mesh reduction module available
[2015.11.22-23.06.45:003][  0]LogMeshUtilities: No automatic mesh merging module available
[2015.11.22-23.06.45:343][  0]LogInit: WinSock: version 1.1 (2.2), MaxSocks=32767, MaxUdp=65467
[2015.11.22-23.06.46:151][  0]UdpMessaging: Initializing bridge on interface 0.0.0.0:0 to multicast group 230.0.0.1:6666.
[2015.11.22-23.06.46:253][  0]LogAssetRegistry: FAssetRegistry took 0.0115 seconds to start up
[2015.11.22-23.06.46:492][  0]SourceControl: Info Source control is disabled
[2015.11.22-23.06.46:507][  0]SourceControl: Info Source control is disabled
[2015.11.22-23.06.46:528][  0]SourceControl: Info Source control is disabled
[2015.11.22-23.06.46:541][  0]SourceControl: Info Source control is disabled
[2015.11.22-23.06.46:720][  0]LogLinker:Warning: Asset '../../../Engine/Plugins/Runtime/LeapMotionController/Content/LM_PassthroughMaterial.uasset' has been saved with empty engine version. The asset will be loaded but may be incompatible.
[2015.11.22-23.06.46:808][  0]LogObj: 28361 objects as part of root set at end of initial load.
[2015.11.22-23.06.46:808][  0]LogUObjectAllocator: 6038864 out of 0 bytes used by permanent object pool.
[2015.11.22-23.06.46:874][  0]LogEngine: Initializing Engine...
[2015.11.22-23.06.46:877][  0]LogHMD: Can't find Oculus library dev build: is proper Runtime installed? Version: 0.7.0.0
[2015.11.22-23.06.46:878][  0]LogHMD: SteamVR failed to initialize.  Err: 110
[2015.11.22-23.06.47:032][  0]LogAIModule: Creating AISystem for world NewWorld
[2015.11.22-23.06.47:036][  0]LogInit: XAudio2 using 'Speakers (Realtek High Definition Audio)' : 2 channels at 48 kHz using 32 bits per sample (channel mask 0x3)
[2015.11.22-23.06.47:171][  0]LogInit: FAudioDevice initialized.
[2015.11.22-23.06.47:197][  0]LogDerivedDataCache: Saved boot cache 0.03s 41MB C:/Users/joffrea123/AppData/Local/UnrealEngine/4.9/DerivedDataCache/Boot.ddc.
[2015.11.22-23.06.47:204][  0]LogInit: Texture streaming: Enabled
[2015.11.22-23.06.47:211][  0]LogAnalytics: Creating configured Analytics provider AnalyticsET
[2015.11.22-23.06.47:211][  0]LogAnalytics: [UEEditor.Rocket.Release] APIServer = http://et2.epicgames.com/ET2/. AppVersion = 4.9.2-2707645+++depot+UE4-Releases+4.9
[2015.11.22-23.06.47:211][  0]LogAnalytics: [UEEditor.Rocket.Release] SetUserId 4101ddee4679b7eb9d01ef8eae8aa713|480ad27ad7944178b153737b4e7fe345|7bccc117-07f0-4646-8e7b-eb9c93f86b25
[2015.11.22-23.06.47:211][  0]LogAnalytics: [UEEditor.Rocket.Release] AnalyticsET::StartSession
[2015.11.22-23.06.47:250][  0]LogInit: Transaction tracking system initialized
[2015.11.22-23.06.47:296][  0]BlueprintLog: New page: Editor Load
[2015.11.22-23.06.47:424][  0]LocalizationService: Info Localization service is disabled
[2015.11.22-23.06.47:538][  0]LogConsoleResponse:Display: 
[2015.11.22-23.06.47:722][  0]LogCook:Display: Done creating registry. It took  0.00s.
[2015.11.22-23.06.47:796][  0]LogFileCache: Scanning file cache for directory 'C:/Users/joffrea123/Desktop/Tav Proto/TeamoSupremeo/MyProject/Content/' took 0.01s
[2015.11.22-23.06.47:796][  0]SourceControl: Info Source control is disabled
[2015.11.22-23.06.47:796][  0]Cmd: MAP LOAD FILE="../../../../../../Users/joffrea123/Desktop/Tav Proto/TeamoSupremeo/MyProject/Content/SideScrollerBP/Maps/SideScrollerExampleMap.umap" TEMPLATE=0 SHOWPROGRESS=1 FEATURELEVEL=3
[2015.11.22-23.06.47:797][  0]LightingResults: New page: Lighting Build
[2015.11.22-23.06.47:801][  0]MapCheck: New page: Map Check
[2015.11.22-23.06.47:801][  0]LightingResults: New page: Lighting Build
[2015.11.22-23.06.47:821][  0]LogParticles: Destroying 0 GPU particle simulations for FXSystem 0x0000004028B94400
[2015.11.22-23.06.47:827][  0]LogLinker:Warning: Asset '../../../../../../Users/joffrea123/Desktop/Tav Proto/TeamoSupremeo/MyProject/Content/Mannequin/Animations/ThirdPerson_AnimBP.uasset' has been saved with empty engine version. The asset will be loaded but may be incompatible.
[2015.11.22-23.06.47:829][  0]LogLinker:Warning: Asset '../../../../../../Users/joffrea123/Desktop/Tav Proto/TeamoSupremeo/MyProject/Content/Mannequin/Animations/ThirdPerson_Jump.uasset' has been saved with empty engine version. The asset will be loaded but may be incompatible.
[2015.11.22-23.06.47:831][  0]LogLinker:Warning: Asset '../../../../../../Users/joffrea123/Desktop/Tav Proto/TeamoSupremeo/MyProject/Content/Mannequin/Animations/ThirdPersonJump_Loop.uasset' has been saved with empty engine version. The asset will be loaded but may be incompatible.
[2015.11.22-23.06.47:832][  0]LogLinker:Warning: Asset '../../../../../../Users/joffrea123/Desktop/Tav Proto/TeamoSupremeo/MyProject/Content/Mannequin/Animations/ThirdPersonJump_Start.uasset' has been saved with empty engine version. The asset will be loaded but may be incompatible.
[2015.11.22-23.06.47:834][  0]LogLinker:Warning: Asset '../../../../../../Users/joffrea123/Desktop/Tav Proto/TeamoSupremeo/MyProject/Content/Mannequin/Animations/ThirdPerson_IdleRun_2D.uasset' has been saved with empty engine version. The asset will be loaded but may be incompatible.
[2015.11.22-23.06.47:834][  0]LogLinker:Warning: Asset '../../../../../../Users/joffrea123/Desktop/Tav Proto/TeamoSupremeo/MyProject/Content/Mannequin/Animations/ThirdPersonIdle.uasset' has been saved with empty engine version. The asset will be loaded but may be incompatible.
[2015.11.22-23.06.47:835][  0]LogLinker:Warning: Asset '../../../../../../Users/joffrea123/Desktop/Tav Proto/TeamoSupremeo/MyProject/Content/Mannequin/Animations/ThirdPersonRun.uasset' has been saved with empty engine version. The asset will be loaded but may be incompatible.
[2015.11.22-23.06.47:837][  0]LogLinker:Warning: Asset '../../../../../../Users/joffrea123/Desktop/Tav Proto/TeamoSupremeo/MyProject/Content/Mannequin/Animations/ThirdPersonWalk.uasset' has been saved with empty engine version. The asset will be loaded but may be incompatible.
[2015.11.22-23.06.48:418][  0]LogLinker:Warning: Can't find file '/Game/StarterContent/Textures/T_Metal_Gold_N'
[2015.11.22-23.06.48:418][  0]LogLinker:Warning: Can't find file for asset '/Game/StarterContent/Textures/T_Metal_Gold_N' while loading ../../../../../../Users/joffrea123/Desktop/Tav Proto/TeamoSupremeo/MyProject/Content/StarterContent/Materials/M_Rock_Marble_Polished.uasset.
[2015.11.22-23.06.48:418][  0]LoadErrors:Error: Error /Game/StarterContent/Materials/M_Rock_Marble_Polished : Can't find file for asset. /Game/StarterContent/Textures/T_Metal_Gold_N
[2015.11.22-23.06.48:418][  0]LogLinker:Warning: Can't find file '/Game/StarterContent/Textures/T_Perlin_Noise_M'
[2015.11.22-23.06.48:418][  0]LogLinker:Warning: Can't find file for asset '/Game/StarterContent/Textures/T_Perlin_Noise_M' while loading ../../../../../../Users/joffrea123/Desktop/Tav Proto/TeamoSupremeo/MyProject/Content/StarterContent/Materials/M_Rock_Marble_Polished.uasset.
[2015.11.22-23.06.48:419][  0]LoadErrors:Error: Error /Game/StarterContent/Materials/M_Rock_Marble_Polished : Can't find file for asset. /Game/StarterContent/Textures/T_Perlin_Noise_M
[2015.11.22-23.06.48:419][  0]LogLinker:Warning: Can't find file '/Game/StarterContent/Textures/T_Rock_Marble_Polished_D'
[2015.11.22-23.06.48:419][  0]LogLinker:Warning: Can't find file for asset '/Game/StarterContent/Textures/T_Rock_Marble_Polished_D' while loading ../../../../../../Users/joffrea123/Desktop/Tav Proto/TeamoSupremeo/MyProject/Content/StarterContent/Materials/M_Rock_Marble_Polished.uasset.
[2015.11.22-23.06.48:420][  0]LoadErrors:Error: Error /Game/StarterContent/Materials/M_Rock_Marble_Polished : Can't find file for asset. /Game/StarterContent/Textures/T_Rock_Marble_Polished_D
[2015.11.22-23.06.48:420][  0]LogLinker:Warning: Can't find file '/Game/StarterContent/Textures/T_Metal_Gold_N'
[2015.11.22-23.06.48:420][  0]LogLinker:Warning: Can't find file for asset '/Game/StarterContent/Textures/T_Metal_Gold_N' while loading ../../../../../../Users/joffrea123/Desktop/Tav Proto/TeamoSupremeo/MyProject/Content/StarterContent/Materials/M_Rock_Marble_Polished.uasset.
[2015.11.22-23.06.48:420][  0]LoadErrors:Error: Error /Game/StarterContent/Materials/M_Rock_Marble_Polished : Can't find file for asset. /Game/StarterContent/Textures/T_Metal_Gold_N
[2015.11.22-23.06.48:421][  0]LogLinker:Warning: Can't find file '/Game/StarterContent/Textures/T_Perlin_Noise_M'
[2015.11.22-23.06.48:421][  0]LogLinker:Warning: Can't find file for asset '/Game/StarterContent/Textures/T_Perlin_Noise_M' while loading ../../../../../../Users/joffrea123/Desktop/Tav Proto/TeamoSupremeo/MyProject/Content/StarterContent/Materials/M_Rock_Marble_Polished.uasset.
[2015.11.22-23.06.48:421][  0]LoadErrors:Error: Error /Game/StarterContent/Materials/M_Rock_Marble_Polished : Can't find file for asset. /Game/StarterContent/Textures/T_Perlin_Noise_M
[2015.11.22-23.06.48:421][  0]LogLinker:Warning: Can't find file '/Game/StarterContent/Textures/T_Rock_Marble_Polished_D'
[2015.11.22-23.06.48:421][  0]LogLinker:Warning: Can't find file for asset '/Game/StarterContent/Textures/T_Rock_Marble_Polished_D' while loading ../../../../../../Users/joffrea123/Desktop/Tav Proto/TeamoSupremeo/MyProject/Content/StarterContent/Materials/M_Rock_Marble_Polished.uasset.
[2015.11.22-23.06.48:421][  0]LoadErrors:Error: Error /Game/StarterContent/Materials/M_Rock_Marble_Polished : Can't find file for asset. /Game/StarterContent/Textures/T_Rock_Marble_Polished_D
[2015.11.22-23.06.48:469][  0]LogLinker:Warning: Can't find file '/Game/StarterContent/Textures/T_Rock_Marble_Polished_D'
[2015.11.22-23.06.48:469][  0]LoadErrors: Info Failed to load /Game/StarterContent/Textures/T_Rock_Marble_Polished_D.T_Rock_Marble_Polished_D Referenced by MaterialExpressionTextureSample_1
[2015.11.22-23.06.48:469][  0]LogLinker:Warning: Can't find file for asset '/Game/StarterContent/Textures/T_Rock_Marble_Polished_D' while loading NULL.
[2015.11.22-23.06.48:469][  0]LoadErrors: Info Failed to load /Game/StarterContent/Textures/T_Rock_Marble_Polished_D.T_Rock_Marble_Polished_D Referenced by MaterialExpressionTextureSample_1
[2015.11.22-23.06.48:470][  0]LogLinker:Warning: Can't find file '/Game/StarterContent/Textures/T_Metal_Gold_N'
[2015.11.22-23.06.48:470][  0]LoadErrors: Info Failed to load /Game/StarterContent/Textures/T_Metal_Gold_N.T_Metal_Gold_N Referenced by MaterialExpressionTextureSample_13
[2015.11.22-23.06.48:470][  0]LogLinker:Warning: Can't find file for asset '/Game/StarterContent/Textures/T_Metal_Gold_N' while loading NULL.
[2015.11.22-23.06.48:470][  0]LoadErrors: Info Failed to load /Game/StarterContent/Textures/T_Metal_Gold_N.T_Metal_Gold_N Referenced by MaterialExpressionTextureSample_13
[2015.11.22-23.06.48:471][  0]LogLinker:Warning: Can't find file '/Game/StarterContent/Textures/T_Perlin_Noise_M'
[2015.11.22-23.06.48:471][  0]LoadErrors: Info Failed to load /Game/StarterContent/Textures/T_Perlin_Noise_M.T_Perlin_Noise_M Referenced by MaterialExpressionTextureSample_14
[2015.11.22-23.06.48:471][  0]LogLinker:Warning: Can't find file for asset '/Game/StarterContent/Textures/T_Perlin_Noise_M' while loading NULL.
[2015.11.22-23.06.48:471][  0]LoadErrors: Info Failed to load /Game/StarterContent/Textures/T_Perlin_Noise_M.T_Perlin_Noise_M Referenced by MaterialExpressionTextureSample_14
[2015.11.22-23.06.48:471][  0]LogLinker:Warning: Can't find file '/Game/StarterContent/Textures/T_Rock_Marble_Polished_D'
[2015.11.22-23.06.48:471][  0]LoadErrors: Info Failed to load /Game/StarterContent/Textures/T_Rock_Marble_Polished_D.T_Rock_Marble_Polished_D Referenced by MaterialExpressionTextureSample_15
[2015.11.22-23.06.48:472][  0]LogLinker:Warning: Can't find file for asset '/Game/StarterContent/Textures/T_Rock_Marble_Polished_D' while loading NULL.
[2015.11.22-23.06.48:472][  0]LoadErrors: Info Failed to load /Game/StarterContent/Textures/T_Rock_Marble_Polished_D.T_Rock_Marble_Polished_D Referenced by MaterialExpressionTextureSample_15
[2015.11.22-23.06.48:472][  0]LogLinker:Warning: Can't find file '/Game/StarterContent/Textures/T_Rock_Marble_Polished_D'
[2015.11.22-23.06.48:472][  0]LoadErrors: Info Failed to load /Game/StarterContent/Textures/T_Rock_Marble_Polished_D.T_Rock_Marble_Polished_D Referenced by MaterialExpressionTextureSample_16
[2015.11.22-23.06.48:473][  0]LogLinker:Warning: Can't find file for asset '/Game/StarterContent/Textures/T_Rock_Marble_Polished_D' while loading NULL.
[2015.11.22-23.06.48:473][  0]LoadErrors: Info Failed to load /Game/StarterContent/Textures/T_Rock_Marble_Polished_D.T_Rock_Marble_Polished_D Referenced by MaterialExpressionTextureSample_16
[2015.11.22-23.06.48:473][  0]LogLinker:Warning: Can't find file '/Game/StarterContent/Textures/T_Rock_Marble_Polished_D'
[2015.11.22-23.06.48:473][  0]LoadErrors: Info Failed to load /Game/StarterContent/Textures/T_Rock_Marble_Polished_D.T_Rock_Marble_Polished_D Referenced by MaterialExpressionTextureSample_2
[2015.11.22-23.06.48:473][  0]LogLinker:Warning: Can't find file for asset '/Game/StarterContent/Textures/T_Rock_Marble_Polished_D' while loading NULL.
[2015.11.22-23.06.48:473][  0]LoadErrors: Info Failed to load /Game/StarterContent/Textures/T_Rock_Marble_Polished_D.T_Rock_Marble_Polished_D Referenced by MaterialExpressionTextureSample_2
[2015.11.22-23.06.48:562][  0]LogMaterial: Missing cached shader map for material M_Rock_Marble_Polished, compiling. 
[2015.11.22-23.06.48:564][  0]LogMaterial:Warning: Failed to compile Material /Game/StarterContent/Materials/M_Rock_Marble_Polished.M_Rock_Marble_Polished for platform PCD3D_SM5, Default Material will be used in game.
[2015.11.22-23.06.48:564][  0]LogMaterial:Warning: 	(Node TextureSample) TextureSample> Missing input texture
[2015.11.22-23.06.49:425][  0]LogAIModule: Creating AISystem for world SideScrollerExampleMap
[2015.11.22-23.06.49:447][  0]LogEditorServer: Finished looking for orphan Actors (0.000 secs)
[2015.11.22-23.06.49:448][  0]Cmd: MAP CHECKDEP NOCLEARLOG
[2015.11.22-23.06.49:619][  0]MapCheck: Info Map check complete: 0 Error(s), 0 Warning(s), took 170.709ms to complete.
[2015.11.22-23.06.49:619][  0]LogFileHelpers: Loading map 'SideScrollerExampleMap' took 1.823
[2015.11.22-23.06.49:832][  0]LogCollectionManager: Loaded 0 collections in 0.007813 seconds
[2015.11.22-23.06.49:892][  0]LogFileCache: Scanning file cache for directory 'C:/Users/joffrea123/Desktop/Tav Proto/TeamoSupremeo/MyProject/Saved/Collections/' took 0.01s
[2015.11.22-23.06.49:892][  0]LogFileCache: Scanning file cache for directory 'C:/Users/joffrea123/Desktop/Tav Proto/TeamoSupremeo/MyProject/Content/Developers/joffrea123/Collections/' took 0.01s
[2015.11.22-23.06.49:892][  0]LogFileCache: Scanning file cache for directory 'C:/Users/joffrea123/Desktop/Tav Proto/TeamoSupremeo/MyProject/Content/Collections/' took 0.01s
[2015.11.22-23.06.49:892][  0]LogContentBrowser: Native class hierarchy populated in 0.0241 seconds. Added 1867 classes and 333 folders.
[2015.11.22-23.06.49:906][  0]LogCollectionManager: Rebuilt the GUID cache for 0 collections in 0.000009 seconds
[2015.11.22-23.06.49:932][  0]LogContentBrowser: Native class hierarchy updated for 'WidgetCarousel' in 0.0012 seconds. Added 0 classes and 0 folders.
[2015.11.22-23.06.50:076][  0]LogContentBrowser: Native class hierarchy updated for 'AddContentDialog' in 0.0006 seconds. Added 0 classes and 0 folders.
[2015.11.22-23.06.50:089][  0]LogContentBrowser: Native class hierarchy updated for 'SceneOutliner' in 0.0018 seconds. Added 1 classes and 2 folders.
[2015.11.22-23.06.50:160][  0]LogCrashTracker: Crashtracker disabled due to settings.
[2015.11.22-23.06.50:167][  0]LogUObjectGlobals:Warning: Failed to find object 'Class None.'
[2015.11.22-23.06.50:191][  0]LogLoad: Full Startup: 9.05 seconds (BP compile: 0.23 seconds)
[2015.11.22-23.06.50:328][  0]LogContentStreaming: Texture pool size now 1000 MB
[2015.11.22-23.06.50:625][  0]LogRenderer: Reallocating scene render targets to support 876x300 (Frame:2).
[2015.11.22-23.06.53:151][  8]LogAssetRegistry: Asset discovery search completed in 6.9090 seconds
[2015.11.22-23.06.53:151][  8]LogCollectionManager: Rebuilt the object cache for 0 collections in 0.000000 seconds (found 0 objects)
[2015.11.22-23.06.53:151][  8]LogCollectionManager: Fixed up redirectors for 0 collections in 0.000042 seconds (updated 0 objects)
[2015.11.22-23.12.23:387][706]LogActorComponent: UnregisterComponent: (/Engine/Transient.CharMoveComp) Not registered. Aborting.
[2015.11.22-23.12.23:441][706]Cmd: MAP LOAD FILE="../../../../../../Users/joffrea123/Desktop/Tav Proto/TeamoSupremeo/MyProject/Content/Maps/CastleAndMapPrototype1.umap" TEMPLATE=0 SHOWPROGRESS=1 FEATURELEVEL=3
[2015.11.22-23.12.23:485][706]LightingResults: New page: Lighting Build
[2015.11.22-23.12.23:508][706]LoadErrors: New page: Loading map: CastleAndMapPrototype1.umap
[2015.11.22-23.12.23:509][706]MapCheck: New page: Map Check
[2015.11.22-23.12.23:509][706]LightingResults: New page: Lighting Build
[2015.11.22-23.12.23:532][706]LogParticles: Destroying 0 GPU particle simulations for FXSystem 0x000000401F8AD4E0
[2015.11.22-23.12.23:932][706]LogTexture:Display: Building textures: HQ_Lightmap1_6 (AutoDXT)
[2015.11.22-23.12.23:955][706]LogTexture:Display: Building textures: LQ_Lightmap_1_6 (DXT1)
[2015.11.22-23.12.23:961][706]LogTexture:Display: Building textures: SkyOcclusion1_6 (AutoDXT)
[2015.11.22-23.12.23:967][706]LogTexture:Display: Building textures: ShadowMapTexture2D_17 (BGRA8)
[2015.11.22-23.12.24:009][706]LogAIModule: Creating AISystem for world CastleAndMapPrototype1
[2015.11.22-23.12.24:018][706]LogEditorServer: Finished looking for orphan Actors (0.000 secs)
[2015.11.22-23.12.24:102][706]Cmd: MAP CHECKDEP NOCLEARLOG
[2015.11.22-23.12.24:178][706]MapCheck: Info Map check complete: 0 Error(s), 0 Warning(s), took 76.055ms to complete.
[2015.11.22-23.12.24:178][706]LogFileHelpers: Loading map 'CastleAndMapPrototype1' took 0.739
[2015.11.22-23.12.29:377][952]LogRenderer: Reallocating scene render targets to support 876x472 (Frame:755).
[2015.11.22-23.13.11:309][251]LogActorComponent: UnregisterComponent: (/Engine/Transient.CharMoveComp) Not registered. Aborting.
[2015.11.22-23.13.11:479][251]LogWindowsTextInputMethodSystem:Display: IME system now deactivated.
[2015.11.22-23.13.11:803][252]Cmd: QUIT_EDITOR
[2015.11.22-23.13.12:117][252]LogExit: Preparing to exit.
[2015.11.22-23.13.12:395][252]LogExit: Editor shut down
[2015.11.22-23.13.12:396][252]LogExit: Transaction tracking system shut down
[2015.11.22-23.13.12:399][252]LogParticles: Destroying 0 GPU particle simulations for FXSystem 0x0000004017754AE0
[2015.11.22-23.13.12:399][252]LogParticles: Destroying 0 GPU particle simulations for FXSystem 0x0000004033138900
[2015.11.22-23.13.12:399][252]LogParticles: Destroying 0 GPU particle simulations for FXSystem 0x0000004032E7A2A0
[2015.11.22-23.13.12:399][252]LogParticles: Destroying 0 GPU particle simulations for FXSystem 0x000000403E387A60
[2015.11.22-23.13.12:543][252]LogExit: Object subsystem successfully closed.
[2015.11.22-23.13.12:559][252]LogD3D11RHI: Shutdown
[2015.11.22-23.13.12:559][252]LogD3D11RHI: CleanupD3DDevice
[2015.11.22-23.13.12:678][252]LogD3D11RHI: ~FD3D11DynamicRHI
[2015.11.22-23.13.12:697][252]LogModuleManager: Shutting down and abandoning module CrashTracker (197)
[2015.11.22-23.13.12:697][252]LogModuleManager: Shutting down and abandoning module SceneOutliner (196)
[2015.11.22-23.13.12:697][252]LogModuleManager: Shutting down and abandoning module SuperSearch (195)
[2015.11.22-23.13.12:697][252]LogModuleManager: Shutting down and abandoning module WidgetCarousel (194)
[2015.11.22-23.13.12:697][252]LogModuleManager: Shutting down and abandoning module AddContentDialog (193)
[2015.11.22-23.13.12:698][252]LogModuleManager: Shutting down and abandoning module EditorWidgets (192)
[2015.11.22-23.13.12:698][252]LogModuleManager: Shutting down and abandoning module CollectionManager (191)
[2015.11.22-23.13.12:698][252]LogModuleManager: Shutting down and abandoning module StatsViewer (190)
[2015.11.22-23.13.12:698][252]LogModuleManager: Shutting down and abandoning module FoliageEdit (189)
[2015.11.22-23.13.12:698][252]LogModuleManager: Shutting down and abandoning module LandscapeEditor (188)
[2015.11.22-23.13.12:698][252]LogModuleManager: Shutting down and abandoning module ActorPickerMode (187)
[2015.11.22-23.13.12:698][252]LogModuleManager: Shutting down and abandoning module GeometryMode (186)
[2015.11.22-23.13.12:698][252]LogModuleManager: Shutting down and abandoning module TextureAlignMode (185)
[2015.11.22-23.13.12:698][252]LogModuleManager: Shutting down and abandoning module BspMode (184)
[2015.11.22-23.13.12:698][252]LogModuleManager: Shutting down and abandoning module PlacementMode (183)
[2015.11.22-23.13.12:698][252]LogModuleManager: Shutting down and abandoning module AutomationWorker (182)
[2015.11.22-23.13.12:698][252]LogModuleManager: Shutting down and abandoning module CharacterAI (181)
[2015.11.22-23.13.12:698][252]LogModuleManager: Shutting down and abandoning module SmartSnapping (180)
[2015.11.22-23.13.12:698][252]LogModuleManager: Shutting down and abandoning module ViewportSnapping (179)
[2015.11.22-23.13.12:698][252]LogModuleManager: Shutting down and abandoning module LogVisualizer (178)
[2015.11.22-23.13.12:699][252]LogModuleManager: Shutting down and abandoning module GameProjectGeneration (177)
[2015.11.22-23.13.12:699][252]LogModuleManager: Shutting down and abandoning module IntroTutorials (176)
[2015.11.22-23.13.12:699][252]LogModuleManager: Shutting down and abandoning module EditorLiveStreaming (175)
[2015.11.22-23.13.12:699][252]LogModuleManager: Shutting down and abandoning module IOSPlatformEditor (174)
[2015.11.22-23.13.12:699][252]LogModuleManager: Shutting down and abandoning module HTML5PlatformEditor (173)
[2015.11.22-23.13.12:699][252]LogModuleManager: Shutting down and abandoning module AndroidDeviceDetection (172)
[2015.11.22-23.13.13:695][252]LogModuleManager: Shutting down and abandoning module AndroidPlatformEditor (171)
[2015.11.22-23.13.13:695][252]LogModuleManager: Shutting down and abandoning module IOSRuntimeSettings (170)
[2015.11.22-23.13.13:695][252]LogModuleManager: Shutting down and abandoning module AndroidRuntimeSettings (169)
[2015.11.22-23.13.13:695][252]LogModuleManager: Shutting down and abandoning module MergeActors (168)
[2015.11.22-23.13.13:695][252]LogModuleManager: Shutting down and abandoning module SizeMap (167)
[2015.11.22-23.13.13:695][252]LogModuleManager: Shutting down and abandoning module TreeMap (166)
[2015.11.22-23.13.13:695][252]LogModuleManager: Shutting down and abandoning module ReferenceViewer (165)
[2015.11.22-23.13.13:695][252]LogModuleManager: Shutting down and abandoning module LocalizationService (164)
[2015.11.22-23.13.13:695][252]LogModuleManager: Shutting down and abandoning module LocalizationDashboard (163)
[2015.11.22-23.13.13:695][252]LogModuleManager: Shutting down and abandoning module HardwareTargeting (162)
[2015.11.22-23.13.13:695][252]LogModuleManager: Shutting down and abandoning module DeviceProfileEditor (161)
[2015.11.22-23.13.13:695][252]LogModuleManager: Shutting down and abandoning module UndoHistory (160)
[2015.11.22-23.13.13:695][252]LogModuleManager: Shutting down and abandoning module GameplayTagsEditor (159)
[2015.11.22-23.13.13:695][252]LogModuleManager: Shutting down and abandoning module UserFeedback (158)
[2015.11.22-23.13.13:695][252]LogModuleManager: Shutting down and abandoning module XmlParser (157)
[2015.11.22-23.13.13:695][252]LogModuleManager: Shutting down and abandoning module Blutility (156)
[2015.11.22-23.13.13:695][252]LogModuleManager: Shutting down and abandoning module ProjectTargetPlatformEditor (155)
[2015.11.22-23.13.13:695][252]LogModuleManager: Shutting down and abandoning module ProjectSettingsViewer (154)
[2015.11.22-23.13.13:695][252]LogModuleManager: Shutting down and abandoning module InputBindingEditor (153)
[2015.11.22-23.13.13:695][252]LogModuleManager: Shutting down and abandoning module EditorSettingsViewer (152)
[2015.11.22-23.13.13:695][252]LogModuleManager: Shutting down and abandoning module SettingsEditor (151)
[2015.11.22-23.13.13:695][252]LogModuleManager: Shutting down and abandoning module ProjectLauncher (150)
[2015.11.22-23.13.13:695][252]LogModuleManager: Shutting down and abandoning module SessionFrontend (149)
[2015.11.22-23.13.13:695][252]LogModuleManager: Shutting down and abandoning module ProfilerClient (148)
[2015.11.22-23.13.13:695][252]LogModuleManager: Shutting down and abandoning module TargetDeviceServices (147)
[2015.11.22-23.13.13:695][252]LogModuleManager: Shutting down and abandoning module DeviceManager (146)
[2015.11.22-23.13.13:696][252]LogModuleManager: Shutting down and abandoning module AutomationController (145)
[2015.11.22-23.13.13:696][252]LogModuleManager: Shutting down and abandoning module AutomationWindow (144)
[2015.11.22-23.13.13:696][252]LogModuleManager: Shutting down and abandoning module Layers (143)
[2015.11.22-23.13.13:696][252]LogModuleManager: Shutting down and abandoning module ComponentVisualizers (142)
[2015.11.22-23.13.13:696][252]LogModuleManager: Shutting down and abandoning module DetailCustomizations (141)
[2015.11.22-23.13.13:696][252]LogModuleManager: Shutting down and abandoning module PackagesDialog (140)
[2015.11.22-23.13.13:696][252]LogModuleManager: Shutting down and abandoning module Persona (139)
[2015.11.22-23.13.13:696][252]LogModuleManager: Shutting down and abandoning module Kismet (138)
[2015.11.22-23.13.13:696][252]LogModuleManager: Shutting down and abandoning module GraphEditor (137)
[2015.11.22-23.13.13:696][252]LogModuleManager: Shutting down and abandoning module ClassViewer (136)
[2015.11.22-23.13.13:696][252]LogModuleManager: Shutting down and abandoning module Toolbox (135)
[2015.11.22-23.13.13:696][252]LogModuleManager: Shutting down and abandoning module ModuleUI (134)
[2015.11.22-23.13.13:696][252]LogModuleManager: Shutting down and abandoning module MovieSceneTools (133)
[2015.11.22-23.13.13:696][252]LogModuleManager: Shutting down and abandoning module OutputLog (132)
[2015.11.22-23.13.13:696][252]LogModuleManager: Shutting down and abandoning module GammaUI (131)
[2015.11.22-23.13.13:696][252]LogModuleManager: Shutting down and abandoning module Documentation (130)
[2015.11.22-23.13.13:696][252]LogModuleManager: Shutting down and abandoning module GameLiveStreaming (129)
[2015.11.22-23.13.13:696][252]LogModuleManager: Shutting down and abandoning module StreamingPauseRendering (128)
[2015.11.22-23.13.13:696][252]LogModuleManager: Shutting down and abandoning module AnalyticsET (127)
[2015.11.22-23.13.13:696][252]LogModuleManager: Shutting down and abandoning module Analytics (126)
[2015.11.22-23.13.13:696][252]LogModuleManager: Shutting down and abandoning module AITestSuite (125)
[2015.11.22-23.13.13:696][252]LogModuleManager: Shutting down and abandoning module GameplayDebugger (124)
[2015.11.22-23.13.13:696][252]LogModuleManager: Shutting down and abandoning module AIModule (123)
[2015.11.22-23.13.13:696][252]LogModuleManager: Shutting down and abandoning module ProfilerService (122)
[2015.11.22-23.13.13:705][252]LogModuleManager: Shutting down and abandoning module TaskGraph (121)
[2015.11.22-23.13.13:705][252]LogModuleManager: Shutting down and abandoning module SlateRemote (120)
[2015.11.22-23.13.13:705][252]LogModuleManager: Shutting down and abandoning module SteamVRController (119)
[2015.11.22-23.13.13:705][252]LogModuleManager: Shutting down and abandoning module SteamVR (118)
[2015.11.22-23.13.13:705][252]LogModuleManager: Shutting down and abandoning module ProceduralMeshComponent (117)
[2015.11.22-23.13.13:705][252]LogModuleManager: Shutting down and abandoning module OculusRift (116)
[2015.11.22-23.13.13:705][252]LogModuleManager: Shutting down and abandoning module OculusLibrary (115)
[2015.11.22-23.13.13:705][252]LogModuleManager: Shutting down and abandoning module LeapMotionController (114)
[2015.11.22-23.13.13:723][252]LogModuleManager: Shutting down and abandoning module CustomMeshComponent (113)
[2015.11.22-23.13.13:723][252]LogModuleManager: Shutting down and abandoning module CableComponent (112)
[2015.11.22-23.13.13:723][252]LogModuleManager: Shutting down and abandoning module ArchVisCharacter (111)
[2015.11.22-23.13.13:723][252]LogModuleManager: Shutting down and abandoning module MessagingDebugger (110)
[2015.11.22-23.13.13:723][252]LogModuleManager: Shutting down and abandoning module MediaPlayerEditor (109)
[2015.11.22-23.13.13:723][252]LogModuleManager: Shutting down and abandoning module HTML5Networking (108)
[2015.11.22-23.13.13:723][252]LogModuleManager: Shutting down and abandoning module SpeedTreeImporter (107)
[2015.11.22-23.13.13:723][252]LogModuleManager: Shutting down and abandoning module PluginBrowser (106)
[2015.11.22-23.13.13:723][252]LogModuleManager: Shutting down and abandoning module EpicSurvey (105)
[2015.11.22-23.13.13:723][252]LogModuleManager: Shutting down and abandoning module DesktopPlatform (104)
[2015.11.22-23.13.13:723][252]LogModuleManager: Shutting down and abandoning module VisualStudioSourceCodeAccess (103)
[2015.11.22-23.13.13:723][252]LogModuleManager: Shutting down and abandoning module UObjectPlugin (102)
[2015.11.22-23.13.13:723][252]LogModuleManager: Shutting down and abandoning module SubversionSourceControl (101)
[2015.11.22-23.13.13:723][252]LogModuleManager: Shutting down and abandoning module PerforceSourceControl (100)
[2015.11.22-23.13.13:723][252]LogModuleManager: Shutting down and abandoning module SourceControl (99)
[2015.11.22-23.13.13:723][252]LogModuleManager: Shutting down and abandoning module GitSourceControl (98)
[2015.11.22-23.13.13:723][252]LogModuleManager: Shutting down and abandoning module LightPropagationVolumeEditor (97)
[2015.11.22-23.13.13:723][252]LogModuleManager: Shutting down and abandoning module PaperTiledImporter (96)
[2015.11.22-23.13.13:723][252]LogModuleManager: Shutting down and abandoning module PaperSpriteSheetImporter (95)
[2015.11.22-23.13.13:723][252]LogModuleManager: Shutting down and abandoning module MeshPaint (94)
[2015.11.22-23.13.13:723][252]LogModuleManager: Shutting down and abandoning module SlateReflector (93)
[2015.11.22-23.13.13:723][252]LogModuleManager: Shutting down and abandoning module HotReload (92)
[2015.11.22-23.13.13:723][252]LogModuleManager: Shutting down and abandoning module MainFrame (91)
[2015.11.22-23.13.13:723][252]LogModuleManager: Shutting down and abandoning module LevelEditor (90)
[2015.11.22-23.13.13:724][252]LogModuleManager: Shutting down and abandoning module DirectoryWatcher (89)
[2015.11.22-23.13.13:725][252]LogModuleManager: Shutting down and abandoning module AssetRegistry (88)
[2015.11.22-23.13.13:773][252]LogModuleManager: Shutting down and abandoning module ContentBrowser (87)
[2015.11.22-23.13.13:774][252]LogModuleManager: Shutting down and abandoning module Paper2DEditor (86)
[2015.11.22-23.13.13:774][252]LogModuleManager: Shutting down and abandoning module UdpMessaging (85)
[2015.11.22-23.13.13:875][252]LogModuleManager: Shutting down and abandoning module LightPropagationVolumeRuntime (84)
[2015.11.22-23.13.13:875][252]LogModuleManager: Shutting down and abandoning module Paper2D (83)
[2015.11.22-23.13.13:875][252]LogModuleManager: Shutting down and abandoning module WindowsMoviePlayer (82)
[2015.11.22-23.13.13:879][252]LogModuleManager: Shutting down and abandoning module Media (81)
[2015.11.22-23.13.13:879][252]LogModuleManager: Shutting down and abandoning module WmfMedia (80)
[2015.11.22-23.13.13:880][252]LogModuleManager: Shutting down and abandoning module OnlineBlueprintSupport (79)
[2015.11.22-23.13.13:880][252]LogModuleManager: Shutting down and abandoning module GameplayTasksEditor (78)
[2015.11.22-23.13.13:880][252]LogModuleManager: Shutting down and abandoning module PropertyEditor (77)
[2015.11.22-23.13.13:880][252]LogModuleManager: Shutting down and abandoning module BehaviorTreeEditor (76)
[2015.11.22-23.13.13:880][252]LogModuleManager: Shutting down and abandoning module FunctionalTesting (75)
[2015.11.22-23.13.13:880][252]LogModuleManager: Shutting down and abandoning module CollisionAnalyzer (74)
[2015.11.22-23.13.13:880][252]LogModuleManager: Shutting down and abandoning module WorkspaceMenuStructure (73)
[2015.11.22-23.13.13:880][252]LogModuleManager: Shutting down and abandoning module MessageLog (72)
[2015.11.22-23.13.13:880][252]LogModuleManager: Shutting down and abandoning module Sequencer (71)
[2015.11.22-23.13.13:880][252]LogModuleManager: Shutting down and abandoning module AssetTools (70)
[2015.11.22-23.13.13:880][252]LogModuleManager: Shutting down and abandoning module UMGEditor (69)
[2015.11.22-23.13.13:880][252]LogModuleManager: Shutting down and abandoning module UMG (68)
[2015.11.22-23.13.13:880][252]LogModuleManager: Shutting down and abandoning module Slate (67)
[2015.11.22-23.13.13:880][252]LogModuleManager: Shutting down and abandoning module EditorStyle (66)
[2015.11.22-23.13.13:882][252]LogModuleManager: Shutting down and abandoning module SessionServices (65)
[2015.11.22-23.13.13:882][252]LogModuleManager: Shutting down and abandoning module SourceCodeAccess (64)
[2015.11.22-23.13.13:883][252]LogModuleManager: Shutting down and abandoning module HeadMountedDisplay (63)
[2015.11.22-23.13.13:883][252]LogModuleManager: Shutting down and abandoning module XAudio2 (62)
[2015.11.22-23.13.13:883][252]LogModuleManager: Shutting down and abandoning module Networking (60)
[2015.11.22-23.13.13:883][252]LogModuleManager: Shutting down and abandoning module Core (59)
[2015.11.22-23.13.13:883][252]LogModuleManager: Shutting down and abandoning module KismetCompiler (58)
[2015.11.22-23.13.13:883][252]LogModuleManager: Shutting down and abandoning module PhysXFormats (57)
[2015.11.22-23.13.13:883][252]LogModuleManager: Shutting down and abandoning module MeshUtilities (56)
[2015.11.22-23.13.13:883][252]LogModuleManager: Shutting down and abandoning module CookingStats (55)
[2015.11.22-23.13.13:883][252]LogModuleManager: Shutting down and abandoning module DerivedDataCache (54)
[2015.11.22-23.13.13:889][252]LogDerivedDataCache: Shutdown
[2015.11.22-23.13.13:889][252]LogModuleManager: Shutting down and abandoning module ShaderFormatOpenGL (53)
[2015.11.22-23.13.13:889][252]LogModuleManager: Shutting down and abandoning module ShaderFormatD3D (52)
[2015.11.22-23.13.13:889][252]LogModuleManager: Shutting down and abandoning module MetalShaderFormat (51)
[2015.11.22-23.13.13:889][252]LogModuleManager: Shutting down and abandoning module TextureFormatUncompressed (50)
[2015.11.22-23.13.13:889][252]LogModuleManager: Shutting down and abandoning module TextureFormatPVR (49)
[2015.11.22-23.13.13:889][252]LogModuleManager: Shutting down and abandoning module TextureFormatIntelISPCTexComp (48)
[2015.11.22-23.13.13:889][252]LogModuleManager: Shutting down and abandoning module TextureFormatDXT (47)
[2015.11.22-23.13.13:889][252]LogModuleManager: Shutting down and abandoning module ImageWrapper (46)
[2015.11.22-23.13.13:889][252]LogModuleManager: Shutting down and abandoning module TextureFormatASTC (45)
[2015.11.22-23.13.13:889][252]LogModuleManager: Shutting down and abandoning module TextureFormatAndroid (44)
[2015.11.22-23.13.13:889][252]LogModuleManager: Shutting down and abandoning module AudioFormatOpus (43)
[2015.11.22-23.13.13:889][252]LogModuleManager: Shutting down and abandoning module AudioFormatOgg (42)
[2015.11.22-23.13.13:889][252]LogModuleManager: Shutting down and abandoning module AudioFormatADPCM (41)
[2015.11.22-23.13.13:889][252]LogModuleManager: Shutting down and abandoning module LinuxTargetPlatform (40)
[2015.11.22-23.13.13:889][252]LogModuleManager: Shutting down and abandoning module LinuxServerTargetPlatform (39)
[2015.11.22-23.13.13:889][252]LogModuleManager: Shutting down and abandoning module LinuxNoEditorTargetPlatform (38)
[2015.11.22-23.13.13:889][252]LogModuleManager: Shutting down and abandoning module Messaging (37)
[2015.11.22-23.13.13:889][252]LogModuleManager: Shutting down and abandoning module IOSTargetPlatform (36)
[2015.11.22-23.13.13:889][252]LogModuleManager: Shutting down and abandoning module HTML5TargetPlatform (35)
[2015.11.22-23.13.13:889][252]LogModuleManager: Shutting down and abandoning module Android_PVRTCTargetPlatform (34)
[2015.11.22-23.13.13:889][252]LogModuleManager: Shutting down and abandoning module Android_ETC2TargetPlatform (33)
[2015.11.22-23.13.13:889][252]LogModuleManager: Shutting down and abandoning module Android_ETC1TargetPlatform (32)
[2015.11.22-23.13.13:889][252]LogModuleManager: Shutting down and abandoning module Android_DXTTargetPlatform (31)
[2015.11.22-23.13.13:889][252]LogModuleManager: Shutting down and abandoning module Android_ATCTargetPlatform (30)
[2015.11.22-23.13.13:889][252]LogModuleManager: Shutting down and abandoning module Android_ASTCTargetPlatform (29)
[2015.11.22-23.13.13:889][252]LogModuleManager: Shutting down and abandoning module AndroidTargetPlatform (28)
[2015.11.22-23.13.13:889][252]LogModuleManager: Shutting down and abandoning module WindowsTargetPlatform (27)
[2015.11.22-23.13.13:889][252]LogModuleManager: Shutting down and abandoning module WindowsServerTargetPlatform (26)
[2015.11.22-23.13.13:889][252]LogModuleManager: Shutting down and abandoning module WindowsNoEditorTargetPlatform (25)
[2015.11.22-23.13.13:889][252]LogModuleManager: Shutting down and abandoning module WindowsClientTargetPlatform (24)
[2015.11.22-23.13.13:889][252]LogModuleManager: Shutting down and abandoning module AllDesktopTargetPlatform (23)
[2015.11.22-23.13.13:889][252]LogModuleManager: Shutting down and abandoning module TargetPlatform (22)
[2015.11.22-23.13.13:889][252]LogModuleManager: Shutting down and abandoning module InputCore (21)
[2015.11.22-23.13.13:889][252]LogModuleManager: Shutting down and abandoning module Settings (20)
[2015.11.22-23.13.13:889][252]LogModuleManager: Shutting down and abandoning module OnlineSubsystem (18)
[2015.11.22-23.13.13:889][252]LogModuleManager: Shutting down and abandoning module HTTP (17)
[2015.11.22-23.13.14:891][252]LogModuleManager: Shutting down and abandoning module XMPP (16)
[2015.11.22-23.13.14:891][252]LogModuleManager: Shutting down and abandoning module ExampleDeviceProfileSelector (15)
[2015.11.22-23.13.14:891][252]LogModuleManager: Shutting down and abandoning module TextureCompressor (14)
[2015.11.22-23.13.14:891][252]LogModuleManager: Shutting down and abandoning module ShaderCore (13)
[2015.11.22-23.13.14:891][252]LogModuleManager: Shutting down and abandoning module Landscape (12)
[2015.11.22-23.13.14:891][252]LogModuleManager: Shutting down and abandoning module SlateRHIRenderer (11)
[2015.11.22-23.13.14:892][252]LogModuleManager: Shutting down and abandoning module OpenGLDrv (10)
[2015.11.22-23.13.14:892][252]LogModuleManager: Shutting down and abandoning module D3D11RHI (9)
[2015.11.22-23.13.14:892][252]LogModuleManager: Shutting down and abandoning module AnimGraphRuntime (8)
[2015.11.22-23.13.14:892][252]LogModuleManager: Shutting down and abandoning module Renderer (7)
[2015.11.22-23.13.14:892][252]LogModuleManager: Shutting down and abandoning module Engine (6)
[2015.11.22-23.13.14:892][252]LogModuleManager: Shutting down and abandoning module CoreUObject (5)
[2015.11.22-23.13.14:892][252]LogModuleManager: Shutting down and abandoning module NetworkFile (4)
[2015.11.22-23.13.14:892][252]LogModuleManager: Shutting down and abandoning module StreamingFile (3)
[2015.11.22-23.13.14:892][252]LogModuleManager: Shutting down and abandoning module SandboxFile (2)
[2015.11.22-23.13.14:892][252]LogModuleManager: Shutting down and abandoning module PakFile (1)
[2015.11.22-23.13.14:893][252]LogExit: Exiting.
[2015.11.22-23.13.14:894][252]Log file closed, 11/23/15 10:13:14
