[2015.11.21-02.01.18:758][  0]Log file open, 11/21/15 13:01:18
[2015.11.21-02.01.18:758][  0]LogInit:Display: Running engine for game: MyProject
[2015.11.21-02.01.18:758][  0]LogInit:Display: RandInit(366808123) SRandInit(366808123).
[2015.11.21-02.01.18:758][  0]LogTaskGraph: Started task graph with 4 named threads and 7 total threads.
[2015.11.21-02.01.18:758][  0]LogStats: Stats thread started at 0.092276
[2015.11.21-02.01.18:758][  0]LogInit: Version: 4.9.2-2707645+++depot+UE4-Releases+4.9
[2015.11.21-02.01.18:758][  0]LogInit: API Version: 2672455
[2015.11.21-02.01.18:758][  0]LogInit: Compiled (64-bit): Sep 28 2015 10:25:44
[2015.11.21-02.01.18:758][  0]LogInit: Compiled with Visual C++: 18.00.21005.01
[2015.11.21-02.01.18:758][  0]LogInit: Build Configuration: Development
[2015.11.21-02.01.18:758][  0]LogInit: Branch Name: ++depot+UE4-Releases+4.9
[2015.11.21-02.01.18:758][  0]LogInit: Command line: 
[2015.11.21-02.01.18:758][  0]LogInit: Base directory: E:/Tavis Stuff/Epic Games/4.9/Engine/Binaries/Win64/
[2015.11.21-02.01.18:758][  0]LogInit: Rocket: 1
[2015.11.21-02.01.18:774][  0]LogInit: Using libcurl 7.41.0
[2015.11.21-02.01.18:774][  0]LogInit:  - built for x86_64-pc-win32
[2015.11.21-02.01.18:774][  0]LogInit:  - supports SSL with WinSSL
[2015.11.21-02.01.18:774][  0]LogInit:  - other features:
[2015.11.21-02.01.18:774][  0]LogInit:      CURL_VERSION_SSL
[2015.11.21-02.01.18:774][  0]LogInit:      CURL_VERSION_IPV6
[2015.11.21-02.01.18:774][  0]LogInit:      CURL_VERSION_ASYNCHDNS
[2015.11.21-02.01.18:774][  0]LogInit:      CURL_VERSION_LARGEFILE
[2015.11.21-02.01.18:774][  0]LogInit:      CURL_VERSION_IDN
[2015.11.21-02.01.18:774][  0]LogInit:  CurlRequestOptions (configurable via config and command line):
[2015.11.21-02.01.18:774][  0]LogInit:  - bVerifyPeer = true  - Libcurl will verify peer certificate
[2015.11.21-02.01.18:774][  0]LogInit:  - bUseHttpProxy = false  - Libcurl will NOT use HTTP proxy
[2015.11.21-02.01.18:774][  0]LogInit:  - bDontReuseConnections = false  - Libcurl will reuse connections
[2015.11.21-02.01.18:774][  0]LogInit:  - CertBundlePath = nullptr  - Libcurl will use whatever was configured at build time.
[2015.11.21-02.01.18:783][  0]LogInit: Presizing for 0 objects not considered by GC, pre-allocating 0 bytes.
[2015.11.21-02.01.18:791][  0]LogInit: Object subsystem initialized
[2015.11.21-02.01.18:793][  0]LogInit: Selected Device Profile: [Windows]
[2015.11.21-02.01.18:793][  0]LogInit: Applying CVar settings loaded from the selected device profile: [Windows]
[2015.11.21-02.01.18:822][  0]LogInit: Computer: SKYNET
[2015.11.21-02.01.18:822][  0]LogInit: User: Tavis
[2015.11.21-02.01.18:822][  0]LogInit: CPU Page size=4096, Cores=4
[2015.11.21-02.01.18:822][  0]LogInit: High frequency timer resolution =3.002294 MHz
[2015.11.21-02.01.18:822][  0]LogMemory: Memory total: Physical=6.0GB (6GB approx)
[2015.11.21-02.01.18:823][  0]LogMemory: Platform Memory Stats for Windows
[2015.11.21-02.01.18:823][  0]LogMemory: Process Physical Memory: 54.46 MB used, 54.46 MB peak
[2015.11.21-02.01.18:823][  0]LogMemory: Process Virtual Memory: 57.15 MB used, 57.15 MB peak
[2015.11.21-02.01.18:823][  0]LogMemory: Physical Memory: 2502.09 MB used, 6135.11 MB total
[2015.11.21-02.01.18:823][  0]LogMemory: Virtual Memory: 337.68 MB used, 8388608.00 MB total
[2015.11.21-02.01.18:878][  0]LogTextLocalizationManager: No specific translations for ('en-US') exist, so ('en') translations will be used.
[2015.11.21-02.01.19:868][  0]LogD3D11RHI: Found D3D11 adapter 0: NVIDIA GeForce GTX 960 (Feature Level 11_0)
[2015.11.21-02.01.19:868][  0]LogD3D11RHI: Adapter has 1969MB of dedicated video memory, 0MB of dedicated system memory, and 2048MB of shared system memory, 2 output[s]
[2015.11.21-02.01.19:868][  0]LogD3D11RHI: Chosen D3D11 Adapter Id = 0
[2015.11.21-02.01.19:873][  0]LogD3D11RHI: !Direct3DDevice
[2015.11.21-02.01.19:873][  0]LogRHI: Texture pool is 1361 MB (70% of 1945 MB)
[2015.11.21-02.01.19:888][  0]LogD3D11RHI: Async texture creation enabled
[2015.11.21-02.01.19:905][  0]LogShaderCompilers: Guid format shader working directory is 15 characters bigger than the processId version (../../../../../TeamoSupremeo/MyProject/Intermediate/Shaders/WorkingDirectory/4028/).
[2015.11.21-02.01.19:908][  0]LogShaderCompilers: Cleaned the shader compiler working directory '../../../../../TeamoSupremeo/MyProject/Intermediate/Shaders/tmp/712E22C2447ABF7FED0CA591D248EE48/'.
[2015.11.21-02.01.19:908][  0]LogShaderCompilers:Display: Using Local Shader Compiler.
[2015.11.21-02.01.21:439][  0]LogTemp:Display: Loaded TP AllDesktopTargetPlatform
[2015.11.21-02.01.21:446][  0]LogTemp:Display: Loaded TP WindowsClientTargetPlatform
[2015.11.21-02.01.21:453][  0]LogTemp:Display: Loaded TP WindowsNoEditorTargetPlatform
[2015.11.21-02.01.21:458][  0]LogTemp:Display: Loaded TP WindowsServerTargetPlatform
[2015.11.21-02.01.21:475][  0]LogTemp:Display: Loaded TP WindowsTargetPlatform
[2015.11.21-02.01.21:479][  0]LogTemp:Display: Loaded TP Android_ASTCTargetPlatform
[2015.11.21-02.01.21:483][  0]LogTemp:Display: Loaded TP Android_ATCTargetPlatform
[2015.11.21-02.01.21:487][  0]LogTemp:Display: Loaded TP Android_DXTTargetPlatform
[2015.11.21-02.01.21:492][  0]LogTemp:Display: Loaded TP Android_ETC1TargetPlatform
[2015.11.21-02.01.21:496][  0]LogTemp:Display: Loaded TP Android_ETC2TargetPlatform
[2015.11.21-02.01.21:500][  0]LogTemp:Display: Loaded TP Android_PVRTCTargetPlatform
[2015.11.21-02.01.21:504][  0]LogTemp:Display: Loaded TP AndroidTargetPlatform
[2015.11.21-02.01.21:505][  0]LogTemp:Display: Loaded TP HTML5TargetPlatform
[2015.11.21-02.01.21:524][  0]LogTemp:Display: Loaded TP IOSTargetPlatform
[2015.11.21-02.01.21:528][  0]LogTemp:Display: Loaded TP LinuxNoEditorTargetPlatform
[2015.11.21-02.01.21:533][  0]LogTemp:Display: Loaded TP LinuxServerTargetPlatform
[2015.11.21-02.01.21:539][  0]LogTemp:Display: Loaded TP LinuxTargetPlatform
[2015.11.21-02.01.21:539][  0]LogTargetPlatformManager:Display: Building Assets For Windows
[2015.11.21-02.01.21:643][  0]LogDerivedDataCache:Display: Max Cache Size: 512 MB
[2015.11.21-02.01.21:695][  0]LogDerivedDataCache: Loaded boot cache 0.05s 41MB C:/Users/Tavis/AppData/Local/UnrealEngine/4.9/DerivedDataCache/Boot.ddc.
[2015.11.21-02.01.21:696][  0]LogDerivedDataCache:Display: Loaded Boot cache: C:/Users/Tavis/AppData/Local/UnrealEngine/4.9/DerivedDataCache/Boot.ddc
[2015.11.21-02.01.21:696][  0]LogDerivedDataCache: FDerivedDataBackendGraph:  Pak pak cache file ../../../../../TeamoSupremeo/MyProject/DerivedDataCache/DDC.ddp not found, will not use a pak cache.
[2015.11.21-02.01.21:696][  0]LogDerivedDataCache: Unable to find inner node Pak for hierarchical cache Hierarchy.
[2015.11.21-02.01.21:696][  0]LogDerivedDataCache: FDerivedDataBackendGraph:  CompressedPak pak cache file ../../../../../TeamoSupremeo/MyProject/DerivedDataCache/Compressed.ddp not found, will not use a pak cache.
[2015.11.21-02.01.21:696][  0]LogDerivedDataCache: Unable to find inner node CompressedPak for hierarchical cache Hierarchy.
[2015.11.21-02.01.21:876][  0]LogDerivedDataCache:Display: Pak cache opened for reading ../../../Engine/DerivedDataCache/Compressed.ddp.
[2015.11.21-02.01.21:889][  0]LogDerivedDataCache: Using Local data cache path C:/Users/Tavis/AppData/Local/UnrealEngine/Common/DerivedDataCache: Writable
[2015.11.21-02.01.22:163][  0]LogInit: Selected Device Profile: [Windows]
[2015.11.21-02.01.22:163][  0]LogContentStreaming: Texture pool size is 0.000000MB
[2015.11.21-02.01.22:195][  0]LogMeshUtilities: No automatic mesh reduction module available
[2015.11.21-02.01.22:195][  0]LogMeshUtilities: No automatic mesh merging module available
[2015.11.21-02.01.22:636][  0]LogInit: WinSock: version 1.1 (2.2), MaxSocks=32767, MaxUdp=65467
[2015.11.21-02.01.23:616][  0]UdpMessaging: Initializing bridge on interface 0.0.0.0:0 to multicast group 230.0.0.1:6666.
[2015.11.21-02.01.23:747][  0]LogAssetRegistry: FAssetRegistry took 0.0107 seconds to start up
[2015.11.21-02.01.23:994][  0]SourceControl: Info Source control is disabled
[2015.11.21-02.01.24:006][  0]SourceControl: Info Source control is disabled
[2015.11.21-02.01.24:022][  0]SourceControl: Info Source control is disabled
[2015.11.21-02.01.24:036][  0]SourceControl: Info Source control is disabled
[2015.11.21-02.01.24:217][  0]LogLinker:Warning: Asset '../../../Engine/Plugins/Runtime/LeapMotionController/Content/LM_PassthroughMaterial.uasset' has been saved with empty engine version. The asset will be loaded but may be incompatible.
[2015.11.21-02.01.24:321][  0]LogObj: 28361 objects as part of root set at end of initial load.
[2015.11.21-02.01.24:321][  0]LogUObjectAllocator: 6038864 out of 0 bytes used by permanent object pool.
[2015.11.21-02.01.24:392][  0]LogEngine: Initializing Engine...
[2015.11.21-02.01.24:399][  0]LogHMD: Can't find Oculus library dev build: is proper Runtime installed? Version: 0.7.0.0
[2015.11.21-02.01.24:400][  0]LogHMD: SteamVR failed to initialize.  Err: 110
[2015.11.21-02.01.24:571][  0]LogAIModule: Creating AISystem for world NewWorld
[2015.11.21-02.01.24:581][  0]LogInit: XAudio2 using 'Speakers (Realtek High Definition Audio)' : 2 channels at 48 kHz using 32 bits per sample (channel mask 0x3)
[2015.11.21-02.01.24:611][  0]LogInit: FAudioDevice initialized.
[2015.11.21-02.01.24:635][  0]LogDerivedDataCache: Saved boot cache 0.02s 41MB C:/Users/Tavis/AppData/Local/UnrealEngine/4.9/DerivedDataCache/Boot.ddc.
[2015.11.21-02.01.24:642][  0]LogInit: Texture streaming: Enabled
[2015.11.21-02.01.24:647][  0]LogAnalytics: Creating configured Analytics provider AnalyticsET
[2015.11.21-02.01.24:647][  0]LogAnalytics: [UEEditor.Rocket.Release] APIServer = http://et2.epicgames.com/ET2/. AppVersion = 4.9.2-2707645+++depot+UE4-Releases+4.9
[2015.11.21-02.01.24:647][  0]LogAnalytics: [UEEditor.Rocket.Release] SetUserId 5c8e70974daa5e0c4538b59d9ac545d9|97aa477696a543a18a44974bb9e144c1|9bb79345-c430-4e3c-9a77-5bc4ded45f77
[2015.11.21-02.01.24:647][  0]LogAnalytics: [UEEditor.Rocket.Release] AnalyticsET::StartSession
[2015.11.21-02.01.24:671][  0]LogInit: Transaction tracking system initialized
[2015.11.21-02.01.24:702][  0]BlueprintLog: New page: Editor Load
[2015.11.21-02.01.24:798][  0]LocalizationService: Info Localization service is disabled
[2015.11.21-02.01.24:888][  0]LogConsoleResponse:Display: 
[2015.11.21-02.01.25:063][  0]LogCook:Display: Done creating registry. It took  0.00s.
[2015.11.21-02.01.25:131][  0]LogFileCache: Scanning file cache for directory 'E:/Tavis Stuff/TeamoSupremeo/MyProject/Content/' took 0.04s
[2015.11.21-02.01.25:131][  0]SourceControl: Info Source control is disabled
[2015.11.21-02.01.25:131][  0]Cmd: MAP LOAD FILE="../../../../../TeamoSupremeo/MyProject/Content/SideScrollerBP/Maps/SideScrollerExampleMap.umap" TEMPLATE=0 SHOWPROGRESS=1 FEATURELEVEL=3
[2015.11.21-02.01.25:131][  0]LightingResults: New page: Lighting Build
[2015.11.21-02.01.25:135][  0]MapCheck: New page: Map Check
[2015.11.21-02.01.25:135][  0]LightingResults: New page: Lighting Build
[2015.11.21-02.01.25:146][  0]LogParticles: Destroying 0 GPU particle simulations for FXSystem 0x0000000013D14400
[2015.11.21-02.01.25:153][  0]LogLinker:Warning: Asset '../../../../../TeamoSupremeo/MyProject/Content/Mannequin/Animations/ThirdPerson_AnimBP.uasset' has been saved with empty engine version. The asset will be loaded but may be incompatible.
[2015.11.21-02.01.25:155][  0]LogLinker:Warning: Asset '../../../../../TeamoSupremeo/MyProject/Content/Mannequin/Animations/ThirdPerson_Jump.uasset' has been saved with empty engine version. The asset will be loaded but may be incompatible.
[2015.11.21-02.01.25:157][  0]LogLinker:Warning: Asset '../../../../../TeamoSupremeo/MyProject/Content/Mannequin/Animations/ThirdPersonJump_Loop.uasset' has been saved with empty engine version. The asset will be loaded but may be incompatible.
[2015.11.21-02.01.25:158][  0]LogLinker:Warning: Asset '../../../../../TeamoSupremeo/MyProject/Content/Mannequin/Animations/ThirdPersonJump_Start.uasset' has been saved with empty engine version. The asset will be loaded but may be incompatible.
[2015.11.21-02.01.25:161][  0]LogLinker:Warning: Asset '../../../../../TeamoSupremeo/MyProject/Content/Mannequin/Animations/ThirdPerson_IdleRun_2D.uasset' has been saved with empty engine version. The asset will be loaded but may be incompatible.
[2015.11.21-02.01.25:162][  0]LogLinker:Warning: Asset '../../../../../TeamoSupremeo/MyProject/Content/Mannequin/Animations/ThirdPersonIdle.uasset' has been saved with empty engine version. The asset will be loaded but may be incompatible.
[2015.11.21-02.01.25:163][  0]LogLinker:Warning: Asset '../../../../../TeamoSupremeo/MyProject/Content/Mannequin/Animations/ThirdPersonRun.uasset' has been saved with empty engine version. The asset will be loaded but may be incompatible.
[2015.11.21-02.01.25:165][  0]LogLinker:Warning: Asset '../../../../../TeamoSupremeo/MyProject/Content/Mannequin/Animations/ThirdPersonWalk.uasset' has been saved with empty engine version. The asset will be loaded but may be incompatible.
[2015.11.21-02.01.25:778][  0]LogLinker:Warning: Can't find file '/Game/StarterContent/Textures/T_Metal_Gold_N'
[2015.11.21-02.01.25:778][  0]LogLinker:Warning: Can't find file for asset '/Game/StarterContent/Textures/T_Metal_Gold_N' while loading ../../../../../TeamoSupremeo/MyProject/Content/StarterContent/Materials/M_Rock_Marble_Polished.uasset.
[2015.11.21-02.01.25:778][  0]LoadErrors:Error: Error /Game/StarterContent/Materials/M_Rock_Marble_Polished : Can't find file for asset. /Game/StarterContent/Textures/T_Metal_Gold_N
[2015.11.21-02.01.25:778][  0]LogLinker:Warning: Can't find file '/Game/StarterContent/Textures/T_Perlin_Noise_M'
[2015.11.21-02.01.25:778][  0]LogLinker:Warning: Can't find file for asset '/Game/StarterContent/Textures/T_Perlin_Noise_M' while loading ../../../../../TeamoSupremeo/MyProject/Content/StarterContent/Materials/M_Rock_Marble_Polished.uasset.
[2015.11.21-02.01.25:778][  0]LoadErrors:Error: Error /Game/StarterContent/Materials/M_Rock_Marble_Polished : Can't find file for asset. /Game/StarterContent/Textures/T_Perlin_Noise_M
[2015.11.21-02.01.25:779][  0]LogLinker:Warning: Can't find file '/Game/StarterContent/Textures/T_Rock_Marble_Polished_D'
[2015.11.21-02.01.25:779][  0]LogLinker:Warning: Can't find file for asset '/Game/StarterContent/Textures/T_Rock_Marble_Polished_D' while loading ../../../../../TeamoSupremeo/MyProject/Content/StarterContent/Materials/M_Rock_Marble_Polished.uasset.
[2015.11.21-02.01.25:779][  0]LoadErrors:Error: Error /Game/StarterContent/Materials/M_Rock_Marble_Polished : Can't find file for asset. /Game/StarterContent/Textures/T_Rock_Marble_Polished_D
[2015.11.21-02.01.25:779][  0]LogLinker:Warning: Can't find file '/Game/StarterContent/Textures/T_Metal_Gold_N'
[2015.11.21-02.01.25:779][  0]LogLinker:Warning: Can't find file for asset '/Game/StarterContent/Textures/T_Metal_Gold_N' while loading ../../../../../TeamoSupremeo/MyProject/Content/StarterContent/Materials/M_Rock_Marble_Polished.uasset.
[2015.11.21-02.01.25:779][  0]LoadErrors:Error: Error /Game/StarterContent/Materials/M_Rock_Marble_Polished : Can't find file for asset. /Game/StarterContent/Textures/T_Metal_Gold_N
[2015.11.21-02.01.25:780][  0]LogLinker:Warning: Can't find file '/Game/StarterContent/Textures/T_Perlin_Noise_M'
[2015.11.21-02.01.25:780][  0]LogLinker:Warning: Can't find file for asset '/Game/StarterContent/Textures/T_Perlin_Noise_M' while loading ../../../../../TeamoSupremeo/MyProject/Content/StarterContent/Materials/M_Rock_Marble_Polished.uasset.
[2015.11.21-02.01.25:780][  0]LoadErrors:Error: Error /Game/StarterContent/Materials/M_Rock_Marble_Polished : Can't find file for asset. /Game/StarterContent/Textures/T_Perlin_Noise_M
[2015.11.21-02.01.25:780][  0]LogLinker:Warning: Can't find file '/Game/StarterContent/Textures/T_Rock_Marble_Polished_D'
[2015.11.21-02.01.25:780][  0]LogLinker:Warning: Can't find file for asset '/Game/StarterContent/Textures/T_Rock_Marble_Polished_D' while loading ../../../../../TeamoSupremeo/MyProject/Content/StarterContent/Materials/M_Rock_Marble_Polished.uasset.
[2015.11.21-02.01.25:780][  0]LoadErrors:Error: Error /Game/StarterContent/Materials/M_Rock_Marble_Polished : Can't find file for asset. /Game/StarterContent/Textures/T_Rock_Marble_Polished_D
[2015.11.21-02.01.25:993][  0]LogLinker:Warning: Can't find file '/Game/StarterContent/Textures/T_Rock_Marble_Polished_D'
[2015.11.21-02.01.25:993][  0]LoadErrors: Info Failed to load /Game/StarterContent/Textures/T_Rock_Marble_Polished_D.T_Rock_Marble_Polished_D Referenced by MaterialExpressionTextureSample_1
[2015.11.21-02.01.25:993][  0]LogLinker:Warning: Can't find file for asset '/Game/StarterContent/Textures/T_Rock_Marble_Polished_D' while loading NULL.
[2015.11.21-02.01.25:993][  0]LoadErrors: Info Failed to load /Game/StarterContent/Textures/T_Rock_Marble_Polished_D.T_Rock_Marble_Polished_D Referenced by MaterialExpressionTextureSample_1
[2015.11.21-02.01.25:994][  0]LogLinker:Warning: Can't find file '/Game/StarterContent/Textures/T_Metal_Gold_N'
[2015.11.21-02.01.25:994][  0]LoadErrors: Info Failed to load /Game/StarterContent/Textures/T_Metal_Gold_N.T_Metal_Gold_N Referenced by MaterialExpressionTextureSample_13
[2015.11.21-02.01.25:994][  0]LogLinker:Warning: Can't find file for asset '/Game/StarterContent/Textures/T_Metal_Gold_N' while loading NULL.
[2015.11.21-02.01.25:994][  0]LoadErrors: Info Failed to load /Game/StarterContent/Textures/T_Metal_Gold_N.T_Metal_Gold_N Referenced by MaterialExpressionTextureSample_13
[2015.11.21-02.01.25:994][  0]LogLinker:Warning: Can't find file '/Game/StarterContent/Textures/T_Perlin_Noise_M'
[2015.11.21-02.01.25:994][  0]LoadErrors: Info Failed to load /Game/StarterContent/Textures/T_Perlin_Noise_M.T_Perlin_Noise_M Referenced by MaterialExpressionTextureSample_14
[2015.11.21-02.01.25:994][  0]LogLinker:Warning: Can't find file for asset '/Game/StarterContent/Textures/T_Perlin_Noise_M' while loading NULL.
[2015.11.21-02.01.25:995][  0]LoadErrors: Info Failed to load /Game/StarterContent/Textures/T_Perlin_Noise_M.T_Perlin_Noise_M Referenced by MaterialExpressionTextureSample_14
[2015.11.21-02.01.25:995][  0]LogLinker:Warning: Can't find file '/Game/StarterContent/Textures/T_Rock_Marble_Polished_D'
[2015.11.21-02.01.25:995][  0]LoadErrors: Info Failed to load /Game/StarterContent/Textures/T_Rock_Marble_Polished_D.T_Rock_Marble_Polished_D Referenced by MaterialExpressionTextureSample_15
[2015.11.21-02.01.25:995][  0]LogLinker:Warning: Can't find file for asset '/Game/StarterContent/Textures/T_Rock_Marble_Polished_D' while loading NULL.
[2015.11.21-02.01.25:995][  0]LoadErrors: Info Failed to load /Game/StarterContent/Textures/T_Rock_Marble_Polished_D.T_Rock_Marble_Polished_D Referenced by MaterialExpressionTextureSample_15
[2015.11.21-02.01.25:995][  0]LogLinker:Warning: Can't find file '/Game/StarterContent/Textures/T_Rock_Marble_Polished_D'
[2015.11.21-02.01.25:995][  0]LoadErrors: Info Failed to load /Game/StarterContent/Textures/T_Rock_Marble_Polished_D.T_Rock_Marble_Polished_D Referenced by MaterialExpressionTextureSample_16
[2015.11.21-02.01.25:996][  0]LogLinker:Warning: Can't find file for asset '/Game/StarterContent/Textures/T_Rock_Marble_Polished_D' while loading NULL.
[2015.11.21-02.01.25:996][  0]LoadErrors: Info Failed to load /Game/StarterContent/Textures/T_Rock_Marble_Polished_D.T_Rock_Marble_Polished_D Referenced by MaterialExpressionTextureSample_16
[2015.11.21-02.01.25:996][  0]LogLinker:Warning: Can't find file '/Game/StarterContent/Textures/T_Rock_Marble_Polished_D'
[2015.11.21-02.01.25:996][  0]LoadErrors: Info Failed to load /Game/StarterContent/Textures/T_Rock_Marble_Polished_D.T_Rock_Marble_Polished_D Referenced by MaterialExpressionTextureSample_2
[2015.11.21-02.01.25:996][  0]LogLinker:Warning: Can't find file for asset '/Game/StarterContent/Textures/T_Rock_Marble_Polished_D' while loading NULL.
[2015.11.21-02.01.25:996][  0]LoadErrors: Info Failed to load /Game/StarterContent/Textures/T_Rock_Marble_Polished_D.T_Rock_Marble_Polished_D Referenced by MaterialExpressionTextureSample_2
[2015.11.21-02.01.26:674][  0]LogMaterial: Missing cached shader map for material M_Rock_Marble_Polished, compiling. 
[2015.11.21-02.01.26:676][  0]LogMaterial:Warning: Failed to compile Material /Game/StarterContent/Materials/M_Rock_Marble_Polished.M_Rock_Marble_Polished for platform PCD3D_SM5, Default Material will be used in game.
[2015.11.21-02.01.26:676][  0]LogMaterial:Warning: 	(Node TextureSample) TextureSample> Missing input texture
[2015.11.21-02.01.26:678][  0]LogAIModule: Creating AISystem for world SideScrollerExampleMap
[2015.11.21-02.01.26:688][  0]LogEditorServer: Finished looking for orphan Actors (0.000 secs)
[2015.11.21-02.01.26:688][  0]Cmd: MAP CHECKDEP NOCLEARLOG
[2015.11.21-02.01.26:765][  0]MapCheck: Info Map check complete: 0 Error(s), 0 Warning(s), took 77.142ms to complete.
[2015.11.21-02.01.26:765][  0]LogFileHelpers: Loading map 'SideScrollerExampleMap' took 1.634
[2015.11.21-02.01.26:889][  0]LogCollectionManager: Loaded 0 collections in 0.001784 seconds
[2015.11.21-02.01.26:932][  0]LogFileCache: Scanning file cache for directory 'E:/Tavis Stuff/TeamoSupremeo/MyProject/Saved/Collections/' took 0.01s
[2015.11.21-02.01.26:932][  0]LogFileCache: Scanning file cache for directory 'E:/Tavis Stuff/TeamoSupremeo/MyProject/Content/Developers/Tavis/Collections/' took 0.01s
[2015.11.21-02.01.26:932][  0]LogFileCache: Scanning file cache for directory 'E:/Tavis Stuff/TeamoSupremeo/MyProject/Content/Collections/' took 0.01s
[2015.11.21-02.01.26:932][  0]LogContentBrowser: Native class hierarchy populated in 0.0092 seconds. Added 1867 classes and 333 folders.
[2015.11.21-02.01.26:943][  0]LogCollectionManager: Rebuilt the GUID cache for 0 collections in 0.000003 seconds
[2015.11.21-02.01.26:950][  0]LogContentBrowser: Native class hierarchy updated for 'WidgetCarousel' in 0.0004 seconds. Added 0 classes and 0 folders.
[2015.11.21-02.01.27:007][  0]LogContentBrowser: Native class hierarchy updated for 'AddContentDialog' in 0.0005 seconds. Added 0 classes and 0 folders.
[2015.11.21-02.01.27:011][  0]LogContentBrowser: Native class hierarchy updated for 'SceneOutliner' in 0.0004 seconds. Added 1 classes and 2 folders.
[2015.11.21-02.01.27:041][  0]LogCrashTracker: Crashtracker disabled due to settings.
[2015.11.21-02.01.27:044][  0]LogUObjectGlobals:Warning: Failed to find object 'Class None.'
[2015.11.21-02.01.27:067][  0]LogLoad: Full Startup: 9.36 seconds (BP compile: 0.22 seconds)
[2015.11.21-02.01.27:451][  0]LogContentStreaming: Texture pool size now 1000 MB
[2015.11.21-02.01.27:699][  0]LogRenderer: Reallocating scene render targets to support 1208x580 (Frame:2).
[2015.11.21-02.01.27:982][  5]LogAssetRegistry: Asset discovery search completed in 4.2459 seconds
[2015.11.21-02.01.27:982][  5]LogCollectionManager: Rebuilt the object cache for 0 collections in 0.000001 seconds (found 0 objects)
[2015.11.21-02.01.27:982][  5]LogCollectionManager: Fixed up redirectors for 0 collections in 0.000023 seconds (updated 0 objects)
[2015.11.21-02.02.28:430][ 65]LogAssetTools:Warning: Failed to import 'E:\Tavis Stuff\My Things\Castle prototype actual\levelProtoype1-CIU212 - Copy 4.9\Content\CastleAndMapPrototype1.umap'. Unknown extension 'umap'.
[2015.11.21-02.02.39:571][333]LogAIModule: Creating AISystem for world Prototypelevel
[2015.11.21-02.02.48:433][789]LogLinker:Warning: Can't find file '/Game/SideScrollerBP/Meshes/CubeMesh'
[2015.11.21-02.02.48:433][789]LogLinker:Warning: Can't find file for asset '/Game/SideScrollerBP/Meshes/CubeMesh' while loading ../../../../../TeamoSupremeo/MyProject/Content/Maps/CastleAndMapPrototype1.umap.
[2015.11.21-02.02.48:433][789]LoadErrors:Error: Error /Game/Maps/CastleAndMapPrototype1 : Can't find file for asset. /Game/SideScrollerBP/Meshes/CubeMesh
[2015.11.21-02.02.48:434][789]LogLinker:Warning: Can't find file '/Game/SideScrollerBP/Meshes/CubeMesh'
[2015.11.21-02.02.48:434][789]LogLinker:Warning: Can't find file for asset '/Game/SideScrollerBP/Meshes/CubeMesh' while loading ../../../../../TeamoSupremeo/MyProject/Content/Maps/CastleAndMapPrototype1.umap.
[2015.11.21-02.02.48:436][789]LogLinker:Warning: Can't find file '/Game/SideScrollerBP/Meshes/CubeMesh'
[2015.11.21-02.02.48:438][789]LogLinker:Warning: Can't find file for asset '/Game/SideScrollerBP/Meshes/CubeMesh' while loading NULL.
[2015.11.21-02.02.48:438][789]LogLinker:Warning: Can't find file '/Game/SideScrollerBP/Meshes/CubeMesh'
[2015.11.21-02.02.48:439][789]LogLinker:Warning: Can't find file for asset '/Game/SideScrollerBP/Meshes/CubeMesh' while loading NULL.
[2015.11.21-02.02.48:459][789]LogLinker:Warning: Can't find file '/Game/SideScrollerBP/Meshes/CubeMesh'
[2015.11.21-02.02.48:459][789]LoadErrors: Info Failed to load /Game/SideScrollerBP/Meshes/CubeMesh.CubeMesh Referenced by Floor_8
[2015.11.21-02.02.48:459][789]LogLinker:Warning: Can't find file for asset '/Game/SideScrollerBP/Meshes/CubeMesh' while loading NULL.
[2015.11.21-02.02.48:460][789]LogLinker:Warning: Can't find file '/Game/SideScrollerBP/Meshes/CubeMesh'
[2015.11.21-02.02.48:460][789]LoadErrors: Info Failed to load /Game/SideScrollerBP/Meshes/CubeMesh.CubeMesh Referenced by Wall3_11
[2015.11.21-02.02.48:460][789]LogLinker:Warning: Can't find file for asset '/Game/SideScrollerBP/Meshes/CubeMesh' while loading NULL.
[2015.11.21-02.02.48:488][789]LogAIModule: Creating AISystem for world CastleAndMapPrototype1
[2015.11.21-02.02.48:505][789]LogActorComponent: UnregisterComponent: (/Engine/Transient.CharMoveComp) Not registered. Aborting.
[2015.11.21-02.02.48:536][789]Cmd: MAP LOAD FILE="../../../../../TeamoSupremeo/MyProject/Content/Maps/CastleAndMapPrototype1.umap" TEMPLATE=0 SHOWPROGRESS=1 FEATURELEVEL=3
[2015.11.21-02.02.48:536][789]LightingResults: New page: Lighting Build
[2015.11.21-02.02.48:561][789]LoadErrors: New page: Loading map: CastleAndMapPrototype1.umap
[2015.11.21-02.02.48:562][789]MapCheck: New page: Map Check
[2015.11.21-02.02.48:562][789]LightingResults: New page: Lighting Build
[2015.11.21-02.02.48:575][789]LogParticles: Destroying 0 GPU particle simulations for FXSystem 0x00000000115E5300
[2015.11.21-02.02.48:665][789]LogEditorServer: Finished looking for orphan Actors (0.000 secs)
[2015.11.21-02.02.48:751][789]Cmd: MAP CHECKDEP NOCLEARLOG
[2015.11.21-02.02.48:841][789]MapCheck: Info Map check complete: 0 Error(s), 0 Warning(s), took 89.186ms to complete.
[2015.11.21-02.02.48:841][789]LogFileHelpers: Loading map 'CastleAndMapPrototype1' took 0.307
[2015.11.21-02.02.51:288][ 65]LogBlueprintUserMessages: Early PlayInEditor Detection: Level '/Game/Maps/CastleAndMapPrototype1.CastleAndMapPrototype1:PersistentLevel' has LevelScriptBlueprint '/Game/Maps/CastleAndMapPrototype1.CastleAndMapPrototype1:PersistentLevel.CastleAndMapPrototype1' with GeneratedClass '/Game/Maps/CastleAndMapPrototype1.CastleAndMapPrototype1_C' with ClassGeneratedBy '/Game/Maps/CastleAndMapPrototype1.CastleAndMapPrototype1:PersistentLevel.CastleAndMapPrototype1'
[2015.11.21-02.02.51:288][ 65]LogPlayLevel: PlayLevel: No blueprints needed recompiling
[2015.11.21-02.02.51:289][ 65]PIE: New page: PIE session: CastleAndMapPrototype1 (Nov 22, 2015, 12:02:51 AM)
[2015.11.21-02.02.51:289][ 65]LogPlayLevel: Creating play world package: /Game/Maps/UEDPIE_0_CastleAndMapPrototype1
[2015.11.21-02.02.51:325][ 65]LogPlayLevel: PIE: StaticDuplicateObject took: (0.036039s)
[2015.11.21-02.02.51:326][ 65]LogAIModule: Creating AISystem for world CastleAndMapPrototype1
[2015.11.21-02.02.51:326][ 65]LogPlayLevel: PIE: World Init took: (0.001406s)
[2015.11.21-02.02.51:326][ 65]LogPlayLevel: PIE: Created PIE world by copying editor world from /Game/Maps/CastleAndMapPrototype1.CastleAndMapPrototype1 to /Game/Maps/UEDPIE_0_CastleAndMapPrototype1.CastleAndMapPrototype1 (0.037777s)
[2015.11.21-02.02.51:326][ 65]LogActorComponent: UnregisterComponent: (/Engine/Transient.CharMoveComp) Not registered. Aborting.
[2015.11.21-02.02.51:346][ 65]LogInit: XAudio2 using 'Speakers (Realtek High Definition Audio)' : 2 channels at 48 kHz using 32 bits per sample (channel mask 0x3)
[2015.11.21-02.02.51:355][ 65]LogInit: FAudioDevice initialized.
[2015.11.21-02.02.51:416][ 65]LogWorld: Game class is 'SideScrollerGameMode_C'
[2015.11.21-02.02.51:433][ 65]LogWorld: Bringing World /Game/Maps/UEDPIE_0_CastleAndMapPrototype1.CastleAndMapPrototype1 up for play (max tick rate 0) at 2015.11.21-13.02.51
[2015.11.21-02.02.51:435][ 65]LogActor:Warning: GameSession /Game/Maps/UEDPIE_0_CastleAndMapPrototype1.CastleAndMapPrototype1:PersistentLevel.GameSession_0 has natively added scene component(s), but none of them were set as the actor's RootComponent - picking one arbitrarily
[2015.11.21-02.02.51:435][ 65]LogActor:Warning: GameNetworkManager /Game/Maps/UEDPIE_0_CastleAndMapPrototype1.CastleAndMapPrototype1:PersistentLevel.GameNetworkManager_0 has natively added scene component(s), but none of them were set as the actor's RootComponent - picking one arbitrarily
[2015.11.21-02.02.51:471][ 65]LogWorld: Bringing up level for play took: 0.052734
[2015.11.21-02.02.51:487][ 65]PIE: Info Play in editor start time for /Game/Maps/UEDPIE_0_CastleAndMapPrototype1 -0.725
[2015.11.21-02.02.51:487][ 65]LogBlueprintUserMessages: Late PlayInEditor Detection: Level '/Game/Maps/CastleAndMapPrototype1.CastleAndMapPrototype1:PersistentLevel' has LevelScriptBlueprint '/Game/Maps/CastleAndMapPrototype1.CastleAndMapPrototype1:PersistentLevel.CastleAndMapPrototype1' with GeneratedClass '/Game/Maps/CastleAndMapPrototype1.CastleAndMapPrototype1_C' with ClassGeneratedBy '/Game/Maps/CastleAndMapPrototype1.CastleAndMapPrototype1:PersistentLevel.CastleAndMapPrototype1'
[2015.11.21-02.02.56:953][705]LogBlueprintUserMessages: Early EndPlayMap Detection: Level '/Game/Maps/CastleAndMapPrototype1.CastleAndMapPrototype1:PersistentLevel' has LevelScriptBlueprint '/Game/Maps/CastleAndMapPrototype1.CastleAndMapPrototype1:PersistentLevel.CastleAndMapPrototype1' with GeneratedClass '/Game/Maps/CastleAndMapPrototype1.CastleAndMapPrototype1_C' with ClassGeneratedBy '/Game/Maps/CastleAndMapPrototype1.CastleAndMapPrototype1:PersistentLevel.CastleAndMapPrototype1'
[2015.11.21-02.02.56:985][705]LogBlueprintUserMessages: Late EndPlayMap Detection: Level '/Game/Maps/CastleAndMapPrototype1.CastleAndMapPrototype1:PersistentLevel' has LevelScriptBlueprint '/Game/Maps/CastleAndMapPrototype1.CastleAndMapPrototype1:PersistentLevel.CastleAndMapPrototype1' with GeneratedClass '/Game/Maps/CastleAndMapPrototype1.CastleAndMapPrototype1_C' with ClassGeneratedBy '/Game/Maps/CastleAndMapPrototype1.CastleAndMapPrototype1:PersistentLevel.CastleAndMapPrototype1'
[2015.11.21-02.02.57:024][706]LogParticles: Destroying 0 GPU particle simulations for FXSystem 0x0000000011077060
[2015.11.21-02.03.06:135][797]LogEditorViewport: Clicking on Actor (LMB): SideScrollerCharacter_C (SideScrollerCharacter)
[2015.11.21-02.03.09:538][ 94]LogLinker:Warning: Asset '../../../Engine/Content/ArtTools/RenderToTexture/Macros/RenderToTextureMacros.uasset' has been saved with empty engine version. The asset will be loaded but may be incompatible.
[2015.11.21-02.03.10:611][ 94]LogContentBrowser: Native class hierarchy updated for 'BlueprintGraph' in 0.0018 seconds. Added 107 classes and 0 folders.
[2015.11.21-02.03.32:030][ 72]LogBlueprintUserMessages: CustomizeDetails for Blueprint 'SideScrollerCharacter', cached variable property's owner is '/Game/SideScrollerBP/Blueprints/SideScrollerCharacter.SKEL_SideScrollerCharacter_C'
[2015.11.21-02.03.32:434][ 94]LogBlueprintUserMessages: CustomizeDetails for Blueprint 'SideScrollerCharacter', cached variable property's owner is '/Game/SideScrollerBP/Blueprints/SideScrollerCharacter.SKEL_SideScrollerCharacter_C'
[2015.11.21-02.03.33:175][133]LogBlueprintUserMessages: CustomizeDetails for Blueprint 'SideScrollerCharacter', cached variable property's owner is '/Game/SideScrollerBP/Blueprints/SideScrollerCharacter.SKEL_SideScrollerCharacter_C'
[2015.11.21-02.03.34:823][231]LogBlueprintUserMessages: CustomizeDetails for Blueprint 'SideScrollerCharacter', cached variable property's owner is '/Game/SideScrollerBP/Blueprints/SideScrollerCharacter.SKEL_SideScrollerCharacter_C'
[2015.11.21-02.03.56:065][470]LogBlueprintUserMessages: CustomizeDetails for Blueprint 'SideScrollerCharacter', cached variable property's owner is '/Game/SideScrollerBP/Blueprints/SideScrollerCharacter.SKEL_SideScrollerCharacter_C'
[2015.11.21-02.03.56:578][496]LogBlueprintUserMessages: CustomizeDetails for Blueprint 'SideScrollerCharacter', cached variable property's owner is '/Game/SideScrollerBP/Blueprints/SideScrollerCharacter.SKEL_SideScrollerCharacter_C'
[2015.11.21-02.03.58:498][611]LogBlueprintUserMessages: CustomizeDetails for Blueprint 'SideScrollerCharacter', cached variable property's owner is '/Game/SideScrollerBP/Blueprints/SideScrollerCharacter.SKEL_SideScrollerCharacter_C'
[2015.11.21-02.04.04:877][984]BlueprintLog: New page: Compile SideScrollerCharacter
[2015.11.21-02.04.05:260][984]LogActorComponent: UnregisterComponent: (/Engine/Transient.CharMoveComp) Not registered. Aborting.
[2015.11.21-02.04.05:264][984]LogBlueprintUserMessages: PostEditorRefresh for Blueprint 'SideScrollerCharacter', cached variable property's owner is '/Game/SideScrollerBP/Blueprints/SideScrollerCharacter.SKEL_SideScrollerCharacter_C'
[2015.11.21-02.04.05:302][984]LogBlueprintUserMessages: PostEditorRefresh for Blueprint 'SideScrollerCharacter', cached variable property's owner is '/Game/SideScrollerBP/Blueprints/SideScrollerCharacter.SKEL_SideScrollerCharacter_C'
[2015.11.21-02.04.05:302][984]BlueprintEditorCompileResults: Info [0167.59] Compile of SideScrollerCharacter successful! [in 424 ms]
[2015.11.21-02.04.05:423][984]LogBlueprintUserMessages: CustomizeDetails for Blueprint 'SideScrollerCharacter', cached variable property's owner is '/Game/SideScrollerBP/Blueprints/SideScrollerCharacter.SKEL_SideScrollerCharacter_C'
[2015.11.21-02.04.06:748][ 58]LogBlueprintUserMessages: Early PlayInEditor Detection: Level '/Game/Maps/CastleAndMapPrototype1.CastleAndMapPrototype1:PersistentLevel' has LevelScriptBlueprint '/Game/Maps/CastleAndMapPrototype1.CastleAndMapPrototype1:PersistentLevel.CastleAndMapPrototype1' with GeneratedClass '/Game/Maps/CastleAndMapPrototype1.CastleAndMapPrototype1_C' with ClassGeneratedBy '/Game/Maps/CastleAndMapPrototype1.CastleAndMapPrototype1:PersistentLevel.CastleAndMapPrototype1'
[2015.11.21-02.04.06:748][ 58]LogPlayLevel: PlayLevel: No blueprints needed recompiling
[2015.11.21-02.04.06:748][ 58]PIE: New page: PIE session: CastleAndMapPrototype1 (Nov 22, 2015, 12:04:06 AM)
[2015.11.21-02.04.06:748][ 58]LogPlayLevel: Creating play world package: /Game/Maps/UEDPIE_0_CastleAndMapPrototype1
[2015.11.21-02.04.06:784][ 58]LogPlayLevel: PIE: StaticDuplicateObject took: (0.035673s)
[2015.11.21-02.04.06:785][ 58]LogAIModule: Creating AISystem for world CastleAndMapPrototype1
[2015.11.21-02.04.06:785][ 58]LogPlayLevel: PIE: World Init took: (0.001349s)
[2015.11.21-02.04.06:786][ 58]LogPlayLevel: PIE: Created PIE world by copying editor world from /Game/Maps/CastleAndMapPrototype1.CastleAndMapPrototype1 to /Game/Maps/UEDPIE_0_CastleAndMapPrototype1.CastleAndMapPrototype1 (0.037301s)
[2015.11.21-02.04.06:786][ 58]LogActorComponent: UnregisterComponent: (/Engine/Transient.CharMoveComp) Not registered. Aborting.
[2015.11.21-02.04.06:851][ 58]LogInit: XAudio2 using 'Speakers (Realtek High Definition Audio)' : 2 channels at 48 kHz using 32 bits per sample (channel mask 0x3)
[2015.11.21-02.04.06:868][ 58]LogInit: FAudioDevice initialized.
[2015.11.21-02.04.06:908][ 58]LogWorld: Game class is 'SideScrollerGameMode_C'
[2015.11.21-02.04.06:922][ 58]LogWorld: Bringing World /Game/Maps/UEDPIE_0_CastleAndMapPrototype1.CastleAndMapPrototype1 up for play (max tick rate 0) at 2015.11.21-13.04.06
[2015.11.21-02.04.06:922][ 58]LogActor:Warning: GameSession /Game/Maps/UEDPIE_0_CastleAndMapPrototype1.CastleAndMapPrototype1:PersistentLevel.GameSession_1 has natively added scene component(s), but none of them were set as the actor's RootComponent - picking one arbitrarily
[2015.11.21-02.04.06:923][ 58]LogActor:Warning: GameNetworkManager /Game/Maps/UEDPIE_0_CastleAndMapPrototype1.CastleAndMapPrototype1:PersistentLevel.GameNetworkManager_1 has natively added scene component(s), but none of them were set as the actor's RootComponent - picking one arbitrarily
[2015.11.21-02.04.06:927][ 58]LogWorld: Bringing up level for play took: 0.018142
[2015.11.21-02.04.06:948][ 58]PIE: Info Play in editor start time for /Game/Maps/UEDPIE_0_CastleAndMapPrototype1 0.736
[2015.11.21-02.04.06:949][ 58]LogBlueprintUserMessages: Late PlayInEditor Detection: Level '/Game/Maps/CastleAndMapPrototype1.CastleAndMapPrototype1:PersistentLevel' has LevelScriptBlueprint '/Game/Maps/CastleAndMapPrototype1.CastleAndMapPrototype1:PersistentLevel.CastleAndMapPrototype1' with GeneratedClass '/Game/Maps/CastleAndMapPrototype1.CastleAndMapPrototype1_C' with ClassGeneratedBy '/Game/Maps/CastleAndMapPrototype1.CastleAndMapPrototype1:PersistentLevel.CastleAndMapPrototype1'
[2015.11.21-02.04.06:979][ 58]LogConnectionDrawingPolicy:Warning: Looks like a wire-trace was not injected before the jump from 'Cast To SideScrollerGameMode' to 'Set Spawn Transform'.
[2015.11.21-02.04.07:008][ 59]LogConnectionDrawingPolicy:Warning: Looks like a wire-trace was not injected before the jump from 'Cast To SideScrollerGameMode' to 'Set Spawn Transform'.
[2015.11.21-02.04.07:024][ 60]LogConnectionDrawingPolicy:Warning: Looks like a wire-trace was not injected before the jump from 'Cast To SideScrollerGameMode' to 'Set Spawn Transform'.
[2015.11.21-02.04.07:038][ 61]LogConnectionDrawingPolicy:Warning: Looks like a wire-trace was not injected before the jump from 'Cast To SideScrollerGameMode' to 'Set Spawn Transform'.
[2015.11.21-02.04.07:051][ 62]LogConnectionDrawingPolicy:Warning: Looks like a wire-trace was not injected before the jump from 'Cast To SideScrollerGameMode' to 'Set Spawn Transform'.
[2015.11.21-02.04.07:065][ 63]LogConnectionDrawingPolicy:Warning: Looks like a wire-trace was not injected before the jump from 'Cast To SideScrollerGameMode' to 'Set Spawn Transform'.
[2015.11.21-02.04.07:081][ 64]LogConnectionDrawingPolicy:Warning: Looks like a wire-trace was not injected before the jump from 'Cast To SideScrollerGameMode' to 'Set Spawn Transform'.
[2015.11.21-02.04.07:095][ 65]LogConnectionDrawingPolicy:Warning: Looks like a wire-trace was not injected before the jump from 'Cast To SideScrollerGameMode' to 'Set Spawn Transform'.
[2015.11.21-02.04.07:109][ 66]LogConnectionDrawingPolicy:Warning: Looks like a wire-trace was not injected before the jump from 'Cast To SideScrollerGameMode' to 'Set Spawn Transform'.
[2015.11.21-02.04.07:123][ 67]LogConnectionDrawingPolicy:Warning: Looks like a wire-trace was not injected before the jump from 'Cast To SideScrollerGameMode' to 'Set Spawn Transform'.
[2015.11.21-02.04.07:136][ 68]LogConnectionDrawingPolicy:Warning: Looks like a wire-trace was not injected before the jump from 'Cast To SideScrollerGameMode' to 'Set Spawn Transform'.
[2015.11.21-02.04.07:150][ 69]LogConnectionDrawingPolicy:Warning: Looks like a wire-trace was not injected before the jump from 'Cast To SideScrollerGameMode' to 'Set Spawn Transform'.
[2015.11.21-02.04.07:164][ 70]LogConnectionDrawingPolicy:Warning: Looks like a wire-trace was not injected before the jump from 'Cast To SideScrollerGameMode' to 'Set Spawn Transform'.
[2015.11.21-02.04.07:178][ 71]LogConnectionDrawingPolicy:Warning: Looks like a wire-trace was not injected before the jump from 'Cast To SideScrollerGameMode' to 'Set Spawn Transform'.
[2015.11.21-02.04.07:192][ 72]LogConnectionDrawingPolicy:Warning: Looks like a wire-trace was not injected before the jump from 'Cast To SideScrollerGameMode' to 'Set Spawn Transform'.
[2015.11.21-02.04.07:205][ 73]LogConnectionDrawingPolicy:Warning: Looks like a wire-trace was not injected before the jump from 'Cast To SideScrollerGameMode' to 'Set Spawn Transform'.
[2015.11.21-02.04.07:218][ 74]LogConnectionDrawingPolicy:Warning: Looks like a wire-trace was not injected before the jump from 'Cast To SideScrollerGameMode' to 'Set Spawn Transform'.
[2015.11.21-02.04.07:232][ 75]LogConnectionDrawingPolicy:Warning: Looks like a wire-trace was not injected before the jump from 'Cast To SideScrollerGameMode' to 'Set Spawn Transform'.
[2015.11.21-02.04.07:246][ 76]LogConnectionDrawingPolicy:Warning: Looks like a wire-trace was not injected before the jump from 'Cast To SideScrollerGameMode' to 'Set Spawn Transform'.
[2015.11.21-02.04.07:262][ 77]LogConnectionDrawingPolicy:Warning: Looks like a wire-trace was not injected before the jump from 'Cast To SideScrollerGameMode' to 'Set Spawn Transform'.
[2015.11.21-02.04.07:276][ 78]LogConnectionDrawingPolicy:Warning: Looks like a wire-trace was not injected before the jump from 'Cast To SideScrollerGameMode' to 'Set Spawn Transform'.
[2015.11.21-02.04.07:290][ 79]LogConnectionDrawingPolicy:Warning: Looks like a wire-trace was not injected before the jump from 'Cast To SideScrollerGameMode' to 'Set Spawn Transform'.
[2015.11.21-02.04.07:303][ 80]LogConnectionDrawingPolicy:Warning: Looks like a wire-trace was not injected before the jump from 'Cast To SideScrollerGameMode' to 'Set Spawn Transform'.
[2015.11.21-02.04.07:318][ 81]LogConnectionDrawingPolicy:Warning: Looks like a wire-trace was not injected before the jump from 'Cast To SideScrollerGameMode' to 'Set Spawn Transform'.
[2015.11.21-02.04.07:332][ 82]LogConnectionDrawingPolicy:Warning: Looks like a wire-trace was not injected before the jump from 'Cast To SideScrollerGameMode' to 'Set Spawn Transform'.
[2015.11.21-02.04.07:345][ 83]LogConnectionDrawingPolicy:Warning: Looks like a wire-trace was not injected before the jump from 'Cast To SideScrollerGameMode' to 'Set Spawn Transform'.
[2015.11.21-02.04.07:359][ 84]LogConnectionDrawingPolicy:Warning: Looks like a wire-trace was not injected before the jump from 'Cast To SideScrollerGameMode' to 'Set Spawn Transform'.
[2015.11.21-02.04.07:374][ 85]LogConnectionDrawingPolicy:Warning: Looks like a wire-trace was not injected before the jump from 'Cast To SideScrollerGameMode' to 'Set Spawn Transform'.
[2015.11.21-02.04.07:387][ 86]LogConnectionDrawingPolicy:Warning: Looks like a wire-trace was not injected before the jump from 'Cast To SideScrollerGameMode' to 'Set Spawn Transform'.
[2015.11.21-02.04.07:401][ 87]LogConnectionDrawingPolicy:Warning: Looks like a wire-trace was not injected before the jump from 'Cast To SideScrollerGameMode' to 'Set Spawn Transform'.
[2015.11.21-02.04.07:416][ 88]LogConnectionDrawingPolicy:Warning: Looks like a wire-trace was not injected before the jump from 'Cast To SideScrollerGameMode' to 'Set Spawn Transform'.
[2015.11.21-02.04.07:430][ 89]LogConnectionDrawingPolicy:Warning: Looks like a wire-trace was not injected before the jump from 'Cast To SideScrollerGameMode' to 'Set Spawn Transform'.
[2015.11.21-02.04.07:444][ 90]LogConnectionDrawingPolicy:Warning: Looks like a wire-trace was not injected before the jump from 'Cast To SideScrollerGameMode' to 'Set Spawn Transform'.
[2015.11.21-02.04.07:458][ 91]LogConnectionDrawingPolicy:Warning: Looks like a wire-trace was not injected before the jump from 'Cast To SideScrollerGameMode' to 'Set Spawn Transform'.
[2015.11.21-02.04.07:471][ 92]LogConnectionDrawingPolicy:Warning: Looks like a wire-trace was not injected before the jump from 'Cast To SideScrollerGameMode' to 'Set Spawn Transform'.
[2015.11.21-02.04.07:485][ 93]LogConnectionDrawingPolicy:Warning: Looks like a wire-trace was not injected before the jump from 'Cast To SideScrollerGameMode' to 'Set Spawn Transform'.
[2015.11.21-02.04.07:500][ 94]LogConnectionDrawingPolicy:Warning: Looks like a wire-trace was not injected before the jump from 'Cast To SideScrollerGameMode' to 'Set Spawn Transform'.
[2015.11.21-02.04.07:513][ 95]LogConnectionDrawingPolicy:Warning: Looks like a wire-trace was not injected before the jump from 'Cast To SideScrollerGameMode' to 'Set Spawn Transform'.
[2015.11.21-02.04.07:528][ 96]LogConnectionDrawingPolicy:Warning: Looks like a wire-trace was not injected before the jump from 'Cast To SideScrollerGameMode' to 'Set Spawn Transform'.
[2015.11.21-02.04.07:541][ 97]LogConnectionDrawingPolicy:Warning: Looks like a wire-trace was not injected before the jump from 'Cast To SideScrollerGameMode' to 'Set Spawn Transform'.
[2015.11.21-02.04.07:555][ 98]LogConnectionDrawingPolicy:Warning: Looks like a wire-trace was not injected before the jump from 'Cast To SideScrollerGameMode' to 'Set Spawn Transform'.
[2015.11.21-02.04.07:573][ 99]LogConnectionDrawingPolicy:Warning: Looks like a wire-trace was not injected before the jump from 'Cast To SideScrollerGameMode' to 'Set Spawn Transform'.
[2015.11.21-02.04.07:585][100]LogConnectionDrawingPolicy:Warning: Looks like a wire-trace was not injected before the jump from 'Cast To SideScrollerGameMode' to 'Set Spawn Transform'.
[2015.11.21-02.04.07:599][101]LogConnectionDrawingPolicy:Warning: Looks like a wire-trace was not injected before the jump from 'Cast To SideScrollerGameMode' to 'Set Spawn Transform'.
[2015.11.21-02.04.07:614][102]LogConnectionDrawingPolicy:Warning: Looks like a wire-trace was not injected before the jump from 'Cast To SideScrollerGameMode' to 'Set Spawn Transform'.
[2015.11.21-02.04.07:628][103]LogConnectionDrawingPolicy:Warning: Looks like a wire-trace was not injected before the jump from 'Cast To SideScrollerGameMode' to 'Set Spawn Transform'.
[2015.11.21-02.04.07:642][104]LogConnectionDrawingPolicy:Warning: Looks like a wire-trace was not injected before the jump from 'Cast To SideScrollerGameMode' to 'Set Spawn Transform'.
[2015.11.21-02.04.07:656][105]LogConnectionDrawingPolicy:Warning: Looks like a wire-trace was not injected before the jump from 'Cast To SideScrollerGameMode' to 'Set Spawn Transform'.
[2015.11.21-02.04.07:669][106]LogConnectionDrawingPolicy:Warning: Looks like a wire-trace was not injected before the jump from 'Cast To SideScrollerGameMode' to 'Set Spawn Transform'.
[2015.11.21-02.04.07:683][107]LogConnectionDrawingPolicy:Warning: Looks like a wire-trace was not injected before the jump from 'Cast To SideScrollerGameMode' to 'Set Spawn Transform'.
[2015.11.21-02.04.07:697][108]LogConnectionDrawingPolicy:Warning: Looks like a wire-trace was not injected before the jump from 'Cast To SideScrollerGameMode' to 'Set Spawn Transform'.
[2015.11.21-02.04.07:711][109]LogConnectionDrawingPolicy:Warning: Looks like a wire-trace was not injected before the jump from 'Cast To SideScrollerGameMode' to 'Set Spawn Transform'.
[2015.11.21-02.04.07:725][110]LogConnectionDrawingPolicy:Warning: Looks like a wire-trace was not injected before the jump from 'Cast To SideScrollerGameMode' to 'Set Spawn Transform'.
[2015.11.21-02.04.07:739][111]LogConnectionDrawingPolicy:Warning: Looks like a wire-trace was not injected before the jump from 'Cast To SideScrollerGameMode' to 'Set Spawn Transform'.
[2015.11.21-02.04.07:752][112]LogConnectionDrawingPolicy:Warning: Looks like a wire-trace was not injected before the jump from 'Cast To SideScrollerGameMode' to 'Set Spawn Transform'.
[2015.11.21-02.04.07:766][113]LogConnectionDrawingPolicy:Warning: Looks like a wire-trace was not injected before the jump from 'Cast To SideScrollerGameMode' to 'Set Spawn Transform'.
[2015.11.21-02.04.07:780][114]LogConnectionDrawingPolicy:Warning: Looks like a wire-trace was not injected before the jump from 'Cast To SideScrollerGameMode' to 'Set Spawn Transform'.
[2015.11.21-02.04.07:793][115]LogConnectionDrawingPolicy:Warning: Looks like a wire-trace was not injected before the jump from 'Cast To SideScrollerGameMode' to 'Set Spawn Transform'.
[2015.11.21-02.04.07:807][116]LogConnectionDrawingPolicy:Warning: Looks like a wire-trace was not injected before the jump from 'Cast To SideScrollerGameMode' to 'Set Spawn Transform'.
[2015.11.21-02.04.07:821][117]LogConnectionDrawingPolicy:Warning: Looks like a wire-trace was not injected before the jump from 'Cast To SideScrollerGameMode' to 'Set Spawn Transform'.
[2015.11.21-02.04.07:834][118]LogConnectionDrawingPolicy:Warning: Looks like a wire-trace was not injected before the jump from 'Cast To SideScrollerGameMode' to 'Set Spawn Transform'.
[2015.11.21-02.04.07:848][119]LogConnectionDrawingPolicy:Warning: Looks like a wire-trace was not injected before the jump from 'Cast To SideScrollerGameMode' to 'Set Spawn Transform'.
[2015.11.21-02.04.07:863][120]LogConnectionDrawingPolicy:Warning: Looks like a wire-trace was not injected before the jump from 'Cast To SideScrollerGameMode' to 'Set Spawn Transform'.
[2015.11.21-02.04.07:878][121]LogConnectionDrawingPolicy:Warning: Looks like a wire-trace was not injected before the jump from 'Cast To SideScrollerGameMode' to 'Set Spawn Transform'.
[2015.11.21-02.04.07:893][122]LogConnectionDrawingPolicy:Warning: Looks like a wire-trace was not injected before the jump from 'Cast To SideScrollerGameMode' to 'Set Spawn Transform'.
[2015.11.21-02.04.07:907][123]LogConnectionDrawingPolicy:Warning: Looks like a wire-trace was not injected before the jump from 'Cast To SideScrollerGameMode' to 'Set Spawn Transform'.
[2015.11.21-02.04.07:920][124]LogConnectionDrawingPolicy:Warning: Looks like a wire-trace was not injected before the jump from 'Cast To SideScrollerGameMode' to 'Set Spawn Transform'.
[2015.11.21-02.04.07:934][125]LogConnectionDrawingPolicy:Warning: Looks like a wire-trace was not injected before the jump from 'Cast To SideScrollerGameMode' to 'Set Spawn Transform'.
[2015.11.21-02.04.07:948][126]LogConnectionDrawingPolicy:Warning: Looks like a wire-trace was not injected before the jump from 'Cast To SideScrollerGameMode' to 'Set Spawn Transform'.
[2015.11.21-02.04.07:962][127]LogConnectionDrawingPolicy:Warning: Looks like a wire-trace was not injected before the jump from 'Cast To SideScrollerGameMode' to 'Set Spawn Transform'.
[2015.11.21-02.04.07:976][128]LogConnectionDrawingPolicy:Warning: Looks like a wire-trace was not injected before the jump from 'Cast To SideScrollerGameMode' to 'Set Spawn Transform'.
[2015.11.21-02.04.07:990][129]LogConnectionDrawingPolicy:Warning: Looks like a wire-trace was not injected before the jump from 'Cast To SideScrollerGameMode' to 'Set Spawn Transform'.
[2015.11.21-02.04.08:004][130]LogConnectionDrawingPolicy:Warning: Looks like a wire-trace was not injected before the jump from 'Cast To SideScrollerGameMode' to 'Set Spawn Transform'.
[2015.11.21-02.04.08:019][131]LogConnectionDrawingPolicy:Warning: Looks like a wire-trace was not injected before the jump from 'Cast To SideScrollerGameMode' to 'Set Spawn Transform'.
[2015.11.21-02.04.08:034][132]LogConnectionDrawingPolicy:Warning: Looks like a wire-trace was not injected before the jump from 'Cast To SideScrollerGameMode' to 'Set Spawn Transform'.
[2015.11.21-02.04.08:047][133]LogConnectionDrawingPolicy:Warning: Looks like a wire-trace was not injected before the jump from 'Cast To SideScrollerGameMode' to 'Set Spawn Transform'.
[2015.11.21-02.04.08:062][134]LogConnectionDrawingPolicy:Warning: Looks like a wire-trace was not injected before the jump from 'Cast To SideScrollerGameMode' to 'Set Spawn Transform'.
[2015.11.21-02.04.08:076][135]LogConnectionDrawingPolicy:Warning: Looks like a wire-trace was not injected before the jump from 'Cast To SideScrollerGameMode' to 'Set Spawn Transform'.
[2015.11.21-02.04.08:090][136]LogConnectionDrawingPolicy:Warning: Looks like a wire-trace was not injected before the jump from 'Cast To SideScrollerGameMode' to 'Set Spawn Transform'.
[2015.11.21-02.04.08:104][137]LogConnectionDrawingPolicy:Warning: Looks like a wire-trace was not injected before the jump from 'Cast To SideScrollerGameMode' to 'Set Spawn Transform'.
[2015.11.21-02.04.08:119][138]LogConnectionDrawingPolicy:Warning: Looks like a wire-trace was not injected before the jump from 'Cast To SideScrollerGameMode' to 'Set Spawn Transform'.
[2015.11.21-02.04.08:132][139]LogConnectionDrawingPolicy:Warning: Looks like a wire-trace was not injected before the jump from 'Cast To SideScrollerGameMode' to 'Set Spawn Transform'.
[2015.11.21-02.04.08:147][140]LogConnectionDrawingPolicy:Warning: Looks like a wire-trace was not injected before the jump from 'Cast To SideScrollerGameMode' to 'Set Spawn Transform'.
[2015.11.21-02.04.08:161][141]LogConnectionDrawingPolicy:Warning: Looks like a wire-trace was not injected before the jump from 'Cast To SideScrollerGameMode' to 'Set Spawn Transform'.
[2015.11.21-02.04.08:174][142]LogConnectionDrawingPolicy:Warning: Looks like a wire-trace was not injected before the jump from 'Cast To SideScrollerGameMode' to 'Set Spawn Transform'.
[2015.11.21-02.04.19:711][959]LogBlueprintUserMessages: Early EndPlayMap Detection: Level '/Game/Maps/CastleAndMapPrototype1.CastleAndMapPrototype1:PersistentLevel' has LevelScriptBlueprint '/Game/Maps/CastleAndMapPrototype1.CastleAndMapPrototype1:PersistentLevel.CastleAndMapPrototype1' with GeneratedClass '/Game/Maps/CastleAndMapPrototype1.CastleAndMapPrototype1_C' with ClassGeneratedBy '/Game/Maps/CastleAndMapPrototype1.CastleAndMapPrototype1:PersistentLevel.CastleAndMapPrototype1'
[2015.11.21-02.04.19:730][959]LogBlueprintUserMessages: PostEditorRefresh for Blueprint 'SideScrollerCharacter', cached variable property's owner is '/Game/SideScrollerBP/Blueprints/SideScrollerCharacter.SKEL_SideScrollerCharacter_C'
[2015.11.21-02.04.19:866][959]LogBlueprintUserMessages: Late EndPlayMap Detection: Level '/Game/Maps/CastleAndMapPrototype1.CastleAndMapPrototype1:PersistentLevel' has LevelScriptBlueprint '/Game/Maps/CastleAndMapPrototype1.CastleAndMapPrototype1:PersistentLevel.CastleAndMapPrototype1' with GeneratedClass '/Game/Maps/CastleAndMapPrototype1.CastleAndMapPrototype1_C' with ClassGeneratedBy '/Game/Maps/CastleAndMapPrototype1.CastleAndMapPrototype1:PersistentLevel.CastleAndMapPrototype1'
[2015.11.21-02.04.19:893][959]LogParticles: Destroying 0 GPU particle simulations for FXSystem 0x000000001228FBA0
[2015.11.21-02.04.20:028][959]LogBlueprintUserMessages: CustomizeDetails for Blueprint 'SideScrollerCharacter', cached variable property's owner is '/Game/SideScrollerBP/Blueprints/SideScrollerCharacter.SKEL_SideScrollerCharacter_C'
[2015.11.21-02.04.27:893][369]BlueprintLog: New page: Compile SideScrollerCharacter
[2015.11.21-02.04.28:125][369]LogActorComponent: UnregisterComponent: (/Engine/Transient.CharMoveComp) Not registered. Aborting.
[2015.11.21-02.04.28:129][369]LogBlueprintUserMessages: PostEditorRefresh for Blueprint 'SideScrollerCharacter', cached variable property's owner is '/Game/SideScrollerBP/Blueprints/SideScrollerCharacter.SKEL_SideScrollerCharacter_C'
[2015.11.21-02.04.28:165][369]LogBlueprintUserMessages: PostEditorRefresh for Blueprint 'SideScrollerCharacter', cached variable property's owner is '/Game/SideScrollerBP/Blueprints/SideScrollerCharacter.SKEL_SideScrollerCharacter_C'
[2015.11.21-02.04.28:166][369]BlueprintEditorCompileResults: Info [0190.45] Compile of SideScrollerCharacter successful! [in 272 ms]
[2015.11.21-02.04.28:253][369]LogBlueprintUserMessages: CustomizeDetails for Blueprint 'SideScrollerCharacter', cached variable property's owner is '/Game/SideScrollerBP/Blueprints/SideScrollerCharacter.SKEL_SideScrollerCharacter_C'
[2015.11.21-02.04.32:134][597]LogBlueprintUserMessages: Early PlayInEditor Detection: Level '/Game/Maps/CastleAndMapPrototype1.CastleAndMapPrototype1:PersistentLevel' has LevelScriptBlueprint '/Game/Maps/CastleAndMapPrototype1.CastleAndMapPrototype1:PersistentLevel.CastleAndMapPrototype1' with GeneratedClass '/Game/Maps/CastleAndMapPrototype1.CastleAndMapPrototype1_C' with ClassGeneratedBy '/Game/Maps/CastleAndMapPrototype1.CastleAndMapPrototype1:PersistentLevel.CastleAndMapPrototype1'
[2015.11.21-02.04.32:134][597]LogPlayLevel: PlayLevel: No blueprints needed recompiling
[2015.11.21-02.04.32:134][597]PIE: New page: PIE session: CastleAndMapPrototype1 (Nov 22, 2015, 12:04:32 AM)
[2015.11.21-02.04.32:135][597]LogPlayLevel: Creating play world package: /Game/Maps/UEDPIE_0_CastleAndMapPrototype1
[2015.11.21-02.04.32:172][597]LogPlayLevel: PIE: StaticDuplicateObject took: (0.037075s)
[2015.11.21-02.04.32:172][597]LogAIModule: Creating AISystem for world CastleAndMapPrototype1
[2015.11.21-02.04.32:172][597]LogPlayLevel: PIE: World Init took: (0.000854s)
[2015.11.21-02.04.32:173][597]LogPlayLevel: PIE: Created PIE world by copying editor world from /Game/Maps/CastleAndMapPrototype1.CastleAndMapPrototype1 to /Game/Maps/UEDPIE_0_CastleAndMapPrototype1.CastleAndMapPrototype1 (0.038163s)
[2015.11.21-02.04.32:173][597]LogActorComponent: UnregisterComponent: (/Engine/Transient.CharMoveComp) Not registered. Aborting.
[2015.11.21-02.04.32:235][597]LogInit: XAudio2 using 'Speakers (Realtek High Definition Audio)' : 2 channels at 48 kHz using 32 bits per sample (channel mask 0x3)
[2015.11.21-02.04.32:243][597]LogInit: FAudioDevice initialized.
[2015.11.21-02.04.32:279][597]LogWorld: Game class is 'SideScrollerGameMode_C'
[2015.11.21-02.04.32:291][597]LogWorld: Bringing World /Game/Maps/UEDPIE_0_CastleAndMapPrototype1.CastleAndMapPrototype1 up for play (max tick rate 0) at 2015.11.21-13.04.32
[2015.11.21-02.04.32:291][597]LogActor:Warning: GameSession /Game/Maps/UEDPIE_0_CastleAndMapPrototype1.CastleAndMapPrototype1:PersistentLevel.GameSession_2 has natively added scene component(s), but none of them were set as the actor's RootComponent - picking one arbitrarily
[2015.11.21-02.04.32:291][597]LogActor:Warning: GameNetworkManager /Game/Maps/UEDPIE_0_CastleAndMapPrototype1.CastleAndMapPrototype1:PersistentLevel.GameNetworkManager_2 has natively added scene component(s), but none of them were set as the actor's RootComponent - picking one arbitrarily
[2015.11.21-02.04.32:291][597]LogWorld: Bringing up level for play took: 0.010800
[2015.11.21-02.04.32:293][597]PIE: Info Play in editor start time for /Game/Maps/UEDPIE_0_CastleAndMapPrototype1 0.081
[2015.11.21-02.04.32:293][597]LogBlueprintUserMessages: Late PlayInEditor Detection: Level '/Game/Maps/CastleAndMapPrototype1.CastleAndMapPrototype1:PersistentLevel' has LevelScriptBlueprint '/Game/Maps/CastleAndMapPrototype1.CastleAndMapPrototype1:PersistentLevel.CastleAndMapPrototype1' with GeneratedClass '/Game/Maps/CastleAndMapPrototype1.CastleAndMapPrototype1_C' with ClassGeneratedBy '/Game/Maps/CastleAndMapPrototype1.CastleAndMapPrototype1:PersistentLevel.CastleAndMapPrototype1'
[2015.11.21-02.04.32:346][597]LogConnectionDrawingPolicy:Warning: Looks like a wire-trace was not injected before the jump from 'Cast To SideScrollerGameMode' to 'Set Spawn Transform'.
[2015.11.21-02.04.32:362][598]LogConnectionDrawingPolicy:Warning: Looks like a wire-trace was not injected before the jump from 'Cast To SideScrollerGameMode' to 'Set Spawn Transform'.
[2015.11.21-02.04.32:376][599]LogConnectionDrawingPolicy:Warning: Looks like a wire-trace was not injected before the jump from 'Cast To SideScrollerGameMode' to 'Set Spawn Transform'.
[2015.11.21-02.04.32:390][600]LogConnectionDrawingPolicy:Warning: Looks like a wire-trace was not injected before the jump from 'Cast To SideScrollerGameMode' to 'Set Spawn Transform'.
[2015.11.21-02.04.32:405][601]LogConnectionDrawingPolicy:Warning: Looks like a wire-trace was not injected before the jump from 'Cast To SideScrollerGameMode' to 'Set Spawn Transform'.
[2015.11.21-02.04.32:418][602]LogConnectionDrawingPolicy:Warning: Looks like a wire-trace was not injected before the jump from 'Cast To SideScrollerGameMode' to 'Set Spawn Transform'.
[2015.11.21-02.04.32:434][603]LogConnectionDrawingPolicy:Warning: Looks like a wire-trace was not injected before the jump from 'Cast To SideScrollerGameMode' to 'Set Spawn Transform'.
[2015.11.21-02.04.32:448][604]LogConnectionDrawingPolicy:Warning: Looks like a wire-trace was not injected before the jump from 'Cast To SideScrollerGameMode' to 'Set Spawn Transform'.
[2015.11.21-02.04.32:461][605]LogConnectionDrawingPolicy:Warning: Looks like a wire-trace was not injected before the jump from 'Cast To SideScrollerGameMode' to 'Set Spawn Transform'.
[2015.11.21-02.04.32:475][606]LogConnectionDrawingPolicy:Warning: Looks like a wire-trace was not injected before the jump from 'Cast To SideScrollerGameMode' to 'Set Spawn Transform'.
[2015.11.21-02.04.32:490][607]LogConnectionDrawingPolicy:Warning: Looks like a wire-trace was not injected before the jump from 'Cast To SideScrollerGameMode' to 'Set Spawn Transform'.
[2015.11.21-02.04.32:504][608]LogConnectionDrawingPolicy:Warning: Looks like a wire-trace was not injected before the jump from 'Cast To SideScrollerGameMode' to 'Set Spawn Transform'.
[2015.11.21-02.04.32:518][609]LogConnectionDrawingPolicy:Warning: Looks like a wire-trace was not injected before the jump from 'Cast To SideScrollerGameMode' to 'Set Spawn Transform'.
[2015.11.21-02.04.32:534][610]LogConnectionDrawingPolicy:Warning: Looks like a wire-trace was not injected before the jump from 'Cast To SideScrollerGameMode' to 'Set Spawn Transform'.
[2015.11.21-02.04.32:547][611]LogConnectionDrawingPolicy:Warning: Looks like a wire-trace was not injected before the jump from 'Cast To SideScrollerGameMode' to 'Set Spawn Transform'.
[2015.11.21-02.04.32:562][612]LogConnectionDrawingPolicy:Warning: Looks like a wire-trace was not injected before the jump from 'Cast To SideScrollerGameMode' to 'Set Spawn Transform'.
[2015.11.21-02.04.32:576][613]LogConnectionDrawingPolicy:Warning: Looks like a wire-trace was not injected before the jump from 'Cast To SideScrollerGameMode' to 'Set Spawn Transform'.
[2015.11.21-02.04.32:590][614]LogConnectionDrawingPolicy:Warning: Looks like a wire-trace was not injected before the jump from 'Cast To SideScrollerGameMode' to 'Set Spawn Transform'.
[2015.11.21-02.04.32:603][615]LogConnectionDrawingPolicy:Warning: Looks like a wire-trace was not injected before the jump from 'Cast To SideScrollerGameMode' to 'Set Spawn Transform'.
[2015.11.21-02.04.32:618][616]LogConnectionDrawingPolicy:Warning: Looks like a wire-trace was not injected before the jump from 'Cast To SideScrollerGameMode' to 'Set Spawn Transform'.
[2015.11.21-02.04.32:630][617]LogConnectionDrawingPolicy:Warning: Looks like a wire-trace was not injected before the jump from 'Cast To SideScrollerGameMode' to 'Set Spawn Transform'.
[2015.11.21-02.04.32:644][618]LogConnectionDrawingPolicy:Warning: Looks like a wire-trace was not injected before the jump from 'Cast To SideScrollerGameMode' to 'Set Spawn Transform'.
[2015.11.21-02.04.32:658][619]LogConnectionDrawingPolicy:Warning: Looks like a wire-trace was not injected before the jump from 'Cast To SideScrollerGameMode' to 'Set Spawn Transform'.
[2015.11.21-02.04.32:671][620]LogConnectionDrawingPolicy:Warning: Looks like a wire-trace was not injected before the jump from 'Cast To SideScrollerGameMode' to 'Set Spawn Transform'.
[2015.11.21-02.04.32:685][621]LogConnectionDrawingPolicy:Warning: Looks like a wire-trace was not injected before the jump from 'Cast To SideScrollerGameMode' to 'Set Spawn Transform'.
[2015.11.21-02.04.32:699][622]LogConnectionDrawingPolicy:Warning: Looks like a wire-trace was not injected before the jump from 'Cast To SideScrollerGameMode' to 'Set Spawn Transform'.
[2015.11.21-02.04.32:712][623]LogConnectionDrawingPolicy:Warning: Looks like a wire-trace was not injected before the jump from 'Cast To SideScrollerGameMode' to 'Set Spawn Transform'.
[2015.11.21-02.04.32:726][624]LogConnectionDrawingPolicy:Warning: Looks like a wire-trace was not injected before the jump from 'Cast To SideScrollerGameMode' to 'Set Spawn Transform'.
[2015.11.21-02.04.32:741][625]LogConnectionDrawingPolicy:Warning: Looks like a wire-trace was not injected before the jump from 'Cast To SideScrollerGameMode' to 'Set Spawn Transform'.
[2015.11.21-02.04.32:754][626]LogConnectionDrawingPolicy:Warning: Looks like a wire-trace was not injected before the jump from 'Cast To SideScrollerGameMode' to 'Set Spawn Transform'.
[2015.11.21-02.04.32:768][627]LogConnectionDrawingPolicy:Warning: Looks like a wire-trace was not injected before the jump from 'Cast To SideScrollerGameMode' to 'Set Spawn Transform'.
[2015.11.21-02.04.32:782][628]LogConnectionDrawingPolicy:Warning: Looks like a wire-trace was not injected before the jump from 'Cast To SideScrollerGameMode' to 'Set Spawn Transform'.
[2015.11.21-02.04.32:795][629]LogConnectionDrawingPolicy:Warning: Looks like a wire-trace was not injected before the jump from 'Cast To SideScrollerGameMode' to 'Set Spawn Transform'.
[2015.11.21-02.04.32:809][630]LogConnectionDrawingPolicy:Warning: Looks like a wire-trace was not injected before the jump from 'Cast To SideScrollerGameMode' to 'Set Spawn Transform'.
[2015.11.21-02.04.32:823][631]LogConnectionDrawingPolicy:Warning: Looks like a wire-trace was not injected before the jump from 'Cast To SideScrollerGameMode' to 'Set Spawn Transform'.
[2015.11.21-02.04.32:838][632]LogConnectionDrawingPolicy:Warning: Looks like a wire-trace was not injected before the jump from 'Cast To SideScrollerGameMode' to 'Set Spawn Transform'.
[2015.11.21-02.04.32:852][633]LogConnectionDrawingPolicy:Warning: Looks like a wire-trace was not injected before the jump from 'Cast To SideScrollerGameMode' to 'Set Spawn Transform'.
[2015.11.21-02.04.32:866][634]LogConnectionDrawingPolicy:Warning: Looks like a wire-trace was not injected before the jump from 'Cast To SideScrollerGameMode' to 'Set Spawn Transform'.
[2015.11.21-02.04.32:879][635]LogConnectionDrawingPolicy:Warning: Looks like a wire-trace was not injected before the jump from 'Cast To SideScrollerGameMode' to 'Set Spawn Transform'.
[2015.11.21-02.04.32:893][636]LogConnectionDrawingPolicy:Warning: Looks like a wire-trace was not injected before the jump from 'Cast To SideScrollerGameMode' to 'Set Spawn Transform'.
[2015.11.21-02.04.32:907][637]LogConnectionDrawingPolicy:Warning: Looks like a wire-trace was not injected before the jump from 'Cast To SideScrollerGameMode' to 'Set Spawn Transform'.
[2015.11.21-02.04.32:921][638]LogConnectionDrawingPolicy:Warning: Looks like a wire-trace was not injected before the jump from 'Cast To SideScrollerGameMode' to 'Set Spawn Transform'.
[2015.11.21-02.04.32:935][639]LogConnectionDrawingPolicy:Warning: Looks like a wire-trace was not injected before the jump from 'Cast To SideScrollerGameMode' to 'Set Spawn Transform'.
[2015.11.21-02.04.32:949][640]LogConnectionDrawingPolicy:Warning: Looks like a wire-trace was not injected before the jump from 'Cast To SideScrollerGameMode' to 'Set Spawn Transform'.
[2015.11.21-02.04.32:962][641]LogConnectionDrawingPolicy:Warning: Looks like a wire-trace was not injected before the jump from 'Cast To SideScrollerGameMode' to 'Set Spawn Transform'.
[2015.11.21-02.04.32:977][642]LogConnectionDrawingPolicy:Warning: Looks like a wire-trace was not injected before the jump from 'Cast To SideScrollerGameMode' to 'Set Spawn Transform'.
[2015.11.21-02.04.32:991][643]LogConnectionDrawingPolicy:Warning: Looks like a wire-trace was not injected before the jump from 'Cast To SideScrollerGameMode' to 'Set Spawn Transform'.
[2015.11.21-02.04.33:004][644]LogConnectionDrawingPolicy:Warning: Looks like a wire-trace was not injected before the jump from 'Cast To SideScrollerGameMode' to 'Set Spawn Transform'.
[2015.11.21-02.04.33:018][645]LogConnectionDrawingPolicy:Warning: Looks like a wire-trace was not injected before the jump from 'Cast To SideScrollerGameMode' to 'Set Spawn Transform'.
[2015.11.21-02.04.33:033][646]LogConnectionDrawingPolicy:Warning: Looks like a wire-trace was not injected before the jump from 'Cast To SideScrollerGameMode' to 'Set Spawn Transform'.
[2015.11.21-02.04.33:046][647]LogConnectionDrawingPolicy:Warning: Looks like a wire-trace was not injected before the jump from 'Cast To SideScrollerGameMode' to 'Set Spawn Transform'.
[2015.11.21-02.04.33:060][648]LogConnectionDrawingPolicy:Warning: Looks like a wire-trace was not injected before the jump from 'Cast To SideScrollerGameMode' to 'Set Spawn Transform'.
[2015.11.21-02.04.33:075][649]LogConnectionDrawingPolicy:Warning: Looks like a wire-trace was not injected before the jump from 'Cast To SideScrollerGameMode' to 'Set Spawn Transform'.
[2015.11.21-02.04.33:089][650]LogConnectionDrawingPolicy:Warning: Looks like a wire-trace was not injected before the jump from 'Cast To SideScrollerGameMode' to 'Set Spawn Transform'.
[2015.11.21-02.04.33:103][651]LogConnectionDrawingPolicy:Warning: Looks like a wire-trace was not injected before the jump from 'Cast To SideScrollerGameMode' to 'Set Spawn Transform'.
[2015.11.21-02.04.33:116][652]LogConnectionDrawingPolicy:Warning: Looks like a wire-trace was not injected before the jump from 'Cast To SideScrollerGameMode' to 'Set Spawn Transform'.
[2015.11.21-02.04.33:129][653]LogConnectionDrawingPolicy:Warning: Looks like a wire-trace was not injected before the jump from 'Cast To SideScrollerGameMode' to 'Set Spawn Transform'.
[2015.11.21-02.04.33:145][654]LogConnectionDrawingPolicy:Warning: Looks like a wire-trace was not injected before the jump from 'Cast To SideScrollerGameMode' to 'Set Spawn Transform'.
[2015.11.21-02.04.33:159][655]LogConnectionDrawingPolicy:Warning: Looks like a wire-trace was not injected before the jump from 'Cast To SideScrollerGameMode' to 'Set Spawn Transform'.
[2015.11.21-02.04.33:172][656]LogConnectionDrawingPolicy:Warning: Looks like a wire-trace was not injected before the jump from 'Cast To SideScrollerGameMode' to 'Set Spawn Transform'.
[2015.11.21-02.04.33:187][657]LogConnectionDrawingPolicy:Warning: Looks like a wire-trace was not injected before the jump from 'Cast To SideScrollerGameMode' to 'Set Spawn Transform'.
[2015.11.21-02.04.33:201][658]LogConnectionDrawingPolicy:Warning: Looks like a wire-trace was not injected before the jump from 'Cast To SideScrollerGameMode' to 'Set Spawn Transform'.
[2015.11.21-02.04.33:215][659]LogConnectionDrawingPolicy:Warning: Looks like a wire-trace was not injected before the jump from 'Cast To SideScrollerGameMode' to 'Set Spawn Transform'.
[2015.11.21-02.04.33:230][660]LogConnectionDrawingPolicy:Warning: Looks like a wire-trace was not injected before the jump from 'Cast To SideScrollerGameMode' to 'Set Spawn Transform'.
[2015.11.21-02.04.33:244][661]LogConnectionDrawingPolicy:Warning: Looks like a wire-trace was not injected before the jump from 'Cast To SideScrollerGameMode' to 'Set Spawn Transform'.
[2015.11.21-02.04.33:257][662]LogConnectionDrawingPolicy:Warning: Looks like a wire-trace was not injected before the jump from 'Cast To SideScrollerGameMode' to 'Set Spawn Transform'.
[2015.11.21-02.04.33:272][663]LogConnectionDrawingPolicy:Warning: Looks like a wire-trace was not injected before the jump from 'Cast To SideScrollerGameMode' to 'Set Spawn Transform'.
[2015.11.21-02.04.33:286][664]LogConnectionDrawingPolicy:Warning: Looks like a wire-trace was not injected before the jump from 'Cast To SideScrollerGameMode' to 'Set Spawn Transform'.
[2015.11.21-02.04.33:300][665]LogConnectionDrawingPolicy:Warning: Looks like a wire-trace was not injected before the jump from 'Cast To SideScrollerGameMode' to 'Set Spawn Transform'.
[2015.11.21-02.04.33:314][666]LogConnectionDrawingPolicy:Warning: Looks like a wire-trace was not injected before the jump from 'Cast To SideScrollerGameMode' to 'Set Spawn Transform'.
[2015.11.21-02.04.33:328][667]LogConnectionDrawingPolicy:Warning: Looks like a wire-trace was not injected before the jump from 'Cast To SideScrollerGameMode' to 'Set Spawn Transform'.
[2015.11.21-02.04.33:342][668]LogConnectionDrawingPolicy:Warning: Looks like a wire-trace was not injected before the jump from 'Cast To SideScrollerGameMode' to 'Set Spawn Transform'.
[2015.11.21-02.04.33:357][669]LogConnectionDrawingPolicy:Warning: Looks like a wire-trace was not injected before the jump from 'Cast To SideScrollerGameMode' to 'Set Spawn Transform'.
[2015.11.21-02.04.33:371][670]LogConnectionDrawingPolicy:Warning: Looks like a wire-trace was not injected before the jump from 'Cast To SideScrollerGameMode' to 'Set Spawn Transform'.
[2015.11.21-02.04.33:384][671]LogConnectionDrawingPolicy:Warning: Looks like a wire-trace was not injected before the jump from 'Cast To SideScrollerGameMode' to 'Set Spawn Transform'.
[2015.11.21-02.04.33:399][672]LogConnectionDrawingPolicy:Warning: Looks like a wire-trace was not injected before the jump from 'Cast To SideScrollerGameMode' to 'Set Spawn Transform'.
[2015.11.21-02.04.33:413][673]LogConnectionDrawingPolicy:Warning: Looks like a wire-trace was not injected before the jump from 'Cast To SideScrollerGameMode' to 'Set Spawn Transform'.
[2015.11.21-02.04.33:426][674]LogConnectionDrawingPolicy:Warning: Looks like a wire-trace was not injected before the jump from 'Cast To SideScrollerGameMode' to 'Set Spawn Transform'.
[2015.11.21-02.04.33:441][675]LogConnectionDrawingPolicy:Warning: Looks like a wire-trace was not injected before the jump from 'Cast To SideScrollerGameMode' to 'Set Spawn Transform'.
[2015.11.21-02.04.33:456][676]LogConnectionDrawingPolicy:Warning: Looks like a wire-trace was not injected before the jump from 'Cast To SideScrollerGameMode' to 'Set Spawn Transform'.
[2015.11.21-02.04.33:470][677]LogConnectionDrawingPolicy:Warning: Looks like a wire-trace was not injected before the jump from 'Cast To SideScrollerGameMode' to 'Set Spawn Transform'.
[2015.11.21-02.04.33:484][678]LogConnectionDrawingPolicy:Warning: Looks like a wire-trace was not injected before the jump from 'Cast To SideScrollerGameMode' to 'Set Spawn Transform'.
[2015.11.21-02.04.33:499][679]LogConnectionDrawingPolicy:Warning: Looks like a wire-trace was not injected before the jump from 'Cast To SideScrollerGameMode' to 'Set Spawn Transform'.
[2015.11.21-02.04.33:512][680]LogConnectionDrawingPolicy:Warning: Looks like a wire-trace was not injected before the jump from 'Cast To SideScrollerGameMode' to 'Set Spawn Transform'.
[2015.11.21-02.04.33:527][681]LogConnectionDrawingPolicy:Warning: Looks like a wire-trace was not injected before the jump from 'Cast To SideScrollerGameMode' to 'Set Spawn Transform'.
[2015.11.21-02.04.39:504][102]LogBlueprintUserMessages: Early EndPlayMap Detection: Level '/Game/Maps/CastleAndMapPrototype1.CastleAndMapPrototype1:PersistentLevel' has LevelScriptBlueprint '/Game/Maps/CastleAndMapPrototype1.CastleAndMapPrototype1:PersistentLevel.CastleAndMapPrototype1' with GeneratedClass '/Game/Maps/CastleAndMapPrototype1.CastleAndMapPrototype1_C' with ClassGeneratedBy '/Game/Maps/CastleAndMapPrototype1.CastleAndMapPrototype1:PersistentLevel.CastleAndMapPrototype1'
[2015.11.21-02.04.39:521][102]LogBlueprintUserMessages: PostEditorRefresh for Blueprint 'SideScrollerCharacter', cached variable property's owner is '/Game/SideScrollerBP/Blueprints/SideScrollerCharacter.SKEL_SideScrollerCharacter_C'
[2015.11.21-02.04.39:647][102]LogBlueprintUserMessages: Late EndPlayMap Detection: Level '/Game/Maps/CastleAndMapPrototype1.CastleAndMapPrototype1:PersistentLevel' has LevelScriptBlueprint '/Game/Maps/CastleAndMapPrototype1.CastleAndMapPrototype1:PersistentLevel.CastleAndMapPrototype1' with GeneratedClass '/Game/Maps/CastleAndMapPrototype1.CastleAndMapPrototype1_C' with ClassGeneratedBy '/Game/Maps/CastleAndMapPrototype1.CastleAndMapPrototype1:PersistentLevel.CastleAndMapPrototype1'
[2015.11.21-02.04.39:674][102]LogParticles: Destroying 0 GPU particle simulations for FXSystem 0x00000000418BC9A0
[2015.11.21-02.04.39:812][102]LogBlueprintUserMessages: CustomizeDetails for Blueprint 'SideScrollerCharacter', cached variable property's owner is '/Game/SideScrollerBP/Blueprints/SideScrollerCharacter.SKEL_SideScrollerCharacter_C'
[2015.11.21-02.04.43:368][266]Cmd: OBJ SAVEPACKAGE PACKAGE="/Game/Maps/CastleAndMapPrototype1" FILE="../../../../../TeamoSupremeo/MyProject/Content/Maps/CastleAndMapPrototype1.umap" SILENT=true AUTOSAVING=false KEEPDIRTY=false
[2015.11.21-02.04.48:654][266]LogSavePackage: Save=4768.333984ms
[2015.11.21-02.04.48:654][266]LogSavePackage: Moving '../../../../../TeamoSupremeo/MyProject/Saved/CastleAndMapPrototype18D3172CE4D39C1A42C5FA4A7C844B31C.tmp' to '../../../../../TeamoSupremeo/MyProject/Content/Maps/CastleAndMapPrototype1.umap'
[2015.11.21-02.04.48:735][266]LogSavePackage: Total save time: 5294.581410ms
[2015.11.21-02.04.48:735][266]LogSavePackage:Warning: Finished SavePackage ../../../../../TeamoSupremeo/MyProject/Content/Maps/CastleAndMapPrototype1.umap
[2015.11.21-02.04.48:815][266]LogFileHelpers: Saving map 'CastleAndMapPrototype1' took 5.565
[2015.11.21-02.04.51:424][266]LogSavePackage: Save=2520.330566ms
[2015.11.21-02.04.51:424][266]LogSavePackage: Moving '../../../../../TeamoSupremeo/MyProject/Saved/SideScrollerCharacterD7B56A55452DC597CE2A44AA3E7CB115.tmp' to '../../../../../TeamoSupremeo/MyProject/Content/SideScrollerBP/Blueprints/SideScrollerCharacter.uasset'
[2015.11.21-02.04.51:474][266]LogSavePackage: Total save time: 2603.071518ms
[2015.11.21-02.04.51:476][266]LogSavePackage:Warning: Finished SavePackage ../../../../../TeamoSupremeo/MyProject/Content/SideScrollerBP/Blueprints/SideScrollerCharacter.uasset
[2015.11.21-02.05.17:641][844]LogActorComponent: UnregisterComponent: (/Engine/Transient.CharMoveComp) Not registered. Aborting.
[2015.11.21-02.05.18:308][845]Cmd: QUIT_EDITOR
[2015.11.21-02.05.18:693][845]LogExit: Preparing to exit.
[2015.11.21-02.05.19:786][845]LogExit: Editor shut down
[2015.11.21-02.05.19:787][845]LogExit: Transaction tracking system shut down
[2015.11.21-02.05.19:789][845]LogParticles: Destroying 0 GPU particle simulations for FXSystem 0x00000000317CC400
[2015.11.21-02.05.19:789][845]LogParticles: Destroying 0 GPU particle simulations for FXSystem 0x000000003155CB80
[2015.11.21-02.05.19:789][845]LogParticles: Destroying 0 GPU particle simulations for FXSystem 0x000000003EA813A0
[2015.11.21-02.05.19:790][845]LogParticles: Destroying 0 GPU particle simulations for FXSystem 0x0000000016C18540
[2015.11.21-02.05.19:790][845]LogParticles: Destroying 0 GPU particle simulations for FXSystem 0x000000000FB30220
[2015.11.21-02.05.19:791][845]LogParticles: Destroying 0 GPU particle simulations for FXSystem 0x000000000FB30860
[2015.11.21-02.05.19:791][845]LogParticles: Destroying 0 GPU particle simulations for FXSystem 0x000000003155D4E0
[2015.11.21-02.05.20:000][845]LogExit: Object subsystem successfully closed.
[2015.11.21-02.05.20:010][845]LogD3D11RHI: Shutdown
[2015.11.21-02.05.20:010][845]LogD3D11RHI: CleanupD3DDevice
[2015.11.21-02.05.20:064][845]LogD3D11RHI: ~FD3D11DynamicRHI
[2015.11.21-02.05.20:107][845]LogModuleManager: Shutting down and abandoning module BlueprintGraph (198)
[2015.11.21-02.05.20:107][845]LogModuleManager: Shutting down and abandoning module CrashTracker (197)
[2015.11.21-02.05.20:107][845]LogModuleManager: Shutting down and abandoning module SceneOutliner (196)
[2015.11.21-02.05.20:107][845]LogModuleManager: Shutting down and abandoning module SuperSearch (195)
[2015.11.21-02.05.20:107][845]LogModuleManager: Shutting down and abandoning module WidgetCarousel (194)
[2015.11.21-02.05.20:107][845]LogModuleManager: Shutting down and abandoning module AddContentDialog (193)
[2015.11.21-02.05.20:108][845]LogModuleManager: Shutting down and abandoning module EditorWidgets (192)
[2015.11.21-02.05.20:108][845]LogModuleManager: Shutting down and abandoning module CollectionManager (191)
[2015.11.21-02.05.20:109][845]LogModuleManager: Shutting down and abandoning module StatsViewer (190)
[2015.11.21-02.05.20:109][845]LogModuleManager: Shutting down and abandoning module FoliageEdit (189)
[2015.11.21-02.05.20:109][845]LogModuleManager: Shutting down and abandoning module LandscapeEditor (188)
[2015.11.21-02.05.20:109][845]LogModuleManager: Shutting down and abandoning module ActorPickerMode (187)
[2015.11.21-02.05.20:109][845]LogModuleManager: Shutting down and abandoning module GeometryMode (186)
[2015.11.21-02.05.20:109][845]LogModuleManager: Shutting down and abandoning module TextureAlignMode (185)
[2015.11.21-02.05.20:109][845]LogModuleManager: Shutting down and abandoning module BspMode (184)
[2015.11.21-02.05.20:109][845]LogModuleManager: Shutting down and abandoning module PlacementMode (183)
[2015.11.21-02.05.20:109][845]LogModuleManager: Shutting down and abandoning module AutomationWorker (182)
[2015.11.21-02.05.20:109][845]LogModuleManager: Shutting down and abandoning module CharacterAI (181)
[2015.11.21-02.05.20:109][845]LogModuleManager: Shutting down and abandoning module SmartSnapping (180)
[2015.11.21-02.05.20:109][845]LogModuleManager: Shutting down and abandoning module ViewportSnapping (179)
[2015.11.21-02.05.20:109][845]LogModuleManager: Shutting down and abandoning module LogVisualizer (178)
[2015.11.21-02.05.20:109][845]LogModuleManager: Shutting down and abandoning module GameProjectGeneration (177)
[2015.11.21-02.05.20:109][845]LogModuleManager: Shutting down and abandoning module IntroTutorials (176)
[2015.11.21-02.05.20:109][845]LogModuleManager: Shutting down and abandoning module EditorLiveStreaming (175)
[2015.11.21-02.05.20:112][845]LogModuleManager: Shutting down and abandoning module IOSPlatformEditor (174)
[2015.11.21-02.05.20:112][845]LogModuleManager: Shutting down and abandoning module HTML5PlatformEditor (173)
[2015.11.21-02.05.20:112][845]LogModuleManager: Shutting down and abandoning module AndroidDeviceDetection (172)
[2015.11.21-02.05.20:841][845]LogModuleManager: Shutting down and abandoning module AndroidPlatformEditor (171)
[2015.11.21-02.05.20:841][845]LogModuleManager: Shutting down and abandoning module IOSRuntimeSettings (170)
[2015.11.21-02.05.20:841][845]LogModuleManager: Shutting down and abandoning module AndroidRuntimeSettings (169)
[2015.11.21-02.05.20:841][845]LogModuleManager: Shutting down and abandoning module MergeActors (168)
[2015.11.21-02.05.20:841][845]LogModuleManager: Shutting down and abandoning module SizeMap (167)
[2015.11.21-02.05.20:841][845]LogModuleManager: Shutting down and abandoning module TreeMap (166)
[2015.11.21-02.05.20:841][845]LogModuleManager: Shutting down and abandoning module ReferenceViewer (165)
[2015.11.21-02.05.20:841][845]LogModuleManager: Shutting down and abandoning module LocalizationService (164)
[2015.11.21-02.05.20:841][845]LogModuleManager: Shutting down and abandoning module LocalizationDashboard (163)
[2015.11.21-02.05.20:841][845]LogModuleManager: Shutting down and abandoning module HardwareTargeting (162)
[2015.11.21-02.05.20:841][845]LogModuleManager: Shutting down and abandoning module DeviceProfileEditor (161)
[2015.11.21-02.05.20:841][845]LogModuleManager: Shutting down and abandoning module UndoHistory (160)
[2015.11.21-02.05.20:841][845]LogModuleManager: Shutting down and abandoning module GameplayTagsEditor (159)
[2015.11.21-02.05.20:841][845]LogModuleManager: Shutting down and abandoning module UserFeedback (158)
[2015.11.21-02.05.20:841][845]LogModuleManager: Shutting down and abandoning module XmlParser (157)
[2015.11.21-02.05.20:841][845]LogModuleManager: Shutting down and abandoning module Blutility (156)
[2015.11.21-02.05.20:841][845]LogModuleManager: Shutting down and abandoning module ProjectTargetPlatformEditor (155)
[2015.11.21-02.05.20:842][845]LogModuleManager: Shutting down and abandoning module ProjectSettingsViewer (154)
[2015.11.21-02.05.20:842][845]LogModuleManager: Shutting down and abandoning module InputBindingEditor (153)
[2015.11.21-02.05.20:842][845]LogModuleManager: Shutting down and abandoning module EditorSettingsViewer (152)
[2015.11.21-02.05.20:842][845]LogModuleManager: Shutting down and abandoning module SettingsEditor (151)
[2015.11.21-02.05.20:842][845]LogModuleManager: Shutting down and abandoning module ProjectLauncher (150)
[2015.11.21-02.05.20:842][845]LogModuleManager: Shutting down and abandoning module SessionFrontend (149)
[2015.11.21-02.05.20:842][845]LogModuleManager: Shutting down and abandoning module ProfilerClient (148)
[2015.11.21-02.05.20:842][845]LogModuleManager: Shutting down and abandoning module TargetDeviceServices (147)
[2015.11.21-02.05.20:842][845]LogModuleManager: Shutting down and abandoning module DeviceManager (146)
[2015.11.21-02.05.20:842][845]LogModuleManager: Shutting down and abandoning module AutomationController (145)
[2015.11.21-02.05.20:842][845]LogModuleManager: Shutting down and abandoning module AutomationWindow (144)
[2015.11.21-02.05.20:842][845]LogModuleManager: Shutting down and abandoning module Layers (143)
[2015.11.21-02.05.20:842][845]LogModuleManager: Shutting down and abandoning module ComponentVisualizers (142)
[2015.11.21-02.05.20:842][845]LogModuleManager: Shutting down and abandoning module DetailCustomizations (141)
[2015.11.21-02.05.20:843][845]LogModuleManager: Shutting down and abandoning module PackagesDialog (140)
[2015.11.21-02.05.20:843][845]LogModuleManager: Shutting down and abandoning module Persona (139)
[2015.11.21-02.05.20:843][845]LogModuleManager: Shutting down and abandoning module Kismet (138)
[2015.11.21-02.05.20:843][845]LogModuleManager: Shutting down and abandoning module GraphEditor (137)
[2015.11.21-02.05.20:844][845]LogModuleManager: Shutting down and abandoning module ClassViewer (136)
[2015.11.21-02.05.20:844][845]LogModuleManager: Shutting down and abandoning module Toolbox (135)
[2015.11.21-02.05.20:845][845]LogModuleManager: Shutting down and abandoning module ModuleUI (134)
[2015.11.21-02.05.20:845][845]LogModuleManager: Shutting down and abandoning module MovieSceneTools (133)
[2015.11.21-02.05.20:845][845]LogModuleManager: Shutting down and abandoning module OutputLog (132)
[2015.11.21-02.05.20:845][845]LogModuleManager: Shutting down and abandoning module GammaUI (131)
[2015.11.21-02.05.20:845][845]LogModuleManager: Shutting down and abandoning module Documentation (130)
[2015.11.21-02.05.20:845][845]LogModuleManager: Shutting down and abandoning module GameLiveStreaming (129)
[2015.11.21-02.05.20:845][845]LogModuleManager: Shutting down and abandoning module StreamingPauseRendering (128)
[2015.11.21-02.05.20:845][845]LogModuleManager: Shutting down and abandoning module AnalyticsET (127)
[2015.11.21-02.05.20:845][845]LogModuleManager: Shutting down and abandoning module Analytics (126)
[2015.11.21-02.05.20:845][845]LogModuleManager: Shutting down and abandoning module AITestSuite (125)
[2015.11.21-02.05.20:845][845]LogModuleManager: Shutting down and abandoning module GameplayDebugger (124)
[2015.11.21-02.05.20:845][845]LogModuleManager: Shutting down and abandoning module AIModule (123)
[2015.11.21-02.05.20:845][845]LogModuleManager: Shutting down and abandoning module ProfilerService (122)
[2015.11.21-02.05.21:082][845]LogModuleManager: Shutting down and abandoning module TaskGraph (121)
[2015.11.21-02.05.21:082][845]LogModuleManager: Shutting down and abandoning module SlateRemote (120)
[2015.11.21-02.05.21:082][845]LogModuleManager: Shutting down and abandoning module SteamVRController (119)
[2015.11.21-02.05.21:082][845]LogModuleManager: Shutting down and abandoning module SteamVR (118)
[2015.11.21-02.05.21:082][845]LogModuleManager: Shutting down and abandoning module ProceduralMeshComponent (117)
[2015.11.21-02.05.21:082][845]LogModuleManager: Shutting down and abandoning module OculusRift (116)
[2015.11.21-02.05.21:082][845]LogModuleManager: Shutting down and abandoning module OculusLibrary (115)
[2015.11.21-02.05.21:082][845]LogModuleManager: Shutting down and abandoning module LeapMotionController (114)
[2015.11.21-02.05.21:096][845]LogModuleManager: Shutting down and abandoning module CustomMeshComponent (113)
[2015.11.21-02.05.21:096][845]LogModuleManager: Shutting down and abandoning module CableComponent (112)
[2015.11.21-02.05.21:096][845]LogModuleManager: Shutting down and abandoning module ArchVisCharacter (111)
[2015.11.21-02.05.21:096][845]LogModuleManager: Shutting down and abandoning module MessagingDebugger (110)
[2015.11.21-02.05.21:096][845]LogModuleManager: Shutting down and abandoning module MediaPlayerEditor (109)
[2015.11.21-02.05.21:096][845]LogModuleManager: Shutting down and abandoning module HTML5Networking (108)
[2015.11.21-02.05.21:096][845]LogModuleManager: Shutting down and abandoning module SpeedTreeImporter (107)
[2015.11.21-02.05.21:096][845]LogModuleManager: Shutting down and abandoning module PluginBrowser (106)
[2015.11.21-02.05.21:096][845]LogModuleManager: Shutting down and abandoning module EpicSurvey (105)
[2015.11.21-02.05.21:096][845]LogModuleManager: Shutting down and abandoning module DesktopPlatform (104)
[2015.11.21-02.05.21:097][845]LogModuleManager: Shutting down and abandoning module VisualStudioSourceCodeAccess (103)
[2015.11.21-02.05.21:097][845]LogModuleManager: Shutting down and abandoning module UObjectPlugin (102)
[2015.11.21-02.05.21:097][845]LogModuleManager: Shutting down and abandoning module SubversionSourceControl (101)
[2015.11.21-02.05.21:097][845]LogModuleManager: Shutting down and abandoning module PerforceSourceControl (100)
[2015.11.21-02.05.21:097][845]LogModuleManager: Shutting down and abandoning module SourceControl (99)
[2015.11.21-02.05.21:098][845]LogModuleManager: Shutting down and abandoning module GitSourceControl (98)
[2015.11.21-02.05.21:098][845]LogModuleManager: Shutting down and abandoning module LightPropagationVolumeEditor (97)
[2015.11.21-02.05.21:098][845]LogModuleManager: Shutting down and abandoning module PaperTiledImporter (96)
[2015.11.21-02.05.21:098][845]LogModuleManager: Shutting down and abandoning module PaperSpriteSheetImporter (95)
[2015.11.21-02.05.21:098][845]LogModuleManager: Shutting down and abandoning module MeshPaint (94)
[2015.11.21-02.05.21:098][845]LogModuleManager: Shutting down and abandoning module SlateReflector (93)
[2015.11.21-02.05.21:098][845]LogModuleManager: Shutting down and abandoning module HotReload (92)
[2015.11.21-02.05.21:098][845]LogModuleManager: Shutting down and abandoning module MainFrame (91)
[2015.11.21-02.05.21:099][845]LogModuleManager: Shutting down and abandoning module LevelEditor (90)
[2015.11.21-02.05.21:100][845]LogModuleManager: Shutting down and abandoning module DirectoryWatcher (89)
[2015.11.21-02.05.21:101][845]LogModuleManager: Shutting down and abandoning module AssetRegistry (88)
[2015.11.21-02.05.21:677][845]LogModuleManager: Shutting down and abandoning module ContentBrowser (87)
[2015.11.21-02.05.21:677][845]LogModuleManager: Shutting down and abandoning module Paper2DEditor (86)
[2015.11.21-02.05.21:677][845]LogModuleManager: Shutting down and abandoning module UdpMessaging (85)
[2015.11.21-02.05.21:778][845]LogModuleManager: Shutting down and abandoning module LightPropagationVolumeRuntime (84)
[2015.11.21-02.05.21:778][845]LogModuleManager: Shutting down and abandoning module Paper2D (83)
[2015.11.21-02.05.21:778][845]LogModuleManager: Shutting down and abandoning module WindowsMoviePlayer (82)
[2015.11.21-02.05.21:784][845]LogModuleManager: Shutting down and abandoning module Media (81)
[2015.11.21-02.05.21:784][845]LogModuleManager: Shutting down and abandoning module WmfMedia (80)
[2015.11.21-02.05.21:784][845]LogModuleManager: Shutting down and abandoning module OnlineBlueprintSupport (79)
[2015.11.21-02.05.21:784][845]LogModuleManager: Shutting down and abandoning module GameplayTasksEditor (78)
[2015.11.21-02.05.21:784][845]LogModuleManager: Shutting down and abandoning module PropertyEditor (77)
[2015.11.21-02.05.21:784][845]LogModuleManager: Shutting down and abandoning module BehaviorTreeEditor (76)
[2015.11.21-02.05.21:784][845]LogModuleManager: Shutting down and abandoning module FunctionalTesting (75)
[2015.11.21-02.05.21:784][845]LogModuleManager: Shutting down and abandoning module CollisionAnalyzer (74)
[2015.11.21-02.05.21:785][845]LogModuleManager: Shutting down and abandoning module WorkspaceMenuStructure (73)
[2015.11.21-02.05.21:785][845]LogModuleManager: Shutting down and abandoning module MessageLog (72)
[2015.11.21-02.05.21:785][845]LogModuleManager: Shutting down and abandoning module Sequencer (71)
[2015.11.21-02.05.21:785][845]LogModuleManager: Shutting down and abandoning module AssetTools (70)
[2015.11.21-02.05.21:785][845]LogModuleManager: Shutting down and abandoning module UMGEditor (69)
[2015.11.21-02.05.21:785][845]LogModuleManager: Shutting down and abandoning module UMG (68)
[2015.11.21-02.05.21:785][845]LogModuleManager: Shutting down and abandoning module Slate (67)
[2015.11.21-02.05.21:785][845]LogModuleManager: Shutting down and abandoning module EditorStyle (66)
[2015.11.21-02.05.21:791][845]LogModuleManager: Shutting down and abandoning module SessionServices (65)
[2015.11.21-02.05.21:791][845]LogModuleManager: Shutting down and abandoning module SourceCodeAccess (64)
[2015.11.21-02.05.21:791][845]LogModuleManager: Shutting down and abandoning module HeadMountedDisplay (63)
[2015.11.21-02.05.21:791][845]LogModuleManager: Shutting down and abandoning module XAudio2 (62)
[2015.11.21-02.05.21:791][845]LogModuleManager: Shutting down and abandoning module Networking (60)
[2015.11.21-02.05.21:791][845]LogModuleManager: Shutting down and abandoning module Core (59)
[2015.11.21-02.05.21:791][845]LogModuleManager: Shutting down and abandoning module KismetCompiler (58)
[2015.11.21-02.05.21:792][845]LogModuleManager: Shutting down and abandoning module PhysXFormats (57)
[2015.11.21-02.05.21:792][845]LogModuleManager: Shutting down and abandoning module MeshUtilities (56)
[2015.11.21-02.05.21:792][845]LogModuleManager: Shutting down and abandoning module CookingStats (55)
[2015.11.21-02.05.21:794][845]LogModuleManager: Shutting down and abandoning module DerivedDataCache (54)
[2015.11.21-02.05.21:810][845]LogDerivedDataCache: Shutdown
[2015.11.21-02.05.21:810][845]LogModuleManager: Shutting down and abandoning module ShaderFormatOpenGL (53)
[2015.11.21-02.05.21:810][845]LogModuleManager: Shutting down and abandoning module ShaderFormatD3D (52)
[2015.11.21-02.05.21:810][845]LogModuleManager: Shutting down and abandoning module MetalShaderFormat (51)
[2015.11.21-02.05.21:810][845]LogModuleManager: Shutting down and abandoning module TextureFormatUncompressed (50)
[2015.11.21-02.05.21:810][845]LogModuleManager: Shutting down and abandoning module TextureFormatPVR (49)
[2015.11.21-02.05.21:810][845]LogModuleManager: Shutting down and abandoning module TextureFormatIntelISPCTexComp (48)
[2015.11.21-02.05.21:810][845]LogModuleManager: Shutting down and abandoning module TextureFormatDXT (47)
[2015.11.21-02.05.21:810][845]LogModuleManager: Shutting down and abandoning module ImageWrapper (46)
[2015.11.21-02.05.21:810][845]LogModuleManager: Shutting down and abandoning module TextureFormatASTC (45)
[2015.11.21-02.05.21:810][845]LogModuleManager: Shutting down and abandoning module TextureFormatAndroid (44)
[2015.11.21-02.05.21:810][845]LogModuleManager: Shutting down and abandoning module AudioFormatOpus (43)
[2015.11.21-02.05.21:810][845]LogModuleManager: Shutting down and abandoning module AudioFormatOgg (42)
[2015.11.21-02.05.21:810][845]LogModuleManager: Shutting down and abandoning module AudioFormatADPCM (41)
[2015.11.21-02.05.21:810][845]LogModuleManager: Shutting down and abandoning module LinuxTargetPlatform (40)
[2015.11.21-02.05.21:810][845]LogModuleManager: Shutting down and abandoning module LinuxServerTargetPlatform (39)
[2015.11.21-02.05.21:810][845]LogModuleManager: Shutting down and abandoning module LinuxNoEditorTargetPlatform (38)
[2015.11.21-02.05.21:810][845]LogModuleManager: Shutting down and abandoning module Messaging (37)
[2015.11.21-02.05.21:810][845]LogModuleManager: Shutting down and abandoning module IOSTargetPlatform (36)
[2015.11.21-02.05.21:810][845]LogModuleManager: Shutting down and abandoning module HTML5TargetPlatform (35)
[2015.11.21-02.05.21:810][845]LogModuleManager: Shutting down and abandoning module AndroidTargetPlatform (34)
[2015.11.21-02.05.21:811][845]LogModuleManager: Shutting down and abandoning module Android_PVRTCTargetPlatform (33)
[2015.11.21-02.05.21:811][845]LogModuleManager: Shutting down and abandoning module Android_ETC2TargetPlatform (32)
[2015.11.21-02.05.21:811][845]LogModuleManager: Shutting down and abandoning module Android_ETC1TargetPlatform (31)
[2015.11.21-02.05.21:811][845]LogModuleManager: Shutting down and abandoning module Android_DXTTargetPlatform (30)
[2015.11.21-02.05.21:811][845]LogModuleManager: Shutting down and abandoning module Android_ATCTargetPlatform (29)
[2015.11.21-02.05.21:811][845]LogModuleManager: Shutting down and abandoning module Android_ASTCTargetPlatform (28)
[2015.11.21-02.05.21:811][845]LogModuleManager: Shutting down and abandoning module WindowsTargetPlatform (27)
[2015.11.21-02.05.21:811][845]LogModuleManager: Shutting down and abandoning module WindowsServerTargetPlatform (26)
[2015.11.21-02.05.21:811][845]LogModuleManager: Shutting down and abandoning module WindowsNoEditorTargetPlatform (25)
[2015.11.21-02.05.21:811][845]LogModuleManager: Shutting down and abandoning module WindowsClientTargetPlatform (24)
[2015.11.21-02.05.21:811][845]LogModuleManager: Shutting down and abandoning module AllDesktopTargetPlatform (23)
[2015.11.21-02.05.21:811][845]LogModuleManager: Shutting down and abandoning module TargetPlatform (22)
[2015.11.21-02.05.21:813][845]LogModuleManager: Shutting down and abandoning module InputCore (21)
[2015.11.21-02.05.21:813][845]LogModuleManager: Shutting down and abandoning module Settings (20)
[2015.11.21-02.05.21:813][845]LogModuleManager: Shutting down and abandoning module OnlineSubsystem (18)
[2015.11.21-02.05.21:813][845]LogModuleManager: Shutting down and abandoning module HTTP (17)
[2015.11.21-02.05.22:813][845]LogModuleManager: Shutting down and abandoning module XMPP (16)
[2015.11.21-02.05.22:813][845]LogModuleManager: Shutting down and abandoning module ExampleDeviceProfileSelector (15)
[2015.11.21-02.05.22:813][845]LogModuleManager: Shutting down and abandoning module TextureCompressor (14)
[2015.11.21-02.05.22:813][845]LogModuleManager: Shutting down and abandoning module ShaderCore (13)
[2015.11.21-02.05.22:813][845]LogModuleManager: Shutting down and abandoning module Landscape (12)
[2015.11.21-02.05.22:813][845]LogModuleManager: Shutting down and abandoning module SlateRHIRenderer (11)
[2015.11.21-02.05.22:814][845]LogModuleManager: Shutting down and abandoning module OpenGLDrv (10)
[2015.11.21-02.05.22:814][845]LogModuleManager: Shutting down and abandoning module D3D11RHI (9)
[2015.11.21-02.05.22:814][845]LogModuleManager: Shutting down and abandoning module AnimGraphRuntime (8)
[2015.11.21-02.05.22:814][845]LogModuleManager: Shutting down and abandoning module Renderer (7)
[2015.11.21-02.05.22:814][845]LogModuleManager: Shutting down and abandoning module Engine (6)
[2015.11.21-02.05.22:814][845]LogModuleManager: Shutting down and abandoning module CoreUObject (5)
[2015.11.21-02.05.22:814][845]LogModuleManager: Shutting down and abandoning module NetworkFile (4)
[2015.11.21-02.05.22:814][845]LogModuleManager: Shutting down and abandoning module StreamingFile (3)
[2015.11.21-02.05.22:814][845]LogModuleManager: Shutting down and abandoning module SandboxFile (2)
[2015.11.21-02.05.22:814][845]LogModuleManager: Shutting down and abandoning module PakFile (1)
[2015.11.21-02.05.22:815][845]LogExit: Exiting.
[2015.11.21-02.05.22:907][845]Log file closed, 11/21/15 13:05:22
