Log file open, 12/07/15 09:51:43
LogInit:Display: Running engine for game: MyProject
LogInit:Display: RandInit(-1953760892) SRandInit(-1953760892).
LogTaskGraph: Started task graph with 4 named threads and 7 total threads.
LogStats: Stats thread started at 22.672491
LogConfig:Warning: Failed to saved backup for config[Editor]
LogConfig:Warning: Failed to saved backup for config[EditorSettings]
LogConfig:Warning: Failed to saved backup for config[EditorKeyBindings]
LogConfig:Warning: Failed to saved backup for config[Compat]
LogConfig:Warning: Failed to saved backup for config[Scalability]
[2015.12.06-22.51.45:246][  0]LogInit: Version: 4.9.2-2707645+++depot+UE4-Releases+4.9
[2015.12.06-22.51.45:246][  0]LogInit: API Version: 2672455
[2015.12.06-22.51.45:246][  0]LogInit: Compiled (64-bit): Sep 28 2015 10:25:44
[2015.12.06-22.51.45:246][  0]LogInit: Compiled with Visual C++: 18.00.21005.01
[2015.12.06-22.51.45:246][  0]LogInit: Build Configuration: Development
[2015.12.06-22.51.45:246][  0]LogInit: Branch Name: ++depot+UE4-Releases+4.9
[2015.12.06-22.51.45:246][  0]LogInit: Command line:  
[2015.12.06-22.51.45:246][  0]LogInit: Base directory: C:/Program Files/Unreal Engine/4.9/Engine/Binaries/Win64/
[2015.12.06-22.51.45:246][  0]LogInit: Rocket: 1
[2015.12.06-22.51.45:247][  0]LogFileManager:Warning: Error deleting file: ../../../../../../Users/User/Desktop/QANTM/CIUMajorGIT/TeamoSupremeo/MyProject/Saved/Logs/MyProject-backup-2015.11.23-09.59.37.log (Error Code 0)
[2015.12.06-22.51.45:248][  0]LogFileManager:Warning: Error deleting file: ../../../../../../Users/User/Desktop/QANTM/CIUMajorGIT/TeamoSupremeo/MyProject/Saved/Logs/MyProject-backup-2015.11.23-10.06.41.log (Error Code 0)
[2015.12.06-22.51.45:249][  0]LogFileManager:Warning: Error deleting file: ../../../../../../Users/User/Desktop/QANTM/CIUMajorGIT/TeamoSupremeo/MyProject/Saved/Logs/MyProject-backup-2015.11.23-11.21.13.log (Error Code 0)
[2015.12.06-22.51.45:250][  0]LogFileManager:Warning: Error deleting file: ../../../../../../Users/User/Desktop/QANTM/CIUMajorGIT/TeamoSupremeo/MyProject/Saved/Logs/MyProject-backup-2015.11.27-16.12.37.log (Error Code 0)
[2015.12.06-22.51.45:498][  0]LogInit: Using libcurl 7.41.0
[2015.12.06-22.51.45:498][  0]LogInit:  - built for x86_64-pc-win32
[2015.12.06-22.51.45:498][  0]LogInit:  - supports SSL with WinSSL
[2015.12.06-22.51.45:498][  0]LogInit:  - other features:
[2015.12.06-22.51.45:498][  0]LogInit:      CURL_VERSION_SSL
[2015.12.06-22.51.45:498][  0]LogInit:      CURL_VERSION_IPV6
[2015.12.06-22.51.45:498][  0]LogInit:      CURL_VERSION_ASYNCHDNS
[2015.12.06-22.51.45:499][  0]LogInit:      CURL_VERSION_LARGEFILE
[2015.12.06-22.51.45:499][  0]LogInit:      CURL_VERSION_IDN
[2015.12.06-22.51.45:502][  0]LogInit:  CurlRequestOptions (configurable via config and command line):
[2015.12.06-22.51.45:503][  0]LogInit:  - bVerifyPeer = true  - Libcurl will verify peer certificate
[2015.12.06-22.51.45:503][  0]LogInit:  - bUseHttpProxy = false  - Libcurl will NOT use HTTP proxy
[2015.12.06-22.51.45:503][  0]LogInit:  - bDontReuseConnections = false  - Libcurl will reuse connections
[2015.12.06-22.51.45:503][  0]LogInit:  - CertBundlePath = nullptr  - Libcurl will use whatever was configured at build time.
[2015.12.06-22.51.45:983][  0]LogInit: Presizing for 0 objects not considered by GC, pre-allocating 0 bytes.
[2015.12.06-22.51.46:294][  0]LogInit: Object subsystem initialized
[2015.12.06-22.51.46:897][  0]LogInit: Selected Device Profile: [Windows]
[2015.12.06-22.51.46:897][  0]LogInit: Applying CVar settings loaded from the selected device profile: [Windows]
[2015.12.06-22.51.47:023][  0]LogConfig:Warning: Failed to saved backup for config[DeviceProfiles]
[2015.12.06-22.51.47:417][  0]LogInit: Computer: COREY-PC
[2015.12.06-22.51.47:417][  0]LogInit: User: User
[2015.12.06-22.51.47:417][  0]LogInit: CPU Page size=4096, Cores=4
[2015.12.06-22.51.47:420][  0]LogInit: High frequency timer resolution =1.946865 MHz
[2015.12.06-22.51.47:422][  0]LogMemory: Memory total: Physical=5.9GB (6GB approx)
[2015.12.06-22.51.47:422][  0]LogMemory: Platform Memory Stats for Windows
[2015.12.06-22.51.47:422][  0]LogMemory: Process Physical Memory: 55.65 MB used, 55.65 MB peak
[2015.12.06-22.51.47:422][  0]LogMemory: Process Virtual Memory: 57.58 MB used, 57.58 MB peak
[2015.12.06-22.51.47:422][  0]LogMemory: Physical Memory: 4144.62 MB used, 6091.86 MB total
[2015.12.06-22.51.47:422][  0]LogMemory: Virtual Memory: 338.67 MB used, 8388608.00 MB total
[2015.12.06-22.51.53:322][  0]LogTextLocalizationManager: No specific translations for ('en-AU') exist, so ('en') translations will be used.
[2015.12.06-22.52.01:123][  0]LogD3D11RHI: Found D3D11 adapter 0: NVIDIA GeForce GT 555M    (Feature Level 11_0)
[2015.12.06-22.52.01:123][  0]LogD3D11RHI: Adapter has 3019MB of dedicated video memory, 0MB of dedicated system memory, and 2789MB of shared system memory, 1 output[s]
[2015.12.06-22.52.01:155][  0]LogD3D11RHI: Found D3D11 adapter 1: NVIDIA GeForce GT 555M    (Feature Level 11_0)
[2015.12.06-22.52.01:155][  0]LogD3D11RHI: Adapter has 3019MB of dedicated video memory, 0MB of dedicated system memory, and 2789MB of shared system memory, 0 output[s]
[2015.12.06-22.52.01:155][  0]LogD3D11RHI: Chosen D3D11 Adapter Id = 0
[2015.12.06-22.52.01:209][  0]LogD3D11RHI: !Direct3DDevice
[2015.12.06-22.52.01:210][  0]LogRHI: Texture pool is 1361 MB (70% of 1945 MB)
[2015.12.06-22.52.01:236][  0]LogD3D11RHI: Async texture creation enabled
[2015.12.06-22.52.02:452][  0]LogShaderCompilers: Guid format shader working directory is 15 characters bigger than the processId version (../../../../../../Users/User/Desktop/QANTM/CIUMajorGIT/TeamoSupremeo/MyProject/Intermediate/Shaders/WorkingDirectory/7388/).
[2015.12.06-22.52.02:452][  0]LogShaderCompilers: Cleaned the shader compiler working directory '../../../../../../Users/User/Desktop/QANTM/CIUMajorGIT/TeamoSupremeo/MyProject/Intermediate/Shaders/tmp/6B232E074B4A2F9F8EEFE9A1FE3CAA15/'.
[2015.12.06-22.52.02:501][  0]LogShaderCompilers:Display: Using Local Shader Compiler.
[2015.12.06-22.52.26:815][  0]LogTemp:Display: Loaded TP AllDesktopTargetPlatform
[2015.12.06-22.52.26:823][  0]LogTemp:Display: Loaded TP WindowsClientTargetPlatform
[2015.12.06-22.52.26:830][  0]LogTemp:Display: Loaded TP WindowsNoEditorTargetPlatform
[2015.12.06-22.52.26:860][  0]LogTemp:Display: Loaded TP WindowsServerTargetPlatform
[2015.12.06-22.52.26:867][  0]LogTemp:Display: Loaded TP WindowsTargetPlatform
[2015.12.06-22.52.27:033][  0]LogTemp:Display: Loaded TP AndroidTargetPlatform
[2015.12.06-22.52.27:047][  0]LogTemp:Display: Loaded TP Android_ASTCTargetPlatform
[2015.12.06-22.52.27:090][  0]LogTemp:Display: Loaded TP Android_ATCTargetPlatform
[2015.12.06-22.52.27:234][  0]LogTemp:Display: Loaded TP Android_DXTTargetPlatform
[2015.12.06-22.52.27:304][  0]LogTemp:Display: Loaded TP Android_ETC1TargetPlatform
[2015.12.06-22.52.27:385][  0]LogTemp:Display: Loaded TP Android_ETC2TargetPlatform
[2015.12.06-22.52.27:452][  0]LogTemp:Display: Loaded TP Android_PVRTCTargetPlatform
[2015.12.06-22.52.27:454][  0]LogTemp:Display: Loaded TP HTML5TargetPlatform
[2015.12.06-22.52.28:191][  0]LogTemp:Display: Loaded TP IOSTargetPlatform
[2015.12.06-22.52.28:226][  0]LogTemp:Display: Loaded TP LinuxNoEditorTargetPlatform
[2015.12.06-22.52.28:288][  0]LogTemp:Display: Loaded TP LinuxServerTargetPlatform
[2015.12.06-22.52.28:314][  0]LogTemp:Display: Loaded TP LinuxTargetPlatform
[2015.12.06-22.52.28:314][  0]LogTargetPlatformManager:Display: Building Assets For Windows
[2015.12.06-22.52.32:748][  0]LogDerivedDataCache:Display: Max Cache Size: 512 MB
[2015.12.06-22.52.41:292][  0]LogDerivedDataCache: Loaded boot cache 8.49s 41MB C:/Users/User/AppData/Local/UnrealEngine/4.9/DerivedDataCache/Boot.ddc.
[2015.12.06-22.52.41:292][  0]LogDerivedDataCache:Display: Loaded Boot cache: C:/Users/User/AppData/Local/UnrealEngine/4.9/DerivedDataCache/Boot.ddc
[2015.12.06-22.52.41:292][  0]LogDerivedDataCache: FDerivedDataBackendGraph:  Pak pak cache file ../../../../../../Users/User/Desktop/QANTM/CIUMajorGIT/TeamoSupremeo/MyProject/DerivedDataCache/DDC.ddp not found, will not use a pak cache.
[2015.12.06-22.52.41:292][  0]LogDerivedDataCache: Unable to find inner node Pak for hierarchical cache Hierarchy.
[2015.12.06-22.52.41:292][  0]LogDerivedDataCache: FDerivedDataBackendGraph:  CompressedPak pak cache file ../../../../../../Users/User/Desktop/QANTM/CIUMajorGIT/TeamoSupremeo/MyProject/DerivedDataCache/Compressed.ddp not found, will not use a pak cache.
[2015.12.06-22.52.41:293][  0]LogDerivedDataCache: Unable to find inner node CompressedPak for hierarchical cache Hierarchy.
[2015.12.06-22.52.42:085][  0]LogDerivedDataCache:Display: Pak cache opened for reading ../../../Engine/DerivedDataCache/Compressed.ddp.
[2015.12.06-22.52.42:155][  0]LogDerivedDataCache: Using Local data cache path C:/Users/User/AppData/Local/UnrealEngine/Common/DerivedDataCache: Writable
[2015.12.06-22.53.36:050][  0]LogInit: Selected Device Profile: [Windows]
[2015.12.06-22.53.36:556][  0]LogContentStreaming: Texture pool size is 0.000000MB
[2015.12.06-22.53.38:261][  0]LogMeshUtilities: No automatic mesh reduction module available
[2015.12.06-22.53.38:261][  0]LogMeshUtilities: No automatic mesh merging module available
[2015.12.06-22.54.00:429][  0]LogInit: WinSock: version 1.1 (2.2), MaxSocks=32767, MaxUdp=65467
[2015.12.06-22.54.59:168][  0]LogAssetRegistry: FAssetRegistry took 0.1350 seconds to start up
[2015.12.06-22.54.59:547][  0]UdpMessaging: Initializing bridge on interface 0.0.0.0:0 to multicast group 230.0.0.1:6666.
[2015.12.06-22.55.09:360][  0]LogConfig:Warning: Failed to saved backup for config[SourceControlSettings]
[2015.12.06-22.55.09:380][  0]SourceControl: Info Source control is disabled
[2015.12.06-22.55.10:728][  0]SourceControl: Info Source control is disabled
[2015.12.06-22.55.10:961][  0]SourceControl: Info Source control is disabled
[2015.12.06-22.55.11:072][  0]SourceControl: Info Source control is disabled
[2015.12.06-22.55.13:754][  0]LogLinker:Warning: Asset '../../../Engine/Plugins/Runtime/LeapMotionController/Content/LM_PassthroughMaterial.uasset' has been saved with empty engine version. The asset will be loaded but may be incompatible.
[2015.12.06-22.55.15:885][  0]LogObj: 28528 objects as part of root set at end of initial load.
[2015.12.06-22.55.15:885][  0]LogUObjectAllocator: 6068464 out of 0 bytes used by permanent object pool.
[2015.12.06-22.55.18:587][  0]LogEngine: Initializing Engine...
[2015.12.06-22.55.18:798][  0]LogHMD: Can't find Oculus library dev build: is proper Runtime installed? Version: 0.7.0.0
[2015.12.06-22.55.19:038][  0]LogHMD: SteamVR failed to initialize.  Err: 110
[2015.12.06-22.55.22:673][  0]LogAIModule: Creating AISystem for world NewWorld
[2015.12.06-22.55.23:199][  0]LogInit: XAudio2 using 'Speakers (Realtek High Definition Audio)' : 2 channels at 48 kHz using 32 bits per sample (channel mask 0x3)
[2015.12.06-22.55.23:357][  0]LogInit: FAudioDevice initialized.
[2015.12.06-22.55.23:492][  0]LogDerivedDataCache:Error: Could not save memory cache C:/Users/User/AppData/Local/UnrealEngine/4.9/DerivedDataCache/Boot.ddc.
[2015.12.06-22.55.23:504][  0]LogInit: Texture streaming: Enabled
[2015.12.06-22.55.23:595][  0]LogAnalytics: Creating configured Analytics provider AnalyticsET
[2015.12.06-22.55.23:616][  0]LogAnalytics: [UEEditor.Rocket.Release] APIServer = http://et2.epicgames.com/ET2/. AppVersion = 4.9.2-2707645+++depot+UE4-Releases+4.9
[2015.12.06-22.55.23:616][  0]LogAnalytics: [UEEditor.Rocket.Release] SetUserId 3e4bcc034d1497ba5c89469adc286b03|05bf02d0058b4ab093afff3ceb922c59|576f50a1-754b-4d2d-8f73-584b57e2bbef
[2015.12.06-22.55.23:616][  0]LogAnalytics: [UEEditor.Rocket.Release] AnalyticsET::StartSession
[2015.12.06-22.55.24:521][  0]LogInit: Transaction tracking system initialized
[2015.12.06-22.55.26:043][  0]BlueprintLog: New page: Editor Load
[2015.12.06-22.55.29:529][  0]LocalizationService: Info Localization service is disabled
[2015.12.06-22.55.35:302][  0]LogConsoleResponse:Display: 
[2015.12.06-22.55.42:699][  0]LogFileCache: Scanning file cache for directory 'C:/Users/User/Desktop/QANTM/CIUMajorGIT/TeamoSupremeo/MyProject/Content/' took 0.02s
[2015.12.06-22.55.42:699][  0]LogCook:Display: Done creating registry. It took  0.00s.
[2015.12.06-22.55.46:437][  0]SourceControl: Info Source control is disabled
[2015.12.06-22.55.46:518][  0]Cmd: MAP LOAD FILE="../../../../../../Users/User/Desktop/QANTM/CIUMajorGIT/TeamoSupremeo/MyProject/Content/SideScrollerBP/Maps/SideScrollerExampleMap.umap" TEMPLATE=0 SHOWPROGRESS=1 FEATURELEVEL=3
[2015.12.06-22.55.46:592][  0]LightingResults: New page: Lighting Build
[2015.12.06-22.55.47:516][  0]MapCheck: New page: Map Check
[2015.12.06-22.55.47:516][  0]LightingResults: New page: Lighting Build
[2015.12.06-22.55.49:473][  0]LogParticles: Destroying 0 GPU particle simulations for FXSystem 0x000000002159D260
[2015.12.06-22.55.50:963][  0]LogLinker:Warning: Asset '../../../../../../Users/User/Desktop/QANTM/CIUMajorGIT/TeamoSupremeo/MyProject/Content/Mannequin/Animations/ThirdPerson_Jump.uasset' has been saved with empty engine version. The asset will be loaded but may be incompatible.
[2015.12.06-22.55.51:190][  0]LogLinker:Warning: Asset '../../../../../../Users/User/Desktop/QANTM/CIUMajorGIT/TeamoSupremeo/MyProject/Content/Mannequin/Animations/ThirdPersonJump_Loop.uasset' has been saved with empty engine version. The asset will be loaded but may be incompatible.
[2015.12.06-22.55.51:221][  0]LogLinker:Warning: Asset '../../../../../../Users/User/Desktop/QANTM/CIUMajorGIT/TeamoSupremeo/MyProject/Content/Mannequin/Animations/ThirdPersonJump_Start.uasset' has been saved with empty engine version. The asset will be loaded but may be incompatible.
[2015.12.06-22.55.51:257][  0]LogLinker:Warning: Asset '../../../../../../Users/User/Desktop/QANTM/CIUMajorGIT/TeamoSupremeo/MyProject/Content/Mannequin/Animations/ThirdPerson_IdleRun_2D.uasset' has been saved with empty engine version. The asset will be loaded but may be incompatible.
[2015.12.06-22.55.51:288][  0]LogLinker:Warning: Asset '../../../../../../Users/User/Desktop/QANTM/CIUMajorGIT/TeamoSupremeo/MyProject/Content/Mannequin/Animations/ThirdPersonIdle.uasset' has been saved with empty engine version. The asset will be loaded but may be incompatible.
[2015.12.06-22.55.51:342][  0]LogLinker:Warning: Asset '../../../../../../Users/User/Desktop/QANTM/CIUMajorGIT/TeamoSupremeo/MyProject/Content/Mannequin/Animations/ThirdPersonRun.uasset' has been saved with empty engine version. The asset will be loaded but may be incompatible.
[2015.12.06-22.55.51:397][  0]LogLinker:Warning: Asset '../../../../../../Users/User/Desktop/QANTM/CIUMajorGIT/TeamoSupremeo/MyProject/Content/Mannequin/Animations/ThirdPersonWalk.uasset' has been saved with empty engine version. The asset will be loaded but may be incompatible.
[2015.12.06-22.56.04:201][  0]LogAIModule: Creating AISystem for world SideScrollerExampleMap
[2015.12.06-22.56.06:405][  0]LogEditorServer: Finished looking for orphan Actors (0.000 secs)
[2015.12.06-22.56.06:777][  0]Cmd: MAP CHECKDEP NOCLEARLOG
[2015.12.06-22.56.06:953][  0]MapCheck: Info Map check complete: 0 Error(s), 0 Warning(s), took 175.844ms to complete.
[2015.12.06-22.56.06:953][  0]LogFileHelpers: Loading map 'SideScrollerExampleMap' took 20.464
[2015.12.06-22.56.09:804][  0]LogCollectionManager: Loaded 0 collections in 0.003577 seconds
[2015.12.06-22.56.10:215][  0]LogFileCache: Scanning file cache for directory 'C:/Users/User/Desktop/QANTM/CIUMajorGIT/TeamoSupremeo/MyProject/Saved/Collections/' took 0.01s
[2015.12.06-22.56.10:215][  0]LogFileCache: Scanning file cache for directory 'C:/Users/User/Desktop/QANTM/CIUMajorGIT/TeamoSupremeo/MyProject/Content/Developers/User/Collections/' took 0.01s
[2015.12.06-22.56.10:215][  0]LogFileCache: Scanning file cache for directory 'C:/Users/User/Desktop/QANTM/CIUMajorGIT/TeamoSupremeo/MyProject/Content/Collections/' took 0.01s
[2015.12.06-22.56.10:215][  0]LogContentBrowser: Native class hierarchy populated in 0.1032 seconds. Added 1882 classes and 339 folders.
[2015.12.06-22.56.10:430][  0]LogCollectionManager: Rebuilt the GUID cache for 0 collections in 0.000002 seconds
[2015.12.06-22.56.10:610][  0]LogContentBrowser: Native class hierarchy updated for 'WidgetCarousel' in 0.0004 seconds. Added 0 classes and 0 folders.
[2015.12.06-22.56.15:069][  0]LogContentBrowser: Native class hierarchy updated for 'AddContentDialog' in 0.0004 seconds. Added 0 classes and 0 folders.
[2015.12.06-22.56.17:665][  0]LogContentBrowser: Native class hierarchy updated for 'SceneOutliner' in 0.0005 seconds. Added 1 classes and 2 folders.
[2015.12.06-22.56.19:371][  0]LogCrashTracker: Crashtracker disabled due to settings.
[2015.12.06-22.56.19:945][  0]LogUObjectGlobals:Warning: Failed to find object 'Class None.'
[2015.12.06-22.56.20:196][  0]LogLoad: Full Startup: 315.79 seconds (BP compile: 4.20 seconds)
[2015.12.06-22.56.22:157][  0]LogContentStreaming: Texture pool size now 400 MB
[2015.12.06-22.56.24:144][  0]LogRenderer: Reallocating scene render targets to support 932x744 (Frame:2).
[2015.12.06-22.56.28:163][  8]LogAssetRegistry: Asset discovery search completed in 89.0573 seconds
[2015.12.06-22.56.28:163][  8]LogCollectionManager: Rebuilt the object cache for 0 collections in 0.000001 seconds (found 0 objects)
[2015.12.06-22.56.28:436][  8]LogCollectionManager: Fixed up redirectors for 0 collections in 0.000039 seconds (updated 0 objects)
[2015.12.06-22.57.19:933][161]LogActorComponent: UnregisterComponent: (/Engine/Transient.CharMoveComp) Not registered. Aborting.
[2015.12.06-22.57.22:460][162]Cmd: QUIT_EDITOR
[2015.12.06-22.57.23:253][162]LogExit: Preparing to exit.
[2015.12.06-22.57.24:521][162]LogExit: Editor shut down
[2015.12.06-22.57.24:521][162]LogExit: Transaction tracking system shut down
[2015.12.06-22.57.24:810][162]LogParticles: Destroying 0 GPU particle simulations for FXSystem 0x00000000105E2CA0
[2015.12.06-22.57.27:867][162]LogParticles: Destroying 0 GPU particle simulations for FXSystem 0x000000002869C180
[2015.12.06-22.57.27:867][162]LogParticles: Destroying 0 GPU particle simulations for FXSystem 0x000000002850C9A0
[2015.12.06-22.57.27:867][162]LogParticles: Destroying 0 GPU particle simulations for FXSystem 0x00000000231B3A60
[2015.12.06-22.57.27:867][162]LogParticles: Destroying 0 GPU particle simulations for FXSystem 0x00000000231B3880
[2015.12.06-22.57.27:867][162]LogParticles: Destroying 0 GPU particle simulations for FXSystem 0x00000000231B14E0
[2015.12.06-22.57.27:867][162]LogParticles: Destroying 0 GPU particle simulations for FXSystem 0x00000000231B3560
[2015.12.06-22.57.27:867][162]LogExit: Object subsystem successfully closed.
[2015.12.06-22.57.28:757][162]LogD3D11RHI: Shutdown
[2015.12.06-22.57.28:757][162]LogD3D11RHI: CleanupD3DDevice
[2015.12.06-22.57.28:956][162]LogD3D11RHI: ~FD3D11DynamicRHI
[2015.12.06-22.57.29:525][162]LogModuleManager: Shutting down and abandoning module CrashTracker (199)
[2015.12.06-22.57.29:525][162]LogModuleManager: Shutting down and abandoning module SceneOutliner (198)
[2015.12.06-22.57.29:525][162]LogModuleManager: Shutting down and abandoning module SuperSearch (197)
[2015.12.06-22.57.29:525][162]LogModuleManager: Shutting down and abandoning module WidgetCarousel (196)
[2015.12.06-22.57.29:525][162]LogModuleManager: Shutting down and abandoning module AddContentDialog (195)
[2015.12.06-22.57.29:552][162]LogModuleManager: Shutting down and abandoning module EditorWidgets (194)
[2015.12.06-22.57.29:552][162]LogModuleManager: Shutting down and abandoning module CollectionManager (193)
[2015.12.06-22.57.29:553][162]LogModuleManager: Shutting down and abandoning module StatsViewer (192)
[2015.12.06-22.57.29:591][162]LogModuleManager: Shutting down and abandoning module FoliageEdit (191)
[2015.12.06-22.57.29:591][162]LogModuleManager: Shutting down and abandoning module LandscapeEditor (190)
[2015.12.06-22.57.29:688][162]LogModuleManager: Shutting down and abandoning module ActorPickerMode (189)
[2015.12.06-22.57.29:688][162]LogModuleManager: Shutting down and abandoning module GeometryMode (188)
[2015.12.06-22.57.29:688][162]LogModuleManager: Shutting down and abandoning module TextureAlignMode (187)
[2015.12.06-22.57.29:688][162]LogModuleManager: Shutting down and abandoning module BspMode (186)
[2015.12.06-22.57.29:688][162]LogModuleManager: Shutting down and abandoning module PlacementMode (185)
[2015.12.06-22.57.29:688][162]LogModuleManager: Shutting down and abandoning module AutomationWorker (184)
[2015.12.06-22.57.29:688][162]LogModuleManager: Shutting down and abandoning module CharacterAI (183)
[2015.12.06-22.57.29:688][162]LogModuleManager: Shutting down and abandoning module SmartSnapping (182)
[2015.12.06-22.57.29:688][162]LogModuleManager: Shutting down and abandoning module ViewportSnapping (181)
[2015.12.06-22.57.29:688][162]LogModuleManager: Shutting down and abandoning module LogVisualizer (180)
[2015.12.06-22.57.29:725][162]LogModuleManager: Shutting down and abandoning module GameProjectGeneration (179)
[2015.12.06-22.57.29:731][162]LogModuleManager: Shutting down and abandoning module IntroTutorials (178)
[2015.12.06-22.57.29:738][162]LogModuleManager: Shutting down and abandoning module EditorLiveStreaming (177)
[2015.12.06-22.57.29:738][162]LogModuleManager: Shutting down and abandoning module IOSPlatformEditor (176)
[2015.12.06-22.57.29:738][162]LogModuleManager: Shutting down and abandoning module HTML5PlatformEditor (175)
[2015.12.06-22.57.29:738][162]LogModuleManager: Shutting down and abandoning module AndroidDeviceDetection (174)
[2015.12.06-22.57.30:260][162]LogModuleManager: Shutting down and abandoning module AndroidPlatformEditor (173)
[2015.12.06-22.57.30:260][162]LogModuleManager: Shutting down and abandoning module IOSRuntimeSettings (172)
[2015.12.06-22.57.30:260][162]LogModuleManager: Shutting down and abandoning module AndroidRuntimeSettings (171)
[2015.12.06-22.57.30:260][162]LogModuleManager: Shutting down and abandoning module MergeActors (170)
[2015.12.06-22.57.30:275][162]LogModuleManager: Shutting down and abandoning module SizeMap (169)
[2015.12.06-22.57.30:275][162]LogModuleManager: Shutting down and abandoning module TreeMap (168)
[2015.12.06-22.57.30:275][162]LogModuleManager: Shutting down and abandoning module ReferenceViewer (167)
[2015.12.06-22.57.30:275][162]LogModuleManager: Shutting down and abandoning module LocalizationService (166)
[2015.12.06-22.57.30:275][162]LogModuleManager: Shutting down and abandoning module LocalizationDashboard (165)
[2015.12.06-22.57.30:319][162]LogModuleManager: Shutting down and abandoning module HardwareTargeting (164)
[2015.12.06-22.57.30:319][162]LogModuleManager: Shutting down and abandoning module DeviceProfileEditor (163)
[2015.12.06-22.57.30:319][162]LogModuleManager: Shutting down and abandoning module UndoHistory (162)
[2015.12.06-22.57.30:319][162]LogModuleManager: Shutting down and abandoning module GameplayTagsEditor (161)
[2015.12.06-22.57.30:319][162]LogModuleManager: Shutting down and abandoning module UserFeedback (160)
[2015.12.06-22.57.30:319][162]LogModuleManager: Shutting down and abandoning module XmlParser (159)
[2015.12.06-22.57.30:325][162]LogModuleManager: Shutting down and abandoning module Blutility (158)
[2015.12.06-22.57.30:325][162]LogModuleManager: Shutting down and abandoning module ProjectTargetPlatformEditor (157)
[2015.12.06-22.57.30:326][162]LogModuleManager: Shutting down and abandoning module ProjectSettingsViewer (156)
[2015.12.06-22.57.30:326][162]LogModuleManager: Shutting down and abandoning module InputBindingEditor (155)
[2015.12.06-22.57.30:334][162]LogModuleManager: Shutting down and abandoning module EditorSettingsViewer (154)
[2015.12.06-22.57.30:334][162]LogModuleManager: Shutting down and abandoning module SettingsEditor (153)
[2015.12.06-22.57.30:334][162]LogModuleManager: Shutting down and abandoning module ProjectLauncher (152)
[2015.12.06-22.57.30:345][162]LogModuleManager: Shutting down and abandoning module SessionFrontend (151)
[2015.12.06-22.57.30:345][162]LogModuleManager: Shutting down and abandoning module ProfilerClient (150)
[2015.12.06-22.57.30:382][162]LogModuleManager: Shutting down and abandoning module TargetDeviceServices (149)
[2015.12.06-22.57.30:382][162]LogModuleManager: Shutting down and abandoning module DeviceManager (148)
[2015.12.06-22.57.30:383][162]LogModuleManager: Shutting down and abandoning module AutomationController (147)
[2015.12.06-22.57.30:383][162]LogModuleManager: Shutting down and abandoning module AutomationWindow (146)
[2015.12.06-22.57.30:395][162]LogModuleManager: Shutting down and abandoning module Layers (145)
[2015.12.06-22.57.30:415][162]LogModuleManager: Shutting down and abandoning module ComponentVisualizers (144)
[2015.12.06-22.57.30:415][162]LogModuleManager: Shutting down and abandoning module DetailCustomizations (143)
[2015.12.06-22.57.30:482][162]LogModuleManager: Shutting down and abandoning module PackagesDialog (142)
[2015.12.06-22.57.30:482][162]LogModuleManager: Shutting down and abandoning module Persona (141)
[2015.12.06-22.57.30:504][162]LogModuleManager: Shutting down and abandoning module Kismet (140)
[2015.12.06-22.57.30:570][162]LogModuleManager: Shutting down and abandoning module GraphEditor (139)
[2015.12.06-22.57.30:716][162]LogModuleManager: Shutting down and abandoning module ClassViewer (138)
[2015.12.06-22.57.30:716][162]LogModuleManager: Shutting down and abandoning module Toolbox (137)
[2015.12.06-22.57.30:716][162]LogModuleManager: Shutting down and abandoning module ModuleUI (136)
[2015.12.06-22.57.30:721][162]LogModuleManager: Shutting down and abandoning module MovieSceneTools (135)
[2015.12.06-22.57.30:721][162]LogModuleManager: Shutting down and abandoning module OutputLog (134)
[2015.12.06-22.57.30:721][162]LogModuleManager: Shutting down and abandoning module GammaUI (133)
[2015.12.06-22.57.30:760][162]LogModuleManager: Shutting down and abandoning module Documentation (132)
[2015.12.06-22.57.30:760][162]LogModuleManager: Shutting down and abandoning module GameLiveStreaming (131)
[2015.12.06-22.57.30:760][162]LogModuleManager: Shutting down and abandoning module StreamingPauseRendering (130)
[2015.12.06-22.57.30:760][162]LogModuleManager: Shutting down and abandoning module AnalyticsET (129)
[2015.12.06-22.57.30:760][162]LogModuleManager: Shutting down and abandoning module Analytics (128)
[2015.12.06-22.57.30:760][162]LogModuleManager: Shutting down and abandoning module AITestSuite (127)
[2015.12.06-22.57.30:760][162]LogModuleManager: Shutting down and abandoning module GameplayDebugger (126)
[2015.12.06-22.57.30:760][162]LogModuleManager: Shutting down and abandoning module AIModule (125)
[2015.12.06-22.57.30:770][162]LogModuleManager: Shutting down and abandoning module ProfilerService (124)
[2015.12.06-22.57.30:916][162]LogModuleManager: Shutting down and abandoning module TaskGraph (123)
[2015.12.06-22.57.30:916][162]LogModuleManager: Shutting down and abandoning module SubstanceEditor (122)
[2015.12.06-22.57.30:943][162]LogModuleManager: Shutting down and abandoning module SlateRemote (121)
[2015.12.06-22.57.30:943][162]LogModuleManager: Shutting down and abandoning module SteamVRController (120)
[2015.12.06-22.57.30:943][162]LogModuleManager: Shutting down and abandoning module SteamVR (119)
[2015.12.06-22.57.30:943][162]LogModuleManager: Shutting down and abandoning module ProceduralMeshComponent (118)
[2015.12.06-22.57.30:943][162]LogModuleManager: Shutting down and abandoning module OculusRift (117)
[2015.12.06-22.57.30:943][162]LogModuleManager: Shutting down and abandoning module OculusLibrary (116)
[2015.12.06-22.57.30:943][162]LogModuleManager: Shutting down and abandoning module LeapMotionController (115)
[2015.12.06-22.57.30:956][162]LogModuleManager: Shutting down and abandoning module CustomMeshComponent (114)
[2015.12.06-22.57.30:956][162]LogModuleManager: Shutting down and abandoning module CableComponent (113)
[2015.12.06-22.57.30:956][162]LogModuleManager: Shutting down and abandoning module ArchVisCharacter (112)
[2015.12.06-22.57.30:956][162]LogModuleManager: Shutting down and abandoning module MessagingDebugger (111)
[2015.12.06-22.57.31:002][162]LogModuleManager: Shutting down and abandoning module MediaPlayerEditor (110)
[2015.12.06-22.57.31:050][162]LogModuleManager: Shutting down and abandoning module HTML5Networking (109)
[2015.12.06-22.57.31:051][162]LogModuleManager: Shutting down and abandoning module SpeedTreeImporter (108)
[2015.12.06-22.57.31:051][162]LogModuleManager: Shutting down and abandoning module PluginBrowser (107)
[2015.12.06-22.57.31:051][162]LogModuleManager: Shutting down and abandoning module EpicSurvey (106)
[2015.12.06-22.57.31:051][162]LogModuleManager: Shutting down and abandoning module DesktopPlatform (105)
[2015.12.06-22.57.31:062][162]LogModuleManager: Shutting down and abandoning module VisualStudioSourceCodeAccess (104)
[2015.12.06-22.57.31:062][162]LogModuleManager: Shutting down and abandoning module UObjectPlugin (103)
[2015.12.06-22.57.31:062][162]LogModuleManager: Shutting down and abandoning module SubversionSourceControl (102)
[2015.12.06-22.57.31:062][162]LogModuleManager: Shutting down and abandoning module PerforceSourceControl (101)
[2015.12.06-22.57.31:062][162]LogModuleManager: Shutting down and abandoning module SourceControl (100)
[2015.12.06-22.57.31:063][162]LogModuleManager: Shutting down and abandoning module GitSourceControl (99)
[2015.12.06-22.57.31:063][162]LogModuleManager: Shutting down and abandoning module LightPropagationVolumeEditor (98)
[2015.12.06-22.57.31:063][162]LogModuleManager: Shutting down and abandoning module PaperTiledImporter (97)
[2015.12.06-22.57.31:063][162]LogModuleManager: Shutting down and abandoning module PaperSpriteSheetImporter (96)
[2015.12.06-22.57.31:063][162]LogModuleManager: Shutting down and abandoning module MeshPaint (95)
[2015.12.06-22.57.31:063][162]LogModuleManager: Shutting down and abandoning module SlateReflector (94)
[2015.12.06-22.57.31:083][162]LogModuleManager: Shutting down and abandoning module HotReload (93)
[2015.12.06-22.57.31:083][162]LogModuleManager: Shutting down and abandoning module MainFrame (92)
[2015.12.06-22.57.31:083][162]LogModuleManager: Shutting down and abandoning module LevelEditor (91)
[2015.12.06-22.57.31:096][162]LogModuleManager: Shutting down and abandoning module ContentBrowser (90)
[2015.12.06-22.57.31:098][162]LogModuleManager: Shutting down and abandoning module Paper2DEditor (89)
[2015.12.06-22.57.31:134][162]LogModuleManager: Shutting down and abandoning module UdpMessaging (88)
[2015.12.06-22.57.31:234][162]LogModuleManager: Shutting down and abandoning module DirectoryWatcher (87)
[2015.12.06-22.57.31:234][162]LogModuleManager: Shutting down and abandoning module AssetRegistry (86)
[2015.12.06-22.57.31:603][162]LogModuleManager: Shutting down and abandoning module SubstanceCore (85)
[2015.12.06-22.57.31:675][162]LogModuleManager: Shutting down and abandoning module LightPropagationVolumeRuntime (84)
[2015.12.06-22.57.31:675][162]LogModuleManager: Shutting down and abandoning module Paper2D (83)
[2015.12.06-22.57.31:675][162]LogModuleManager: Shutting down and abandoning module WindowsMoviePlayer (82)
[2015.12.06-22.57.31:835][162]LogModuleManager: Shutting down and abandoning module Media (81)
[2015.12.06-22.57.31:835][162]LogModuleManager: Shutting down and abandoning module WmfMedia (80)
[2015.12.06-22.57.31:984][162]LogModuleManager: Shutting down and abandoning module OnlineBlueprintSupport (79)
[2015.12.06-22.57.31:984][162]LogModuleManager: Shutting down and abandoning module GameplayTasksEditor (78)
[2015.12.06-22.57.31:984][162]LogModuleManager: Shutting down and abandoning module PropertyEditor (77)
[2015.12.06-22.57.32:021][162]LogModuleManager: Shutting down and abandoning module BehaviorTreeEditor (76)
[2015.12.06-22.57.32:053][162]LogModuleManager: Shutting down and abandoning module FunctionalTesting (75)
[2015.12.06-22.57.32:053][162]LogModuleManager: Shutting down and abandoning module CollisionAnalyzer (74)
[2015.12.06-22.57.32:827][162]LogModuleManager: Shutting down and abandoning module WorkspaceMenuStructure (73)
[2015.12.06-22.57.32:827][162]LogModuleManager: Shutting down and abandoning module MessageLog (72)
[2015.12.06-22.57.32:827][162]LogModuleManager: Shutting down and abandoning module Sequencer (71)
[2015.12.06-22.57.33:090][162]LogModuleManager: Shutting down and abandoning module AssetTools (70)
[2015.12.06-22.57.33:215][162]LogModuleManager: Shutting down and abandoning module UMGEditor (69)
[2015.12.06-22.57.33:295][162]LogModuleManager: Shutting down and abandoning module UMG (68)
[2015.12.06-22.57.33:302][162]LogModuleManager: Shutting down and abandoning module Slate (67)
[2015.12.06-22.57.33:302][162]LogModuleManager: Shutting down and abandoning module EditorStyle (66)
[2015.12.06-22.57.33:306][162]LogModuleManager: Shutting down and abandoning module SessionServices (65)
[2015.12.06-22.57.33:306][162]LogModuleManager: Shutting down and abandoning module SourceCodeAccess (64)
[2015.12.06-22.57.33:306][162]LogModuleManager: Shutting down and abandoning module HeadMountedDisplay (63)
[2015.12.06-22.57.33:306][162]LogModuleManager: Shutting down and abandoning module XAudio2 (62)
[2015.12.06-22.57.33:306][162]LogModuleManager: Shutting down and abandoning module Networking (60)
[2015.12.06-22.57.33:306][162]LogModuleManager: Shutting down and abandoning module Core (59)
[2015.12.06-22.57.33:306][162]LogModuleManager: Shutting down and abandoning module KismetCompiler (58)
[2015.12.06-22.57.33:306][162]LogModuleManager: Shutting down and abandoning module PhysXFormats (57)
[2015.12.06-22.57.33:343][162]LogModuleManager: Shutting down and abandoning module MeshUtilities (56)
[2015.12.06-22.57.33:387][162]LogModuleManager: Shutting down and abandoning module CookingStats (55)
[2015.12.06-22.57.33:387][162]LogModuleManager: Shutting down and abandoning module DerivedDataCache (54)
[2015.12.06-22.57.33:399][162]LogDerivedDataCache: Shutdown
[2015.12.06-22.57.33:399][162]LogModuleManager: Shutting down and abandoning module ShaderFormatOpenGL (53)
[2015.12.06-22.57.33:432][162]LogModuleManager: Shutting down and abandoning module ShaderFormatD3D (52)
[2015.12.06-22.57.33:450][162]LogModuleManager: Shutting down and abandoning module MetalShaderFormat (51)
[2015.12.06-22.57.33:517][162]LogModuleManager: Shutting down and abandoning module TextureFormatUncompressed (50)
[2015.12.06-22.57.33:517][162]LogModuleManager: Shutting down and abandoning module TextureFormatPVR (49)
[2015.12.06-22.57.33:560][162]LogModuleManager: Shutting down and abandoning module TextureFormatIntelISPCTexComp (48)
[2015.12.06-22.57.33:567][162]LogModuleManager: Shutting down and abandoning module TextureFormatDXT (47)
[2015.12.06-22.57.33:597][162]LogModuleManager: Shutting down and abandoning module ImageWrapper (46)
[2015.12.06-22.57.33:597][162]LogModuleManager: Shutting down and abandoning module TextureFormatASTC (45)
[2015.12.06-22.57.33:597][162]LogModuleManager: Shutting down and abandoning module TextureFormatAndroid (44)
[2015.12.06-22.57.33:597][162]LogModuleManager: Shutting down and abandoning module AudioFormatOpus (43)
[2015.12.06-22.57.33:638][162]LogModuleManager: Shutting down and abandoning module AudioFormatOgg (42)
[2015.12.06-22.57.33:666][162]LogModuleManager: Shutting down and abandoning module AudioFormatADPCM (41)
[2015.12.06-22.57.33:722][162]LogModuleManager: Shutting down and abandoning module LinuxTargetPlatform (40)
[2015.12.06-22.57.33:722][162]LogModuleManager: Shutting down and abandoning module LinuxServerTargetPlatform (39)
[2015.12.06-22.57.33:761][162]LogModuleManager: Shutting down and abandoning module LinuxNoEditorTargetPlatform (38)
[2015.12.06-22.57.33:765][162]LogModuleManager: Shutting down and abandoning module Messaging (37)
[2015.12.06-22.57.33:765][162]LogModuleManager: Shutting down and abandoning module IOSTargetPlatform (36)
[2015.12.06-22.57.33:765][162]LogModuleManager: Shutting down and abandoning module HTML5TargetPlatform (35)
[2015.12.06-22.57.33:765][162]LogModuleManager: Shutting down and abandoning module Android_PVRTCTargetPlatform (34)
[2015.12.06-22.57.33:769][162]LogModuleManager: Shutting down and abandoning module Android_ETC2TargetPlatform (33)
[2015.12.06-22.57.33:777][162]LogModuleManager: Shutting down and abandoning module Android_ETC1TargetPlatform (32)
[2015.12.06-22.57.33:802][162]LogModuleManager: Shutting down and abandoning module Android_DXTTargetPlatform (31)
[2015.12.06-22.57.33:807][162]LogModuleManager: Shutting down and abandoning module Android_ATCTargetPlatform (30)
[2015.12.06-22.57.33:811][162]LogModuleManager: Shutting down and abandoning module Android_ASTCTargetPlatform (29)
[2015.12.06-22.57.33:858][162]LogModuleManager: Shutting down and abandoning module AndroidTargetPlatform (28)
[2015.12.06-22.57.33:868][162]LogModuleManager: Shutting down and abandoning module WindowsTargetPlatform (27)
[2015.12.06-22.57.33:869][162]LogModuleManager: Shutting down and abandoning module WindowsServerTargetPlatform (26)
[2015.12.06-22.57.33:873][162]LogModuleManager: Shutting down and abandoning module WindowsNoEditorTargetPlatform (25)
[2015.12.06-22.57.33:888][162]LogModuleManager: Shutting down and abandoning module WindowsClientTargetPlatform (24)
[2015.12.06-22.57.33:938][162]LogModuleManager: Shutting down and abandoning module AllDesktopTargetPlatform (23)
[2015.12.06-22.57.33:946][162]LogModuleManager: Shutting down and abandoning module TargetPlatform (22)
[2015.12.06-22.57.33:946][162]LogModuleManager: Shutting down and abandoning module InputCore (21)
[2015.12.06-22.57.33:946][162]LogModuleManager: Shutting down and abandoning module Settings (20)
[2015.12.06-22.57.33:946][162]LogModuleManager: Shutting down and abandoning module OnlineSubsystem (18)
[2015.12.06-22.57.33:946][162]LogModuleManager: Shutting down and abandoning module HTTP (17)
[2015.12.06-22.57.36:448][162]LogModuleManager: Shutting down and abandoning module XMPP (16)
[2015.12.06-22.57.36:501][162]LogModuleManager: Shutting down and abandoning module ExampleDeviceProfileSelector (15)
[2015.12.06-22.57.36:501][162]LogModuleManager: Shutting down and abandoning module TextureCompressor (14)
[2015.12.06-22.57.36:516][162]LogModuleManager: Shutting down and abandoning module ShaderCore (13)
[2015.12.06-22.57.36:517][162]LogModuleManager: Shutting down and abandoning module Landscape (12)
[2015.12.06-22.57.36:517][162]LogModuleManager: Shutting down and abandoning module SlateRHIRenderer (11)
[2015.12.06-22.57.36:530][162]LogModuleManager: Shutting down and abandoning module OpenGLDrv (10)
[2015.12.06-22.57.36:563][162]LogModuleManager: Shutting down and abandoning module D3D11RHI (9)
[2015.12.06-22.57.36:563][162]LogModuleManager: Shutting down and abandoning module AnimGraphRuntime (8)
[2015.12.06-22.57.36:607][162]LogModuleManager: Shutting down and abandoning module Renderer (7)
[2015.12.06-22.57.36:607][162]LogModuleManager: Shutting down and abandoning module Engine (6)
[2015.12.06-22.57.36:607][162]LogModuleManager: Shutting down and abandoning module CoreUObject (5)
[2015.12.06-22.57.36:607][162]LogModuleManager: Shutting down and abandoning module NetworkFile (4)
[2015.12.06-22.57.36:614][162]LogModuleManager: Shutting down and abandoning module StreamingFile (3)
[2015.12.06-22.57.36:625][162]LogModuleManager: Shutting down and abandoning module SandboxFile (2)
[2015.12.06-22.57.36:629][162]LogModuleManager: Shutting down and abandoning module PakFile (1)
[2015.12.06-22.57.36:660][162]LogExit: Exiting.
[2015.12.06-22.57.36:684][162]Log file closed, 12/07/15 09:57:36
